Change Component Designator: OldDesignator= NewDesignator=U1
Change Component Designator: OldDesignator=Port A NewDesignator=Port A1
Change Component Designator: OldDesignator=Port B NewDesignator=Port B1
Change Component Designator: OldDesignator=Port C NewDesignator=Port C1
Added Component: Designator=SWD(JP 2x10 DT)
Add component (AddParameter): Name = "Chung_Loai"; Value = "C?m"; VariantName = "[No Variations]"
Add component (AddParameter): Name = "Don_Vi"; Value = "Con"; VariantName = "[No Variations]"
Add component (AddParameter): Name = "Ghi_Chu"; Value = ""; VariantName = "[No Variations]"
Add component (AddParameter): Name = "Kieu_Chan"; Value = ""; VariantName = "[No Variations]"
Add component (AddParameter): Name = "Ma_Hang"; Value = "MH002686"; VariantName = "[No Variations]"
Add component (AddParameter): Name = "Ten_Linh_Kien"; Value = "Jump Ðôi Ð?c 2.54MM 2x40P Th?ng 11MM"; VariantName = "[No Variations]"
Added Pin To Net: NetName=GND Pin=SWD-11
Added Pin To Net: NetName=GND Pin=SWD-12
Added Pin To Net: NetName=GND Pin=SWD-13
Added Pin To Net: NetName=GND Pin=SWD-14
Added Pin To Net: NetName=GND Pin=SWD-15
Added Pin To Net: NetName=GND Pin=SWD-16
Added Pin To Net: NetName=GND Pin=SWD-17
Added Pin To Net: NetName=GND Pin=SWD-18
Added Pin To Net: NetName=GND Pin=SWD-19
Added Member To Class: ClassName=STM32F446xx Schematic design Member=Component J2 10103594-0001LF
Added Member To Class: ClassName=STM32F446xx Schematic design Member=Component Port A1 Port A
Added Member To Class: ClassName=STM32F446xx Schematic design Member=Component Port B1 Port B
Added Member To Class: ClassName=STM32F446xx Schematic design Member=Component Port C1 Port C
Added Member To Class: ClassName=STM32F446xx Schematic design Member=Component SWD
Added Member To Class: ClassName=STM32F446xx Schematic design Member=Component U1 STM32F446RET6
