Removed Pin From Net: NetName=MCU/PB8 Pin=-61
Removed Pin From Net: NetName=MCU/PB9 Pin=-62
Removed Pin From Net: NetName=MCU/PB9 Pin=Port B-15
Removed Pin From Net: NetName=MCU/PB8 Pin=Port B-16
Change Component Designator: OldDesignator= NewDesignator=AMS1
Change Component Designator: OldDesignator= NewDesignator=U1
Change Component Designator: OldDesignator= NewDesignator=U2
Added Component: Designator=C19(tu 0805)
Add component (AddParameter): Name = "Chung_Loai"; Value = "Dán"; VariantName = "[No Variations]"
Add component (AddParameter): Name = "Don_Vi"; Value = "Con"; VariantName = "[No Variations]"
Add component (AddParameter): Name = "Kieu_Chan"; Value = ""; VariantName = "[No Variations]"
Add component (AddParameter): Name = "Ma_Hang"; Value = "MH004553"; VariantName = "[No Variations]"
Add component (AddParameter): Name = "So_Chan"; Value = "2"; VariantName = "[No Variations]"
Add component (AddParameter): Name = "Ten_Linh_Kien"; Value = "T? 0805 106-10uF 10% 16V"; VariantName = "[No Variations]"
Added Component: Designator=C20(tu 0805)
Add component (AddParameter): Name = "Chung_Loai"; Value = "Dán"; VariantName = "[No Variations]"
Add component (AddParameter): Name = "Don_Vi"; Value = "Con"; VariantName = "[No Variations]"
Add component (AddParameter): Name = "Kieu_Chan"; Value = ""; VariantName = "[No Variations]"
Add component (AddParameter): Name = "Ma_Hang"; Value = "MH004553"; VariantName = "[No Variations]"
Add component (AddParameter): Name = "So_Chan"; Value = "2"; VariantName = "[No Variations]"
Add component (AddParameter): Name = "Ten_Linh_Kien"; Value = "T? 0805 106-10uF 10% 16V"; VariantName = "[No Variations]"
Added Component: Designator=CAN 1(XH2.54M-3)
Add component (AddParameter): Name = "Chung_Loai"; Value = "C?m"; VariantName = "[No Variations]"
Add component (AddParameter): Name = "Don_Vi"; Value = "Con"; VariantName = "[No Variations]"
Add component (AddParameter): Name = "Ghi_Chu"; Value = ""; VariantName = "[No Variations]"
Add component (AddParameter): Name = "Kieu_Chan"; Value = ""; VariantName = "[No Variations]"
Add component (AddParameter): Name = "Ma_Hang"; Value = "MH001292"; VariantName = "[No Variations]"
Add component (AddParameter): Name = "Ten_Linh_Kien"; Value = "Header 3P XH2.54-3P Ð?c Th?ng"; VariantName = "[No Variations]"
Added Component: Designator=J3(SOIC127P599X175-8N)
Add component (AddParameter): Name = "Availability"; Value = "Unavailable"; VariantName = "[No Variations]"
Add component (AddParameter): Name = "MF"; Value = "{'manufacturer': u'Microchip Technology'}"; VariantName = "[No Variations]"
Add component (AddParameter): Name = "MP"; Value = "MCP2551-I/SN"; VariantName = "[No Variations]"
Add component (AddParameter): Name = "Package"; Value = "None"; VariantName = "[No Variations]"
Add component (AddParameter): Name = "Price"; Value = "None"; VariantName = "[No Variations]"
Add component (AddParameter): Name = "Value"; Value = ""; VariantName = "[No Variations]"
Added Component: Designator=R9(tro smd 0805)
Add component (AddParameter): Name = "Chung_Loai"; Value = "Dán"; VariantName = "[No Variations]"
Add component (AddParameter): Name = "Don_Vi"; Value = "Con"; VariantName = "[No Variations]"
Add component (AddParameter): Name = "Kieu_Chan"; Value = ""; VariantName = "[No Variations]"
Add component (AddParameter): Name = "Ma_Hang"; Value = "MH005473"; VariantName = "[No Variations]"
Add component (AddParameter): Name = "So_Chan"; Value = "2"; VariantName = "[No Variations]"
Add component (AddParameter): Name = "Ten_Linh_Kien"; Value = "Tr? 0805 1% 10k"; VariantName = "[No Variations]"
Added Component: Designator=R10(tro smd 0805)
Add component (AddParameter): Name = "Chung_Loai"; Value = "Dán"; VariantName = "[No Variations]"
Add component (AddParameter): Name = "Don_Vi"; Value = "Con"; VariantName = "[No Variations]"
Add component (AddParameter): Name = "Kieu_Chan"; Value = ""; VariantName = "[No Variations]"
Add component (AddParameter): Name = "Ma_Hang"; Value = "MH005473"; VariantName = "[No Variations]"
Add component (AddParameter): Name = "So_Chan"; Value = "2"; VariantName = "[No Variations]"
Add component (AddParameter): Name = "Ten_Linh_Kien"; Value = "Tr? 0805 1% 10k"; VariantName = "[No Variations]"
Added Component: Designator=R11(tro smd 0805)
Add component (AddParameter): Name = "Chung_Loai"; Value = "Dán"; VariantName = "[No Variations]"
Add component (AddParameter): Name = "Don_Vi"; Value = "Con"; VariantName = "[No Variations]"
Add component (AddParameter): Name = "Kieu_Chan"; Value = ""; VariantName = "[No Variations]"
Add component (AddParameter): Name = "Ma_Hang"; Value = "MH005473"; VariantName = "[No Variations]"
Add component (AddParameter): Name = "So_Chan"; Value = "2"; VariantName = "[No Variations]"
Add component (AddParameter): Name = "Ten_Linh_Kien"; Value = "Tr? 0805 1% 10k"; VariantName = "[No Variations]"
Added Component: Designator=R12(tro smd 0805)
Add component (AddParameter): Name = "Chung_Loai"; Value = "Dán"; VariantName = "[No Variations]"
Add component (AddParameter): Name = "Don_Vi"; Value = "Con"; VariantName = "[No Variations]"
Add component (AddParameter): Name = "Kieu_Chan"; Value = ""; VariantName = "[No Variations]"
Add component (AddParameter): Name = "Ma_Hang"; Value = "MH005473"; VariantName = "[No Variations]"
Add component (AddParameter): Name = "So_Chan"; Value = "2"; VariantName = "[No Variations]"
Add component (AddParameter): Name = "Ten_Linh_Kien"; Value = "Tr? 0805 1% 10k"; VariantName = "[No Variations]"
Added Pin To Net: NetName=GND Pin=C19-2
Added Pin To Net: NetName=MCU/PB8 Pin=C20-1
Added Pin To Net: NetName=GND Pin=C20-2
Added Pin To Net: NetName=GND Pin=CAN 1-1
Added Pin To Net: NetName=GND Pin=J3-2
Added Pin To Net: NetName=+3.3V Pin=J3-3
Added Pin To Net: NetName=MCU/PB9 Pin=J3-8
Added Pin To Net: NetName=GND Pin=R9-1
Added Pin To Net: NetName=MCU/PB9 Pin=R9-2
Added Pin To Net: NetName=MCU/PB8 Pin=R12-1
Change Net Name : Old Net Name=MCU/PB8 New Net Name=NetC20_1
Change Net Name : Old Net Name=MCU/PB9 New Net Name=NetJ3_8
Added Pin To Net: NetName=CAN_Rx Pin=J3-4
Added Pin To Net: NetName=CAN_Rx Pin=Port B-16
Added Pin To Net: NetName=CAN_Rx Pin=U1-61
Added Net: Name=CAN_Rx
Added Pin To Net: NetName=CAN_Tx Pin=J3-1
Added Pin To Net: NetName=CAN_Tx Pin=Port B-15
Added Pin To Net: NetName=CAN_Tx Pin=U1-62
Added Net: Name=CAN_Tx
Added Pin To Net: NetName=CANH Pin=CAN 1-3
Added Pin To Net: NetName=CANH Pin=J3-7
Added Pin To Net: NetName=CANH Pin=R10-2
Added Pin To Net: NetName=CANH Pin=R11-2
Added Net: Name=CANH
Added Pin To Net: NetName=CANL Pin=CAN 1-2
Added Pin To Net: NetName=CANL Pin=J3-6
Added Pin To Net: NetName=CANL Pin=R10-1
Added Pin To Net: NetName=CANL Pin=R12-2
Added Net: Name=CANL
Added Pin To Net: NetName=NetC19_1 Pin=C19-1
Added Pin To Net: NetName=NetC19_1 Pin=R11-1
Added Net: Name=NetC19_1
Added Member To Class: ClassName=STM32F446xx Schematic design Member=Component AMS1 AMS1117-3.3V
Added Member To Class: ClassName=STM32F446xx Schematic design Member=Component C19 560pF
Added Member To Class: ClassName=STM32F446xx Schematic design Member=Component C20 560pF
Added Member To Class: ClassName=STM32F446xx Schematic design Member=Component CAN 1 CAN Transceiver
Added Member To Class: ClassName=STM32F446xx Schematic design Member=Component J3 MCP2551-I/SN
Added Member To Class: ClassName=STM32F446xx Schematic design Member=Component R9 4k7
Added Member To Class: ClassName=STM32F446xx Schematic design Member=Component R10 120R
Added Member To Class: ClassName=STM32F446xx Schematic design Member=Component R11 100R
Added Member To Class: ClassName=STM32F446xx Schematic design Member=Component R12 100R
Added Member To Class: ClassName=STM32F446xx Schematic design Member=Component U2 MPU-9250
