Removed Pin From Net: NetName=MCU/PA0/Analog_IN0 Pin=Analog 1/2/3 Input-1
Removed Pin From Net: NetName=MCU/PA1/Analog_IN1 Pin=Analog 1/2/3 Input-2
Removed Pin From Net: NetName=MCU/PA2/Analog_IN2 Pin=Analog 1/2/3 Input-3
Removed Pin From Net: NetName=MCU/PA3/Analog_IN3 Pin=Analog 1/2/3 Input-4
Removed Pin From Net: NetName=MCU/PA4/Analog_IN4 Pin=Analog 1/2/3 Input-5
Removed Pin From Net: NetName=MCU/PA5/Analog_IN5/TIM2_CH1 Pin=Analog 1/2/3 Input-6
Removed Pin From Net: NetName=MCU/PA6/Analog_IN6/TIM3_CH1 Pin=Analog 1/2/3 Input-7
Removed Pin From Net: NetName=MCU/PA7/Analog_IN7/TIM3_CH2 Pin=Analog 1/2/3 Input-8
Removed Pin From Net: NetName=MCU/PC5/Analog_IN15 Pin=Analog 1/2/3 Input-9
Removed Pin From Net: NetName=MCU/PC4/Analog_IN14 Pin=Analog 1/2/3 Input-10
Removed Pin From Net: NetName=MCU/PC3/Analog_IN13 Pin=Analog 1/2/3 Input-11
Removed Pin From Net: NetName=MCU/PC2/Analog_IN12 Pin=Analog 1/2/3 Input-12
Removed Pin From Net: NetName=MCU/PC1/Analog_IN11 Pin=Analog 1/2/3 Input-13
Removed Pin From Net: NetName=MCU/PC0/Analog_IN10 Pin=Analog 1/2/3 Input-14
Removed Pin From Net: NetName=MCU/PB1/Analog_IN9/TIM3_CH4 Pin=Analog 1/2/3 Input-15
Removed Pin From Net: NetName=MCU/PB0/Analog_IN8/TIM3_CH3 Pin=Analog 1/2/3 Input-16
Removed Member From Class: ClassName=STM32F446xx Schematic design Member=Analog 1/2/3 Input
Added Component: Designator=Analog 1/2/3 Input (JP 2x8 DT)
Add component (AddParameter): Name = "Chung_Loai"; Value = "C?m"; VariantName = "[No Variations]"
Add component (AddParameter): Name = "Don_Vi"; Value = "Con"; VariantName = "[No Variations]"
Add component (AddParameter): Name = "Ghi_Chu"; Value = ""; VariantName = "[No Variations]"
Add component (AddParameter): Name = "Kieu_Chan"; Value = ""; VariantName = "[No Variations]"
Add component (AddParameter): Name = "Ma_Hang"; Value = "MH002686"; VariantName = "[No Variations]"
Add component (AddParameter): Name = "Ten_Linh_Kien"; Value = "Jump Ðôi Ð?c 2.54MM 2x40P Th?ng 11MM"; VariantName = "[No Variations]"
Added Pin To Net: NetName=MCU/PA0/Analog_IN0 Pin=Analog 1/2/3 Input -1
Added Pin To Net: NetName=MCU/PA1/Analog_IN1 Pin=Analog 1/2/3 Input -2
Added Pin To Net: NetName=MCU/PA2/Analog_IN2 Pin=Analog 1/2/3 Input -3
Added Pin To Net: NetName=MCU/PA3/Analog_IN3 Pin=Analog 1/2/3 Input -4
Added Pin To Net: NetName=MCU/PA4/Analog_IN4 Pin=Analog 1/2/3 Input -5
Added Pin To Net: NetName=MCU/PA5/Analog_IN5/TIM2_CH1 Pin=Analog 1/2/3 Input -6
Added Pin To Net: NetName=MCU/PA6/Analog_IN6/TIM3_CH1 Pin=Analog 1/2/3 Input -7
Added Pin To Net: NetName=MCU/PA7/Analog_IN7/TIM3_CH2 Pin=Analog 1/2/3 Input -8
Added Pin To Net: NetName=MCU/PC5/Analog_IN15 Pin=Analog 1/2/3 Input -9
Added Pin To Net: NetName=MCU/PC4/Analog_IN14 Pin=Analog 1/2/3 Input -10
Added Pin To Net: NetName=MCU/PC3/Analog_IN13 Pin=Analog 1/2/3 Input -11
Added Pin To Net: NetName=MCU/PC2/Analog_IN12 Pin=Analog 1/2/3 Input -12
Added Pin To Net: NetName=MCU/PC1/Analog_IN11 Pin=Analog 1/2/3 Input -13
Added Pin To Net: NetName=MCU/PC0/Analog_IN10 Pin=Analog 1/2/3 Input -14
Added Pin To Net: NetName=MCU/PB1/Analog_IN9/TIM3_CH4 Pin=Analog 1/2/3 Input -15
Added Pin To Net: NetName=MCU/PB0/Analog_IN8/TIM3_CH3 Pin=Analog 1/2/3 Input -16
Added Member To Class: ClassName=STM32F446xx Schematic design Member=Component Analog 1/2/3 Input 
