Removed Pin From Net: NetName=MCU/PB13 Pin=Port B-12
Removed Pin From Net: NetName=MCU/PB12 Pin=Port B-13
Removed Pin From Net: NetName=CAN_Tx Pin=Port B-15
Removed Pin From Net: NetName=CAN_Rx Pin=Port B-16
Removed Pin From Net: NetName=MCU/PB12 Pin=U1-33
Removed Pin From Net: NetName=MCU/PB13 Pin=U1-34
Removed Pin From Net: NetName=CAN_Rx Pin=U1-61
Removed Pin From Net: NetName=CAN_Tx Pin=U1-62
Change Component Designator: OldDesignator= NewDesignator=J3
Added Pin To Net: NetName=CAN_Tx Pin=Port B-12
Added Pin To Net: NetName=CAN_Rx Pin=Port B-13
Added Pin To Net: NetName=MCU/PB13 Pin=Port B-15
Added Pin To Net: NetName=MCU/PB12 Pin=Port B-16
Added Pin To Net: NetName=CAN_Rx Pin=U1-33
Added Pin To Net: NetName=CAN_Tx Pin=U1-34
Added Pin To Net: NetName=MCU/PB12 Pin=U1-61
Added Pin To Net: NetName=MCU/PB13 Pin=U1-62
Change Net Name : Old Net Name=MCU/PB12 New Net Name=MCU/PB8
Change Net Name : Old Net Name=MCU/PB13 New Net Name=MCU/PB9
Added Member To Class: ClassName=STM32F446xx Schematic design Member=Component U1 STM32F446RET6
