Change Component Designator: OldDesignator= NewDesignator=AMS1
Change Component Designator: OldDesignator= NewDesignator=CAN1
Change Component Designator: OldDesignator= NewDesignator=J2
Change Component Designator: OldDesignator= NewDesignator=U1
Change Component Designator: OldDesignator= NewDesignator=U2
Change Component Designator: OldDesignator=Port A NewDesignator=Port A1
Change Component Designator: OldDesignator=Port B NewDesignator=Port B1
Change Component Designator: OldDesignator=Port C NewDesignator=Port C1
Change Component Designator: OldDesignator=Reset NewDesignator=BT1
Change Component Designator: OldDesignator=Servo NewDesignator=Servo/PWM1
Added Component: Designator=SWD(JP 2x10 DT)
Add component (AddParameter): Name = "Chung_Loai"; Value = "C?m"; VariantName = "[No Variations]"
Add component (AddParameter): Name = "Don_Vi"; Value = "Con"; VariantName = "[No Variations]"
Add component (AddParameter): Name = "Ghi_Chu"; Value = ""; VariantName = "[No Variations]"
Add component (AddParameter): Name = "Kieu_Chan"; Value = ""; VariantName = "[No Variations]"
Add component (AddParameter): Name = "Ma_Hang"; Value = "MH002686"; VariantName = "[No Variations]"
Add component (AddParameter): Name = "Ten_Linh_Kien"; Value = "Jump Ðôi Ð?c 2.54MM 2x40P Th?ng 11MM"; VariantName = "[No Variations]"
Added Pin To Net: NetName=GND Pin=SWD-11
Added Pin To Net: NetName=GND Pin=SWD-12
Added Pin To Net: NetName=GND Pin=SWD-13
Added Pin To Net: NetName=GND Pin=SWD-14
Added Pin To Net: NetName=GND Pin=SWD-15
Added Pin To Net: NetName=GND Pin=SWD-16
Added Pin To Net: NetName=GND Pin=SWD-17
Added Pin To Net: NetName=GND Pin=SWD-18
Added Pin To Net: NetName=GND Pin=SWD-19
Added Member To Class: ClassName=STM32F446xx Schematic design Member=Component AMS1 AMS1117-3.3V
Added Member To Class: ClassName=STM32F446xx Schematic design Member=Component C10 100nF
Added Member To Class: ClassName=STM32F446xx Schematic design Member=Component C11 100nF
Added Member To Class: ClassName=STM32F446xx Schematic design Member=Component C14 2.2uF
Added Member To Class: ClassName=STM32F446xx Schematic design Member=Component C15 2.2uF
Added Member To Class: ClassName=STM32F446xx Schematic design Member=Component C17 100nF
Added Member To Class: ClassName=STM32F446xx Schematic design Member=Component C18 2.2uF
Added Member To Class: ClassName=STM32F446xx Schematic design Member=Component C19 2.2uF
Added Member To Class: ClassName=STM32F446xx Schematic design Member=Component CAN1 CAN 2
Added Member To Class: ClassName=STM32F446xx Schematic design Member=Component L1 120R
Added Member To Class: ClassName=STM32F446xx Schematic design Member=Component R2 10k
Added Member To Class: ClassName=STM32F446xx Schematic design Member=Component R4 4k7
Added Member To Class: ClassName=STM32F446xx Schematic design Member=Component R6 100R
Added Member To Class: ClassName=STM32F446xx Schematic design Member=Component R8 1M
Added Member To Class: ClassName=STM32F446xx Schematic design Member=Component R10 20R
Added Member To Class: ClassName=STM32F446xx Schematic design Member=Component R12 1k
Added Member To Class: ClassName=STM32F446xx Schematic design Member=Component SWD
Added Member To Class: ClassName=STM32F446xx Schematic design Member=Component U1 STM32F446RET6
Added Member To Class: ClassName=STM32F446xx Schematic design Member=Component U2 MPU-9250
