Removed Pin From Net: NetName=IMU_INT Pin=D25-2
Removed Member From Class: ClassName=STM32F446RE_BES Member=D25
Change Component Designator: OldDesignator=AMS2 NewDesignator=AMS1
Change Component Designator: OldDesignator=BT2 NewDesignator=BT1
Change Component Designator: OldDesignator=C23 NewDesignator=C3
Change Component Designator: OldDesignator=C24 NewDesignator=C4
Change Component Designator: OldDesignator=C25 NewDesignator=C1
Change Component Designator: OldDesignator=C26 NewDesignator=C2
Change Component Designator: OldDesignator=C27 NewDesignator=C5
Change Component Designator: OldDesignator=C28 NewDesignator=C6
Change Component Designator: OldDesignator=C29 NewDesignator=C7
Change Component Designator: OldDesignator=C30 NewDesignator=C8
Change Component Designator: OldDesignator=C31 NewDesignator=C9
Change Component Designator: OldDesignator=C32 NewDesignator=C10
Change Component Designator: OldDesignator=C33 NewDesignator=C11
Change Component Designator: OldDesignator=C34 NewDesignator=C12
Change Component Designator: OldDesignator=C35 NewDesignator=C13
Change Component Designator: OldDesignator=C36 NewDesignator=C14
Change Component Designator: OldDesignator=C37 NewDesignator=C15
Change Component Designator: OldDesignator=C38 NewDesignator=C16
Change Component Designator: OldDesignator=C39 NewDesignator=C17
Change Component Designator: OldDesignator=C40 NewDesignator=C18
Change Component Designator: OldDesignator=C41 NewDesignator=C19
Change Component Designator: OldDesignator=C42 NewDesignator=C20
Change Component Designator: OldDesignator=C43 NewDesignator=C21
Change Component Designator: OldDesignator=C44 NewDesignator=C22
Change Component Designator: OldDesignator=C45 NewDesignator=C23
Change Component Designator: OldDesignator=CAN 2 NewDesignator=CAN 1
Change Component Designator: OldDesignator=CAN2 NewDesignator=CAN1
Change Component Designator: OldDesignator=J3 NewDesignator=J1
Change Component Designator: OldDesignator=J4 NewDesignator=J2
Change Component Designator: OldDesignator=L4 NewDesignator=L1
Change Component Designator: OldDesignator=L5 NewDesignator=L2
Change Component Designator: OldDesignator=L6 NewDesignator=L3
Change Component Designator: OldDesignator=MD2 NewDesignator=MD1
Change Component Designator: OldDesignator=Port A2 NewDesignator=Port A1
Change Component Designator: OldDesignator=Port B2 NewDesignator=Port B1
Change Component Designator: OldDesignator=Port C2 NewDesignator=Port C1
Change Component Designator: OldDesignator=R19 NewDesignator=R1
Change Component Designator: OldDesignator=R20 NewDesignator=R2
Change Component Designator: OldDesignator=R21 NewDesignator=R3
Change Component Designator: OldDesignator=R22 NewDesignator=R4
Change Component Designator: OldDesignator=R23 NewDesignator=R5
Change Component Designator: OldDesignator=R24 NewDesignator=R6
Change Component Designator: OldDesignator=R25 NewDesignator=R7
Change Component Designator: OldDesignator=R26 NewDesignator=R8
Change Component Designator: OldDesignator=R27 NewDesignator=R9
Change Component Designator: OldDesignator=R28 NewDesignator=R10
Change Component Designator: OldDesignator=R29 NewDesignator=R11
Change Component Designator: OldDesignator=R30 NewDesignator=R12
Change Component Designator: OldDesignator=R31 NewDesignator=R13
Change Component Designator: OldDesignator=R32 NewDesignator=R14
Change Component Designator: OldDesignator=R33 NewDesignator=R15
Change Component Designator: OldDesignator=R34 NewDesignator=R16
Change Component Designator: OldDesignator=R35 NewDesignator=R17
Change Component Designator: OldDesignator=R36 NewDesignator=R18
Change Component Designator: OldDesignator=U3 NewDesignator=U1
Change Component Designator: OldDesignator=U4 NewDesignator=U2
Change Component Designator: OldDesignator=U5 NewDesignator=U3
Change Component Designator: OldDesignator=X2 NewDesignator=X1
Change Component Designator: OldDesignator=Y2 NewDesignator=Y1
Change Component Description : Designator=U3 Old Description=Accelerometer, Gyroscope, Magnetometer, 9 Axis Sensor I²C, SPI Output New Description=Accelerometer, Gyroscope, Magnetometer, 9 Axis Sensor I²C, SPI Output 
Added Pin To Net: NetName=IMU_INT Pin=U3-12
Change Net Name : Old Net Name=NetC41_1 New Net Name=NetC19_1
Change Net Name : Old Net Name=NetC44_1 New Net Name=NetC22_1
Change Net Name : Old Net Name=NetC45_1 New Net Name=NetC23_1
Change Net Name : Old Net Name=NetCAN2_8 New Net Name=NetCAN1_8
Change Net Name : Old Net Name=NetJ4_2 New Net Name=NetJ2_2
Change Net Name : Old Net Name=NetJ4_3 New Net Name=NetJ2_3
Change Net Name : Old Net Name=NetL4_2 New Net Name=NetL1_2
Change Net Name : Old Net Name=NetL5_2 New Net Name=NetL2_2
