Change Component Designator: OldDesignator= NewDesignator=CAN1
Change Component Designator: OldDesignator=C8 NewDesignator=C14
Change Component Designator: OldDesignator=C9 NewDesignator=C15
Change Component Designator: OldDesignator=C10 NewDesignator=C18
Change Component Designator: OldDesignator=C11 NewDesignator=C19
Change Component Designator: OldDesignator=C12 NewDesignator=C20
Change Component Designator: OldDesignator=C13 NewDesignator=C21
Change Component Designator: OldDesignator=C14 NewDesignator=C8
Change Component Designator: OldDesignator=C15 NewDesignator=C9
Change Component Designator: OldDesignator=C16 NewDesignator=C11
Change Component Designator: OldDesignator=C17 NewDesignator=C16
Change Component Designator: OldDesignator=C18 NewDesignator=C17
Change Component Designator: OldDesignator=C19 NewDesignator=C12
Change Component Designator: OldDesignator=C20 NewDesignator=C13
Change Component Designator: OldDesignator=CAN 2 NewDesignator=CAN 1
Change Component Designator: OldDesignator=L1 NewDesignator=L2
Change Component Designator: OldDesignator=L2 NewDesignator=L1
Change Component Designator: OldDesignator=Port A NewDesignator=Port A1
Change Component Designator: OldDesignator=Port B NewDesignator=Port B1
Change Component Designator: OldDesignator=Port C NewDesignator=Port C1
Change Component Designator: OldDesignator=R1 NewDesignator=R2
Change Component Designator: OldDesignator=R2 NewDesignator=R3
Change Component Designator: OldDesignator=R3 NewDesignator=R1
Change Component Designator: OldDesignator=R4 NewDesignator=R8
Change Component Designator: OldDesignator=R5 NewDesignator=R12
Change Component Designator: OldDesignator=R6 NewDesignator=R9
Change Component Designator: OldDesignator=R7 NewDesignator=R10
Change Component Designator: OldDesignator=R8 NewDesignator=R11
Change Component Designator: OldDesignator=R9 NewDesignator=R4
Change Component Designator: OldDesignator=R10 NewDesignator=R5
Change Component Designator: OldDesignator=R11 NewDesignator=R6
Change Component Designator: OldDesignator=R12 NewDesignator=R7
Change Component Designator: OldDesignator=Servo/PWM NewDesignator=Servo/PWM1
Added Component: Designator=C10(tu 0805)
Add component (AddParameter): Name = "Chung_Loai"; Value = "Dán"; VariantName = "[No Variations]"
Add component (AddParameter): Name = "Don_Vi"; Value = "Con"; VariantName = "[No Variations]"
Add component (AddParameter): Name = "Kieu_Chan"; Value = ""; VariantName = "[No Variations]"
Add component (AddParameter): Name = "Ma_Hang"; Value = "MH004553"; VariantName = "[No Variations]"
Add component (AddParameter): Name = "So_Chan"; Value = "2"; VariantName = "[No Variations]"
Add component (AddParameter): Name = "Ten_Linh_Kien"; Value = "T? 0805 106-10uF 10% 16V"; VariantName = "[No Variations]"
Added Component: Designator=MD1(NRF24L01)
Added Pin To Net: NetName=+3.3V Pin=C10-1
Added Pin To Net: NetName=GND Pin=C10-2
Added Pin To Net: NetName=GND Pin=MD1-1
Added Pin To Net: NetName=+3.3V Pin=MD1-2
Added Pin To Net: NetName=MCU/PA2/Analog_IN2 Pin=MD1-3
Added Pin To Net: NetName=MCU/PA0/Analog_IN0 Pin=MD1-4
Added Pin To Net: NetName=MCU/PA5/Analog_IN5/TIM2_CH1 Pin=MD1-5
Added Pin To Net: NetName=MCU/PA7/Analog_IN7/TIM3_CH2 Pin=MD1-6
Added Pin To Net: NetName=MCU/PA6/Analog_IN6/TIM3_CH1 Pin=MD1-7
Added Pin To Net: NetName=MCU/PA1/Analog_IN1 Pin=MD1-8
Change Net Name : Old Net Name=NetC16_2 New Net Name=NetC11_2
Change Net Name : Old Net Name=NetC19_1 New Net Name=NetC12_1
Change Net Name : Old Net Name=NetC20_1 New Net Name=NetC13_1
Change Net Name : Old Net Name=NetCAN2_8 New Net Name=NetCAN1_8
Change Net Name : Old Net Name=NetL1_2 New Net Name=NetL2_2
Added Member To Class: ClassName=STM32F446xx Schematic design Member=Component C21 12pF
Added Member To Class: ClassName=STM32F446xx Schematic design Member=Component CAN1 CAN 2
Added Member To Class: ClassName=STM32F446xx Schematic design Member=Component MD1 NRF24L01 Module
