Change Component Designator: Old Designator=C8 New Designator=C14
Change Component Designator: Old Designator=C9 New Designator=C15
Change Component Designator: Old Designator=C10 New Designator=C18
Change Component Designator: Old Designator=C11 New Designator=C19
Change Component Designator: Old Designator=C12 New Designator=C20
Change Component Designator: Old Designator=C13 New Designator=C21
Change Component Designator: Old Designator=C14 New Designator=C8
Change Component Designator: Old Designator=C15 New Designator=C9
Change Component Designator: Old Designator=C16 New Designator=C11
Change Component Designator: Old Designator=C17 New Designator=C16
Change Component Designator: Old Designator=C18 New Designator=C17
Change Component Designator: Old Designator=C19 New Designator=C12
Change Component Designator: Old Designator=C20 New Designator=C13
Change Component Designator: Old Designator=C? New Designator=C10
Change Component Designator: Old Designator=CAN 2 New Designator=CAN 1
Change Component Designator: Old Designator=CAN2 New Designator=CAN1
Change Component Designator: Old Designator=L1 New Designator=L2
Change Component Designator: Old Designator=L2 New Designator=L1
Change Component Designator: Old Designator=MD? New Designator=MD1
Change Component Designator: Old Designator=Port A New Designator=Port A1
Change Component Designator: Old Designator=Port B New Designator=Port B1
Change Component Designator: Old Designator=Port C New Designator=Port C1
Change Component Designator: Old Designator=R1 New Designator=R2
Change Component Designator: Old Designator=R2 New Designator=R3
Change Component Designator: Old Designator=R3 New Designator=R1
Change Component Designator: Old Designator=R4 New Designator=R8
Change Component Designator: Old Designator=R5 New Designator=R12
Change Component Designator: Old Designator=R6 New Designator=R9
Change Component Designator: Old Designator=R7 New Designator=R10
Change Component Designator: Old Designator=R8 New Designator=R11
Change Component Designator: Old Designator=R9 New Designator=R4
Change Component Designator: Old Designator=R10 New Designator=R5
Change Component Designator: Old Designator=R11 New Designator=R6
Change Component Designator: Old Designator=R12 New Designator=R7
Change Component Designator: Old Designator=Servo/PWM New Designator=Servo/PWM1
