Change Component Designator: OldDesignator= NewDesignator=AMS1
Change Component Designator: OldDesignator= NewDesignator=CAN1
Change Component Designator: OldDesignator= NewDesignator=J1
Change Component Designator: OldDesignator= NewDesignator=J2
Change Component Designator: OldDesignator= NewDesignator=MD1
Change Component Designator: OldDesignator= NewDesignator=U1
Change Component Designator: OldDesignator= NewDesignator=U2
Change Component Designator: OldDesignator=CAN BUS NewDesignator=CAN 1
Change Component Designator: OldDesignator=Port A NewDesignator=Port A1
Change Component Designator: OldDesignator=Port B NewDesignator=Port B1
Change Component Designator: OldDesignator=Port C NewDesignator=Port C1
Change Component Designator: OldDesignator=Reset NewDesignator=BT1
Change Component Designator: OldDesignator=Servo NewDesignator=Servo/PWM1
Added Component: Designator=C22(tu 0805)
Add component (AddParameter): Name = "Chung_Loai"; Value = "Dán"; VariantName = "[No Variations]"
Add component (AddParameter): Name = "Don_Vi"; Value = "Con"; VariantName = "[No Variations]"
Add component (AddParameter): Name = "Kieu_Chan"; Value = ""; VariantName = "[No Variations]"
Add component (AddParameter): Name = "Ma_Hang"; Value = "MH004554"; VariantName = "[No Variations]"
Add component (AddParameter): Name = "So_Chan"; Value = "2"; VariantName = "[No Variations]"
Add component (AddParameter): Name = "Ten_Linh_Kien"; Value = "T? 0805 10P 10% 50V"; VariantName = "[No Variations]"
Added Component: Designator=L3(LED-0805-Red)
Add component (AddParameter): Name = "Chung_Loai"; Value = "Dán"; VariantName = "[No Variations]"
Add component (AddParameter): Name = "Don_Vi"; Value = "Con"; VariantName = "[No Variations]"
Add component (AddParameter): Name = "Ghi_Chu"; Value = ""; VariantName = "[No Variations]"
Add component (AddParameter): Name = "Kieu_Chan"; Value = ""; VariantName = "[No Variations]"
Add component (AddParameter): Name = "Ma_Hang"; Value = "MH000897"; VariantName = "[No Variations]"
Add component (AddParameter): Name = "Ten_Linh_Kien"; Value = "LED 0805 Màu Ð? (Red)"; VariantName = "[No Variations]"
Added Component: Designator=R13(tro smd 0805)
Add component (AddParameter): Name = "Chung_Loai"; Value = "Dán"; VariantName = "[No Variations]"
Add component (AddParameter): Name = "Don_Vi"; Value = "Con"; VariantName = "[No Variations]"
Add component (AddParameter): Name = "Kieu_Chan"; Value = ""; VariantName = "[No Variations]"
Add component (AddParameter): Name = "Ma_Hang"; Value = "MH005468"; VariantName = "[No Variations]"
Add component (AddParameter): Name = "So_Chan"; Value = "2"; VariantName = "[No Variations]"
Add component (AddParameter): Name = "Ten_Linh_Kien"; Value = "Tr? 0805 1% 1k"; VariantName = "[No Variations]"
Added Component: Designator=R14(tro smd 0805)
Add component (AddParameter): Name = "Chung_Loai"; Value = "Dán"; VariantName = "[No Variations]"
Add component (AddParameter): Name = "Don_Vi"; Value = "Con"; VariantName = "[No Variations]"
Add component (AddParameter): Name = "Kieu_Chan"; Value = ""; VariantName = "[No Variations]"
Add component (AddParameter): Name = "Ma_Hang"; Value = "MH005473"; VariantName = "[No Variations]"
Add component (AddParameter): Name = "So_Chan"; Value = "2"; VariantName = "[No Variations]"
Add component (AddParameter): Name = "Ten_Linh_Kien"; Value = "Tr? 0805 1% 10k"; VariantName = "[No Variations]"
Added Component: Designator=R15(tro smd 0805)
Add component (AddParameter): Name = "Chung_Loai"; Value = "Dán"; VariantName = "[No Variations]"
Add component (AddParameter): Name = "Don_Vi"; Value = "Con"; VariantName = "[No Variations]"
Add component (AddParameter): Name = "Kieu_Chan"; Value = ""; VariantName = "[No Variations]"
Add component (AddParameter): Name = "Ma_Hang"; Value = "MH005473"; VariantName = "[No Variations]"
Add component (AddParameter): Name = "So_Chan"; Value = "2"; VariantName = "[No Variations]"
Add component (AddParameter): Name = "Ten_Linh_Kien"; Value = "Tr? 0805 1% 10k"; VariantName = "[No Variations]"
Added Component: Designator=R16(tro smd 0805)
Add component (AddParameter): Name = "Chung_Loai"; Value = "Dán"; VariantName = "[No Variations]"
Add component (AddParameter): Name = "Don_Vi"; Value = "Con"; VariantName = "[No Variations]"
Add component (AddParameter): Name = "Kieu_Chan"; Value = ""; VariantName = "[No Variations]"
Add component (AddParameter): Name = "Ma_Hang"; Value = "MH005473"; VariantName = "[No Variations]"
Add component (AddParameter): Name = "So_Chan"; Value = "2"; VariantName = "[No Variations]"
Add component (AddParameter): Name = "Ten_Linh_Kien"; Value = "Tr? 0805 1% 10k"; VariantName = "[No Variations]"
Added Component: Designator=R17(tro smd 0805)
Add component (AddParameter): Name = "Chung_Loai"; Value = "Dán"; VariantName = "[No Variations]"
Add component (AddParameter): Name = "Don_Vi"; Value = "Con"; VariantName = "[No Variations]"
Add component (AddParameter): Name = "Kieu_Chan"; Value = ""; VariantName = "[No Variations]"
Add component (AddParameter): Name = "Ma_Hang"; Value = "MH005473"; VariantName = "[No Variations]"
Add component (AddParameter): Name = "So_Chan"; Value = "2"; VariantName = "[No Variations]"
Add component (AddParameter): Name = "Ten_Linh_Kien"; Value = "Tr? 0805 1% 10k"; VariantName = "[No Variations]"
Added Component: Designator=R18(tro smd 0805)
Add component (AddParameter): Name = "Chung_Loai"; Value = "Dán"; VariantName = "[No Variations]"
Add component (AddParameter): Name = "Don_Vi"; Value = "Con"; VariantName = "[No Variations]"
Add component (AddParameter): Name = "Kieu_Chan"; Value = ""; VariantName = "[No Variations]"
Add component (AddParameter): Name = "Ma_Hang"; Value = "MH005473"; VariantName = "[No Variations]"
Add component (AddParameter): Name = "So_Chan"; Value = "2"; VariantName = "[No Variations]"
Add component (AddParameter): Name = "Ten_Linh_Kien"; Value = "Tr? 0805 1% 10k"; VariantName = "[No Variations]"
Added Pin To Net: NetName=GND Pin=C22-1
Added Pin To Net: NetName=+3.3V Pin=C22-2
Added Pin To Net: NetName=MCU/PA5/Analog_IN5/TIM2_CH1 Pin=L3-1
Added Pin To Net: NetName=GND Pin=R13-1
Added Pin To Net: NetName=MCU/PB3/TIM2_CH2 Pin=R14-1
Added Pin To Net: NetName=+3.3V Pin=R14-2
Added Pin To Net: NetName=MCU/PA14 Pin=R15-1
Added Pin To Net: NetName=+3.3V Pin=R15-2
Added Pin To Net: NetName=MCU/PA15 Pin=R16-1
Added Pin To Net: NetName=+3.3V Pin=R16-2
Added Pin To Net: NetName=MCU/PB4 Pin=R17-1
Added Pin To Net: NetName=+3.3V Pin=R17-2
Added Pin To Net: NetName=GND Pin=R18-1
Added Pin To Net: NetName=MCU/PA13 Pin=R18-2
Added Pin To Net: NetName=+3.3V Pin=SWD-1
Added Pin To Net: NetName=MCU/PB4 Pin=SWD-2
Added Pin To Net: NetName=MCU/PA15 Pin=SWD-3
Added Pin To Net: NetName=MCU/PA13 Pin=SWD-4
Added Pin To Net: NetName=MCU/PA14 Pin=SWD-5
Added Pin To Net: NetName=MCU/PB3/TIM2_CH2 Pin=SWD-7
Added Pin To Net: NetName=NRST Pin=SWD-8
Added Pin To Net: NetName=+3.3V Pin=SWD-20
Added Pin To Net: NetName=NetL3_2 Pin=L3-2
Added Pin To Net: NetName=NetL3_2 Pin=R13-2
Added Net: Name=NetL3_2
Added Member To Class: ClassName=STM32F446xx Schematic design Member=Component AMS1 AMS1117-3.3V
Added Member To Class: ClassName=STM32F446xx Schematic design Member=Component BT1 Nut Nhan 4 Chan SMD 6x6
Added Member To Class: ClassName=STM32F446xx Schematic design Member=Component C22 2.2uF
Added Member To Class: ClassName=STM32F446xx Schematic design Member=Component CAN1 CAN 2
Added Member To Class: ClassName=STM32F446xx Schematic design Member=Component J1 SK12D07VG4
Added Member To Class: ClassName=STM32F446xx Schematic design Member=Component J2 10103594-0001LF
Added Member To Class: ClassName=STM32F446xx Schematic design Member=Component L3 LED 0805
Added Member To Class: ClassName=STM32F446xx Schematic design Member=Component MD1 NRF24L01 Module
Added Member To Class: ClassName=STM32F446xx Schematic design Member=Component Port A1 Port A
Added Member To Class: ClassName=STM32F446xx Schematic design Member=Component Port B1 Port B
Added Member To Class: ClassName=STM32F446xx Schematic design Member=Component R13 1k
Added Member To Class: ClassName=STM32F446xx Schematic design Member=Component R14 10K
Added Member To Class: ClassName=STM32F446xx Schematic design Member=Component R15 10K
Added Member To Class: ClassName=STM32F446xx Schematic design Member=Component R16 10K
Added Member To Class: ClassName=STM32F446xx Schematic design Member=Component R17 10K
Added Member To Class: ClassName=STM32F446xx Schematic design Member=Component R18 10K
Added Member To Class: ClassName=STM32F446xx Schematic design Member=Component Servo/PWM1 Servo/PWM
Added Member To Class: ClassName=STM32F446xx Schematic design Member=Component U1 STM32F446RET6
Added Member To Class: ClassName=STM32F446xx Schematic design Member=Component U2 MPU-9250
