2023-12-26 15:00:26,258 [INFO] Activator:176 - 


2023-12-26 15:00:26,262 [INFO] Activator:177 - !SESSION log4j initialized
2023-12-26 15:00:30,786 [INFO] LogOutputStream:77 - [STDOUT_REDIRECT] 
2023-12-26 15:00:32,493 [INFO] ApplicationProperties:184 - Using Application install path: C:\ST\STM32CubeIDE_1.14.0\STM32CubeIDE\plugins\com.st.stm32cube.common.mx_6.10.0.202311202037
2023-12-26 15:00:32,511 [INFO] DbMcusXml:78 - Set database path to: C:\ST\STM32CubeIDE_1.14.0\STM32CubeIDE\plugins\com.st.stm32cube.common.mx_6.10.0.202311202037\\db\/mcu/
2023-12-26 15:00:32,511 [INFO] ApiDb:274 - Set plugin database path to: C:\ST\STM32CubeIDE_1.14.0\STM32CubeIDE\plugins\com.st.stm32cube.common.mx_6.10.0.202311202037\\db\/plugins/boardmanager/
2023-12-26 15:00:32,512 [WARN] ApiDb:259 - Overriding images path with different value:  => C:\ST\STM32CubeIDE_1.14.0\STM32CubeIDE\plugins\com.st.stm32cube.common.mx_6.10.0.202311202037\\db\/plugins/mcufinder/images/
2023-12-26 15:00:32,524 [INFO] ApiDb:250 - Set database path to: C:\Users\pc\.stmcufinder\plugins\mcufinder//mcu/
2023-12-26 15:00:32,525 [INFO] DbMcusAds:125 - Set database path to: C:\Users\pc\.stmcufinder\plugins\mcufinder//mcu/
2023-12-26 15:00:33,383 [INFO] CrossReferenceDbSqlite:203 - Set database path to: C:\Users\pc\.stmcufinder\plugins\mcufinder//mcu/cs/
2023-12-26 15:00:33,474 [INFO] RulesReader:64 - Compatibility file has been processed (297 Rules)
2023-12-26 15:00:33,538 [INFO] DbMcusXml:78 - Set database path to: C:\ST\STM32CubeIDE_1.14.0\STM32CubeIDE\plugins\com.st.stm32cube.common.mx_6.10.0.202311202037\\db\/mcu/
2023-12-26 15:00:33,538 [INFO] ApiDb:274 - Set plugin database path to: C:\ST\STM32CubeIDE_1.14.0\STM32CubeIDE\plugins\com.st.stm32cube.common.mx_6.10.0.202311202037\\db\/plugins/boardmanager/
2023-12-26 15:00:33,539 [INFO] ApiDb:261 - Set plugin images path to: C:\ST\STM32CubeIDE_1.14.0\STM32CubeIDE\plugins\com.st.stm32cube.common.mx_6.10.0.202311202037\\db\/plugins/mcufinder/images/
2023-12-26 15:00:33,539 [WARN] DbFile:41 - Overriding database path with different value: C:\Users\pc\.stmcufinder\plugins\mcufinder/ => C:\Users\pc\.stmcufinder\plugins\mcufinder
2023-12-26 15:00:33,539 [INFO] ApiDb:250 - Set database path to: C:\Users\pc\.stmcufinder\plugins\mcufinder//mcu/
2023-12-26 15:00:33,539 [WARN] DbFile:41 - Overriding database path with different value: C:\Users\pc\.stmcufinder\plugins\mcufinder/ => C:\Users\pc\.stmcufinder\plugins\mcufinder
2023-12-26 15:00:33,539 [INFO] DbMcusAds:125 - Set database path to: C:\Users\pc\.stmcufinder\plugins\mcufinder//mcu/
2023-12-26 15:00:33,539 [WARN] DbFile:41 - Overriding database path with different value: C:\Users\pc\.stmcufinder\plugins\mcufinder/ => C:\Users\pc\.stmcufinder\plugins\mcufinder
2023-12-26 15:00:33,539 [WARN] DbFile:41 - Overriding database path with different value: C:\Users\pc\.stmcufinder\plugins\mcufinder/ => C:\Users\pc\.stmcufinder\plugins\mcufinder
2023-12-26 15:00:34,379 [INFO] CrossReferenceDbSqlite:203 - Set database path to: C:\Users\pc\.stmcufinder\plugins\mcufinder//mcu/cs/
2023-12-26 15:00:34,440 [INFO] MainPanel:264 - HeapMemory: 268435456
2023-12-26 15:00:34,523 [INFO] DbMcusXml:78 - Set database path to: C:\ST\STM32CubeIDE_1.14.0\STM32CubeIDE\plugins\com.st.stm32cube.common.mx_6.10.0.202311202037\\db\/mcu/
2023-12-26 15:00:34,523 [INFO] ApiDb:274 - Set plugin database path to: C:\ST\STM32CubeIDE_1.14.0\STM32CubeIDE\plugins\com.st.stm32cube.common.mx_6.10.0.202311202037\\db\/plugins/boardmanager/
2023-12-26 15:00:34,523 [INFO] ApiDb:261 - Set plugin images path to: C:\ST\STM32CubeIDE_1.14.0\STM32CubeIDE\plugins\com.st.stm32cube.common.mx_6.10.0.202311202037\\db\/plugins/mcufinder/images/
2023-12-26 15:00:34,523 [WARN] DbFile:41 - Overriding database path with different value: C:\Users\pc\.stmcufinder\plugins\mcufinder/ => C:\Users\pc\.stmcufinder\plugins\mcufinder
2023-12-26 15:00:34,524 [INFO] ApiDb:250 - Set database path to: C:\Users\pc\.stmcufinder\plugins\mcufinder//mcu/
2023-12-26 15:00:34,524 [WARN] DbFile:41 - Overriding database path with different value: C:\Users\pc\.stmcufinder\plugins\mcufinder/ => C:\Users\pc\.stmcufinder\plugins\mcufinder
2023-12-26 15:00:34,524 [INFO] DbMcusAds:125 - Set database path to: C:\Users\pc\.stmcufinder\plugins\mcufinder//mcu/
2023-12-26 15:00:34,524 [WARN] DbFile:41 - Overriding database path with different value: C:\Users\pc\.stmcufinder\plugins\mcufinder/ => C:\Users\pc\.stmcufinder\plugins\mcufinder
2023-12-26 15:00:34,524 [WARN] DbFile:41 - Overriding database path with different value: C:\Users\pc\.stmcufinder\plugins\mcufinder/ => C:\Users\pc\.stmcufinder\plugins\mcufinder
2023-12-26 15:00:35,377 [INFO] CrossReferenceDbSqlite:203 - Set database path to: C:\Users\pc\.stmcufinder\plugins\mcufinder//mcu/cs/
2023-12-26 15:00:35,393 [INFO] ApplicationProperties:184 - Using Application install path: C:\ST\STM32CubeIDE_1.14.0\STM32CubeIDE\plugins\com.st.stm32cube.common.mx_6.10.0.202311202037
2023-12-26 15:00:35,395 [INFO] PluginManage:196 - Search for loadable plugins [exclusion list=, ]
2023-12-26 15:00:35,396 [INFO] PluginManage:310 - Check plugin analytics
2023-12-26 15:00:36,432 [INFO] AnalyticsPlugin:253 - Accepted Software Licenses: STM32CubeMX.6.8.1,STM32CubeMX.6.9.1
2023-12-26 15:00:36,432 [INFO] AnalyticsPlugin:255 - Accepted CMSIS Pack Licenses: 
2023-12-26 15:00:36,432 [INFO] AnalyticsPlugin:257 - Accepted Firmware Licenses: FW.F4.1.27.0
2023-12-26 15:00:36,433 [INFO] PluginManage:359 - Loaded plugin analytics (category:tool,tabindex:-1)
2023-12-26 15:00:36,434 [INFO] PluginManage:310 - Check plugin cadmodel
2023-12-26 15:00:36,447 [INFO] CADModel:105 - Init CAD model plugin
2023-12-26 15:00:36,447 [INFO] PluginManage:359 - Loaded plugin cadmodel (category:power,tabindex:5)
2023-12-26 15:00:36,447 [INFO] PluginManage:310 - Check plugin clock
2023-12-26 15:00:36,465 [INFO] PluginManage:359 - Loaded plugin clock (category:base,tabindex:2)
2023-12-26 15:00:36,465 [INFO] PluginManage:310 - Check plugin ddr
2023-12-26 15:00:36,466 [INFO] PluginManage:359 - Loaded plugin ddr (category:tool,tabindex:6)
2023-12-26 15:00:36,467 [INFO] PluginManage:310 - Check plugin filemanager
2023-12-26 15:00:36,575 [INFO] PluginManage:359 - Loaded plugin filemanager (category:base,tabindex:10)
2023-12-26 15:00:36,575 [INFO] PluginManage:310 - Check plugin ipmanager
2023-12-26 15:00:36,580 [INFO] PluginManage:359 - Loaded plugin ipmanager (category:base,tabindex:5)
2023-12-26 15:00:36,580 [INFO] PluginManage:310 - Check plugin lpbam
2023-12-26 15:00:36,594 [INFO] PluginManage:359 - Loaded plugin lpbam (category:base,tabindex:0)
2023-12-26 15:00:36,594 [INFO] PluginManage:310 - Check plugin memorymap
2023-12-26 15:00:36,614 [INFO] PluginManage:359 - Loaded plugin memorymap (category:base,tabindex:4)
2023-12-26 15:00:36,614 [INFO] PluginManage:310 - Check plugin pinoutandconfiguration
2023-12-26 15:00:36,627 [INFO] PluginManage:359 - Loaded plugin pinoutandconfiguration (category:base,tabindex:1)
2023-12-26 15:00:36,627 [INFO] PluginManage:310 - Check plugin pinoutconfig
2023-12-26 15:00:36,701 [WARN] SupportedApi:132 - Cannot load RTOS API schema: s4s-elt-must-match.1: The content of 'definitions' must match (annotation?, (simpleType | complexType)?, (unique | key | keyref)*)). A problem was found starting at: attribute.
2023-12-26 15:00:36,798 [INFO] PluginManage:359 - Loaded plugin pinoutconfig (category:base,tabindex:0)
2023-12-26 15:00:36,798 [INFO] PluginManage:310 - Check plugin power
2023-12-26 15:00:36,814 [INFO] PluginManage:359 - Loaded plugin power (category:power,tabindex:4)
2023-12-26 15:00:36,814 [INFO] PluginManage:310 - Check plugin projectmanager
2023-12-26 15:00:36,825 [INFO] PluginManage:359 - Loaded plugin projectmanager (category:projectmanager,tabindex:3)
2023-12-26 15:00:36,825 [INFO] PluginManage:310 - Check plugin thirdparty
2023-12-26 15:00:37,009 [INFO] PluginManage:359 - Loaded plugin thirdparty (category:base,tabindex:-1)
2023-12-26 15:00:37,009 [WARN] IntegrityCheckThread:84 - waiting for thirdparty lock release [integrity check]
2023-12-26 15:00:37,010 [INFO] PluginManage:310 - Check plugin tools
2023-12-26 15:00:37,010 [INFO] IntegrityCheckThread:86 - entering critical section [integrity check]
2023-12-26 15:00:37,010 [INFO] ThirdPartyUpdaterWithRetryManager:70 - Updater plugin not ready yet. [1/15]
2023-12-26 15:00:37,034 [INFO] PluginManage:359 - Loaded plugin tools (category:base,tabindex:7)
2023-12-26 15:00:37,034 [INFO] PluginManage:310 - Check plugin tutovideos
2023-12-26 15:00:37,191 [INFO] PluginManage:359 - Loaded plugin tutovideos (category:base,tabindex:-1)
2023-12-26 15:00:37,192 [INFO] PluginManage:310 - Check plugin updater
2023-12-26 15:00:37,203 [INFO] PluginManage:359 - Loaded plugin updater (category:base,tabindex:12)
2023-12-26 15:00:37,203 [INFO] PluginManage:310 - Check plugin userauth
2023-12-26 15:00:37,207 [INFO] UserAuth:114 - Init User Auth plugin
2023-12-26 15:00:37,207 [INFO] PluginManage:359 - Loaded plugin userauth (category:base,tabindex:14)
2023-12-26 15:00:37,208 [INFO] PluginManage:283 - PluginManage : Loaded plugins [17]
2023-12-26 15:00:37,371 [INFO] PinOutPanel:1499 - setPackage(No Configuration,No Configuration)
2023-12-26 15:00:37,424 [INFO] CADModel:165 - CPN selected for project level
2023-12-26 15:00:37,425 [INFO] CADModel:114 - Register for checkConnection events
2023-12-26 15:00:37,448 [INFO] IPUIPlugin:80 - create IPUIPlugin
2023-12-26 15:00:37,448 [INFO] PluginManager:220 - loadIPPluginJar : add adc
2023-12-26 15:00:37,472 [INFO] IPUIPlugin:80 - create IPUIPlugin
2023-12-26 15:00:37,472 [INFO] PluginManager:220 - loadIPPluginJar : add aes
2023-12-26 15:00:37,498 [INFO] IPUIPlugin:80 - create IPUIPlugin
2023-12-26 15:00:37,498 [INFO] PluginManager:220 - loadIPPluginJar : add can
2023-12-26 15:00:37,513 [INFO] IPUIPlugin:80 - create IPUIPlugin
2023-12-26 15:00:37,513 [INFO] PluginManager:220 - loadIPPluginJar : add comp
2023-12-26 15:00:37,534 [INFO] IPUIPlugin:80 - create IPUIPlugin
2023-12-26 15:00:37,534 [INFO] PluginManager:220 - loadIPPluginJar : add cryp
2023-12-26 15:00:37,555 [INFO] IPUIPlugin:80 - create IPUIPlugin
2023-12-26 15:00:37,555 [INFO] PluginManager:220 - loadIPPluginJar : add dfsdm
2023-12-26 15:00:37,565 [INFO] IPUIPlugin:80 - create IPUIPlugin
2023-12-26 15:00:37,565 [INFO] PluginManager:220 - loadIPPluginJar : add dma
2023-12-26 15:00:37,592 [INFO] IPUIPlugin:80 - create IPUIPlugin
2023-12-26 15:00:37,592 [INFO] PluginManager:220 - loadIPPluginJar : add dma3
2023-12-26 15:00:37,605 [INFO] IPUIPlugin:80 - create IPUIPlugin
2023-12-26 15:00:37,605 [INFO] PluginManager:220 - loadIPPluginJar : add fatfs
2023-12-26 15:00:37,635 [INFO] IPUIPlugin:80 - create IPUIPlugin
2023-12-26 15:00:37,635 [INFO] PluginManager:220 - loadIPPluginJar : add fmc
2023-12-26 15:00:37,647 [INFO] IPUIPlugin:80 - create IPUIPlugin
2023-12-26 15:00:37,647 [INFO] PluginManager:220 - loadIPPluginJar : add freertos
2023-12-26 15:00:37,662 [INFO] IPUIPlugin:80 - create IPUIPlugin
2023-12-26 15:00:37,662 [INFO] PluginManager:220 - loadIPPluginJar : add genericplugin
2023-12-26 15:00:37,719 [INFO] IPUIPlugin:80 - create IPUIPlugin
2023-12-26 15:00:37,720 [INFO] PluginManager:220 - loadIPPluginJar : add gfxmmu
2023-12-26 15:00:37,802 [INFO] IPUIPlugin:80 - create IPUIPlugin
2023-12-26 15:00:37,802 [INFO] PluginManager:220 - loadIPPluginJar : add gic
2023-12-26 15:00:37,812 [INFO] IPUIPlugin:80 - create IPUIPlugin
2023-12-26 15:00:37,813 [INFO] PluginManager:220 - loadIPPluginJar : add gpio
2023-12-26 15:00:37,872 [INFO] IPUIPlugin:80 - create IPUIPlugin
2023-12-26 15:00:37,872 [INFO] PluginManager:220 - loadIPPluginJar : add gtzc
2023-12-26 15:00:37,894 [INFO] IPUIPlugin:80 - create IPUIPlugin
2023-12-26 15:00:37,894 [INFO] PluginManager:220 - loadIPPluginJar : add hash
2023-12-26 15:00:37,928 [INFO] IPUIPlugin:80 - create IPUIPlugin
2023-12-26 15:00:37,928 [INFO] PluginManager:220 - loadIPPluginJar : add i2c
2023-12-26 15:00:37,956 [INFO] IPUIPlugin:80 - create IPUIPlugin
2023-12-26 15:00:37,956 [INFO] PluginManager:220 - loadIPPluginJar : add i2s
2023-12-26 15:00:37,981 [INFO] IPUIPlugin:80 - create IPUIPlugin
2023-12-26 15:00:37,981 [INFO] PluginManager:220 - loadIPPluginJar : add i3c
2023-12-26 15:00:38,052 [INFO] IPUIPlugin:80 - create IPUIPlugin
2023-12-26 15:00:38,052 [INFO] PluginManager:220 - loadIPPluginJar : add ipddr
2023-12-26 15:00:38,111 [INFO] IPUIPlugin:80 - create IPUIPlugin
2023-12-26 15:00:38,112 [INFO] PluginManager:220 - loadIPPluginJar : add linkedlist
2023-12-26 15:00:38,134 [INFO] IPUIPlugin:80 - create IPUIPlugin
2023-12-26 15:00:38,134 [INFO] PluginManager:220 - loadIPPluginJar : add lorawan
2023-12-26 15:00:38,157 [INFO] IPUIPlugin:80 - create IPUIPlugin
2023-12-26 15:00:38,157 [INFO] PluginManager:220 - loadIPPluginJar : add ltdc
2023-12-26 15:00:38,168 [INFO] IPUIPlugin:80 - create IPUIPlugin
2023-12-26 15:00:38,168 [INFO] PluginManager:220 - loadIPPluginJar : add mdma
2023-12-26 15:00:38,177 [INFO] IPUIPlugin:80 - create IPUIPlugin
2023-12-26 15:00:38,177 [INFO] PluginManager:220 - loadIPPluginJar : add nvic
2023-12-26 15:00:38,200 [INFO] IPUIPlugin:80 - create IPUIPlugin
2023-12-26 15:00:38,200 [INFO] PluginManager:220 - loadIPPluginJar : add opamp
2023-12-26 15:00:38,237 [INFO] IPUIPlugin:80 - create IPUIPlugin
2023-12-26 15:00:38,237 [INFO] PluginManager:220 - loadIPPluginJar : add openamp
2023-12-26 15:00:38,265 [INFO] IPUIPlugin:80 - create IPUIPlugin
2023-12-26 15:00:38,266 [INFO] PluginManager:220 - loadIPPluginJar : add pdm2pcm
2023-12-26 15:00:38,275 [INFO] IPUIPlugin:80 - create IPUIPlugin
2023-12-26 15:00:38,277 [INFO] PluginManager:220 - loadIPPluginJar : add plateformsettings
2023-12-26 15:00:38,291 [INFO] IPUIPlugin:80 - create IPUIPlugin
2023-12-26 15:00:38,291 [INFO] PluginManager:220 - loadIPPluginJar : add quadspi
2023-12-26 15:00:38,299 [INFO] IPUIPlugin:80 - create IPUIPlugin
2023-12-26 15:00:38,300 [INFO] PluginManager:220 - loadIPPluginJar : add resmgrutility
2023-12-26 15:00:38,331 [INFO] IPUIPlugin:80 - create IPUIPlugin
2023-12-26 15:00:38,331 [INFO] PluginManager:220 - loadIPPluginJar : add sai
2023-12-26 15:00:38,356 [INFO] IPUIPlugin:80 - create IPUIPlugin
2023-12-26 15:00:38,356 [INFO] PluginManager:220 - loadIPPluginJar : add spi
2023-12-26 15:00:38,402 [INFO] IPUIPlugin:80 - create IPUIPlugin
2023-12-26 15:00:38,402 [INFO] PluginManager:220 - loadIPPluginJar : add stm32_wpan
2023-12-26 15:00:38,417 [INFO] IPUIPlugin:80 - create IPUIPlugin
2023-12-26 15:00:38,417 [INFO] PluginManager:220 - loadIPPluginJar : add tim
2023-12-26 15:00:38,452 [INFO] IPUIPlugin:80 - create IPUIPlugin
2023-12-26 15:00:38,452 [INFO] PluginManager:220 - loadIPPluginJar : add touchsensing
2023-12-26 15:00:38,467 [INFO] IPUIPlugin:80 - create IPUIPlugin
2023-12-26 15:00:38,467 [INFO] PluginManager:220 - loadIPPluginJar : add tracer_emb
2023-12-26 15:00:38,482 [INFO] IPUIPlugin:80 - create IPUIPlugin
2023-12-26 15:00:38,482 [INFO] PluginManager:220 - loadIPPluginJar : add ts
2023-12-26 15:00:38,495 [INFO] IPUIPlugin:80 - create IPUIPlugin
2023-12-26 15:00:38,495 [INFO] PluginManager:220 - loadIPPluginJar : add tsc
2023-12-26 15:00:38,508 [INFO] IPUIPlugin:80 - create IPUIPlugin
2023-12-26 15:00:38,508 [INFO] PluginManager:220 - loadIPPluginJar : add ucpd
2023-12-26 15:00:38,536 [INFO] IPUIPlugin:80 - create IPUIPlugin
2023-12-26 15:00:38,536 [INFO] PluginManager:220 - loadIPPluginJar : add usart
2023-12-26 15:00:38,569 [INFO] IPUIPlugin:80 - create IPUIPlugin
2023-12-26 15:00:38,569 [INFO] PluginManager:220 - loadIPPluginJar : add usbx
2023-12-26 15:00:38,680 [INFO] CADModel:165 - CPN selected for project level
2023-12-26 15:00:38,681 [INFO] CADModel:114 - Register for checkConnection events
2023-12-26 15:00:38,681 [FATAL] Updater:308 - Updater called before beeing initialized
2023-12-26 15:00:38,681 [ERROR] CADModel:125 - Updater not yet initialized, retry later 
2023-12-26 15:00:38,786 [INFO] CADModel:165 - CPN selected for project level
2023-12-26 15:00:38,786 [INFO] CADModel:114 - Register for checkConnection events
2023-12-26 15:00:38,786 [FATAL] Updater:308 - Updater called before beeing initialized
2023-12-26 15:00:38,786 [ERROR] CADModel:125 - Updater not yet initialized, retry later 
2023-12-26 15:00:38,789 [FATAL] Updater:308 - Updater called before beeing initialized
2023-12-26 15:00:38,859 [FATAL] Updater:308 - Updater called before beeing initialized
2023-12-26 15:00:38,867 [INFO] DbMcusAds:53 - JSON generation date=Wed Nov 29 17:52:27 ICT 2023 (1701255147349)
2023-12-26 15:00:38,867 [FATAL] Updater:308 - Updater called before beeing initialized
2023-12-26 15:00:38,932 [WARN] DetailPanel:346 - Failed to get advertising image, set to default
2023-12-26 15:00:38,996 [FATAL] Updater:308 - Updater called before beeing initialized
2023-12-26 15:00:38,998 [FATAL] Updater:308 - Updater called before beeing initialized
2023-12-26 15:00:38,998 [FATAL] Updater:308 - Updater called before beeing initialized
2023-12-26 15:00:38,998 [WARN] DetailPanel:346 - Failed to get advertising image, set to default
2023-12-26 15:00:38,999 [FATAL] Updater:308 - Updater called before beeing initialized
2023-12-26 15:00:39,039 [ERROR] Updater:1120 - MainUpdater not yet initialized. External WinMGr cannot be set.
2023-12-26 15:00:39,048 [INFO] Updater:1056 - Updater Version found : 6.10.0
2023-12-26 15:00:39,065 [INFO] ApplicationProperties:184 - Using Application install path: C:\ST\STM32CubeIDE_1.14.0\STM32CubeIDE\plugins\com.st.stm32cube.common.mx_6.10.0.202311202037
2023-12-26 15:00:39,454 [INFO] MainUpdater:2873 - connection check result : 10
2023-12-26 15:00:39,455 [INFO] MainUpdater:3567 - Updater definition file requires update
2023-12-26 15:00:39,455 [INFO] MainUpdater:290 - Updater Check For Update Now.
2023-12-26 15:00:39,456 [INFO] MicroXplorer:498 - Change Database Version : DB.6.0.100
2023-12-26 15:00:39,469 [INFO] McuFinderGlobals:63 - Set McuFinder mode to 2 (CubeIDE integrated)
2023-12-26 15:00:39,469 [INFO] UserAuth:180 - activating auth plugin
2023-12-26 15:00:39,471 [INFO] UserAuth:404 - Internet connection configuration mode: 1
2023-12-26 15:00:39,490 [INFO] JxBrowserEngine:152 - Initiate JxBrowser Engine with user profile folder
2023-12-26 15:00:39,492 [INFO] ServerAccessManage:473 - Download File updaters.zip
2023-12-26 15:00:39,541 [INFO] FileExtend:240 - Unzip File : updaters.zip
2023-12-26 15:00:39,541 [INFO] FileExtend:255 - Standard Zip Deflate
2023-12-26 15:00:39,870 [INFO] ServerAccessManage:473 - Download File PacksControlFlags.xml
2023-12-26 15:00:39,958 [INFO] ServerAccessManage:473 - Download File cubemx.pidx
2023-12-26 15:00:40,013 [WARN] MainUpdater:1194 - Updater busy. Cannot search thirdparties
2023-12-26 15:00:40,013 [INFO] ThirdPartyUpdaterWithRetryManager:96 - Updater plugin is busy. [1/15]
2023-12-26 15:00:40,026 [INFO] LoadServerUpdatesThread:375 - End of LoadServerUpdate Thread
2023-12-26 15:00:40,185 [INFO] CheckServerUpdateThread:120 - End of CheckServer Thread
2023-12-26 15:00:42,124 [INFO] WebApp:161 - Instantiating new browser for Auth
2023-12-26 15:00:42,622 [INFO] WebApp:780 - Register for checkConnection events
2023-12-26 15:00:42,622 [INFO] WebApp:414 - Apply proxy settings
2023-12-26 15:00:42,622 [INFO] WebApp:499 - Chromium requires no authentication
2023-12-26 15:00:42,629 [INFO] WebApp:442 - Direct internet connection detected
2023-12-26 15:00:42,752 [INFO] WebApp:192 - Starting web application
2023-12-26 15:00:42,752 [INFO] WebApp:544 - Web application path used C:\ST\STM32CubeIDE_1.14.0\STM32CubeIDE\plugins\com.st.stm32cube.common.mx_6.10.0.202311202037\db\plugins\mcufinder\reactClient1\index.html
2023-12-26 15:00:43,159 [WARN] PackLoader:240 - Cannot read IP mode file for STMicroelectronics.X-CUBE-SMBUS.2.1.0
2023-12-26 15:00:43,169 [WARN] PackLoader:240 - Cannot read IP mode file for STMicroelectronics.X-CUBE-TOUCHGFX.4.23.0
2023-12-26 15:00:43,196 [WARN] PackLoader:240 - Cannot read IP mode file for STMicroelectronics.X-CUBE-AZRTOS-F7.1.1.0
2023-12-26 15:00:43,211 [WARN] PackLoader:240 - Cannot read IP mode file for STMicroelectronics.FP-SNS-MOTENV1.4.3.2
2023-12-26 15:00:43,221 [ERROR] RealEvaluatedCondition:428 - Found unsupported composite condition: CLASS='Data Exchange' GROUP='STM32_MetaDataManager'
2023-12-26 15:00:43,221 [ERROR] RealEvaluatedCondition:428 - Found unsupported composite condition: CLASS='Data Exchange' GROUP='STM32_MetaDataManager'
2023-12-26 15:00:43,222 [WARN] PackLoader:240 - Cannot read IP mode file for STMicroelectronics.FP-SNS-MOTENV1.4.3.1
2023-12-26 15:00:43,233 [WARN] PackLoader:240 - Cannot read IP mode file for STMicroelectronics.FP-SNS-FLIGHT1.5.0.1
2023-12-26 15:00:43,244 [WARN] PackLoader:240 - Cannot read IP mode file for STMicroelectronics.X-CUBE-BLE1.6.2.4
2023-12-26 15:00:43,254 [WARN] PackLoader:240 - Cannot read IP mode file for STMicroelectronics.FP-SNS-FLIGHT1.5.0.2
2023-12-26 15:00:43,265 [WARN] PackLoader:240 - Cannot read IP mode file for STMicroelectronics.X-CUBE-DISPLAY.3.0.0
2023-12-26 15:00:43,276 [WARN] PackLoader:240 - Cannot read IP mode file for STMicroelectronics.X-CUBE-BLE1.7.0.0
2023-12-26 15:00:43,284 [WARN] PackLoader:240 - Cannot read IP mode file for STMicroelectronics.X-CUBE-TOUCHGFX.4.22.0
2023-12-26 15:00:43,291 [WARN] PackLoader:240 - Cannot read IP mode file for STMicroelectronics.X-CUBE-TOUCHGFX.4.22.1
2023-12-26 15:00:43,299 [WARN] PackLoader:240 - Cannot read IP mode file for STMicroelectronics.FP-SNS-SMARTAG2.1.2.0
2023-12-26 15:00:43,313 [INFO] LogOutputStream:77 - [STDOUT_REDIRECT] 1 : Invalid condition id : UX_CORESTACK_Condition cause : null
2023-12-26 15:00:43,313 [INFO] LogOutputStream:77 - [STDOUT_REDIRECT] 1 : Invalid condition id : UX_CORESTACK_Condition cause : null
2023-12-26 15:00:43,314 [INFO] LogOutputStream:77 - [STDOUT_REDIRECT] 1 : Invalid condition id : UX_CORESTACK_Condition cause : null
2023-12-26 15:00:43,315 [INFO] LogOutputStream:77 - [STDOUT_REDIRECT] 1 : Invalid condition id : UX_CORESTACK_Condition cause : null
2023-12-26 15:00:43,315 [INFO] LogOutputStream:77 - [STDOUT_REDIRECT] 1 : Invalid condition id : UX_CORESTACK_Condition cause : null
2023-12-26 15:00:43,317 [WARN] PackLoader:240 - Cannot read IP mode file for STMicroelectronics.X-CUBE-AZRTOS-WL.2.0.0
2023-12-26 15:00:43,329 [WARN] PackLoader:240 - Cannot read IP mode file for WES.I-CUBE-Cesium.1.3.0
2023-12-26 15:00:43,337 [WARN] PackLoader:240 - Cannot read IP mode file for STMicroelectronics.X-CUBE-BLE2.3.3.0
2023-12-26 15:00:43,346 [WARN] PackLoader:240 - Cannot read IP mode file for STMicroelectronics.X-CUBE-TOUCHGFX.4.21.4
2023-12-26 15:00:43,356 [WARN] PackLoader:240 - Cannot read IP mode file for STMicroelectronics.X-CUBE-ALGOBUILD.1.3.0
2023-12-26 15:00:43,375 [WARN] PackLoader:240 - Cannot read IP mode file for STMicroelectronics.X-CUBE-AZRTOS-G0.1.1.0
2023-12-26 15:00:43,386 [WARN] PackLoader:240 - Cannot read IP mode file for STMicroelectronics.X-CUBE-NFC4.3.0.0
2023-12-26 15:00:43,399 [WARN] PackLoader:240 - Cannot read IP mode file for STMicroelectronics.X-CUBE-BLEMGR.3.0.0
2023-12-26 15:00:43,409 [WARN] PackLoader:240 - Cannot read IP mode file for STMicroelectronics.FP-ATR-SIGFOX1.3.2.0
2023-12-26 15:00:43,434 [WARN] PackLoader:240 - Cannot read IP mode file for SEGGER.I-CUBE-embOS.1.3.1
2023-12-26 15:00:43,464 [WARN] PackLoader:240 - Cannot read IP mode file for STMicroelectronics.X-CUBE-GNSS1.6.0.0
2023-12-26 15:00:43,487 [WARN] PackLoader:240 - Cannot read IP mode file for STMicroelectronics.X-CUBE-AZRTOS-F4.1.1.0
2023-12-26 15:00:43,502 [WARN] PackLoader:240 - Cannot read IP mode file for wolfSSL.I-CUBE-wolfSSL.5.6.0
2023-12-26 15:00:43,522 [WARN] PackLoader:240 - Cannot read IP mode file for STMicroelectronics.X-CUBE-AZRTOS-L5.2.0.0
2023-12-26 15:00:43,557 [WARN] PackLoader:240 - Cannot read IP mode file for STMicroelectronics.X-CUBE-MEMS1.9.6.0
2023-12-26 15:00:43,652 [WARN] PackLoader:240 - Cannot read IP mode file for STMicroelectronics.X-CUBE-EEPRMA1.4.2.0
2023-12-26 15:00:43,663 [WARN] PackLoader:240 - Cannot read IP mode file for ITTIA_DB.I-CUBE-ITTIADB.8.8.0
2023-12-26 15:00:43,674 [WARN] PackLoader:240 - Cannot read IP mode file for emotas.I-CUBE-CANOPEN.1.1.3
2023-12-26 15:00:43,684 [WARN] PackLoader:240 - Cannot read IP mode file for STMicroelectronics.X-CUBE-BLEMGR.2.0.0
2023-12-26 15:00:43,707 [WARN] ConditionMgr:438 - getConditionDescription Invalid condition id : UX DEVICE CLASS RTOS Condition cause : null
2023-12-26 15:00:43,707 [WARN] ConditionMgr:438 - getConditionDescription Invalid condition id : UX DEVICE CLASS RTOS Condition cause : null
2023-12-26 15:00:43,708 [WARN] PackLoader:240 - Cannot read IP mode file for STMicroelectronics.X-CUBE-AZRTOS-H7.3.1.0
2023-12-26 15:00:43,709 [WARN] ConditionMgr:1039 - genDependencies : Invalid condition id : UX DEVICE CLASS RTOS Condition cause : null
2023-12-26 15:00:43,709 [WARN] ConditionMgr:1039 - genDependencies : Invalid condition id : UX DEVICE CLASS RTOS Condition cause : null
2023-12-26 15:00:43,709 [WARN] ConditionMgr:1039 - genDependencies : Invalid condition id : UX DEVICE CLASS RTOS Condition cause : null
2023-12-26 15:00:43,710 [WARN] ConditionMgr:1039 - genDependencies : Invalid condition id : UX DEVICE CLASS RTOS Condition cause : null
2023-12-26 15:00:43,710 [WARN] ConditionMgr:1039 - genDependencies : Invalid condition id : UX DEVICE CLASS RTOS Condition cause : null
2023-12-26 15:00:43,719 [WARN] PackLoader:240 - Cannot read IP mode file for STMicroelectronics.X-CUBE-NFC7.1.0.1
2023-12-26 15:00:43,728 [WARN] PackLoader:240 - Cannot read IP mode file for STMicroelectronics.X-CUBE-NFC7.1.0.0
2023-12-26 15:00:43,741 [WARN] PackLoader:240 - Cannot read IP mode file for STMicroelectronics.X-CUBE-NFC6.3.0.0
2023-12-26 15:00:43,752 [WARN] PackLoader:240 - Cannot read IP mode file for STMicroelectronics.X-CUBE-EEPRMA1.4.1.0
2023-12-26 15:00:43,762 [WARN] PackLoader:240 - Cannot read IP mode file for STMicroelectronics.X-CUBE-AI.8.1.0
2023-12-26 15:00:43,784 [WARN] ConditionMgr:438 - getConditionDescription Invalid condition id : LAN8742 Phy interface Condition cause : null
2023-12-26 15:00:43,784 [WARN] PackLoader:240 - Cannot read IP mode file for STMicroelectronics.X-CUBE-AZRTOS-L4.2.0.0
2023-12-26 15:00:43,785 [WARN] ConditionMgr:1039 - genDependencies : Invalid condition id : LAN8742 Phy interface Condition cause : null
2023-12-26 15:00:43,785 [WARN] ConditionMgr:1039 - genDependencies : Invalid condition id : LAN8742 Phy interface Condition cause : null
2023-12-26 15:00:43,785 [WARN] ConditionMgr:1039 - genDependencies : Invalid condition id : LAN8742 Phy interface Condition cause : null
2023-12-26 15:00:43,796 [WARN] PackLoader:240 - Cannot read IP mode file for STMicroelectronics.X-CUBE-SFXS2LP1.4.0.0
2023-12-26 15:00:43,805 [WARN] PackLoader:240 - Cannot read IP mode file for STMicroelectronics.X-CUBE-ISPU.1.1.0
2023-12-26 15:00:43,822 [WARN] ConditionMgr:438 - getConditionDescription Invalid condition id : UX DEVICE CLASS RTOS Condition cause : null
2023-12-26 15:00:43,822 [WARN] ConditionMgr:438 - getConditionDescription Invalid condition id : UX DEVICE CLASS RTOS Condition cause : null
2023-12-26 15:00:43,823 [WARN] PackLoader:240 - Cannot read IP mode file for STMicroelectronics.X-CUBE-AZRTOS-WB.2.0.0
2023-12-26 15:00:43,823 [WARN] ConditionMgr:1039 - genDependencies : Invalid condition id : UX DEVICE CLASS RTOS Condition cause : null
2023-12-26 15:00:43,823 [WARN] ConditionMgr:1039 - genDependencies : Invalid condition id : UX DEVICE CLASS RTOS Condition cause : null
2023-12-26 15:00:43,823 [WARN] ConditionMgr:1039 - genDependencies : Invalid condition id : UX DEVICE CLASS RTOS Condition cause : null
2023-12-26 15:00:43,823 [WARN] ConditionMgr:1039 - genDependencies : Invalid condition id : UX DEVICE CLASS RTOS Condition cause : null
2023-12-26 15:00:43,823 [WARN] ConditionMgr:1039 - genDependencies : Invalid condition id : UX DEVICE CLASS RTOS Condition cause : null
2023-12-26 15:00:43,835 [WARN] PackLoader:240 - Cannot read IP mode file for STMicroelectronics.X-CUBE-FREERTOS.1.0.1
2023-12-26 15:00:43,857 [WARN] PackLoader:240 - Cannot read IP mode file for STMicroelectronics.X-CUBE-AZRTOS-L5.1.1.0
2023-12-26 15:00:43,870 [WARN] PackLoader:240 - Cannot read IP mode file for STMicroelectronics.X-CUBE-AI.8.0.1
2023-12-26 15:00:43,885 [WARN] PackLoader:240 - Cannot read IP mode file for STMicroelectronics.X-CUBE-SUBG2.5.0.0
2023-12-26 15:00:43,902 [WARN] PackLoader:240 - Cannot read IP mode file for STMicroelectronics.X-CUBE-TOF1.3.3.1
2023-12-26 15:00:43,930 [WARN] PackLoader:240 - Cannot read IP mode file for STMicroelectronics.X-CUBE-AZRTOS-G4.2.0.0
2023-12-26 15:00:43,948 [WARN] PackLoader:240 - Cannot read IP mode file for STMicroelectronics.X-CUBE-TOF1.3.3.0
2023-12-26 15:00:43,970 [WARN] PackLoader:240 - Cannot read IP mode file for Infineon.AIROC-Wi-Fi-Bluetooth-STM32.1.5.1
2023-12-26 15:00:43,981 [WARN] PackLoader:240 - Cannot read IP mode file for STMicroelectronics.FP-SNS-MOTENVWB1.1.3.0
2023-12-26 15:00:43,991 [WARN] PackLoader:240 - Cannot read IP mode file for STMicroelectronics.FP-SNS-MOTENVWB1.1.3.1
2023-12-26 15:00:44,000 [WARN] PackLoader:240 - Cannot read IP mode file for STMicroelectronics.X-CUBE-ISPU.2.0.0
2023-12-26 15:00:44,029 [WARN] PackLoader:240 - Cannot read IP mode file for STMicroelectronics.X-CUBE-MEMS1.10.0.0
2023-12-26 15:00:44,082 [WARN] PackLoader:240 - Cannot read IP mode file for STMicroelectronics.X-CUBE-FREERTOS.1.1.0
2023-12-26 15:00:44,091 [WARN] PackLoader:240 - Cannot read IP mode file for portGmbH.I-Cube-SoM-uGOAL.1.1.0
2023-12-26 15:00:44,100 [WARN] PackLoader:240 - Cannot read IP mode file for STMicroelectronics.X-CUBE-ALS.1.0.1
2023-12-26 15:00:44,118 [WARN] PackLoader:240 - Cannot read IP mode file for STMicroelectronics.X-CUBE-AZRTOS-WB.1.1.0
2023-12-26 15:00:44,128 [WARN] PackLoader:240 - Cannot read IP mode file for STMicroelectronics.FP-ATR-ASTRA1.2.0.0
2023-12-26 15:00:44,142 [WARN] PackLoader:240 - Cannot read IP mode file for STMicroelectronics.X-CUBE-TOF1.3.4.0
2023-12-26 15:00:44,167 [WARN] PackLoader:240 - Cannot read IP mode file for STMicroelectronics.X-CUBE-AZRTOS-H7.3.2.0
2023-12-26 15:00:44,169 [INFO] ThirdParty:978 - Integrity check success = true
2023-12-26 15:00:44,169 [INFO] IntegrityCheckThread:100 - exiting critical section [integrity check]
2023-12-26 15:00:44,169 [INFO] IntegrityCheckThread:103 - End integrity checks thread
2023-12-26 15:01:03,380 [ERROR] LogOutputStream:75 - [STDERR_REDIRECT] SLF4J: Failed to load class "org.slf4j.impl.StaticLoggerBinder".
2023-12-26 15:01:03,380 [ERROR] LogOutputStream:75 - [STDERR_REDIRECT] SLF4J: Defaulting to no-operation (NOP) logger implementation
2023-12-26 15:01:03,381 [ERROR] LogOutputStream:75 - [STDERR_REDIRECT] SLF4J: See http://www.slf4j.org/codes.html#StaticLoggerBinder for further details.
2023-12-26 15:03:48,812 [ERROR] LogOutputStream:75 - [STDERR_REDIRECT] 
