2024-01-01 10:13:54,260 [INFO] Activator:176 - 


2024-01-01 10:13:54,265 [INFO] Activator:177 - !SESSION log4j initialized
2024-01-01 10:13:59,360 [INFO] LogOutputStream:77 - [STDOUT_REDIRECT] 
2024-01-01 10:14:06,516 [INFO] ApplicationProperties:184 - Using Application install path: C:\ST\STM32CubeIDE_1.14.0\STM32CubeIDE\plugins\com.st.stm32cube.common.mx_6.10.0.202311202037
2024-01-01 10:14:06,536 [INFO] DbMcusXml:78 - Set database path to: C:\ST\STM32CubeIDE_1.14.0\STM32CubeIDE\plugins\com.st.stm32cube.common.mx_6.10.0.202311202037\\db\/mcu/
2024-01-01 10:14:06,536 [INFO] ApiDb:274 - Set plugin database path to: C:\ST\STM32CubeIDE_1.14.0\STM32CubeIDE\plugins\com.st.stm32cube.common.mx_6.10.0.202311202037\\db\/plugins/boardmanager/
2024-01-01 10:14:06,536 [WARN] ApiDb:259 - Overriding images path with different value:  => C:\ST\STM32CubeIDE_1.14.0\STM32CubeIDE\plugins\com.st.stm32cube.common.mx_6.10.0.202311202037\\db\/plugins/mcufinder/images/
2024-01-01 10:14:06,549 [INFO] ApiDb:250 - Set database path to: C:\Users\pc\.stmcufinder\plugins\mcufinder//mcu/
2024-01-01 10:14:06,550 [INFO] DbMcusAds:125 - Set database path to: C:\Users\pc\.stmcufinder\plugins\mcufinder//mcu/
2024-01-01 10:14:07,094 [INFO] CrossReferenceDbSqlite:203 - Set database path to: C:\Users\pc\.stmcufinder\plugins\mcufinder//mcu/cs/
2024-01-01 10:14:07,191 [INFO] RulesReader:64 - Compatibility file has been processed (297 Rules)
2024-01-01 10:14:07,263 [INFO] DbMcusXml:78 - Set database path to: C:\ST\STM32CubeIDE_1.14.0\STM32CubeIDE\plugins\com.st.stm32cube.common.mx_6.10.0.202311202037\\db\/mcu/
2024-01-01 10:14:07,264 [INFO] ApiDb:274 - Set plugin database path to: C:\ST\STM32CubeIDE_1.14.0\STM32CubeIDE\plugins\com.st.stm32cube.common.mx_6.10.0.202311202037\\db\/plugins/boardmanager/
2024-01-01 10:14:07,264 [INFO] ApiDb:261 - Set plugin images path to: C:\ST\STM32CubeIDE_1.14.0\STM32CubeIDE\plugins\com.st.stm32cube.common.mx_6.10.0.202311202037\\db\/plugins/mcufinder/images/
2024-01-01 10:14:07,264 [WARN] DbFile:41 - Overriding database path with different value: C:\Users\pc\.stmcufinder\plugins\mcufinder/ => C:\Users\pc\.stmcufinder\plugins\mcufinder
2024-01-01 10:14:07,264 [INFO] ApiDb:250 - Set database path to: C:\Users\pc\.stmcufinder\plugins\mcufinder//mcu/
2024-01-01 10:14:07,264 [WARN] DbFile:41 - Overriding database path with different value: C:\Users\pc\.stmcufinder\plugins\mcufinder/ => C:\Users\pc\.stmcufinder\plugins\mcufinder
2024-01-01 10:14:07,264 [INFO] DbMcusAds:125 - Set database path to: C:\Users\pc\.stmcufinder\plugins\mcufinder//mcu/
2024-01-01 10:14:07,264 [WARN] DbFile:41 - Overriding database path with different value: C:\Users\pc\.stmcufinder\plugins\mcufinder/ => C:\Users\pc\.stmcufinder\plugins\mcufinder
2024-01-01 10:14:07,264 [WARN] DbFile:41 - Overriding database path with different value: C:\Users\pc\.stmcufinder\plugins\mcufinder/ => C:\Users\pc\.stmcufinder\plugins\mcufinder
2024-01-01 10:14:08,090 [INFO] CrossReferenceDbSqlite:203 - Set database path to: C:\Users\pc\.stmcufinder\plugins\mcufinder//mcu/cs/
2024-01-01 10:14:08,159 [INFO] MainPanel:264 - HeapMemory: 268435456
2024-01-01 10:14:08,252 [INFO] DbMcusXml:78 - Set database path to: C:\ST\STM32CubeIDE_1.14.0\STM32CubeIDE\plugins\com.st.stm32cube.common.mx_6.10.0.202311202037\\db\/mcu/
2024-01-01 10:14:08,252 [INFO] ApiDb:274 - Set plugin database path to: C:\ST\STM32CubeIDE_1.14.0\STM32CubeIDE\plugins\com.st.stm32cube.common.mx_6.10.0.202311202037\\db\/plugins/boardmanager/
2024-01-01 10:14:08,252 [INFO] ApiDb:261 - Set plugin images path to: C:\ST\STM32CubeIDE_1.14.0\STM32CubeIDE\plugins\com.st.stm32cube.common.mx_6.10.0.202311202037\\db\/plugins/mcufinder/images/
2024-01-01 10:14:08,253 [WARN] DbFile:41 - Overriding database path with different value: C:\Users\pc\.stmcufinder\plugins\mcufinder/ => C:\Users\pc\.stmcufinder\plugins\mcufinder
2024-01-01 10:14:08,253 [INFO] ApiDb:250 - Set database path to: C:\Users\pc\.stmcufinder\plugins\mcufinder//mcu/
2024-01-01 10:14:08,253 [WARN] DbFile:41 - Overriding database path with different value: C:\Users\pc\.stmcufinder\plugins\mcufinder/ => C:\Users\pc\.stmcufinder\plugins\mcufinder
2024-01-01 10:14:08,253 [INFO] DbMcusAds:125 - Set database path to: C:\Users\pc\.stmcufinder\plugins\mcufinder//mcu/
2024-01-01 10:14:08,253 [WARN] DbFile:41 - Overriding database path with different value: C:\Users\pc\.stmcufinder\plugins\mcufinder/ => C:\Users\pc\.stmcufinder\plugins\mcufinder
2024-01-01 10:14:08,253 [WARN] DbFile:41 - Overriding database path with different value: C:\Users\pc\.stmcufinder\plugins\mcufinder/ => C:\Users\pc\.stmcufinder\plugins\mcufinder
2024-01-01 10:14:09,086 [INFO] CrossReferenceDbSqlite:203 - Set database path to: C:\Users\pc\.stmcufinder\plugins\mcufinder//mcu/cs/
2024-01-01 10:14:09,108 [INFO] ApplicationProperties:184 - Using Application install path: C:\ST\STM32CubeIDE_1.14.0\STM32CubeIDE\plugins\com.st.stm32cube.common.mx_6.10.0.202311202037
2024-01-01 10:14:09,109 [INFO] PluginManage:196 - Search for loadable plugins [exclusion list=, ]
2024-01-01 10:14:09,111 [INFO] PluginManage:310 - Check plugin analytics
2024-01-01 10:14:14,689 [INFO] AnalyticsPlugin:253 - Accepted Software Licenses: STM32CubeMX.6.8.1,STM32CubeMX.6.9.1
2024-01-01 10:14:14,689 [INFO] AnalyticsPlugin:255 - Accepted CMSIS Pack Licenses: 
2024-01-01 10:14:14,689 [INFO] AnalyticsPlugin:257 - Accepted Firmware Licenses: FW.F4.1.27.0
2024-01-01 10:14:14,690 [INFO] PluginManage:359 - Loaded plugin analytics (category:tool,tabindex:-1)
2024-01-01 10:14:14,692 [INFO] PluginManage:310 - Check plugin cadmodel
2024-01-01 10:14:14,709 [INFO] CADModel:105 - Init CAD model plugin
2024-01-01 10:14:14,709 [INFO] PluginManage:359 - Loaded plugin cadmodel (category:power,tabindex:5)
2024-01-01 10:14:14,709 [INFO] PluginManage:310 - Check plugin clock
2024-01-01 10:14:14,732 [INFO] PluginManage:359 - Loaded plugin clock (category:base,tabindex:2)
2024-01-01 10:14:14,732 [INFO] PluginManage:310 - Check plugin ddr
2024-01-01 10:14:14,734 [INFO] PluginManage:359 - Loaded plugin ddr (category:tool,tabindex:6)
2024-01-01 10:14:14,734 [INFO] PluginManage:310 - Check plugin filemanager
2024-01-01 10:14:14,879 [INFO] PluginManage:359 - Loaded plugin filemanager (category:base,tabindex:10)
2024-01-01 10:14:14,879 [INFO] PluginManage:310 - Check plugin ipmanager
2024-01-01 10:14:14,887 [INFO] PluginManage:359 - Loaded plugin ipmanager (category:base,tabindex:5)
2024-01-01 10:14:14,888 [INFO] PluginManage:310 - Check plugin lpbam
2024-01-01 10:14:14,907 [INFO] PluginManage:359 - Loaded plugin lpbam (category:base,tabindex:0)
2024-01-01 10:14:14,908 [INFO] PluginManage:310 - Check plugin memorymap
2024-01-01 10:14:14,936 [INFO] PluginManage:359 - Loaded plugin memorymap (category:base,tabindex:4)
2024-01-01 10:14:14,936 [INFO] PluginManage:310 - Check plugin pinoutandconfiguration
2024-01-01 10:14:14,951 [INFO] PluginManage:359 - Loaded plugin pinoutandconfiguration (category:base,tabindex:1)
2024-01-01 10:14:14,952 [INFO] PluginManage:310 - Check plugin pinoutconfig
2024-01-01 10:14:15,058 [WARN] SupportedApi:132 - Cannot load RTOS API schema: s4s-elt-must-match.1: The content of 'definitions' must match (annotation?, (simpleType | complexType)?, (unique | key | keyref)*)). A problem was found starting at: attribute.
2024-01-01 10:14:15,266 [INFO] PluginManage:359 - Loaded plugin pinoutconfig (category:base,tabindex:0)
2024-01-01 10:14:15,267 [INFO] PluginManage:310 - Check plugin power
2024-01-01 10:14:15,297 [INFO] PluginManage:359 - Loaded plugin power (category:power,tabindex:4)
2024-01-01 10:14:15,298 [INFO] PluginManage:310 - Check plugin projectmanager
2024-01-01 10:14:15,321 [INFO] PluginManage:359 - Loaded plugin projectmanager (category:projectmanager,tabindex:3)
2024-01-01 10:14:15,323 [INFO] PluginManage:310 - Check plugin thirdparty
2024-01-01 10:14:15,673 [INFO] PluginManage:359 - Loaded plugin thirdparty (category:base,tabindex:-1)
2024-01-01 10:14:15,674 [INFO] PluginManage:310 - Check plugin tools
2024-01-01 10:14:15,673 [WARN] IntegrityCheckThread:84 - waiting for thirdparty lock release [integrity check]
2024-01-01 10:14:15,674 [INFO] IntegrityCheckThread:86 - entering critical section [integrity check]
2024-01-01 10:14:15,675 [INFO] ThirdPartyUpdaterWithRetryManager:70 - Updater plugin not ready yet. [1/15]
2024-01-01 10:14:15,721 [INFO] PluginManage:359 - Loaded plugin tools (category:base,tabindex:7)
2024-01-01 10:14:15,721 [INFO] PluginManage:310 - Check plugin tutovideos
2024-01-01 10:14:15,990 [INFO] PluginManage:359 - Loaded plugin tutovideos (category:base,tabindex:-1)
2024-01-01 10:14:15,991 [INFO] PluginManage:310 - Check plugin updater
2024-01-01 10:14:16,006 [INFO] PluginManage:359 - Loaded plugin updater (category:base,tabindex:12)
2024-01-01 10:14:16,006 [INFO] PluginManage:310 - Check plugin userauth
2024-01-01 10:14:16,019 [INFO] UserAuth:114 - Init User Auth plugin
2024-01-01 10:14:16,020 [INFO] PluginManage:359 - Loaded plugin userauth (category:base,tabindex:14)
2024-01-01 10:14:16,020 [INFO] PluginManage:283 - PluginManage : Loaded plugins [17]
2024-01-01 10:14:16,437 [INFO] PinOutPanel:1499 - setPackage(No Configuration,No Configuration)
2024-01-01 10:14:16,590 [INFO] CADModel:165 - CPN selected for project level
2024-01-01 10:14:16,590 [INFO] CADModel:114 - Register for checkConnection events
2024-01-01 10:14:16,633 [INFO] IPUIPlugin:80 - create IPUIPlugin
2024-01-01 10:14:16,634 [INFO] PluginManager:220 - loadIPPluginJar : add adc
2024-01-01 10:14:16,691 [INFO] IPUIPlugin:80 - create IPUIPlugin
2024-01-01 10:14:16,691 [INFO] PluginManager:220 - loadIPPluginJar : add aes
2024-01-01 10:14:16,746 [INFO] IPUIPlugin:80 - create IPUIPlugin
2024-01-01 10:14:16,746 [INFO] PluginManager:220 - loadIPPluginJar : add can
2024-01-01 10:14:16,770 [INFO] IPUIPlugin:80 - create IPUIPlugin
2024-01-01 10:14:16,770 [INFO] PluginManager:220 - loadIPPluginJar : add comp
2024-01-01 10:14:16,813 [INFO] IPUIPlugin:80 - create IPUIPlugin
2024-01-01 10:14:16,814 [INFO] PluginManager:220 - loadIPPluginJar : add cryp
2024-01-01 10:14:16,845 [INFO] IPUIPlugin:80 - create IPUIPlugin
2024-01-01 10:14:16,846 [INFO] PluginManager:220 - loadIPPluginJar : add dfsdm
2024-01-01 10:14:16,859 [INFO] IPUIPlugin:80 - create IPUIPlugin
2024-01-01 10:14:16,859 [INFO] PluginManager:220 - loadIPPluginJar : add dma
2024-01-01 10:14:16,913 [INFO] IPUIPlugin:80 - create IPUIPlugin
2024-01-01 10:14:16,914 [INFO] PluginManager:220 - loadIPPluginJar : add dma3
2024-01-01 10:14:16,949 [INFO] IPUIPlugin:80 - create IPUIPlugin
2024-01-01 10:14:16,949 [INFO] PluginManager:220 - loadIPPluginJar : add fatfs
2024-01-01 10:14:17,013 [INFO] IPUIPlugin:80 - create IPUIPlugin
2024-01-01 10:14:17,013 [INFO] PluginManager:220 - loadIPPluginJar : add fmc
2024-01-01 10:14:17,035 [INFO] IPUIPlugin:80 - create IPUIPlugin
2024-01-01 10:14:17,036 [INFO] PluginManager:220 - loadIPPluginJar : add freertos
2024-01-01 10:14:17,062 [INFO] IPUIPlugin:80 - create IPUIPlugin
2024-01-01 10:14:17,062 [INFO] PluginManager:220 - loadIPPluginJar : add genericplugin
2024-01-01 10:14:17,194 [INFO] IPUIPlugin:80 - create IPUIPlugin
2024-01-01 10:14:17,194 [INFO] PluginManager:220 - loadIPPluginJar : add gfxmmu
2024-01-01 10:14:17,373 [INFO] IPUIPlugin:80 - create IPUIPlugin
2024-01-01 10:14:17,374 [INFO] PluginManager:220 - loadIPPluginJar : add gic
2024-01-01 10:14:17,389 [INFO] IPUIPlugin:80 - create IPUIPlugin
2024-01-01 10:14:17,389 [INFO] PluginManager:220 - loadIPPluginJar : add gpio
2024-01-01 10:14:17,494 [INFO] IPUIPlugin:80 - create IPUIPlugin
2024-01-01 10:14:17,494 [INFO] PluginManager:220 - loadIPPluginJar : add gtzc
2024-01-01 10:14:17,535 [INFO] IPUIPlugin:80 - create IPUIPlugin
2024-01-01 10:14:17,535 [INFO] PluginManager:220 - loadIPPluginJar : add hash
2024-01-01 10:14:17,591 [INFO] IPUIPlugin:80 - create IPUIPlugin
2024-01-01 10:14:17,591 [INFO] PluginManager:220 - loadIPPluginJar : add i2c
2024-01-01 10:14:17,661 [INFO] IPUIPlugin:80 - create IPUIPlugin
2024-01-01 10:14:17,661 [INFO] PluginManager:220 - loadIPPluginJar : add i2s
2024-01-01 10:14:17,728 [INFO] IPUIPlugin:80 - create IPUIPlugin
2024-01-01 10:14:17,729 [INFO] PluginManager:220 - loadIPPluginJar : add i3c
2024-01-01 10:14:17,878 [INFO] IPUIPlugin:80 - create IPUIPlugin
2024-01-01 10:14:17,879 [INFO] PluginManager:220 - loadIPPluginJar : add ipddr
2024-01-01 10:14:17,986 [INFO] IPUIPlugin:80 - create IPUIPlugin
2024-01-01 10:14:17,986 [INFO] PluginManager:220 - loadIPPluginJar : add linkedlist
2024-01-01 10:14:18,029 [INFO] IPUIPlugin:80 - create IPUIPlugin
2024-01-01 10:14:18,029 [INFO] PluginManager:220 - loadIPPluginJar : add lorawan
2024-01-01 10:14:18,070 [INFO] IPUIPlugin:80 - create IPUIPlugin
2024-01-01 10:14:18,070 [INFO] PluginManager:220 - loadIPPluginJar : add ltdc
2024-01-01 10:14:18,086 [INFO] IPUIPlugin:80 - create IPUIPlugin
2024-01-01 10:14:18,086 [INFO] PluginManager:220 - loadIPPluginJar : add mdma
2024-01-01 10:14:18,098 [INFO] IPUIPlugin:80 - create IPUIPlugin
2024-01-01 10:14:18,098 [INFO] PluginManager:220 - loadIPPluginJar : add nvic
2024-01-01 10:14:18,143 [INFO] IPUIPlugin:80 - create IPUIPlugin
2024-01-01 10:14:18,143 [INFO] PluginManager:220 - loadIPPluginJar : add opamp
2024-01-01 10:14:18,212 [INFO] IPUIPlugin:80 - create IPUIPlugin
2024-01-01 10:14:18,212 [INFO] PluginManager:220 - loadIPPluginJar : add openamp
2024-01-01 10:14:18,258 [INFO] IPUIPlugin:80 - create IPUIPlugin
2024-01-01 10:14:18,258 [INFO] PluginManager:220 - loadIPPluginJar : add pdm2pcm
2024-01-01 10:14:18,272 [INFO] IPUIPlugin:80 - create IPUIPlugin
2024-01-01 10:14:18,274 [INFO] PluginManager:220 - loadIPPluginJar : add plateformsettings
2024-01-01 10:14:18,296 [INFO] IPUIPlugin:80 - create IPUIPlugin
2024-01-01 10:14:18,296 [INFO] PluginManager:220 - loadIPPluginJar : add quadspi
2024-01-01 10:14:18,309 [INFO] IPUIPlugin:80 - create IPUIPlugin
2024-01-01 10:14:18,309 [INFO] PluginManager:220 - loadIPPluginJar : add resmgrutility
2024-01-01 10:14:18,360 [INFO] IPUIPlugin:80 - create IPUIPlugin
2024-01-01 10:14:18,361 [INFO] PluginManager:220 - loadIPPluginJar : add sai
2024-01-01 10:14:18,399 [INFO] IPUIPlugin:80 - create IPUIPlugin
2024-01-01 10:14:18,399 [INFO] PluginManager:220 - loadIPPluginJar : add spi
2024-01-01 10:14:18,467 [INFO] IPUIPlugin:80 - create IPUIPlugin
2024-01-01 10:14:18,468 [INFO] PluginManager:220 - loadIPPluginJar : add stm32_wpan
2024-01-01 10:14:18,489 [INFO] IPUIPlugin:80 - create IPUIPlugin
2024-01-01 10:14:18,489 [INFO] PluginManager:220 - loadIPPluginJar : add tim
2024-01-01 10:14:18,558 [INFO] IPUIPlugin:80 - create IPUIPlugin
2024-01-01 10:14:18,558 [INFO] PluginManager:220 - loadIPPluginJar : add touchsensing
2024-01-01 10:14:18,581 [INFO] IPUIPlugin:80 - create IPUIPlugin
2024-01-01 10:14:18,581 [INFO] PluginManager:220 - loadIPPluginJar : add tracer_emb
2024-01-01 10:14:18,607 [INFO] IPUIPlugin:80 - create IPUIPlugin
2024-01-01 10:14:18,609 [INFO] PluginManager:220 - loadIPPluginJar : add ts
2024-01-01 10:14:18,635 [INFO] IPUIPlugin:80 - create IPUIPlugin
2024-01-01 10:14:18,635 [INFO] PluginManager:220 - loadIPPluginJar : add tsc
2024-01-01 10:14:18,664 [INFO] IPUIPlugin:80 - create IPUIPlugin
2024-01-01 10:14:18,664 [INFO] PluginManager:220 - loadIPPluginJar : add ucpd
2024-01-01 10:14:18,677 [INFO] ThirdPartyUpdaterWithRetryManager:70 - Updater plugin not ready yet. [2/15]
2024-01-01 10:14:18,713 [INFO] IPUIPlugin:80 - create IPUIPlugin
2024-01-01 10:14:18,713 [INFO] PluginManager:220 - loadIPPluginJar : add usart
2024-01-01 10:14:18,765 [INFO] IPUIPlugin:80 - create IPUIPlugin
2024-01-01 10:14:18,765 [INFO] PluginManager:220 - loadIPPluginJar : add usbx
2024-01-01 10:14:18,927 [INFO] CADModel:165 - CPN selected for project level
2024-01-01 10:14:18,927 [INFO] CADModel:114 - Register for checkConnection events
2024-01-01 10:14:18,927 [FATAL] Updater:308 - Updater called before beeing initialized
2024-01-01 10:14:18,927 [ERROR] CADModel:125 - Updater not yet initialized, retry later 
2024-01-01 10:14:19,087 [INFO] CADModel:165 - CPN selected for project level
2024-01-01 10:14:19,087 [INFO] CADModel:114 - Register for checkConnection events
2024-01-01 10:14:19,087 [FATAL] Updater:308 - Updater called before beeing initialized
2024-01-01 10:14:19,087 [ERROR] CADModel:125 - Updater not yet initialized, retry later 
2024-01-01 10:14:19,091 [FATAL] Updater:308 - Updater called before beeing initialized
2024-01-01 10:14:19,215 [FATAL] Updater:308 - Updater called before beeing initialized
2024-01-01 10:14:19,225 [INFO] DbMcusAds:53 - JSON generation date=Wed Nov 29 17:52:27 ICT 2023 (1701255147349)
2024-01-01 10:14:19,226 [FATAL] Updater:308 - Updater called before beeing initialized
2024-01-01 10:14:19,315 [WARN] DetailPanel:346 - Failed to get advertising image, set to default
2024-01-01 10:14:19,400 [FATAL] Updater:308 - Updater called before beeing initialized
2024-01-01 10:14:19,403 [FATAL] Updater:308 - Updater called before beeing initialized
2024-01-01 10:14:19,403 [FATAL] Updater:308 - Updater called before beeing initialized
2024-01-01 10:14:19,403 [WARN] DetailPanel:346 - Failed to get advertising image, set to default
2024-01-01 10:14:19,404 [FATAL] Updater:308 - Updater called before beeing initialized
2024-01-01 10:14:19,482 [ERROR] Updater:1120 - MainUpdater not yet initialized. External WinMGr cannot be set.
2024-01-01 10:14:19,495 [INFO] Updater:1056 - Updater Version found : 6.10.0
2024-01-01 10:14:19,530 [INFO] ApplicationProperties:184 - Using Application install path: C:\ST\STM32CubeIDE_1.14.0\STM32CubeIDE\plugins\com.st.stm32cube.common.mx_6.10.0.202311202037
2024-01-01 10:14:19,886 [INFO] MainUpdater:2873 - connection check result : 10
2024-01-01 10:14:19,887 [INFO] MainUpdater:290 - Updater Check For Update Now.
2024-01-01 10:14:19,887 [INFO] MicroXplorer:498 - Change Database Version : DB.6.0.100
2024-01-01 10:14:19,907 [INFO] McuFinderGlobals:63 - Set McuFinder mode to 2 (CubeIDE integrated)
2024-01-01 10:14:19,907 [INFO] UserAuth:180 - activating auth plugin
2024-01-01 10:14:19,912 [INFO] UserAuth:404 - Internet connection configuration mode: 1
2024-01-01 10:14:19,960 [INFO] JxBrowserEngine:152 - Initiate JxBrowser Engine with user profile folder
2024-01-01 10:14:20,113 [INFO] CheckServerUpdateThread:120 - End of CheckServer Thread
2024-01-01 10:14:21,839 [WARN] PackLoader:240 - Cannot read IP mode file for STMicroelectronics.X-CUBE-SMBUS.2.1.0
2024-01-01 10:14:21,852 [WARN] PackLoader:240 - Cannot read IP mode file for STMicroelectronics.X-CUBE-TOUCHGFX.4.23.0
2024-01-01 10:14:21,884 [WARN] PackLoader:240 - Cannot read IP mode file for STMicroelectronics.X-CUBE-AZRTOS-F7.1.1.0
2024-01-01 10:14:21,902 [WARN] PackLoader:240 - Cannot read IP mode file for STMicroelectronics.FP-SNS-MOTENV1.4.3.2
2024-01-01 10:14:21,917 [ERROR] RealEvaluatedCondition:428 - Found unsupported composite condition: CLASS='Data Exchange' GROUP='STM32_MetaDataManager'
2024-01-01 10:14:21,917 [ERROR] RealEvaluatedCondition:428 - Found unsupported composite condition: GROUP='STM32_MetaDataManager' CLASS='Data Exchange'
2024-01-01 10:14:21,919 [WARN] PackLoader:240 - Cannot read IP mode file for STMicroelectronics.FP-SNS-MOTENV1.4.3.1
2024-01-01 10:14:21,935 [WARN] PackLoader:240 - Cannot read IP mode file for STMicroelectronics.FP-SNS-FLIGHT1.5.0.1
2024-01-01 10:14:21,949 [WARN] PackLoader:240 - Cannot read IP mode file for STMicroelectronics.X-CUBE-BLE1.6.2.4
2024-01-01 10:14:21,960 [WARN] PackLoader:240 - Cannot read IP mode file for STMicroelectronics.FP-SNS-FLIGHT1.5.0.2
2024-01-01 10:14:21,971 [WARN] PackLoader:240 - Cannot read IP mode file for STMicroelectronics.X-CUBE-DISPLAY.3.0.0
2024-01-01 10:14:21,988 [WARN] PackLoader:240 - Cannot read IP mode file for STMicroelectronics.X-CUBE-BLE1.7.0.0
2024-01-01 10:14:21,997 [WARN] PackLoader:240 - Cannot read IP mode file for STMicroelectronics.X-CUBE-TOUCHGFX.4.22.0
2024-01-01 10:14:22,007 [WARN] PackLoader:240 - Cannot read IP mode file for STMicroelectronics.X-CUBE-TOUCHGFX.4.22.1
2024-01-01 10:14:22,017 [WARN] PackLoader:240 - Cannot read IP mode file for STMicroelectronics.FP-SNS-SMARTAG2.1.2.0
2024-01-01 10:14:22,036 [INFO] LogOutputStream:77 - [STDOUT_REDIRECT] 1 : Invalid condition id : UX_CORESTACK_Condition cause : null
2024-01-01 10:14:22,036 [INFO] LogOutputStream:77 - [STDOUT_REDIRECT] 1 : Invalid condition id : UX_CORESTACK_Condition cause : null
2024-01-01 10:14:22,037 [INFO] LogOutputStream:77 - [STDOUT_REDIRECT] 1 : Invalid condition id : UX_CORESTACK_Condition cause : null
2024-01-01 10:14:22,037 [INFO] LogOutputStream:77 - [STDOUT_REDIRECT] 1 : Invalid condition id : UX_CORESTACK_Condition cause : null
2024-01-01 10:14:22,038 [INFO] LogOutputStream:77 - [STDOUT_REDIRECT] 1 : Invalid condition id : UX_CORESTACK_Condition cause : null
2024-01-01 10:14:22,039 [WARN] PackLoader:240 - Cannot read IP mode file for STMicroelectronics.X-CUBE-AZRTOS-WL.2.0.0
2024-01-01 10:14:22,055 [WARN] PackLoader:240 - Cannot read IP mode file for WES.I-CUBE-Cesium.1.3.0
2024-01-01 10:14:22,066 [WARN] PackLoader:240 - Cannot read IP mode file for STMicroelectronics.X-CUBE-BLE2.3.3.0
2024-01-01 10:14:22,076 [WARN] PackLoader:240 - Cannot read IP mode file for STMicroelectronics.X-CUBE-TOUCHGFX.4.21.4
2024-01-01 10:14:22,087 [WARN] PackLoader:240 - Cannot read IP mode file for STMicroelectronics.X-CUBE-ALGOBUILD.1.3.0
2024-01-01 10:14:22,109 [WARN] PackLoader:240 - Cannot read IP mode file for STMicroelectronics.X-CUBE-AZRTOS-G0.1.1.0
2024-01-01 10:14:22,129 [WARN] PackLoader:240 - Cannot read IP mode file for STMicroelectronics.X-CUBE-NFC4.3.0.0
2024-01-01 10:14:22,149 [WARN] PackLoader:240 - Cannot read IP mode file for STMicroelectronics.X-CUBE-BLEMGR.3.0.0
2024-01-01 10:14:22,166 [WARN] PackLoader:240 - Cannot read IP mode file for STMicroelectronics.FP-ATR-SIGFOX1.3.2.0
2024-01-01 10:14:22,200 [WARN] PackLoader:240 - Cannot read IP mode file for SEGGER.I-CUBE-embOS.1.3.1
2024-01-01 10:14:22,257 [WARN] PackLoader:240 - Cannot read IP mode file for STMicroelectronics.X-CUBE-GNSS1.6.0.0
2024-01-01 10:14:22,303 [WARN] PackLoader:240 - Cannot read IP mode file for STMicroelectronics.X-CUBE-AZRTOS-F4.1.1.0
2024-01-01 10:14:22,324 [WARN] PackLoader:240 - Cannot read IP mode file for wolfSSL.I-CUBE-wolfSSL.5.6.0
2024-01-01 10:14:22,358 [WARN] PackLoader:240 - Cannot read IP mode file for STMicroelectronics.X-CUBE-AZRTOS-L5.2.0.0
2024-01-01 10:14:22,473 [WARN] PackLoader:240 - Cannot read IP mode file for STMicroelectronics.X-CUBE-MEMS1.9.6.0
2024-01-01 10:14:22,644 [WARN] PackLoader:240 - Cannot read IP mode file for STMicroelectronics.X-CUBE-EEPRMA1.4.2.0
2024-01-01 10:14:22,665 [WARN] PackLoader:240 - Cannot read IP mode file for ITTIA_DB.I-CUBE-ITTIADB.8.8.0
2024-01-01 10:14:22,684 [WARN] PackLoader:240 - Cannot read IP mode file for emotas.I-CUBE-CANOPEN.1.1.3
2024-01-01 10:14:22,698 [WARN] PackLoader:240 - Cannot read IP mode file for STMicroelectronics.X-CUBE-BLEMGR.2.0.0
2024-01-01 10:14:22,724 [WARN] ConditionMgr:438 - getConditionDescription Invalid condition id : UX DEVICE CLASS RTOS Condition cause : null
2024-01-01 10:14:22,725 [WARN] ConditionMgr:438 - getConditionDescription Invalid condition id : UX DEVICE CLASS RTOS Condition cause : null
2024-01-01 10:14:22,727 [WARN] PackLoader:240 - Cannot read IP mode file for STMicroelectronics.X-CUBE-AZRTOS-H7.3.1.0
2024-01-01 10:14:22,728 [WARN] ConditionMgr:1039 - genDependencies : Invalid condition id : UX DEVICE CLASS RTOS Condition cause : null
2024-01-01 10:14:22,728 [WARN] ConditionMgr:1039 - genDependencies : Invalid condition id : UX DEVICE CLASS RTOS Condition cause : null
2024-01-01 10:14:22,728 [WARN] ConditionMgr:1039 - genDependencies : Invalid condition id : UX DEVICE CLASS RTOS Condition cause : null
2024-01-01 10:14:22,729 [WARN] ConditionMgr:1039 - genDependencies : Invalid condition id : UX DEVICE CLASS RTOS Condition cause : null
2024-01-01 10:14:22,729 [WARN] ConditionMgr:1039 - genDependencies : Invalid condition id : UX DEVICE CLASS RTOS Condition cause : null
2024-01-01 10:14:22,748 [WARN] PackLoader:240 - Cannot read IP mode file for STMicroelectronics.X-CUBE-NFC7.1.0.1
2024-01-01 10:14:22,766 [WARN] PackLoader:240 - Cannot read IP mode file for STMicroelectronics.X-CUBE-NFC7.1.0.0
2024-01-01 10:14:22,785 [WARN] PackLoader:240 - Cannot read IP mode file for STMicroelectronics.X-CUBE-NFC6.3.0.0
2024-01-01 10:14:22,806 [WARN] PackLoader:240 - Cannot read IP mode file for STMicroelectronics.X-CUBE-EEPRMA1.4.1.0
2024-01-01 10:14:22,828 [WARN] PackLoader:240 - Cannot read IP mode file for STMicroelectronics.X-CUBE-AI.8.1.0
2024-01-01 10:14:22,872 [WARN] ConditionMgr:438 - getConditionDescription Invalid condition id : LAN8742 Phy interface Condition cause : null
2024-01-01 10:14:22,874 [WARN] PackLoader:240 - Cannot read IP mode file for STMicroelectronics.X-CUBE-AZRTOS-L4.2.0.0
2024-01-01 10:14:22,876 [WARN] ConditionMgr:1039 - genDependencies : Invalid condition id : LAN8742 Phy interface Condition cause : null
2024-01-01 10:14:22,877 [WARN] ConditionMgr:1039 - genDependencies : Invalid condition id : LAN8742 Phy interface Condition cause : null
2024-01-01 10:14:22,878 [WARN] ConditionMgr:1039 - genDependencies : Invalid condition id : LAN8742 Phy interface Condition cause : null
2024-01-01 10:14:22,902 [WARN] PackLoader:240 - Cannot read IP mode file for STMicroelectronics.X-CUBE-SFXS2LP1.4.0.0
2024-01-01 10:14:22,933 [WARN] PackLoader:240 - Cannot read IP mode file for STMicroelectronics.X-CUBE-ISPU.1.1.0
2024-01-01 10:14:22,975 [WARN] ConditionMgr:438 - getConditionDescription Invalid condition id : UX DEVICE CLASS RTOS Condition cause : null
2024-01-01 10:14:22,975 [WARN] ConditionMgr:438 - getConditionDescription Invalid condition id : UX DEVICE CLASS RTOS Condition cause : null
2024-01-01 10:14:22,978 [WARN] PackLoader:240 - Cannot read IP mode file for STMicroelectronics.X-CUBE-AZRTOS-WB.2.0.0
2024-01-01 10:14:22,979 [WARN] ConditionMgr:1039 - genDependencies : Invalid condition id : UX DEVICE CLASS RTOS Condition cause : null
2024-01-01 10:14:22,979 [WARN] ConditionMgr:1039 - genDependencies : Invalid condition id : UX DEVICE CLASS RTOS Condition cause : null
2024-01-01 10:14:22,980 [WARN] ConditionMgr:1039 - genDependencies : Invalid condition id : UX DEVICE CLASS RTOS Condition cause : null
2024-01-01 10:14:22,981 [WARN] ConditionMgr:1039 - genDependencies : Invalid condition id : UX DEVICE CLASS RTOS Condition cause : null
2024-01-01 10:14:22,982 [WARN] ConditionMgr:1039 - genDependencies : Invalid condition id : UX DEVICE CLASS RTOS Condition cause : null
2024-01-01 10:14:23,029 [WARN] PackLoader:240 - Cannot read IP mode file for STMicroelectronics.X-CUBE-FREERTOS.1.0.1
2024-01-01 10:14:23,073 [WARN] PackLoader:240 - Cannot read IP mode file for STMicroelectronics.X-CUBE-AZRTOS-L5.1.1.0
2024-01-01 10:14:23,091 [WARN] PackLoader:240 - Cannot read IP mode file for STMicroelectronics.X-CUBE-AI.8.0.1
2024-01-01 10:14:23,115 [WARN] PackLoader:240 - Cannot read IP mode file for STMicroelectronics.X-CUBE-SUBG2.5.0.0
2024-01-01 10:14:23,144 [WARN] PackLoader:240 - Cannot read IP mode file for STMicroelectronics.X-CUBE-TOF1.3.3.1
2024-01-01 10:14:23,189 [WARN] PackLoader:240 - Cannot read IP mode file for STMicroelectronics.X-CUBE-AZRTOS-G4.2.0.0
2024-01-01 10:14:23,224 [WARN] PackLoader:240 - Cannot read IP mode file for STMicroelectronics.X-CUBE-TOF1.3.3.0
2024-01-01 10:14:23,259 [WARN] PackLoader:240 - Cannot read IP mode file for Infineon.AIROC-Wi-Fi-Bluetooth-STM32.1.5.1
2024-01-01 10:14:23,282 [WARN] PackLoader:240 - Cannot read IP mode file for STMicroelectronics.FP-SNS-MOTENVWB1.1.3.0
2024-01-01 10:14:23,299 [INFO] WebApp:161 - Instantiating new browser for Auth
2024-01-01 10:14:23,310 [WARN] PackLoader:240 - Cannot read IP mode file for STMicroelectronics.FP-SNS-MOTENVWB1.1.3.1
2024-01-01 10:14:23,328 [WARN] PackLoader:240 - Cannot read IP mode file for STMicroelectronics.X-CUBE-ISPU.2.0.0
2024-01-01 10:14:23,391 [WARN] PackLoader:240 - Cannot read IP mode file for STMicroelectronics.X-CUBE-MEMS1.10.0.0
2024-01-01 10:14:23,499 [WARN] PackLoader:240 - Cannot read IP mode file for STMicroelectronics.X-CUBE-FREERTOS.1.1.0
2024-01-01 10:14:23,517 [WARN] PackLoader:240 - Cannot read IP mode file for portGmbH.I-Cube-SoM-uGOAL.1.1.0
2024-01-01 10:14:23,535 [WARN] PackLoader:240 - Cannot read IP mode file for STMicroelectronics.X-CUBE-ALS.1.0.1
2024-01-01 10:14:23,562 [WARN] PackLoader:240 - Cannot read IP mode file for STMicroelectronics.X-CUBE-AZRTOS-WB.1.1.0
2024-01-01 10:14:23,604 [WARN] PackLoader:240 - Cannot read IP mode file for STMicroelectronics.FP-ATR-ASTRA1.2.0.0
2024-01-01 10:14:23,652 [WARN] PackLoader:240 - Cannot read IP mode file for STMicroelectronics.X-CUBE-TOF1.3.4.0
2024-01-01 10:14:23,709 [WARN] PackLoader:240 - Cannot read IP mode file for STMicroelectronics.X-CUBE-AZRTOS-H7.3.2.0
2024-01-01 10:14:23,714 [INFO] ThirdParty:978 - Integrity check success = true
2024-01-01 10:14:23,715 [INFO] IntegrityCheckThread:100 - exiting critical section [integrity check]
2024-01-01 10:14:23,715 [INFO] IntegrityCheckThread:103 - End integrity checks thread
2024-01-01 10:14:24,286 [INFO] WebApp:780 - Register for checkConnection events
2024-01-01 10:14:24,286 [INFO] WebApp:414 - Apply proxy settings
2024-01-01 10:14:24,286 [INFO] WebApp:499 - Chromium requires no authentication
2024-01-01 10:14:24,296 [INFO] WebApp:442 - Direct internet connection detected
2024-01-01 10:14:24,498 [INFO] WebApp:192 - Starting web application
2024-01-01 10:14:24,498 [INFO] WebApp:544 - Web application path used C:\ST\STM32CubeIDE_1.14.0\STM32CubeIDE\plugins\com.st.stm32cube.common.mx_6.10.0.202311202037\db\plugins\mcufinder\reactClient1\index.html
2024-01-01 10:14:45,228 [ERROR] LogOutputStream:75 - [STDERR_REDIRECT] SLF4J: Failed to load class "org.slf4j.impl.StaticLoggerBinder".
2024-01-01 10:14:45,229 [ERROR] LogOutputStream:75 - [STDERR_REDIRECT] SLF4J: Defaulting to no-operation (NOP) logger implementation
2024-01-01 10:14:45,229 [ERROR] LogOutputStream:75 - [STDERR_REDIRECT] SLF4J: See http://www.slf4j.org/codes.html#StaticLoggerBinder for further details.
2024-01-01 10:17:46,222 [ERROR] LogOutputStream:75 - [STDERR_REDIRECT] Exception in thread "SWV client thread" java.lang.NullPointerException: Cannot invoke "com.st.stm32cube.ide.mcu.debug.swv.core.SWVPlugin.isDebugging()" because "com.st.stm32cube.ide.mcu.debug.swv.core.SWVPlugin.plugin" is null
2024-01-01 10:17:46,223 [ERROR] LogOutputStream:75 - [STDERR_REDIRECT] 	at com.st.stm32cube.ide.mcu.debug.swv.core.SWVPlugin.debugTrace(SWVPlugin.java:85)
2024-01-01 10:17:46,224 [ERROR] LogOutputStream:75 - [STDERR_REDIRECT] 	at com.st.stm32cube.ide.mcu.debug.swv.core.SWVClient.TRACE(SWVClient.java:768)
2024-01-01 10:17:46,225 [ERROR] LogOutputStream:75 - [STDERR_REDIRECT] 	at com.st.stm32cube.ide.mcu.debug.swv.core.SWVClient.readByte(SWVClient.java:296)
2024-01-01 10:17:46,226 [ERROR] LogOutputStream:75 - [STDERR_REDIRECT] 	at com.st.stm32cube.ide.mcu.debug.swv.core.SWVClient.getNextByte(SWVClient.java:277)
2024-01-01 10:17:46,227 [ERROR] LogOutputStream:75 - [STDERR_REDIRECT] 	at com.st.stm32cube.ide.mcu.debug.swv.core.SWVClient.run(SWVClient.java:313)
2024-01-01 10:17:46,918 [ERROR] LogOutputStream:75 - [STDERR_REDIRECT] 
