2024-03-11 22:33:30,578 [INFO] Activator:176 - 


2024-03-11 22:33:30,583 [INFO] Activator:177 - !SESSION log4j initialized
2024-03-11 22:33:35,549 [INFO] LogOutputStream:77 - [STDOUT_REDIRECT] 
2024-03-11 22:33:41,264 [INFO] ApplicationProperties:184 - Using Application install path: C:\ST\STM32CubeIDE_1.14.0\STM32CubeIDE\plugins\com.st.stm32cube.common.mx_6.10.0.202311202037
2024-03-11 22:33:41,279 [INFO] DbMcusXml:78 - Set database path to: C:\ST\STM32CubeIDE_1.14.0\STM32CubeIDE\plugins\com.st.stm32cube.common.mx_6.10.0.202311202037\\db\/mcu/
2024-03-11 22:33:41,280 [INFO] ApiDb:274 - Set plugin database path to: C:\ST\STM32CubeIDE_1.14.0\STM32CubeIDE\plugins\com.st.stm32cube.common.mx_6.10.0.202311202037\\db\/plugins/boardmanager/
2024-03-11 22:33:41,281 [WARN] ApiDb:259 - Overriding images path with different value:  => C:\ST\STM32CubeIDE_1.14.0\STM32CubeIDE\plugins\com.st.stm32cube.common.mx_6.10.0.202311202037\\db\/plugins/mcufinder/images/
2024-03-11 22:33:41,293 [INFO] ApiDb:250 - Set database path to: C:\Users\pc\.stmcufinder\plugins\mcufinder//mcu/
2024-03-11 22:33:41,294 [INFO] DbMcusAds:125 - Set database path to: C:\Users\pc\.stmcufinder\plugins\mcufinder//mcu/
2024-03-11 22:33:41,296 [INFO] CrossReferenceDbSqlite:203 - Set database path to: C:\Users\pc\.stmcufinder\plugins\mcufinder//mcu/cs/
2024-03-11 22:33:41,394 [INFO] RulesReader:64 - Compatibility file has been processed (297 Rules)
2024-03-11 22:33:41,475 [INFO] DbMcusXml:78 - Set database path to: C:\ST\STM32CubeIDE_1.14.0\STM32CubeIDE\plugins\com.st.stm32cube.common.mx_6.10.0.202311202037\\db\/mcu/
2024-03-11 22:33:41,477 [INFO] ApiDb:274 - Set plugin database path to: C:\ST\STM32CubeIDE_1.14.0\STM32CubeIDE\plugins\com.st.stm32cube.common.mx_6.10.0.202311202037\\db\/plugins/boardmanager/
2024-03-11 22:33:41,477 [INFO] ApiDb:261 - Set plugin images path to: C:\ST\STM32CubeIDE_1.14.0\STM32CubeIDE\plugins\com.st.stm32cube.common.mx_6.10.0.202311202037\\db\/plugins/mcufinder/images/
2024-03-11 22:33:41,477 [WARN] DbFile:41 - Overriding database path with different value: C:\Users\pc\.stmcufinder\plugins\mcufinder/ => C:\Users\pc\.stmcufinder\plugins\mcufinder
2024-03-11 22:33:41,477 [INFO] ApiDb:250 - Set database path to: C:\Users\pc\.stmcufinder\plugins\mcufinder//mcu/
2024-03-11 22:33:41,477 [WARN] DbFile:41 - Overriding database path with different value: C:\Users\pc\.stmcufinder\plugins\mcufinder/ => C:\Users\pc\.stmcufinder\plugins\mcufinder
2024-03-11 22:33:41,477 [INFO] DbMcusAds:125 - Set database path to: C:\Users\pc\.stmcufinder\plugins\mcufinder//mcu/
2024-03-11 22:33:41,477 [WARN] DbFile:41 - Overriding database path with different value: C:\Users\pc\.stmcufinder\plugins\mcufinder/ => C:\Users\pc\.stmcufinder\plugins\mcufinder
2024-03-11 22:33:41,477 [WARN] DbFile:41 - Overriding database path with different value: C:\Users\pc\.stmcufinder\plugins\mcufinder/ => C:\Users\pc\.stmcufinder\plugins\mcufinder
2024-03-11 22:33:41,477 [INFO] CrossReferenceDbSqlite:203 - Set database path to: C:\Users\pc\.stmcufinder\plugins\mcufinder//mcu/cs/
2024-03-11 22:33:41,543 [INFO] MainPanel:264 - HeapMemory: 268435456
2024-03-11 22:33:41,629 [INFO] DbMcusXml:78 - Set database path to: C:\ST\STM32CubeIDE_1.14.0\STM32CubeIDE\plugins\com.st.stm32cube.common.mx_6.10.0.202311202037\\db\/mcu/
2024-03-11 22:33:41,629 [INFO] ApiDb:274 - Set plugin database path to: C:\ST\STM32CubeIDE_1.14.0\STM32CubeIDE\plugins\com.st.stm32cube.common.mx_6.10.0.202311202037\\db\/plugins/boardmanager/
2024-03-11 22:33:41,629 [INFO] ApiDb:261 - Set plugin images path to: C:\ST\STM32CubeIDE_1.14.0\STM32CubeIDE\plugins\com.st.stm32cube.common.mx_6.10.0.202311202037\\db\/plugins/mcufinder/images/
2024-03-11 22:33:41,629 [WARN] DbFile:41 - Overriding database path with different value: C:\Users\pc\.stmcufinder\plugins\mcufinder/ => C:\Users\pc\.stmcufinder\plugins\mcufinder
2024-03-11 22:33:41,629 [INFO] ApiDb:250 - Set database path to: C:\Users\pc\.stmcufinder\plugins\mcufinder//mcu/
2024-03-11 22:33:41,629 [WARN] DbFile:41 - Overriding database path with different value: C:\Users\pc\.stmcufinder\plugins\mcufinder/ => C:\Users\pc\.stmcufinder\plugins\mcufinder
2024-03-11 22:33:41,629 [INFO] DbMcusAds:125 - Set database path to: C:\Users\pc\.stmcufinder\plugins\mcufinder//mcu/
2024-03-11 22:33:41,630 [WARN] DbFile:41 - Overriding database path with different value: C:\Users\pc\.stmcufinder\plugins\mcufinder/ => C:\Users\pc\.stmcufinder\plugins\mcufinder
2024-03-11 22:33:41,630 [WARN] DbFile:41 - Overriding database path with different value: C:\Users\pc\.stmcufinder\plugins\mcufinder/ => C:\Users\pc\.stmcufinder\plugins\mcufinder
2024-03-11 22:33:41,630 [INFO] CrossReferenceDbSqlite:203 - Set database path to: C:\Users\pc\.stmcufinder\plugins\mcufinder//mcu/cs/
2024-03-11 22:33:41,645 [INFO] ApplicationProperties:184 - Using Application install path: C:\ST\STM32CubeIDE_1.14.0\STM32CubeIDE\plugins\com.st.stm32cube.common.mx_6.10.0.202311202037
2024-03-11 22:33:41,647 [INFO] PluginManage:196 - Search for loadable plugins [exclusion list=, ]
2024-03-11 22:33:41,649 [INFO] PluginManage:310 - Check plugin analytics
2024-03-11 22:33:46,705 [INFO] AnalyticsPlugin:253 - Accepted Software Licenses: STM32CubeMX.6.8.1,STM32CubeMX.6.9.1
2024-03-11 22:33:46,705 [INFO] AnalyticsPlugin:255 - Accepted CMSIS Pack Licenses: 
2024-03-11 22:33:46,705 [INFO] AnalyticsPlugin:257 - Accepted Firmware Licenses: FW.F4.1.27.0
2024-03-11 22:33:46,707 [INFO] PluginManage:359 - Loaded plugin analytics (category:tool,tabindex:-1)
2024-03-11 22:33:46,707 [INFO] PluginManage:310 - Check plugin cadmodel
2024-03-11 22:33:46,721 [INFO] CADModel:105 - Init CAD model plugin
2024-03-11 22:33:46,721 [INFO] PluginManage:359 - Loaded plugin cadmodel (category:power,tabindex:5)
2024-03-11 22:33:46,721 [INFO] PluginManage:310 - Check plugin clock
2024-03-11 22:33:46,737 [INFO] PluginManage:359 - Loaded plugin clock (category:base,tabindex:2)
2024-03-11 22:33:46,737 [INFO] PluginManage:310 - Check plugin ddr
2024-03-11 22:33:46,739 [INFO] PluginManage:359 - Loaded plugin ddr (category:tool,tabindex:6)
2024-03-11 22:33:46,739 [INFO] PluginManage:310 - Check plugin filemanager
2024-03-11 22:33:46,855 [INFO] PluginManage:359 - Loaded plugin filemanager (category:base,tabindex:10)
2024-03-11 22:33:46,855 [INFO] PluginManage:310 - Check plugin ipmanager
2024-03-11 22:33:46,861 [INFO] PluginManage:359 - Loaded plugin ipmanager (category:base,tabindex:5)
2024-03-11 22:33:46,861 [INFO] PluginManage:310 - Check plugin lpbam
2024-03-11 22:33:46,877 [INFO] PluginManage:359 - Loaded plugin lpbam (category:base,tabindex:0)
2024-03-11 22:33:46,877 [INFO] PluginManage:310 - Check plugin memorymap
2024-03-11 22:33:46,897 [INFO] PluginManage:359 - Loaded plugin memorymap (category:base,tabindex:4)
2024-03-11 22:33:46,897 [INFO] PluginManage:310 - Check plugin pinoutandconfiguration
2024-03-11 22:33:46,910 [INFO] PluginManage:359 - Loaded plugin pinoutandconfiguration (category:base,tabindex:1)
2024-03-11 22:33:46,911 [INFO] PluginManage:310 - Check plugin pinoutconfig
2024-03-11 22:33:46,990 [WARN] SupportedApi:132 - Cannot load RTOS API schema: s4s-elt-must-match.1: The content of 'definitions' must match (annotation?, (simpleType | complexType)?, (unique | key | keyref)*)). A problem was found starting at: attribute.
2024-03-11 22:33:47,089 [INFO] PluginManage:359 - Loaded plugin pinoutconfig (category:base,tabindex:0)
2024-03-11 22:33:47,090 [INFO] PluginManage:310 - Check plugin power
2024-03-11 22:33:47,107 [INFO] PluginManage:359 - Loaded plugin power (category:power,tabindex:4)
2024-03-11 22:33:47,108 [INFO] PluginManage:310 - Check plugin projectmanager
2024-03-11 22:33:47,121 [INFO] PluginManage:359 - Loaded plugin projectmanager (category:projectmanager,tabindex:3)
2024-03-11 22:33:47,121 [INFO] PluginManage:310 - Check plugin thirdparty
2024-03-11 22:33:47,329 [INFO] PluginManage:359 - Loaded plugin thirdparty (category:base,tabindex:-1)
2024-03-11 22:33:47,329 [WARN] IntegrityCheckThread:84 - waiting for thirdparty lock release [integrity check]
2024-03-11 22:33:47,329 [INFO] PluginManage:310 - Check plugin tools
2024-03-11 22:33:47,329 [INFO] IntegrityCheckThread:86 - entering critical section [integrity check]
2024-03-11 22:33:47,330 [INFO] ThirdPartyUpdaterWithRetryManager:70 - Updater plugin not ready yet. [1/15]
2024-03-11 22:33:47,357 [INFO] PluginManage:359 - Loaded plugin tools (category:base,tabindex:7)
2024-03-11 22:33:47,357 [INFO] PluginManage:310 - Check plugin tutovideos
2024-03-11 22:33:47,512 [INFO] PluginManage:359 - Loaded plugin tutovideos (category:base,tabindex:-1)
2024-03-11 22:33:47,512 [INFO] PluginManage:310 - Check plugin updater
2024-03-11 22:33:47,521 [INFO] PluginManage:359 - Loaded plugin updater (category:base,tabindex:12)
2024-03-11 22:33:47,521 [INFO] PluginManage:310 - Check plugin userauth
2024-03-11 22:33:47,527 [INFO] UserAuth:114 - Init User Auth plugin
2024-03-11 22:33:47,527 [INFO] PluginManage:359 - Loaded plugin userauth (category:base,tabindex:14)
2024-03-11 22:33:47,527 [INFO] PluginManage:283 - PluginManage : Loaded plugins [17]
2024-03-11 22:33:47,689 [INFO] PinOutPanel:1499 - setPackage(No Configuration,No Configuration)
2024-03-11 22:33:47,743 [INFO] CADModel:165 - CPN selected for project level
2024-03-11 22:33:47,743 [INFO] CADModel:114 - Register for checkConnection events
2024-03-11 22:33:47,767 [INFO] IPUIPlugin:80 - create IPUIPlugin
2024-03-11 22:33:47,768 [INFO] PluginManager:220 - loadIPPluginJar : add adc
2024-03-11 22:33:47,794 [INFO] IPUIPlugin:80 - create IPUIPlugin
2024-03-11 22:33:47,794 [INFO] PluginManager:220 - loadIPPluginJar : add aes
2024-03-11 22:33:47,824 [INFO] IPUIPlugin:80 - create IPUIPlugin
2024-03-11 22:33:47,824 [INFO] PluginManager:220 - loadIPPluginJar : add can
2024-03-11 22:33:47,841 [INFO] IPUIPlugin:80 - create IPUIPlugin
2024-03-11 22:33:47,841 [INFO] PluginManager:220 - loadIPPluginJar : add comp
2024-03-11 22:33:47,864 [INFO] IPUIPlugin:80 - create IPUIPlugin
2024-03-11 22:33:47,864 [INFO] PluginManager:220 - loadIPPluginJar : add cryp
2024-03-11 22:33:47,883 [INFO] IPUIPlugin:80 - create IPUIPlugin
2024-03-11 22:33:47,883 [INFO] PluginManager:220 - loadIPPluginJar : add dfsdm
2024-03-11 22:33:47,895 [INFO] IPUIPlugin:80 - create IPUIPlugin
2024-03-11 22:33:47,895 [INFO] PluginManager:220 - loadIPPluginJar : add dma
2024-03-11 22:33:47,924 [INFO] IPUIPlugin:80 - create IPUIPlugin
2024-03-11 22:33:47,924 [INFO] PluginManager:220 - loadIPPluginJar : add dma3
2024-03-11 22:33:47,940 [INFO] IPUIPlugin:80 - create IPUIPlugin
2024-03-11 22:33:47,940 [INFO] PluginManager:220 - loadIPPluginJar : add fatfs
2024-03-11 22:33:47,973 [INFO] IPUIPlugin:80 - create IPUIPlugin
2024-03-11 22:33:47,974 [INFO] PluginManager:220 - loadIPPluginJar : add fmc
2024-03-11 22:33:47,987 [INFO] IPUIPlugin:80 - create IPUIPlugin
2024-03-11 22:33:47,987 [INFO] PluginManager:220 - loadIPPluginJar : add freertos
2024-03-11 22:33:48,002 [INFO] IPUIPlugin:80 - create IPUIPlugin
2024-03-11 22:33:48,002 [INFO] PluginManager:220 - loadIPPluginJar : add genericplugin
2024-03-11 22:33:48,063 [INFO] IPUIPlugin:80 - create IPUIPlugin
2024-03-11 22:33:48,063 [INFO] PluginManager:220 - loadIPPluginJar : add gfxmmu
2024-03-11 22:33:48,159 [INFO] IPUIPlugin:80 - create IPUIPlugin
2024-03-11 22:33:48,159 [INFO] PluginManager:220 - loadIPPluginJar : add gic
2024-03-11 22:33:48,170 [INFO] IPUIPlugin:80 - create IPUIPlugin
2024-03-11 22:33:48,170 [INFO] PluginManager:220 - loadIPPluginJar : add gpio
2024-03-11 22:33:48,237 [INFO] IPUIPlugin:80 - create IPUIPlugin
2024-03-11 22:33:48,237 [INFO] PluginManager:220 - loadIPPluginJar : add gtzc
2024-03-11 22:33:48,260 [INFO] IPUIPlugin:80 - create IPUIPlugin
2024-03-11 22:33:48,260 [INFO] PluginManager:220 - loadIPPluginJar : add hash
2024-03-11 22:33:48,298 [INFO] IPUIPlugin:80 - create IPUIPlugin
2024-03-11 22:33:48,298 [INFO] PluginManager:220 - loadIPPluginJar : add i2c
2024-03-11 22:33:48,326 [INFO] IPUIPlugin:80 - create IPUIPlugin
2024-03-11 22:33:48,326 [INFO] PluginManager:220 - loadIPPluginJar : add i2s
2024-03-11 22:33:48,355 [INFO] IPUIPlugin:80 - create IPUIPlugin
2024-03-11 22:33:48,355 [INFO] PluginManager:220 - loadIPPluginJar : add i3c
2024-03-11 22:33:48,435 [INFO] IPUIPlugin:80 - create IPUIPlugin
2024-03-11 22:33:48,435 [INFO] PluginManager:220 - loadIPPluginJar : add ipddr
2024-03-11 22:33:48,499 [INFO] IPUIPlugin:80 - create IPUIPlugin
2024-03-11 22:33:48,499 [INFO] PluginManager:220 - loadIPPluginJar : add linkedlist
2024-03-11 22:33:48,524 [INFO] IPUIPlugin:80 - create IPUIPlugin
2024-03-11 22:33:48,524 [INFO] PluginManager:220 - loadIPPluginJar : add lorawan
2024-03-11 22:33:48,549 [INFO] IPUIPlugin:80 - create IPUIPlugin
2024-03-11 22:33:48,550 [INFO] PluginManager:220 - loadIPPluginJar : add ltdc
2024-03-11 22:33:48,563 [INFO] IPUIPlugin:80 - create IPUIPlugin
2024-03-11 22:33:48,563 [INFO] PluginManager:220 - loadIPPluginJar : add mdma
2024-03-11 22:33:48,572 [INFO] IPUIPlugin:80 - create IPUIPlugin
2024-03-11 22:33:48,573 [INFO] PluginManager:220 - loadIPPluginJar : add nvic
2024-03-11 22:33:48,598 [INFO] IPUIPlugin:80 - create IPUIPlugin
2024-03-11 22:33:48,598 [INFO] PluginManager:220 - loadIPPluginJar : add opamp
2024-03-11 22:33:48,639 [INFO] IPUIPlugin:80 - create IPUIPlugin
2024-03-11 22:33:48,639 [INFO] PluginManager:220 - loadIPPluginJar : add openamp
2024-03-11 22:33:48,670 [INFO] IPUIPlugin:80 - create IPUIPlugin
2024-03-11 22:33:48,670 [INFO] PluginManager:220 - loadIPPluginJar : add pdm2pcm
2024-03-11 22:33:48,681 [INFO] IPUIPlugin:80 - create IPUIPlugin
2024-03-11 22:33:48,683 [INFO] PluginManager:220 - loadIPPluginJar : add plateformsettings
2024-03-11 22:33:48,699 [INFO] IPUIPlugin:80 - create IPUIPlugin
2024-03-11 22:33:48,700 [INFO] PluginManager:220 - loadIPPluginJar : add quadspi
2024-03-11 22:33:48,711 [INFO] IPUIPlugin:80 - create IPUIPlugin
2024-03-11 22:33:48,711 [INFO] PluginManager:220 - loadIPPluginJar : add resmgrutility
2024-03-11 22:33:48,748 [INFO] IPUIPlugin:80 - create IPUIPlugin
2024-03-11 22:33:48,748 [INFO] PluginManager:220 - loadIPPluginJar : add sai
2024-03-11 22:33:48,780 [INFO] IPUIPlugin:80 - create IPUIPlugin
2024-03-11 22:33:48,780 [INFO] PluginManager:220 - loadIPPluginJar : add spi
2024-03-11 22:33:48,831 [INFO] IPUIPlugin:80 - create IPUIPlugin
2024-03-11 22:33:48,831 [INFO] PluginManager:220 - loadIPPluginJar : add stm32_wpan
2024-03-11 22:33:48,848 [INFO] IPUIPlugin:80 - create IPUIPlugin
2024-03-11 22:33:48,848 [INFO] PluginManager:220 - loadIPPluginJar : add tim
2024-03-11 22:33:48,885 [INFO] IPUIPlugin:80 - create IPUIPlugin
2024-03-11 22:33:48,885 [INFO] PluginManager:220 - loadIPPluginJar : add touchsensing
2024-03-11 22:33:48,900 [INFO] IPUIPlugin:80 - create IPUIPlugin
2024-03-11 22:33:48,900 [INFO] PluginManager:220 - loadIPPluginJar : add tracer_emb
2024-03-11 22:33:48,916 [INFO] IPUIPlugin:80 - create IPUIPlugin
2024-03-11 22:33:48,916 [INFO] PluginManager:220 - loadIPPluginJar : add ts
2024-03-11 22:33:48,930 [INFO] IPUIPlugin:80 - create IPUIPlugin
2024-03-11 22:33:48,931 [INFO] PluginManager:220 - loadIPPluginJar : add tsc
2024-03-11 22:33:48,947 [INFO] IPUIPlugin:80 - create IPUIPlugin
2024-03-11 22:33:48,947 [INFO] PluginManager:220 - loadIPPluginJar : add ucpd
2024-03-11 22:33:48,984 [INFO] IPUIPlugin:80 - create IPUIPlugin
2024-03-11 22:33:48,984 [INFO] PluginManager:220 - loadIPPluginJar : add usart
2024-03-11 22:33:49,029 [INFO] IPUIPlugin:80 - create IPUIPlugin
2024-03-11 22:33:49,030 [INFO] PluginManager:220 - loadIPPluginJar : add usbx
2024-03-11 22:33:49,153 [INFO] CADModel:165 - CPN selected for project level
2024-03-11 22:33:49,153 [INFO] CADModel:114 - Register for checkConnection events
2024-03-11 22:33:49,153 [FATAL] Updater:308 - Updater called before beeing initialized
2024-03-11 22:33:49,153 [ERROR] CADModel:125 - Updater not yet initialized, retry later 
2024-03-11 22:33:49,271 [INFO] CADModel:165 - CPN selected for project level
2024-03-11 22:33:49,271 [INFO] CADModel:114 - Register for checkConnection events
2024-03-11 22:33:49,271 [FATAL] Updater:308 - Updater called before beeing initialized
2024-03-11 22:33:49,271 [ERROR] CADModel:125 - Updater not yet initialized, retry later 
2024-03-11 22:33:49,274 [FATAL] Updater:308 - Updater called before beeing initialized
2024-03-11 22:33:49,346 [FATAL] Updater:308 - Updater called before beeing initialized
2024-03-11 22:33:49,354 [INFO] DbMcusAds:53 - JSON generation date=Wed Nov 29 18:52:27 CST 2023 (1701255147349)
2024-03-11 22:33:49,354 [FATAL] Updater:308 - Updater called before beeing initialized
2024-03-11 22:33:49,420 [WARN] DetailPanel:346 - Failed to get advertising image, set to default
2024-03-11 22:33:49,486 [FATAL] Updater:308 - Updater called before beeing initialized
2024-03-11 22:33:49,487 [FATAL] Updater:308 - Updater called before beeing initialized
2024-03-11 22:33:49,487 [FATAL] Updater:308 - Updater called before beeing initialized
2024-03-11 22:33:49,487 [WARN] DetailPanel:346 - Failed to get advertising image, set to default
2024-03-11 22:33:49,489 [FATAL] Updater:308 - Updater called before beeing initialized
2024-03-11 22:33:49,534 [ERROR] Updater:1120 - MainUpdater not yet initialized. External WinMGr cannot be set.
2024-03-11 22:33:49,543 [INFO] Updater:1056 - Updater Version found : 6.10.0
2024-03-11 22:33:49,560 [INFO] ApplicationProperties:184 - Using Application install path: C:\ST\STM32CubeIDE_1.14.0\STM32CubeIDE\plugins\com.st.stm32cube.common.mx_6.10.0.202311202037
2024-03-11 22:33:49,822 [INFO] MainUpdater:2873 - connection check result : 10
2024-03-11 22:33:49,823 [INFO] MainUpdater:290 - Updater Check For Update Now.
2024-03-11 22:33:49,823 [INFO] MicroXplorer:498 - Change Database Version : DB.6.0.100
2024-03-11 22:33:49,835 [INFO] McuFinderGlobals:63 - Set McuFinder mode to 2 (CubeIDE integrated)
2024-03-11 22:33:49,835 [INFO] UserAuth:180 - activating auth plugin
2024-03-11 22:33:49,837 [INFO] UserAuth:404 - Internet connection configuration mode: 1
2024-03-11 22:33:49,863 [INFO] JxBrowserEngine:152 - Initiate JxBrowser Engine with user profile folder
2024-03-11 22:33:49,993 [INFO] CheckServerUpdateThread:120 - End of CheckServer Thread
2024-03-11 22:33:50,502 [WARN] PackLoader:240 - Cannot read IP mode file for STMicroelectronics.X-CUBE-SMBUS.2.1.0
2024-03-11 22:33:50,517 [WARN] PackLoader:240 - Cannot read IP mode file for STMicroelectronics.X-CUBE-TOUCHGFX.4.23.0
2024-03-11 22:33:50,548 [WARN] PackLoader:240 - Cannot read IP mode file for STMicroelectronics.X-CUBE-AZRTOS-F7.1.1.0
2024-03-11 22:33:50,563 [WARN] PackLoader:240 - Cannot read IP mode file for STMicroelectronics.FP-SNS-MOTENV1.4.3.2
2024-03-11 22:33:50,577 [ERROR] RealEvaluatedCondition:428 - Found unsupported composite condition: GROUP='STM32_MetaDataManager' CLASS='Data Exchange'
2024-03-11 22:33:50,577 [ERROR] RealEvaluatedCondition:428 - Found unsupported composite condition: GROUP='STM32_MetaDataManager' CLASS='Data Exchange'
2024-03-11 22:33:50,578 [WARN] PackLoader:240 - Cannot read IP mode file for STMicroelectronics.FP-SNS-MOTENV1.4.3.1
2024-03-11 22:33:50,590 [WARN] PackLoader:240 - Cannot read IP mode file for STMicroelectronics.FP-SNS-FLIGHT1.5.0.1
2024-03-11 22:33:50,603 [WARN] PackLoader:240 - Cannot read IP mode file for STMicroelectronics.X-CUBE-BLE1.6.2.4
2024-03-11 22:33:50,613 [WARN] PackLoader:240 - Cannot read IP mode file for STMicroelectronics.FP-SNS-FLIGHT1.5.0.2
2024-03-11 22:33:50,623 [WARN] PackLoader:240 - Cannot read IP mode file for STMicroelectronics.X-CUBE-DISPLAY.3.0.0
2024-03-11 22:33:50,635 [WARN] PackLoader:240 - Cannot read IP mode file for STMicroelectronics.X-CUBE-BLE1.7.0.0
2024-03-11 22:33:50,643 [WARN] PackLoader:240 - Cannot read IP mode file for STMicroelectronics.X-CUBE-TOUCHGFX.4.22.0
2024-03-11 22:33:50,651 [WARN] PackLoader:240 - Cannot read IP mode file for STMicroelectronics.X-CUBE-TOUCHGFX.4.22.1
2024-03-11 22:33:50,663 [WARN] PackLoader:240 - Cannot read IP mode file for STMicroelectronics.X-CUBE-BLEMGR.3.1.0
2024-03-11 22:33:50,674 [WARN] PackLoader:240 - Cannot read IP mode file for STMicroelectronics.FP-SNS-SMARTAG2.1.2.0
2024-03-11 22:33:50,689 [INFO] LogOutputStream:77 - [STDOUT_REDIRECT] 1 : Invalid condition id : UX_CORESTACK_Condition cause : null
2024-03-11 22:33:50,689 [INFO] LogOutputStream:77 - [STDOUT_REDIRECT] 1 : Invalid condition id : UX_CORESTACK_Condition cause : null
2024-03-11 22:33:50,690 [INFO] LogOutputStream:77 - [STDOUT_REDIRECT] 1 : Invalid condition id : UX_CORESTACK_Condition cause : null
2024-03-11 22:33:50,691 [INFO] LogOutputStream:77 - [STDOUT_REDIRECT] 1 : Invalid condition id : UX_CORESTACK_Condition cause : null
2024-03-11 22:33:50,691 [INFO] LogOutputStream:77 - [STDOUT_REDIRECT] 1 : Invalid condition id : UX_CORESTACK_Condition cause : null
2024-03-11 22:33:50,693 [WARN] PackLoader:240 - Cannot read IP mode file for STMicroelectronics.X-CUBE-AZRTOS-WL.2.0.0
2024-03-11 22:33:50,704 [WARN] PackLoader:240 - Cannot read IP mode file for WES.I-CUBE-Cesium.1.3.0
2024-03-11 22:33:50,713 [WARN] PackLoader:240 - Cannot read IP mode file for STMicroelectronics.X-CUBE-BLE2.3.3.0
2024-03-11 22:33:50,720 [WARN] PackLoader:240 - Cannot read IP mode file for STMicroelectronics.X-CUBE-TOUCHGFX.4.21.4
2024-03-11 22:33:50,728 [WARN] PackLoader:240 - Cannot read IP mode file for STMicroelectronics.X-CUBE-ALGOBUILD.1.3.0
2024-03-11 22:33:50,747 [WARN] PackLoader:240 - Cannot read IP mode file for STMicroelectronics.X-CUBE-AZRTOS-G0.1.1.0
2024-03-11 22:33:50,758 [WARN] PackLoader:240 - Cannot read IP mode file for STMicroelectronics.X-CUBE-NFC4.3.0.0
2024-03-11 22:33:50,771 [WARN] PackLoader:240 - Cannot read IP mode file for STMicroelectronics.X-CUBE-BLEMGR.3.0.0
2024-03-11 22:33:50,780 [WARN] PackLoader:240 - Cannot read IP mode file for STMicroelectronics.FP-ATR-SIGFOX1.3.2.0
2024-03-11 22:33:50,791 [WARN] PackLoader:240 - Cannot read IP mode file for STMicroelectronics.X-CUBE-EEPRMA1.5.1.0
2024-03-11 22:33:50,827 [WARN] PackLoader:240 - Cannot read IP mode file for SEGGER.I-CUBE-embOS.1.3.1
2024-03-11 22:33:50,871 [WARN] PackLoader:240 - Cannot read IP mode file for STMicroelectronics.X-CUBE-GNSS1.6.0.0
2024-03-11 22:33:50,892 [WARN] PackLoader:240 - Cannot read IP mode file for STMicroelectronics.X-CUBE-AZRTOS-F4.1.1.0
2024-03-11 22:33:50,905 [WARN] PackLoader:240 - Cannot read IP mode file for wolfSSL.I-CUBE-wolfSSL.5.6.0
2024-03-11 22:33:50,929 [WARN] PackLoader:240 - Cannot read IP mode file for STMicroelectronics.X-CUBE-AZRTOS-L5.2.0.0
2024-03-11 22:33:50,967 [WARN] PackLoader:240 - Cannot read IP mode file for STMicroelectronics.X-CUBE-MEMS1.9.6.0
2024-03-11 22:33:51,071 [WARN] PackLoader:240 - Cannot read IP mode file for STMicroelectronics.X-CUBE-EEPRMA1.4.2.0
2024-03-11 22:33:51,081 [WARN] PackLoader:240 - Cannot read IP mode file for ITTIA_DB.I-CUBE-ITTIADB.8.8.0
2024-03-11 22:33:51,092 [WARN] PackLoader:240 - Cannot read IP mode file for emotas.I-CUBE-CANOPEN.1.1.3
2024-03-11 22:33:51,103 [WARN] PackLoader:240 - Cannot read IP mode file for STMicroelectronics.X-CUBE-BLEMGR.2.0.0
2024-03-11 22:33:51,124 [WARN] ConditionMgr:438 - getConditionDescription Invalid condition id : UX DEVICE CLASS RTOS Condition cause : null
2024-03-11 22:33:51,125 [WARN] ConditionMgr:438 - getConditionDescription Invalid condition id : UX DEVICE CLASS RTOS Condition cause : null
2024-03-11 22:33:51,127 [WARN] PackLoader:240 - Cannot read IP mode file for STMicroelectronics.X-CUBE-AZRTOS-H7.3.1.0
2024-03-11 22:33:51,128 [WARN] ConditionMgr:1039 - genDependencies : Invalid condition id : UX DEVICE CLASS RTOS Condition cause : null
2024-03-11 22:33:51,128 [WARN] ConditionMgr:1039 - genDependencies : Invalid condition id : UX DEVICE CLASS RTOS Condition cause : null
2024-03-11 22:33:51,128 [WARN] ConditionMgr:1039 - genDependencies : Invalid condition id : UX DEVICE CLASS RTOS Condition cause : null
2024-03-11 22:33:51,128 [WARN] ConditionMgr:1039 - genDependencies : Invalid condition id : UX DEVICE CLASS RTOS Condition cause : null
2024-03-11 22:33:51,129 [WARN] ConditionMgr:1039 - genDependencies : Invalid condition id : UX DEVICE CLASS RTOS Condition cause : null
2024-03-11 22:33:51,139 [WARN] PackLoader:240 - Cannot read IP mode file for STMicroelectronics.X-CUBE-NFC7.1.0.1
2024-03-11 22:33:51,149 [WARN] PackLoader:240 - Cannot read IP mode file for STMicroelectronics.X-CUBE-NFC7.1.0.0
2024-03-11 22:33:51,161 [WARN] PackLoader:240 - Cannot read IP mode file for STMicroelectronics.X-CUBE-NFC6.3.0.0
2024-03-11 22:33:51,172 [WARN] PackLoader:240 - Cannot read IP mode file for STMicroelectronics.X-CUBE-EEPRMA1.4.1.0
2024-03-11 22:33:51,183 [WARN] PackLoader:240 - Cannot read IP mode file for STMicroelectronics.X-CUBE-AI.8.1.0
2024-03-11 22:33:51,204 [WARN] ConditionMgr:438 - getConditionDescription Invalid condition id : LAN8742 Phy interface Condition cause : null
2024-03-11 22:33:51,204 [WARN] PackLoader:240 - Cannot read IP mode file for STMicroelectronics.X-CUBE-AZRTOS-L4.2.0.0
2024-03-11 22:33:51,206 [WARN] ConditionMgr:1039 - genDependencies : Invalid condition id : LAN8742 Phy interface Condition cause : null
2024-03-11 22:33:51,206 [WARN] ConditionMgr:1039 - genDependencies : Invalid condition id : LAN8742 Phy interface Condition cause : null
2024-03-11 22:33:51,206 [WARN] ConditionMgr:1039 - genDependencies : Invalid condition id : LAN8742 Phy interface Condition cause : null
2024-03-11 22:33:51,217 [WARN] PackLoader:240 - Cannot read IP mode file for STMicroelectronics.X-CUBE-SFXS2LP1.4.0.0
2024-03-11 22:33:51,230 [WARN] PackLoader:240 - Cannot read IP mode file for STMicroelectronics.X-CUBE-ISPU.1.1.0
2024-03-11 22:33:51,253 [WARN] ConditionMgr:438 - getConditionDescription Invalid condition id : UX DEVICE CLASS RTOS Condition cause : null
2024-03-11 22:33:51,254 [WARN] ConditionMgr:438 - getConditionDescription Invalid condition id : UX DEVICE CLASS RTOS Condition cause : null
2024-03-11 22:33:51,255 [WARN] PackLoader:240 - Cannot read IP mode file for STMicroelectronics.X-CUBE-AZRTOS-WB.2.0.0
2024-03-11 22:33:51,255 [WARN] ConditionMgr:1039 - genDependencies : Invalid condition id : UX DEVICE CLASS RTOS Condition cause : null
2024-03-11 22:33:51,256 [WARN] ConditionMgr:1039 - genDependencies : Invalid condition id : UX DEVICE CLASS RTOS Condition cause : null
2024-03-11 22:33:51,256 [WARN] ConditionMgr:1039 - genDependencies : Invalid condition id : UX DEVICE CLASS RTOS Condition cause : null
2024-03-11 22:33:51,256 [WARN] ConditionMgr:1039 - genDependencies : Invalid condition id : UX DEVICE CLASS RTOS Condition cause : null
2024-03-11 22:33:51,256 [WARN] ConditionMgr:1039 - genDependencies : Invalid condition id : UX DEVICE CLASS RTOS Condition cause : null
2024-03-11 22:33:51,269 [WARN] PackLoader:240 - Cannot read IP mode file for STMicroelectronics.X-CUBE-FREERTOS.1.0.1
2024-03-11 22:33:51,296 [WARN] PackLoader:240 - Cannot read IP mode file for STMicroelectronics.X-CUBE-AZRTOS-L5.1.1.0
2024-03-11 22:33:51,315 [WARN] PackLoader:240 - Cannot read IP mode file for STMicroelectronics.X-CUBE-AI.8.0.1
2024-03-11 22:33:51,336 [WARN] PackLoader:240 - Cannot read IP mode file for STMicroelectronics.X-CUBE-SUBG2.5.0.0
2024-03-11 22:33:51,358 [WARN] PackLoader:240 - Cannot read IP mode file for STMicroelectronics.X-CUBE-TOF1.3.3.1
2024-03-11 22:33:51,387 [WARN] PackLoader:240 - Cannot read IP mode file for STMicroelectronics.X-CUBE-AZRTOS-G4.2.0.0
2024-03-11 22:33:51,403 [WARN] PackLoader:240 - Cannot read IP mode file for STMicroelectronics.X-CUBE-TOF1.3.3.0
2024-03-11 22:33:51,427 [WARN] PackLoader:240 - Cannot read IP mode file for Infineon.AIROC-Wi-Fi-Bluetooth-STM32.1.5.1
2024-03-11 22:33:51,439 [WARN] PackLoader:240 - Cannot read IP mode file for STMicroelectronics.FP-SNS-MOTENVWB1.1.3.0
2024-03-11 22:33:51,452 [WARN] PackLoader:240 - Cannot read IP mode file for STMicroelectronics.FP-SNS-MOTENVWB1.1.3.1
2024-03-11 22:33:51,462 [WARN] PackLoader:240 - Cannot read IP mode file for STMicroelectronics.X-CUBE-ISPU.2.0.0
2024-03-11 22:33:51,493 [WARN] PackLoader:240 - Cannot read IP mode file for STMicroelectronics.X-CUBE-MEMS1.10.0.0
2024-03-11 22:33:51,575 [WARN] PackLoader:240 - Cannot read IP mode file for STMicroelectronics.X-CUBE-FREERTOS.1.1.0
2024-03-11 22:33:51,590 [WARN] PackLoader:240 - Cannot read IP mode file for portGmbH.I-Cube-SoM-uGOAL.1.1.0
2024-03-11 22:33:51,609 [WARN] PackLoader:240 - Cannot read IP mode file for STMicroelectronics.X-CUBE-ALS.1.0.1
2024-03-11 22:33:51,645 [WARN] PackLoader:240 - Cannot read IP mode file for STMicroelectronics.X-CUBE-AZRTOS-WB.1.1.0
2024-03-11 22:33:51,658 [WARN] PackLoader:240 - Cannot read IP mode file for STMicroelectronics.FP-ATR-ASTRA1.2.0.0
2024-03-11 22:33:51,677 [WARN] PackLoader:240 - Cannot read IP mode file for STMicroelectronics.X-CUBE-TOF1.3.4.0
2024-03-11 22:33:51,700 [WARN] PackLoader:240 - Cannot read IP mode file for STMicroelectronics.X-CUBE-TOF1.3.4.1
2024-03-11 22:33:51,734 [WARN] PackLoader:240 - Cannot read IP mode file for STMicroelectronics.X-CUBE-AZRTOS-H7.3.2.0
2024-03-11 22:33:51,736 [INFO] ThirdParty:978 - Integrity check success = true
2024-03-11 22:33:51,737 [INFO] IntegrityCheckThread:100 - exiting critical section [integrity check]
2024-03-11 22:33:51,737 [INFO] IntegrityCheckThread:103 - End integrity checks thread
2024-03-11 22:33:52,744 [INFO] WebApp:161 - Instantiating new browser for Auth
2024-03-11 22:33:53,219 [INFO] WebApp:780 - Register for checkConnection events
2024-03-11 22:33:53,219 [INFO] WebApp:414 - Apply proxy settings
2024-03-11 22:33:53,220 [INFO] WebApp:499 - Chromium requires no authentication
2024-03-11 22:33:53,225 [INFO] WebApp:442 - Direct internet connection detected
2024-03-11 22:33:53,348 [INFO] WebApp:192 - Starting web application
2024-03-11 22:33:53,348 [INFO] WebApp:544 - Web application path used C:\ST\STM32CubeIDE_1.14.0\STM32CubeIDE\plugins\com.st.stm32cube.common.mx_6.10.0.202311202037\db\plugins\mcufinder\reactClient1\index.html
2024-03-11 22:34:14,024 [ERROR] LogOutputStream:75 - [STDERR_REDIRECT] SLF4J: Failed to load class "org.slf4j.impl.StaticLoggerBinder".
2024-03-11 22:34:14,024 [ERROR] LogOutputStream:75 - [STDERR_REDIRECT] SLF4J: Defaulting to no-operation (NOP) logger implementation
2024-03-11 22:34:14,025 [ERROR] LogOutputStream:75 - [STDERR_REDIRECT] SLF4J: See http://www.slf4j.org/codes.html#StaticLoggerBinder for further details.
2024-03-11 23:18:40,975 [ERROR] LogOutputStream:75 - [STDERR_REDIRECT] Exception in thread "SWV client thread" java.lang.NullPointerException: Cannot invoke "com.st.stm32cube.ide.mcu.debug.swv.core.SWVPlugin.isDebugging()" because "com.st.stm32cube.ide.mcu.debug.swv.core.SWVPlugin.plugin" is null
2024-03-11 23:18:40,976 [ERROR] LogOutputStream:75 - [STDERR_REDIRECT] 	at com.st.stm32cube.ide.mcu.debug.swv.core.SWVPlugin.debugTrace(SWVPlugin.java:85)
2024-03-11 23:18:40,977 [ERROR] LogOutputStream:75 - [STDERR_REDIRECT] 	at com.st.stm32cube.ide.mcu.debug.swv.core.SWVClient.TRACE(SWVClient.java:768)
2024-03-11 23:18:40,978 [ERROR] LogOutputStream:75 - [STDERR_REDIRECT] 	at com.st.stm32cube.ide.mcu.debug.swv.core.SWVClient.readByte(SWVClient.java:296)
2024-03-11 23:18:40,980 [ERROR] LogOutputStream:75 - [STDERR_REDIRECT] 	at com.st.stm32cube.ide.mcu.debug.swv.core.SWVClient.getNextByte(SWVClient.java:277)
2024-03-11 23:18:40,981 [ERROR] LogOutputStream:75 - [STDERR_REDIRECT] 	at com.st.stm32cube.ide.mcu.debug.swv.core.SWVClient.run(SWVClient.java:313)
2024-03-11 23:18:41,459 [ERROR] LogOutputStream:75 - [STDERR_REDIRECT] 
2024-03-11 23:35:46,077 [INFO] Activator:176 - 


2024-03-11 23:35:46,078 [INFO] Activator:177 - !SESSION log4j initialized
2024-03-11 23:35:50,477 [INFO] LogOutputStream:77 - [STDOUT_REDIRECT] 
2024-03-11 23:35:56,008 [INFO] ApplicationProperties:184 - Using Application install path: C:\ST\STM32CubeIDE_1.14.0\STM32CubeIDE\plugins\com.st.stm32cube.common.mx_6.10.0.202311202037
2024-03-11 23:35:56,022 [INFO] DbMcusXml:78 - Set database path to: C:\ST\STM32CubeIDE_1.14.0\STM32CubeIDE\plugins\com.st.stm32cube.common.mx_6.10.0.202311202037\\db\/mcu/
2024-03-11 23:35:56,022 [INFO] ApiDb:274 - Set plugin database path to: C:\ST\STM32CubeIDE_1.14.0\STM32CubeIDE\plugins\com.st.stm32cube.common.mx_6.10.0.202311202037\\db\/plugins/boardmanager/
2024-03-11 23:35:56,023 [WARN] ApiDb:259 - Overriding images path with different value:  => C:\ST\STM32CubeIDE_1.14.0\STM32CubeIDE\plugins\com.st.stm32cube.common.mx_6.10.0.202311202037\\db\/plugins/mcufinder/images/
2024-03-11 23:35:56,027 [INFO] ApiDb:250 - Set database path to: C:\Users\pc\.stmcufinder\plugins\mcufinder//mcu/
2024-03-11 23:35:56,028 [INFO] DbMcusAds:125 - Set database path to: C:\Users\pc\.stmcufinder\plugins\mcufinder//mcu/
2024-03-11 23:35:56,029 [INFO] CrossReferenceDbSqlite:203 - Set database path to: C:\Users\pc\.stmcufinder\plugins\mcufinder//mcu/cs/
2024-03-11 23:35:56,113 [INFO] RulesReader:64 - Compatibility file has been processed (297 Rules)
2024-03-11 23:35:56,181 [INFO] DbMcusXml:78 - Set database path to: C:\ST\STM32CubeIDE_1.14.0\STM32CubeIDE\plugins\com.st.stm32cube.common.mx_6.10.0.202311202037\\db\/mcu/
2024-03-11 23:35:56,181 [INFO] ApiDb:274 - Set plugin database path to: C:\ST\STM32CubeIDE_1.14.0\STM32CubeIDE\plugins\com.st.stm32cube.common.mx_6.10.0.202311202037\\db\/plugins/boardmanager/
2024-03-11 23:35:56,181 [INFO] ApiDb:261 - Set plugin images path to: C:\ST\STM32CubeIDE_1.14.0\STM32CubeIDE\plugins\com.st.stm32cube.common.mx_6.10.0.202311202037\\db\/plugins/mcufinder/images/
2024-03-11 23:35:56,181 [WARN] DbFile:41 - Overriding database path with different value: C:\Users\pc\.stmcufinder\plugins\mcufinder/ => C:\Users\pc\.stmcufinder\plugins\mcufinder
2024-03-11 23:35:56,182 [INFO] ApiDb:250 - Set database path to: C:\Users\pc\.stmcufinder\plugins\mcufinder//mcu/
2024-03-11 23:35:56,182 [WARN] DbFile:41 - Overriding database path with different value: C:\Users\pc\.stmcufinder\plugins\mcufinder/ => C:\Users\pc\.stmcufinder\plugins\mcufinder
2024-03-11 23:35:56,182 [INFO] DbMcusAds:125 - Set database path to: C:\Users\pc\.stmcufinder\plugins\mcufinder//mcu/
2024-03-11 23:35:56,182 [WARN] DbFile:41 - Overriding database path with different value: C:\Users\pc\.stmcufinder\plugins\mcufinder/ => C:\Users\pc\.stmcufinder\plugins\mcufinder
2024-03-11 23:35:56,182 [WARN] DbFile:41 - Overriding database path with different value: C:\Users\pc\.stmcufinder\plugins\mcufinder/ => C:\Users\pc\.stmcufinder\plugins\mcufinder
2024-03-11 23:35:56,182 [INFO] CrossReferenceDbSqlite:203 - Set database path to: C:\Users\pc\.stmcufinder\plugins\mcufinder//mcu/cs/
2024-03-11 23:35:56,253 [INFO] MainPanel:264 - HeapMemory: 268435456
2024-03-11 23:35:56,347 [INFO] DbMcusXml:78 - Set database path to: C:\ST\STM32CubeIDE_1.14.0\STM32CubeIDE\plugins\com.st.stm32cube.common.mx_6.10.0.202311202037\\db\/mcu/
2024-03-11 23:35:56,347 [INFO] ApiDb:274 - Set plugin database path to: C:\ST\STM32CubeIDE_1.14.0\STM32CubeIDE\plugins\com.st.stm32cube.common.mx_6.10.0.202311202037\\db\/plugins/boardmanager/
2024-03-11 23:35:56,347 [INFO] ApiDb:261 - Set plugin images path to: C:\ST\STM32CubeIDE_1.14.0\STM32CubeIDE\plugins\com.st.stm32cube.common.mx_6.10.0.202311202037\\db\/plugins/mcufinder/images/
2024-03-11 23:35:56,347 [WARN] DbFile:41 - Overriding database path with different value: C:\Users\pc\.stmcufinder\plugins\mcufinder/ => C:\Users\pc\.stmcufinder\plugins\mcufinder
2024-03-11 23:35:56,347 [INFO] ApiDb:250 - Set database path to: C:\Users\pc\.stmcufinder\plugins\mcufinder//mcu/
2024-03-11 23:35:56,347 [WARN] DbFile:41 - Overriding database path with different value: C:\Users\pc\.stmcufinder\plugins\mcufinder/ => C:\Users\pc\.stmcufinder\plugins\mcufinder
2024-03-11 23:35:56,347 [INFO] DbMcusAds:125 - Set database path to: C:\Users\pc\.stmcufinder\plugins\mcufinder//mcu/
2024-03-11 23:35:56,347 [WARN] DbFile:41 - Overriding database path with different value: C:\Users\pc\.stmcufinder\plugins\mcufinder/ => C:\Users\pc\.stmcufinder\plugins\mcufinder
2024-03-11 23:35:56,347 [WARN] DbFile:41 - Overriding database path with different value: C:\Users\pc\.stmcufinder\plugins\mcufinder/ => C:\Users\pc\.stmcufinder\plugins\mcufinder
2024-03-11 23:35:56,347 [INFO] CrossReferenceDbSqlite:203 - Set database path to: C:\Users\pc\.stmcufinder\plugins\mcufinder//mcu/cs/
2024-03-11 23:35:56,363 [INFO] ApplicationProperties:184 - Using Application install path: C:\ST\STM32CubeIDE_1.14.0\STM32CubeIDE\plugins\com.st.stm32cube.common.mx_6.10.0.202311202037
2024-03-11 23:35:56,365 [INFO] PluginManage:196 - Search for loadable plugins [exclusion list=, ]
2024-03-11 23:35:56,366 [INFO] PluginManage:310 - Check plugin analytics
2024-03-11 23:36:01,419 [INFO] AnalyticsPlugin:253 - Accepted Software Licenses: STM32CubeMX.6.8.1,STM32CubeMX.6.9.1
2024-03-11 23:36:01,419 [INFO] AnalyticsPlugin:255 - Accepted CMSIS Pack Licenses: 
2024-03-11 23:36:01,419 [INFO] AnalyticsPlugin:257 - Accepted Firmware Licenses: FW.F4.1.27.0
2024-03-11 23:36:01,420 [INFO] PluginManage:359 - Loaded plugin analytics (category:tool,tabindex:-1)
2024-03-11 23:36:01,420 [INFO] PluginManage:310 - Check plugin cadmodel
2024-03-11 23:36:01,425 [INFO] CADModel:105 - Init CAD model plugin
2024-03-11 23:36:01,425 [INFO] PluginManage:359 - Loaded plugin cadmodel (category:power,tabindex:5)
2024-03-11 23:36:01,425 [INFO] PluginManage:310 - Check plugin clock
2024-03-11 23:36:01,432 [INFO] PluginManage:359 - Loaded plugin clock (category:base,tabindex:2)
2024-03-11 23:36:01,432 [INFO] PluginManage:310 - Check plugin ddr
2024-03-11 23:36:01,434 [INFO] PluginManage:359 - Loaded plugin ddr (category:tool,tabindex:6)
2024-03-11 23:36:01,435 [INFO] PluginManage:310 - Check plugin filemanager
2024-03-11 23:36:01,549 [INFO] PluginManage:359 - Loaded plugin filemanager (category:base,tabindex:10)
2024-03-11 23:36:01,549 [INFO] PluginManage:310 - Check plugin ipmanager
2024-03-11 23:36:01,555 [INFO] PluginManage:359 - Loaded plugin ipmanager (category:base,tabindex:5)
2024-03-11 23:36:01,555 [INFO] PluginManage:310 - Check plugin lpbam
2024-03-11 23:36:01,562 [INFO] PluginManage:359 - Loaded plugin lpbam (category:base,tabindex:0)
2024-03-11 23:36:01,562 [INFO] PluginManage:310 - Check plugin memorymap
2024-03-11 23:36:01,575 [INFO] PluginManage:359 - Loaded plugin memorymap (category:base,tabindex:4)
2024-03-11 23:36:01,576 [INFO] PluginManage:310 - Check plugin pinoutandconfiguration
2024-03-11 23:36:01,582 [INFO] PluginManage:359 - Loaded plugin pinoutandconfiguration (category:base,tabindex:1)
2024-03-11 23:36:01,582 [INFO] PluginManage:310 - Check plugin pinoutconfig
2024-03-11 23:36:01,659 [WARN] SupportedApi:132 - Cannot load RTOS API schema: s4s-elt-must-match.1: The content of 'definitions' must match (annotation?, (simpleType | complexType)?, (unique | key | keyref)*)). A problem was found starting at: attribute.
2024-03-11 23:36:01,764 [INFO] PluginManage:359 - Loaded plugin pinoutconfig (category:base,tabindex:0)
2024-03-11 23:36:01,764 [INFO] PluginManage:310 - Check plugin power
2024-03-11 23:36:01,774 [INFO] PluginManage:359 - Loaded plugin power (category:power,tabindex:4)
2024-03-11 23:36:01,775 [INFO] PluginManage:310 - Check plugin projectmanager
2024-03-11 23:36:01,791 [INFO] PluginManage:359 - Loaded plugin projectmanager (category:projectmanager,tabindex:3)
2024-03-11 23:36:01,791 [INFO] PluginManage:310 - Check plugin thirdparty
2024-03-11 23:36:01,889 [INFO] PluginManage:359 - Loaded plugin thirdparty (category:base,tabindex:-1)
2024-03-11 23:36:01,889 [INFO] PluginManage:310 - Check plugin tools
2024-03-11 23:36:01,889 [WARN] IntegrityCheckThread:84 - waiting for thirdparty lock release [integrity check]
2024-03-11 23:36:01,889 [INFO] IntegrityCheckThread:86 - entering critical section [integrity check]
2024-03-11 23:36:01,889 [INFO] ThirdPartyUpdaterWithRetryManager:70 - Updater plugin not ready yet. [1/15]
2024-03-11 23:36:01,891 [INFO] PluginManage:359 - Loaded plugin tools (category:base,tabindex:7)
2024-03-11 23:36:01,891 [INFO] PluginManage:310 - Check plugin tutovideos
2024-03-11 23:36:02,047 [INFO] PluginManage:359 - Loaded plugin tutovideos (category:base,tabindex:-1)
2024-03-11 23:36:02,047 [INFO] PluginManage:310 - Check plugin updater
2024-03-11 23:36:02,056 [INFO] PluginManage:359 - Loaded plugin updater (category:base,tabindex:12)
2024-03-11 23:36:02,056 [INFO] PluginManage:310 - Check plugin userauth
2024-03-11 23:36:02,061 [INFO] UserAuth:114 - Init User Auth plugin
2024-03-11 23:36:02,061 [INFO] PluginManage:359 - Loaded plugin userauth (category:base,tabindex:14)
2024-03-11 23:36:02,061 [INFO] PluginManage:283 - PluginManage : Loaded plugins [17]
2024-03-11 23:36:02,227 [INFO] PinOutPanel:1499 - setPackage(No Configuration,No Configuration)
2024-03-11 23:36:02,281 [INFO] CADModel:165 - CPN selected for project level
2024-03-11 23:36:02,281 [INFO] CADModel:114 - Register for checkConnection events
2024-03-11 23:36:02,298 [INFO] IPUIPlugin:80 - create IPUIPlugin
2024-03-11 23:36:02,298 [INFO] PluginManager:220 - loadIPPluginJar : add adc
2024-03-11 23:36:02,299 [INFO] IPUIPlugin:80 - create IPUIPlugin
2024-03-11 23:36:02,299 [INFO] PluginManager:220 - loadIPPluginJar : add aes
2024-03-11 23:36:02,300 [INFO] IPUIPlugin:80 - create IPUIPlugin
2024-03-11 23:36:02,300 [INFO] PluginManager:220 - loadIPPluginJar : add can
2024-03-11 23:36:02,301 [INFO] IPUIPlugin:80 - create IPUIPlugin
2024-03-11 23:36:02,301 [INFO] PluginManager:220 - loadIPPluginJar : add comp
2024-03-11 23:36:02,303 [INFO] IPUIPlugin:80 - create IPUIPlugin
2024-03-11 23:36:02,303 [INFO] PluginManager:220 - loadIPPluginJar : add cryp
2024-03-11 23:36:02,304 [INFO] IPUIPlugin:80 - create IPUIPlugin
2024-03-11 23:36:02,304 [INFO] PluginManager:220 - loadIPPluginJar : add dfsdm
2024-03-11 23:36:02,308 [INFO] IPUIPlugin:80 - create IPUIPlugin
2024-03-11 23:36:02,309 [INFO] PluginManager:220 - loadIPPluginJar : add dma
2024-03-11 23:36:02,310 [INFO] IPUIPlugin:80 - create IPUIPlugin
2024-03-11 23:36:02,310 [INFO] PluginManager:220 - loadIPPluginJar : add dma3
2024-03-11 23:36:02,311 [INFO] IPUIPlugin:80 - create IPUIPlugin
2024-03-11 23:36:02,311 [INFO] PluginManager:220 - loadIPPluginJar : add fatfs
2024-03-11 23:36:02,313 [INFO] IPUIPlugin:80 - create IPUIPlugin
2024-03-11 23:36:02,313 [INFO] PluginManager:220 - loadIPPluginJar : add fmc
2024-03-11 23:36:02,317 [INFO] IPUIPlugin:80 - create IPUIPlugin
2024-03-11 23:36:02,317 [INFO] PluginManager:220 - loadIPPluginJar : add freertos
2024-03-11 23:36:02,317 [INFO] IPUIPlugin:80 - create IPUIPlugin
2024-03-11 23:36:02,318 [INFO] PluginManager:220 - loadIPPluginJar : add genericplugin
2024-03-11 23:36:02,318 [INFO] IPUIPlugin:80 - create IPUIPlugin
2024-03-11 23:36:02,318 [INFO] PluginManager:220 - loadIPPluginJar : add gfxmmu
2024-03-11 23:36:02,321 [INFO] IPUIPlugin:80 - create IPUIPlugin
2024-03-11 23:36:02,321 [INFO] PluginManager:220 - loadIPPluginJar : add gic
2024-03-11 23:36:02,323 [INFO] IPUIPlugin:80 - create IPUIPlugin
2024-03-11 23:36:02,323 [INFO] PluginManager:220 - loadIPPluginJar : add gpio
2024-03-11 23:36:02,325 [INFO] IPUIPlugin:80 - create IPUIPlugin
2024-03-11 23:36:02,325 [INFO] PluginManager:220 - loadIPPluginJar : add gtzc
2024-03-11 23:36:02,326 [INFO] IPUIPlugin:80 - create IPUIPlugin
2024-03-11 23:36:02,326 [INFO] PluginManager:220 - loadIPPluginJar : add hash
2024-03-11 23:36:02,327 [INFO] IPUIPlugin:80 - create IPUIPlugin
2024-03-11 23:36:02,327 [INFO] PluginManager:220 - loadIPPluginJar : add i2c
2024-03-11 23:36:02,328 [INFO] IPUIPlugin:80 - create IPUIPlugin
2024-03-11 23:36:02,328 [INFO] PluginManager:220 - loadIPPluginJar : add i2s
2024-03-11 23:36:02,330 [INFO] IPUIPlugin:80 - create IPUIPlugin
2024-03-11 23:36:02,331 [INFO] PluginManager:220 - loadIPPluginJar : add i3c
2024-03-11 23:36:02,332 [INFO] IPUIPlugin:80 - create IPUIPlugin
2024-03-11 23:36:02,332 [INFO] PluginManager:220 - loadIPPluginJar : add ipddr
2024-03-11 23:36:02,337 [INFO] IPUIPlugin:80 - create IPUIPlugin
2024-03-11 23:36:02,337 [INFO] PluginManager:220 - loadIPPluginJar : add linkedlist
2024-03-11 23:36:02,340 [INFO] IPUIPlugin:80 - create IPUIPlugin
2024-03-11 23:36:02,340 [INFO] PluginManager:220 - loadIPPluginJar : add lorawan
2024-03-11 23:36:02,341 [INFO] IPUIPlugin:80 - create IPUIPlugin
2024-03-11 23:36:02,341 [INFO] PluginManager:220 - loadIPPluginJar : add ltdc
2024-03-11 23:36:02,344 [INFO] IPUIPlugin:80 - create IPUIPlugin
2024-03-11 23:36:02,345 [INFO] PluginManager:220 - loadIPPluginJar : add mdma
2024-03-11 23:36:02,347 [INFO] IPUIPlugin:80 - create IPUIPlugin
2024-03-11 23:36:02,347 [INFO] PluginManager:220 - loadIPPluginJar : add nvic
2024-03-11 23:36:02,349 [INFO] IPUIPlugin:80 - create IPUIPlugin
2024-03-11 23:36:02,349 [INFO] PluginManager:220 - loadIPPluginJar : add opamp
2024-03-11 23:36:02,350 [INFO] IPUIPlugin:80 - create IPUIPlugin
2024-03-11 23:36:02,350 [INFO] PluginManager:220 - loadIPPluginJar : add openamp
2024-03-11 23:36:02,352 [INFO] IPUIPlugin:80 - create IPUIPlugin
2024-03-11 23:36:02,352 [INFO] PluginManager:220 - loadIPPluginJar : add pdm2pcm
2024-03-11 23:36:02,356 [INFO] IPUIPlugin:80 - create IPUIPlugin
2024-03-11 23:36:02,358 [INFO] PluginManager:220 - loadIPPluginJar : add plateformsettings
2024-03-11 23:36:02,359 [INFO] IPUIPlugin:80 - create IPUIPlugin
2024-03-11 23:36:02,359 [INFO] PluginManager:220 - loadIPPluginJar : add quadspi
2024-03-11 23:36:02,361 [INFO] IPUIPlugin:80 - create IPUIPlugin
2024-03-11 23:36:02,361 [INFO] PluginManager:220 - loadIPPluginJar : add resmgrutility
2024-03-11 23:36:02,362 [INFO] IPUIPlugin:80 - create IPUIPlugin
2024-03-11 23:36:02,363 [INFO] PluginManager:220 - loadIPPluginJar : add sai
2024-03-11 23:36:02,364 [INFO] IPUIPlugin:80 - create IPUIPlugin
2024-03-11 23:36:02,364 [INFO] PluginManager:220 - loadIPPluginJar : add spi
2024-03-11 23:36:02,368 [INFO] IPUIPlugin:80 - create IPUIPlugin
2024-03-11 23:36:02,368 [INFO] PluginManager:220 - loadIPPluginJar : add stm32_wpan
2024-03-11 23:36:02,371 [INFO] IPUIPlugin:80 - create IPUIPlugin
2024-03-11 23:36:02,371 [INFO] PluginManager:220 - loadIPPluginJar : add tim
2024-03-11 23:36:02,373 [INFO] IPUIPlugin:80 - create IPUIPlugin
2024-03-11 23:36:02,373 [INFO] PluginManager:220 - loadIPPluginJar : add touchsensing
2024-03-11 23:36:02,374 [INFO] IPUIPlugin:80 - create IPUIPlugin
2024-03-11 23:36:02,374 [INFO] PluginManager:220 - loadIPPluginJar : add tracer_emb
2024-03-11 23:36:02,375 [INFO] IPUIPlugin:80 - create IPUIPlugin
2024-03-11 23:36:02,375 [INFO] PluginManager:220 - loadIPPluginJar : add ts
2024-03-11 23:36:02,377 [INFO] IPUIPlugin:80 - create IPUIPlugin
2024-03-11 23:36:02,377 [INFO] PluginManager:220 - loadIPPluginJar : add tsc
2024-03-11 23:36:02,377 [INFO] IPUIPlugin:80 - create IPUIPlugin
2024-03-11 23:36:02,377 [INFO] PluginManager:220 - loadIPPluginJar : add ucpd
2024-03-11 23:36:02,379 [INFO] IPUIPlugin:80 - create IPUIPlugin
2024-03-11 23:36:02,379 [INFO] PluginManager:220 - loadIPPluginJar : add usart
2024-03-11 23:36:02,381 [INFO] IPUIPlugin:80 - create IPUIPlugin
2024-03-11 23:36:02,381 [INFO] PluginManager:220 - loadIPPluginJar : add usbx
2024-03-11 23:36:02,487 [INFO] CADModel:165 - CPN selected for project level
2024-03-11 23:36:02,487 [INFO] CADModel:114 - Register for checkConnection events
2024-03-11 23:36:02,487 [FATAL] Updater:308 - Updater called before beeing initialized
2024-03-11 23:36:02,487 [ERROR] CADModel:125 - Updater not yet initialized, retry later 
2024-03-11 23:36:02,620 [INFO] CADModel:165 - CPN selected for project level
2024-03-11 23:36:02,620 [INFO] CADModel:114 - Register for checkConnection events
2024-03-11 23:36:02,620 [FATAL] Updater:308 - Updater called before beeing initialized
2024-03-11 23:36:02,620 [ERROR] CADModel:125 - Updater not yet initialized, retry later 
2024-03-11 23:36:02,623 [FATAL] Updater:308 - Updater called before beeing initialized
2024-03-11 23:36:02,708 [FATAL] Updater:308 - Updater called before beeing initialized
2024-03-11 23:36:02,711 [INFO] DbMcusAds:53 - JSON generation date=Wed Nov 29 18:52:27 CST 2023 (1701255147349)
2024-03-11 23:36:02,711 [FATAL] Updater:308 - Updater called before beeing initialized
2024-03-11 23:36:02,739 [WARN] DetailPanel:346 - Failed to get advertising image, set to default
2024-03-11 23:36:02,803 [FATAL] Updater:308 - Updater called before beeing initialized
2024-03-11 23:36:02,805 [FATAL] Updater:308 - Updater called before beeing initialized
2024-03-11 23:36:02,805 [FATAL] Updater:308 - Updater called before beeing initialized
2024-03-11 23:36:02,805 [WARN] DetailPanel:346 - Failed to get advertising image, set to default
2024-03-11 23:36:02,806 [FATAL] Updater:308 - Updater called before beeing initialized
2024-03-11 23:36:02,837 [ERROR] Updater:1120 - MainUpdater not yet initialized. External WinMGr cannot be set.
2024-03-11 23:36:02,839 [INFO] Updater:1056 - Updater Version found : 6.10.0
2024-03-11 23:36:02,854 [INFO] ApplicationProperties:184 - Using Application install path: C:\ST\STM32CubeIDE_1.14.0\STM32CubeIDE\plugins\com.st.stm32cube.common.mx_6.10.0.202311202037
2024-03-11 23:36:03,220 [INFO] MainUpdater:2873 - connection check result : 10
2024-03-11 23:36:03,221 [INFO] MainUpdater:290 - Updater Check For Update Now.
2024-03-11 23:36:03,221 [INFO] MicroXplorer:498 - Change Database Version : DB.6.0.100
2024-03-11 23:36:03,226 [INFO] McuFinderGlobals:63 - Set McuFinder mode to 2 (CubeIDE integrated)
2024-03-11 23:36:03,226 [INFO] UserAuth:180 - activating auth plugin
2024-03-11 23:36:03,228 [INFO] UserAuth:404 - Internet connection configuration mode: 1
2024-03-11 23:36:03,251 [INFO] JxBrowserEngine:152 - Initiate JxBrowser Engine with user profile folder
2024-03-11 23:36:03,383 [INFO] CheckServerUpdateThread:120 - End of CheckServer Thread
2024-03-11 23:36:03,909 [INFO] WebApp:161 - Instantiating new browser for Auth
2024-03-11 23:36:04,492 [INFO] WebApp:780 - Register for checkConnection events
2024-03-11 23:36:04,492 [INFO] WebApp:414 - Apply proxy settings
2024-03-11 23:36:04,492 [INFO] WebApp:499 - Chromium requires no authentication
2024-03-11 23:36:04,499 [INFO] WebApp:442 - Direct internet connection detected
2024-03-11 23:36:04,634 [INFO] WebApp:192 - Starting web application
2024-03-11 23:36:04,635 [INFO] WebApp:544 - Web application path used C:\ST\STM32CubeIDE_1.14.0\STM32CubeIDE\plugins\com.st.stm32cube.common.mx_6.10.0.202311202037\db\plugins\mcufinder\reactClient1\index.html
2024-03-11 23:36:05,014 [WARN] PackLoader:240 - Cannot read IP mode file for STMicroelectronics.X-CUBE-SMBUS.2.1.0
2024-03-11 23:36:05,024 [WARN] PackLoader:240 - Cannot read IP mode file for STMicroelectronics.X-CUBE-TOUCHGFX.4.23.0
2024-03-11 23:36:05,044 [WARN] PackLoader:240 - Cannot read IP mode file for STMicroelectronics.X-CUBE-AZRTOS-F7.1.1.0
2024-03-11 23:36:05,056 [WARN] PackLoader:240 - Cannot read IP mode file for STMicroelectronics.FP-SNS-MOTENV1.4.3.2
2024-03-11 23:36:05,066 [ERROR] RealEvaluatedCondition:428 - Found unsupported composite condition: CLASS='Data Exchange' GROUP='STM32_MetaDataManager'
2024-03-11 23:36:05,067 [ERROR] RealEvaluatedCondition:428 - Found unsupported composite condition: CLASS='Data Exchange' GROUP='STM32_MetaDataManager'
2024-03-11 23:36:05,068 [WARN] PackLoader:240 - Cannot read IP mode file for STMicroelectronics.FP-SNS-MOTENV1.4.3.1
2024-03-11 23:36:05,078 [WARN] PackLoader:240 - Cannot read IP mode file for STMicroelectronics.FP-SNS-FLIGHT1.5.0.1
2024-03-11 23:36:05,092 [WARN] PackLoader:240 - Cannot read IP mode file for STMicroelectronics.X-CUBE-BLE1.6.2.4
2024-03-11 23:36:05,100 [WARN] PackLoader:240 - Cannot read IP mode file for STMicroelectronics.FP-SNS-FLIGHT1.5.0.2
2024-03-11 23:36:05,110 [WARN] PackLoader:240 - Cannot read IP mode file for STMicroelectronics.X-CUBE-DISPLAY.3.0.0
2024-03-11 23:36:05,119 [WARN] PackLoader:240 - Cannot read IP mode file for STMicroelectronics.X-CUBE-BLE1.7.0.0
2024-03-11 23:36:05,123 [WARN] PackLoader:240 - Cannot read IP mode file for STMicroelectronics.X-CUBE-TOUCHGFX.4.22.0
2024-03-11 23:36:05,127 [WARN] PackLoader:240 - Cannot read IP mode file for STMicroelectronics.X-CUBE-TOUCHGFX.4.22.1
2024-03-11 23:36:05,139 [WARN] PackLoader:240 - Cannot read IP mode file for STMicroelectronics.X-CUBE-BLEMGR.3.1.0
2024-03-11 23:36:05,145 [WARN] PackLoader:240 - Cannot read IP mode file for STMicroelectronics.FP-SNS-SMARTAG2.1.2.0
2024-03-11 23:36:05,154 [INFO] LogOutputStream:77 - [STDOUT_REDIRECT] 1 : Invalid condition id : UX_CORESTACK_Condition cause : null
2024-03-11 23:36:05,155 [INFO] LogOutputStream:77 - [STDOUT_REDIRECT] 1 : Invalid condition id : UX_CORESTACK_Condition cause : null
2024-03-11 23:36:05,155 [INFO] LogOutputStream:77 - [STDOUT_REDIRECT] 1 : Invalid condition id : UX_CORESTACK_Condition cause : null
2024-03-11 23:36:05,157 [INFO] LogOutputStream:77 - [STDOUT_REDIRECT] 1 : Invalid condition id : UX_CORESTACK_Condition cause : null
2024-03-11 23:36:05,158 [INFO] LogOutputStream:77 - [STDOUT_REDIRECT] 1 : Invalid condition id : UX_CORESTACK_Condition cause : null
2024-03-11 23:36:05,162 [WARN] PackLoader:240 - Cannot read IP mode file for STMicroelectronics.X-CUBE-AZRTOS-WL.2.0.0
2024-03-11 23:36:05,175 [WARN] PackLoader:240 - Cannot read IP mode file for WES.I-CUBE-Cesium.1.3.0
2024-03-11 23:36:05,183 [WARN] PackLoader:240 - Cannot read IP mode file for STMicroelectronics.X-CUBE-BLE2.3.3.0
2024-03-11 23:36:05,185 [WARN] PackLoader:240 - Cannot read IP mode file for STMicroelectronics.X-CUBE-TOUCHGFX.4.21.4
2024-03-11 23:36:05,189 [WARN] PackLoader:240 - Cannot read IP mode file for STMicroelectronics.X-CUBE-ALGOBUILD.1.3.0
2024-03-11 23:36:05,203 [WARN] PackLoader:240 - Cannot read IP mode file for STMicroelectronics.X-CUBE-AZRTOS-G0.1.1.0
2024-03-11 23:36:05,208 [WARN] PackLoader:240 - Cannot read IP mode file for STMicroelectronics.X-CUBE-NFC4.3.0.0
2024-03-11 23:36:05,217 [WARN] PackLoader:240 - Cannot read IP mode file for STMicroelectronics.X-CUBE-BLEMGR.3.0.0
2024-03-11 23:36:05,223 [WARN] PackLoader:240 - Cannot read IP mode file for STMicroelectronics.FP-ATR-SIGFOX1.3.2.0
2024-03-11 23:36:05,229 [WARN] PackLoader:240 - Cannot read IP mode file for STMicroelectronics.X-CUBE-EEPRMA1.5.1.0
2024-03-11 23:36:05,253 [WARN] PackLoader:240 - Cannot read IP mode file for SEGGER.I-CUBE-embOS.1.3.1
2024-03-11 23:36:05,290 [WARN] PackLoader:240 - Cannot read IP mode file for STMicroelectronics.X-CUBE-GNSS1.6.0.0
2024-03-11 23:36:05,304 [WARN] PackLoader:240 - Cannot read IP mode file for STMicroelectronics.X-CUBE-AZRTOS-F4.1.1.0
2024-03-11 23:36:05,310 [WARN] PackLoader:240 - Cannot read IP mode file for wolfSSL.I-CUBE-wolfSSL.5.6.0
2024-03-11 23:36:05,323 [WARN] PackLoader:240 - Cannot read IP mode file for STMicroelectronics.X-CUBE-AZRTOS-L5.2.0.0
2024-03-11 23:36:05,358 [WARN] PackLoader:240 - Cannot read IP mode file for STMicroelectronics.X-CUBE-MEMS1.9.6.0
2024-03-11 23:36:05,494 [WARN] PackLoader:240 - Cannot read IP mode file for STMicroelectronics.X-CUBE-EEPRMA1.4.2.0
2024-03-11 23:36:05,500 [WARN] PackLoader:240 - Cannot read IP mode file for ITTIA_DB.I-CUBE-ITTIADB.8.8.0
2024-03-11 23:36:05,506 [WARN] PackLoader:240 - Cannot read IP mode file for emotas.I-CUBE-CANOPEN.1.1.3
2024-03-11 23:36:05,511 [WARN] PackLoader:240 - Cannot read IP mode file for STMicroelectronics.X-CUBE-BLEMGR.2.0.0
2024-03-11 23:36:05,527 [WARN] ConditionMgr:438 - getConditionDescription Invalid condition id : UX DEVICE CLASS RTOS Condition cause : null
2024-03-11 23:36:05,528 [WARN] ConditionMgr:438 - getConditionDescription Invalid condition id : UX DEVICE CLASS RTOS Condition cause : null
2024-03-11 23:36:05,532 [WARN] PackLoader:240 - Cannot read IP mode file for STMicroelectronics.X-CUBE-AZRTOS-H7.3.1.0
2024-03-11 23:36:05,533 [WARN] ConditionMgr:1039 - genDependencies : Invalid condition id : UX DEVICE CLASS RTOS Condition cause : null
2024-03-11 23:36:05,533 [WARN] ConditionMgr:1039 - genDependencies : Invalid condition id : UX DEVICE CLASS RTOS Condition cause : null
2024-03-11 23:36:05,534 [WARN] ConditionMgr:1039 - genDependencies : Invalid condition id : UX DEVICE CLASS RTOS Condition cause : null
2024-03-11 23:36:05,534 [WARN] ConditionMgr:1039 - genDependencies : Invalid condition id : UX DEVICE CLASS RTOS Condition cause : null
2024-03-11 23:36:05,534 [WARN] ConditionMgr:1039 - genDependencies : Invalid condition id : UX DEVICE CLASS RTOS Condition cause : null
2024-03-11 23:36:05,540 [WARN] PackLoader:240 - Cannot read IP mode file for STMicroelectronics.X-CUBE-NFC7.1.0.1
2024-03-11 23:36:05,544 [WARN] PackLoader:240 - Cannot read IP mode file for STMicroelectronics.X-CUBE-NFC7.1.0.0
2024-03-11 23:36:05,551 [WARN] PackLoader:240 - Cannot read IP mode file for STMicroelectronics.X-CUBE-NFC6.3.0.0
2024-03-11 23:36:05,559 [WARN] PackLoader:240 - Cannot read IP mode file for STMicroelectronics.X-CUBE-EEPRMA1.4.1.0
2024-03-11 23:36:05,564 [WARN] PackLoader:240 - Cannot read IP mode file for STMicroelectronics.X-CUBE-AI.8.1.0
2024-03-11 23:36:05,577 [WARN] ConditionMgr:438 - getConditionDescription Invalid condition id : LAN8742 Phy interface Condition cause : null
2024-03-11 23:36:05,577 [WARN] PackLoader:240 - Cannot read IP mode file for STMicroelectronics.X-CUBE-AZRTOS-L4.2.0.0
2024-03-11 23:36:05,579 [WARN] ConditionMgr:1039 - genDependencies : Invalid condition id : LAN8742 Phy interface Condition cause : null
2024-03-11 23:36:05,579 [WARN] ConditionMgr:1039 - genDependencies : Invalid condition id : LAN8742 Phy interface Condition cause : null
2024-03-11 23:36:05,580 [WARN] ConditionMgr:1039 - genDependencies : Invalid condition id : LAN8742 Phy interface Condition cause : null
2024-03-11 23:36:05,592 [WARN] PackLoader:240 - Cannot read IP mode file for STMicroelectronics.X-CUBE-SFXS2LP1.4.0.0
2024-03-11 23:36:05,599 [WARN] PackLoader:240 - Cannot read IP mode file for STMicroelectronics.X-CUBE-ISPU.1.1.0
2024-03-11 23:36:05,610 [WARN] ConditionMgr:438 - getConditionDescription Invalid condition id : UX DEVICE CLASS RTOS Condition cause : null
2024-03-11 23:36:05,611 [WARN] ConditionMgr:438 - getConditionDescription Invalid condition id : UX DEVICE CLASS RTOS Condition cause : null
2024-03-11 23:36:05,612 [WARN] PackLoader:240 - Cannot read IP mode file for STMicroelectronics.X-CUBE-AZRTOS-WB.2.0.0
2024-03-11 23:36:05,614 [WARN] ConditionMgr:1039 - genDependencies : Invalid condition id : UX DEVICE CLASS RTOS Condition cause : null
2024-03-11 23:36:05,614 [WARN] ConditionMgr:1039 - genDependencies : Invalid condition id : UX DEVICE CLASS RTOS Condition cause : null
2024-03-11 23:36:05,614 [WARN] ConditionMgr:1039 - genDependencies : Invalid condition id : UX DEVICE CLASS RTOS Condition cause : null
2024-03-11 23:36:05,614 [WARN] ConditionMgr:1039 - genDependencies : Invalid condition id : UX DEVICE CLASS RTOS Condition cause : null
2024-03-11 23:36:05,614 [WARN] ConditionMgr:1039 - genDependencies : Invalid condition id : UX DEVICE CLASS RTOS Condition cause : null
2024-03-11 23:36:05,622 [WARN] PackLoader:240 - Cannot read IP mode file for STMicroelectronics.X-CUBE-FREERTOS.1.0.1
2024-03-11 23:36:05,634 [WARN] PackLoader:240 - Cannot read IP mode file for STMicroelectronics.X-CUBE-AZRTOS-L5.1.1.0
2024-03-11 23:36:05,639 [WARN] PackLoader:240 - Cannot read IP mode file for STMicroelectronics.X-CUBE-AI.8.0.1
2024-03-11 23:36:05,647 [WARN] PackLoader:240 - Cannot read IP mode file for STMicroelectronics.X-CUBE-SUBG2.5.0.0
2024-03-11 23:36:05,662 [WARN] PackLoader:240 - Cannot read IP mode file for STMicroelectronics.X-CUBE-TOF1.3.3.1
2024-03-11 23:36:05,684 [WARN] PackLoader:240 - Cannot read IP mode file for STMicroelectronics.X-CUBE-AZRTOS-G4.2.0.0
2024-03-11 23:36:05,695 [WARN] PackLoader:240 - Cannot read IP mode file for STMicroelectronics.X-CUBE-TOF1.3.3.0
2024-03-11 23:36:05,714 [WARN] PackLoader:240 - Cannot read IP mode file for Infineon.AIROC-Wi-Fi-Bluetooth-STM32.1.5.1
2024-03-11 23:36:05,722 [WARN] PackLoader:240 - Cannot read IP mode file for STMicroelectronics.FP-SNS-MOTENVWB1.1.3.0
2024-03-11 23:36:05,728 [WARN] PackLoader:240 - Cannot read IP mode file for STMicroelectronics.FP-SNS-MOTENVWB1.1.3.1
2024-03-11 23:36:05,747 [WARN] PackLoader:240 - Cannot read IP mode file for STMicroelectronics.X-CUBE-ISPU.2.0.0
2024-03-11 23:36:05,795 [WARN] PackLoader:240 - Cannot read IP mode file for STMicroelectronics.X-CUBE-MEMS1.10.0.0
2024-03-11 23:36:05,923 [WARN] PackLoader:240 - Cannot read IP mode file for STMicroelectronics.X-CUBE-FREERTOS.1.1.0
2024-03-11 23:36:05,928 [WARN] PackLoader:240 - Cannot read IP mode file for portGmbH.I-Cube-SoM-uGOAL.1.1.0
2024-03-11 23:36:05,933 [WARN] PackLoader:240 - Cannot read IP mode file for STMicroelectronics.X-CUBE-ALS.1.0.1
2024-03-11 23:36:05,944 [WARN] PackLoader:240 - Cannot read IP mode file for STMicroelectronics.X-CUBE-AZRTOS-WB.1.1.0
2024-03-11 23:36:05,950 [WARN] PackLoader:240 - Cannot read IP mode file for STMicroelectronics.FP-ATR-ASTRA1.2.0.0
2024-03-11 23:36:05,960 [WARN] PackLoader:240 - Cannot read IP mode file for STMicroelectronics.X-CUBE-TOF1.3.4.0
2024-03-11 23:36:05,977 [WARN] PackLoader:240 - Cannot read IP mode file for STMicroelectronics.X-CUBE-TOF1.3.4.1
2024-03-11 23:36:05,998 [WARN] PackLoader:240 - Cannot read IP mode file for STMicroelectronics.X-CUBE-AZRTOS-H7.3.2.0
2024-03-11 23:36:06,002 [INFO] ThirdParty:978 - Integrity check success = true
2024-03-11 23:36:06,003 [INFO] IntegrityCheckThread:100 - exiting critical section [integrity check]
2024-03-11 23:36:06,003 [INFO] IntegrityCheckThread:103 - End integrity checks thread
2024-03-11 23:36:25,151 [ERROR] LogOutputStream:75 - [STDERR_REDIRECT] SLF4J: Failed to load class "org.slf4j.impl.StaticLoggerBinder".
2024-03-11 23:36:25,151 [ERROR] LogOutputStream:75 - [STDERR_REDIRECT] SLF4J: Defaulting to no-operation (NOP) logger implementation
2024-03-11 23:36:25,152 [ERROR] LogOutputStream:75 - [STDERR_REDIRECT] SLF4J: See http://www.slf4j.org/codes.html#StaticLoggerBinder for further details.
2024-03-11 23:52:13,812 [ERROR] LogOutputStream:75 - [STDERR_REDIRECT] Exception in thread "SWV client thread" java.lang.NullPointerException: Cannot invoke "com.st.stm32cube.ide.mcu.debug.swv.core.SWVPlugin.isDebugging()" because "com.st.stm32cube.ide.mcu.debug.swv.core.SWVPlugin.plugin" is null
2024-03-11 23:52:13,814 [ERROR] LogOutputStream:75 - [STDERR_REDIRECT] 	at com.st.stm32cube.ide.mcu.debug.swv.core.SWVPlugin.debugTrace(SWVPlugin.java:85)
2024-03-11 23:52:13,814 [ERROR] LogOutputStream:75 - [STDERR_REDIRECT] 	at com.st.stm32cube.ide.mcu.debug.swv.core.SWVClient.TRACE(SWVClient.java:768)
2024-03-11 23:52:13,815 [ERROR] LogOutputStream:75 - [STDERR_REDIRECT] 	at com.st.stm32cube.ide.mcu.debug.swv.core.SWVClient.readByte(SWVClient.java:296)
2024-03-11 23:52:13,816 [ERROR] LogOutputStream:75 - [STDERR_REDIRECT] 	at com.st.stm32cube.ide.mcu.debug.swv.core.SWVClient.getNextByte(SWVClient.java:277)
2024-03-11 23:52:13,816 [ERROR] LogOutputStream:75 - [STDERR_REDIRECT] 	at com.st.stm32cube.ide.mcu.debug.swv.core.SWVClient.run(SWVClient.java:313)
2024-03-11 23:52:14,290 [ERROR] LogOutputStream:75 - [STDERR_REDIRECT] 
