2024-03-13 16:36:20,350 [INFO] Activator:176 - 


2024-03-13 16:36:20,354 [INFO] Activator:177 - !SESSION log4j initialized
2024-03-13 16:36:25,115 [INFO] LogOutputStream:77 - [STDOUT_REDIRECT] 
2024-03-13 16:36:30,995 [INFO] ApplicationProperties:184 - Using Application install path: C:\ST\STM32CubeIDE_1.14.0\STM32CubeIDE\plugins\com.st.stm32cube.common.mx_6.10.0.202311202037
2024-03-13 16:36:31,012 [INFO] DbMcusXml:78 - Set database path to: C:\ST\STM32CubeIDE_1.14.0\STM32CubeIDE\plugins\com.st.stm32cube.common.mx_6.10.0.202311202037\\db\/mcu/
2024-03-13 16:36:31,013 [INFO] ApiDb:274 - Set plugin database path to: C:\ST\STM32CubeIDE_1.14.0\STM32CubeIDE\plugins\com.st.stm32cube.common.mx_6.10.0.202311202037\\db\/plugins/boardmanager/
2024-03-13 16:36:31,013 [WARN] ApiDb:259 - Overriding images path with different value:  => C:\ST\STM32CubeIDE_1.14.0\STM32CubeIDE\plugins\com.st.stm32cube.common.mx_6.10.0.202311202037\\db\/plugins/mcufinder/images/
2024-03-13 16:36:31,027 [INFO] ApiDb:250 - Set database path to: C:\Users\pc\.stmcufinder\plugins\mcufinder//mcu/
2024-03-13 16:36:31,028 [INFO] DbMcusAds:125 - Set database path to: C:\Users\pc\.stmcufinder\plugins\mcufinder//mcu/
2024-03-13 16:36:31,029 [INFO] CrossReferenceDbSqlite:203 - Set database path to: C:\Users\pc\.stmcufinder\plugins\mcufinder//mcu/cs/
2024-03-13 16:36:31,122 [INFO] RulesReader:64 - Compatibility file has been processed (297 Rules)
2024-03-13 16:36:31,192 [INFO] DbMcusXml:78 - Set database path to: C:\ST\STM32CubeIDE_1.14.0\STM32CubeIDE\plugins\com.st.stm32cube.common.mx_6.10.0.202311202037\\db\/mcu/
2024-03-13 16:36:31,193 [INFO] ApiDb:274 - Set plugin database path to: C:\ST\STM32CubeIDE_1.14.0\STM32CubeIDE\plugins\com.st.stm32cube.common.mx_6.10.0.202311202037\\db\/plugins/boardmanager/
2024-03-13 16:36:31,193 [INFO] ApiDb:261 - Set plugin images path to: C:\ST\STM32CubeIDE_1.14.0\STM32CubeIDE\plugins\com.st.stm32cube.common.mx_6.10.0.202311202037\\db\/plugins/mcufinder/images/
2024-03-13 16:36:31,193 [WARN] DbFile:41 - Overriding database path with different value: C:\Users\pc\.stmcufinder\plugins\mcufinder/ => C:\Users\pc\.stmcufinder\plugins\mcufinder
2024-03-13 16:36:31,193 [INFO] ApiDb:250 - Set database path to: C:\Users\pc\.stmcufinder\plugins\mcufinder//mcu/
2024-03-13 16:36:31,193 [WARN] DbFile:41 - Overriding database path with different value: C:\Users\pc\.stmcufinder\plugins\mcufinder/ => C:\Users\pc\.stmcufinder\plugins\mcufinder
2024-03-13 16:36:31,193 [INFO] DbMcusAds:125 - Set database path to: C:\Users\pc\.stmcufinder\plugins\mcufinder//mcu/
2024-03-13 16:36:31,193 [WARN] DbFile:41 - Overriding database path with different value: C:\Users\pc\.stmcufinder\plugins\mcufinder/ => C:\Users\pc\.stmcufinder\plugins\mcufinder
2024-03-13 16:36:31,193 [WARN] DbFile:41 - Overriding database path with different value: C:\Users\pc\.stmcufinder\plugins\mcufinder/ => C:\Users\pc\.stmcufinder\plugins\mcufinder
2024-03-13 16:36:31,193 [INFO] CrossReferenceDbSqlite:203 - Set database path to: C:\Users\pc\.stmcufinder\plugins\mcufinder//mcu/cs/
2024-03-13 16:36:31,256 [INFO] MainPanel:264 - HeapMemory: 268435456
2024-03-13 16:36:31,337 [INFO] DbMcusXml:78 - Set database path to: C:\ST\STM32CubeIDE_1.14.0\STM32CubeIDE\plugins\com.st.stm32cube.common.mx_6.10.0.202311202037\\db\/mcu/
2024-03-13 16:36:31,337 [INFO] ApiDb:274 - Set plugin database path to: C:\ST\STM32CubeIDE_1.14.0\STM32CubeIDE\plugins\com.st.stm32cube.common.mx_6.10.0.202311202037\\db\/plugins/boardmanager/
2024-03-13 16:36:31,337 [INFO] ApiDb:261 - Set plugin images path to: C:\ST\STM32CubeIDE_1.14.0\STM32CubeIDE\plugins\com.st.stm32cube.common.mx_6.10.0.202311202037\\db\/plugins/mcufinder/images/
2024-03-13 16:36:31,337 [WARN] DbFile:41 - Overriding database path with different value: C:\Users\pc\.stmcufinder\plugins\mcufinder/ => C:\Users\pc\.stmcufinder\plugins\mcufinder
2024-03-13 16:36:31,337 [INFO] ApiDb:250 - Set database path to: C:\Users\pc\.stmcufinder\plugins\mcufinder//mcu/
2024-03-13 16:36:31,337 [WARN] DbFile:41 - Overriding database path with different value: C:\Users\pc\.stmcufinder\plugins\mcufinder/ => C:\Users\pc\.stmcufinder\plugins\mcufinder
2024-03-13 16:36:31,337 [INFO] DbMcusAds:125 - Set database path to: C:\Users\pc\.stmcufinder\plugins\mcufinder//mcu/
2024-03-13 16:36:31,337 [WARN] DbFile:41 - Overriding database path with different value: C:\Users\pc\.stmcufinder\plugins\mcufinder/ => C:\Users\pc\.stmcufinder\plugins\mcufinder
2024-03-13 16:36:31,337 [WARN] DbFile:41 - Overriding database path with different value: C:\Users\pc\.stmcufinder\plugins\mcufinder/ => C:\Users\pc\.stmcufinder\plugins\mcufinder
2024-03-13 16:36:31,338 [INFO] CrossReferenceDbSqlite:203 - Set database path to: C:\Users\pc\.stmcufinder\plugins\mcufinder//mcu/cs/
2024-03-13 16:36:31,353 [INFO] ApplicationProperties:184 - Using Application install path: C:\ST\STM32CubeIDE_1.14.0\STM32CubeIDE\plugins\com.st.stm32cube.common.mx_6.10.0.202311202037
2024-03-13 16:36:31,354 [INFO] PluginManage:196 - Search for loadable plugins [exclusion list=, ]
2024-03-13 16:36:31,355 [INFO] PluginManage:310 - Check plugin analytics
2024-03-13 16:36:36,492 [INFO] AnalyticsPlugin:253 - Accepted Software Licenses: STM32CubeMX.6.8.1,STM32CubeMX.6.9.1
2024-03-13 16:36:36,492 [INFO] AnalyticsPlugin:255 - Accepted CMSIS Pack Licenses: 
2024-03-13 16:36:36,492 [INFO] AnalyticsPlugin:257 - Accepted Firmware Licenses: FW.F4.1.27.0
2024-03-13 16:36:36,494 [INFO] PluginManage:359 - Loaded plugin analytics (category:tool,tabindex:-1)
2024-03-13 16:36:36,494 [INFO] PluginManage:310 - Check plugin cadmodel
2024-03-13 16:36:36,507 [INFO] CADModel:105 - Init CAD model plugin
2024-03-13 16:36:36,507 [INFO] PluginManage:359 - Loaded plugin cadmodel (category:power,tabindex:5)
2024-03-13 16:36:36,508 [INFO] PluginManage:310 - Check plugin clock
2024-03-13 16:36:36,525 [INFO] PluginManage:359 - Loaded plugin clock (category:base,tabindex:2)
2024-03-13 16:36:36,525 [INFO] PluginManage:310 - Check plugin ddr
2024-03-13 16:36:36,527 [INFO] PluginManage:359 - Loaded plugin ddr (category:tool,tabindex:6)
2024-03-13 16:36:36,527 [INFO] PluginManage:310 - Check plugin filemanager
2024-03-13 16:36:36,627 [INFO] PluginManage:359 - Loaded plugin filemanager (category:base,tabindex:10)
2024-03-13 16:36:36,627 [INFO] PluginManage:310 - Check plugin ipmanager
2024-03-13 16:36:36,632 [INFO] PluginManage:359 - Loaded plugin ipmanager (category:base,tabindex:5)
2024-03-13 16:36:36,632 [INFO] PluginManage:310 - Check plugin lpbam
2024-03-13 16:36:36,645 [INFO] PluginManage:359 - Loaded plugin lpbam (category:base,tabindex:0)
2024-03-13 16:36:36,646 [INFO] PluginManage:310 - Check plugin memorymap
2024-03-13 16:36:36,666 [INFO] PluginManage:359 - Loaded plugin memorymap (category:base,tabindex:4)
2024-03-13 16:36:36,666 [INFO] PluginManage:310 - Check plugin pinoutandconfiguration
2024-03-13 16:36:36,679 [INFO] PluginManage:359 - Loaded plugin pinoutandconfiguration (category:base,tabindex:1)
2024-03-13 16:36:36,679 [INFO] PluginManage:310 - Check plugin pinoutconfig
2024-03-13 16:36:36,752 [WARN] SupportedApi:132 - Cannot load RTOS API schema: s4s-elt-must-match.1: The content of 'definitions' must match (annotation?, (simpleType | complexType)?, (unique | key | keyref)*)). A problem was found starting at: attribute.
2024-03-13 16:36:36,846 [INFO] PluginManage:359 - Loaded plugin pinoutconfig (category:base,tabindex:0)
2024-03-13 16:36:36,847 [INFO] PluginManage:310 - Check plugin power
2024-03-13 16:36:36,864 [INFO] PluginManage:359 - Loaded plugin power (category:power,tabindex:4)
2024-03-13 16:36:36,864 [INFO] PluginManage:310 - Check plugin projectmanager
2024-03-13 16:36:36,876 [INFO] PluginManage:359 - Loaded plugin projectmanager (category:projectmanager,tabindex:3)
2024-03-13 16:36:36,876 [INFO] PluginManage:310 - Check plugin thirdparty
2024-03-13 16:36:37,088 [INFO] PluginManage:359 - Loaded plugin thirdparty (category:base,tabindex:-1)
2024-03-13 16:36:37,088 [INFO] PluginManage:310 - Check plugin tools
2024-03-13 16:36:37,088 [WARN] IntegrityCheckThread:84 - waiting for thirdparty lock release [integrity check]
2024-03-13 16:36:37,088 [INFO] IntegrityCheckThread:86 - entering critical section [integrity check]
2024-03-13 16:36:37,088 [INFO] ThirdPartyUpdaterWithRetryManager:70 - Updater plugin not ready yet. [1/15]
2024-03-13 16:36:37,113 [INFO] PluginManage:359 - Loaded plugin tools (category:base,tabindex:7)
2024-03-13 16:36:37,113 [INFO] PluginManage:310 - Check plugin tutovideos
2024-03-13 16:36:37,282 [INFO] PluginManage:359 - Loaded plugin tutovideos (category:base,tabindex:-1)
2024-03-13 16:36:37,282 [INFO] PluginManage:310 - Check plugin updater
2024-03-13 16:36:37,297 [INFO] PluginManage:359 - Loaded plugin updater (category:base,tabindex:12)
2024-03-13 16:36:37,297 [INFO] PluginManage:310 - Check plugin userauth
2024-03-13 16:36:37,305 [INFO] UserAuth:114 - Init User Auth plugin
2024-03-13 16:36:37,306 [INFO] PluginManage:359 - Loaded plugin userauth (category:base,tabindex:14)
2024-03-13 16:36:37,306 [INFO] PluginManage:283 - PluginManage : Loaded plugins [17]
2024-03-13 16:36:37,514 [INFO] PinOutPanel:1499 - setPackage(No Configuration,No Configuration)
2024-03-13 16:36:37,598 [INFO] CADModel:165 - CPN selected for project level
2024-03-13 16:36:37,598 [INFO] CADModel:114 - Register for checkConnection events
2024-03-13 16:36:37,632 [INFO] IPUIPlugin:80 - create IPUIPlugin
2024-03-13 16:36:37,635 [INFO] PluginManager:220 - loadIPPluginJar : add adc
2024-03-13 16:36:37,672 [INFO] IPUIPlugin:80 - create IPUIPlugin
2024-03-13 16:36:37,672 [INFO] PluginManager:220 - loadIPPluginJar : add aes
2024-03-13 16:36:37,707 [INFO] IPUIPlugin:80 - create IPUIPlugin
2024-03-13 16:36:37,708 [INFO] PluginManager:220 - loadIPPluginJar : add can
2024-03-13 16:36:37,729 [INFO] IPUIPlugin:80 - create IPUIPlugin
2024-03-13 16:36:37,730 [INFO] PluginManager:220 - loadIPPluginJar : add comp
2024-03-13 16:36:37,763 [INFO] IPUIPlugin:80 - create IPUIPlugin
2024-03-13 16:36:37,764 [INFO] PluginManager:220 - loadIPPluginJar : add cryp
2024-03-13 16:36:37,794 [INFO] IPUIPlugin:80 - create IPUIPlugin
2024-03-13 16:36:37,794 [INFO] PluginManager:220 - loadIPPluginJar : add dfsdm
2024-03-13 16:36:37,812 [INFO] IPUIPlugin:80 - create IPUIPlugin
2024-03-13 16:36:37,813 [INFO] PluginManager:220 - loadIPPluginJar : add dma
2024-03-13 16:36:37,855 [INFO] IPUIPlugin:80 - create IPUIPlugin
2024-03-13 16:36:37,855 [INFO] PluginManager:220 - loadIPPluginJar : add dma3
2024-03-13 16:36:37,873 [INFO] IPUIPlugin:80 - create IPUIPlugin
2024-03-13 16:36:37,873 [INFO] PluginManager:220 - loadIPPluginJar : add fatfs
2024-03-13 16:36:37,909 [INFO] IPUIPlugin:80 - create IPUIPlugin
2024-03-13 16:36:37,909 [INFO] PluginManager:220 - loadIPPluginJar : add fmc
2024-03-13 16:36:37,927 [INFO] IPUIPlugin:80 - create IPUIPlugin
2024-03-13 16:36:37,927 [INFO] PluginManager:220 - loadIPPluginJar : add freertos
2024-03-13 16:36:37,946 [INFO] IPUIPlugin:80 - create IPUIPlugin
2024-03-13 16:36:37,947 [INFO] PluginManager:220 - loadIPPluginJar : add genericplugin
2024-03-13 16:36:38,018 [INFO] IPUIPlugin:80 - create IPUIPlugin
2024-03-13 16:36:38,018 [INFO] PluginManager:220 - loadIPPluginJar : add gfxmmu
2024-03-13 16:36:38,169 [INFO] IPUIPlugin:80 - create IPUIPlugin
2024-03-13 16:36:38,169 [INFO] PluginManager:220 - loadIPPluginJar : add gic
2024-03-13 16:36:38,182 [INFO] IPUIPlugin:80 - create IPUIPlugin
2024-03-13 16:36:38,182 [INFO] PluginManager:220 - loadIPPluginJar : add gpio
2024-03-13 16:36:38,250 [INFO] IPUIPlugin:80 - create IPUIPlugin
2024-03-13 16:36:38,250 [INFO] PluginManager:220 - loadIPPluginJar : add gtzc
2024-03-13 16:36:38,274 [INFO] IPUIPlugin:80 - create IPUIPlugin
2024-03-13 16:36:38,274 [INFO] PluginManager:220 - loadIPPluginJar : add hash
2024-03-13 16:36:38,311 [INFO] IPUIPlugin:80 - create IPUIPlugin
2024-03-13 16:36:38,312 [INFO] PluginManager:220 - loadIPPluginJar : add i2c
2024-03-13 16:36:38,347 [INFO] IPUIPlugin:80 - create IPUIPlugin
2024-03-13 16:36:38,348 [INFO] PluginManager:220 - loadIPPluginJar : add i2s
2024-03-13 16:36:38,382 [INFO] IPUIPlugin:80 - create IPUIPlugin
2024-03-13 16:36:38,382 [INFO] PluginManager:220 - loadIPPluginJar : add i3c
2024-03-13 16:36:38,457 [INFO] IPUIPlugin:80 - create IPUIPlugin
2024-03-13 16:36:38,458 [INFO] PluginManager:220 - loadIPPluginJar : add ipddr
2024-03-13 16:36:38,522 [INFO] IPUIPlugin:80 - create IPUIPlugin
2024-03-13 16:36:38,522 [INFO] PluginManager:220 - loadIPPluginJar : add linkedlist
2024-03-13 16:36:38,550 [INFO] IPUIPlugin:80 - create IPUIPlugin
2024-03-13 16:36:38,550 [INFO] PluginManager:220 - loadIPPluginJar : add lorawan
2024-03-13 16:36:38,577 [INFO] IPUIPlugin:80 - create IPUIPlugin
2024-03-13 16:36:38,577 [INFO] PluginManager:220 - loadIPPluginJar : add ltdc
2024-03-13 16:36:38,589 [INFO] IPUIPlugin:80 - create IPUIPlugin
2024-03-13 16:36:38,589 [INFO] PluginManager:220 - loadIPPluginJar : add mdma
2024-03-13 16:36:38,599 [INFO] IPUIPlugin:80 - create IPUIPlugin
2024-03-13 16:36:38,599 [INFO] PluginManager:220 - loadIPPluginJar : add nvic
2024-03-13 16:36:38,625 [INFO] IPUIPlugin:80 - create IPUIPlugin
2024-03-13 16:36:38,625 [INFO] PluginManager:220 - loadIPPluginJar : add opamp
2024-03-13 16:36:38,668 [INFO] IPUIPlugin:80 - create IPUIPlugin
2024-03-13 16:36:38,668 [INFO] PluginManager:220 - loadIPPluginJar : add openamp
2024-03-13 16:36:38,699 [INFO] IPUIPlugin:80 - create IPUIPlugin
2024-03-13 16:36:38,699 [INFO] PluginManager:220 - loadIPPluginJar : add pdm2pcm
2024-03-13 16:36:38,710 [INFO] IPUIPlugin:80 - create IPUIPlugin
2024-03-13 16:36:38,713 [INFO] PluginManager:220 - loadIPPluginJar : add plateformsettings
2024-03-13 16:36:38,731 [INFO] IPUIPlugin:80 - create IPUIPlugin
2024-03-13 16:36:38,731 [INFO] PluginManager:220 - loadIPPluginJar : add quadspi
2024-03-13 16:36:38,740 [INFO] IPUIPlugin:80 - create IPUIPlugin
2024-03-13 16:36:38,740 [INFO] PluginManager:220 - loadIPPluginJar : add resmgrutility
2024-03-13 16:36:38,775 [INFO] IPUIPlugin:80 - create IPUIPlugin
2024-03-13 16:36:38,775 [INFO] PluginManager:220 - loadIPPluginJar : add sai
2024-03-13 16:36:38,801 [INFO] IPUIPlugin:80 - create IPUIPlugin
2024-03-13 16:36:38,801 [INFO] PluginManager:220 - loadIPPluginJar : add spi
2024-03-13 16:36:38,850 [INFO] IPUIPlugin:80 - create IPUIPlugin
2024-03-13 16:36:38,850 [INFO] PluginManager:220 - loadIPPluginJar : add stm32_wpan
2024-03-13 16:36:38,866 [INFO] IPUIPlugin:80 - create IPUIPlugin
2024-03-13 16:36:38,866 [INFO] PluginManager:220 - loadIPPluginJar : add tim
2024-03-13 16:36:38,906 [INFO] IPUIPlugin:80 - create IPUIPlugin
2024-03-13 16:36:38,907 [INFO] PluginManager:220 - loadIPPluginJar : add touchsensing
2024-03-13 16:36:38,924 [INFO] IPUIPlugin:80 - create IPUIPlugin
2024-03-13 16:36:38,924 [INFO] PluginManager:220 - loadIPPluginJar : add tracer_emb
2024-03-13 16:36:38,946 [INFO] IPUIPlugin:80 - create IPUIPlugin
2024-03-13 16:36:38,946 [INFO] PluginManager:220 - loadIPPluginJar : add ts
2024-03-13 16:36:38,961 [INFO] IPUIPlugin:80 - create IPUIPlugin
2024-03-13 16:36:38,961 [INFO] PluginManager:220 - loadIPPluginJar : add tsc
2024-03-13 16:36:38,976 [INFO] IPUIPlugin:80 - create IPUIPlugin
2024-03-13 16:36:38,976 [INFO] PluginManager:220 - loadIPPluginJar : add ucpd
2024-03-13 16:36:39,008 [INFO] IPUIPlugin:80 - create IPUIPlugin
2024-03-13 16:36:39,008 [INFO] PluginManager:220 - loadIPPluginJar : add usart
2024-03-13 16:36:39,038 [INFO] IPUIPlugin:80 - create IPUIPlugin
2024-03-13 16:36:39,038 [INFO] PluginManager:220 - loadIPPluginJar : add usbx
2024-03-13 16:36:39,145 [INFO] CADModel:165 - CPN selected for project level
2024-03-13 16:36:39,146 [INFO] CADModel:114 - Register for checkConnection events
2024-03-13 16:36:39,146 [FATAL] Updater:308 - Updater called before beeing initialized
2024-03-13 16:36:39,146 [ERROR] CADModel:125 - Updater not yet initialized, retry later 
2024-03-13 16:36:39,270 [INFO] CADModel:165 - CPN selected for project level
2024-03-13 16:36:39,270 [INFO] CADModel:114 - Register for checkConnection events
2024-03-13 16:36:39,270 [FATAL] Updater:308 - Updater called before beeing initialized
2024-03-13 16:36:39,270 [ERROR] CADModel:125 - Updater not yet initialized, retry later 
2024-03-13 16:36:39,272 [FATAL] Updater:308 - Updater called before beeing initialized
2024-03-13 16:36:39,338 [FATAL] Updater:308 - Updater called before beeing initialized
2024-03-13 16:36:39,346 [INFO] DbMcusAds:53 - JSON generation date=Wed Nov 29 18:52:27 CST 2023 (1701255147349)
2024-03-13 16:36:39,346 [FATAL] Updater:308 - Updater called before beeing initialized
2024-03-13 16:36:39,414 [WARN] DetailPanel:346 - Failed to get advertising image, set to default
2024-03-13 16:36:39,489 [FATAL] Updater:308 - Updater called before beeing initialized
2024-03-13 16:36:39,491 [FATAL] Updater:308 - Updater called before beeing initialized
2024-03-13 16:36:39,492 [FATAL] Updater:308 - Updater called before beeing initialized
2024-03-13 16:36:39,492 [WARN] DetailPanel:346 - Failed to get advertising image, set to default
2024-03-13 16:36:39,492 [FATAL] Updater:308 - Updater called before beeing initialized
2024-03-13 16:36:39,536 [ERROR] Updater:1120 - MainUpdater not yet initialized. External WinMGr cannot be set.
2024-03-13 16:36:39,543 [INFO] Updater:1056 - Updater Version found : 6.10.0
2024-03-13 16:36:39,559 [INFO] ApplicationProperties:184 - Using Application install path: C:\ST\STM32CubeIDE_1.14.0\STM32CubeIDE\plugins\com.st.stm32cube.common.mx_6.10.0.202311202037
2024-03-13 16:36:39,606 [INFO] MainUpdater:526 - Copy updater definitions from MX database
2024-03-13 16:36:39,753 [INFO] MainUpdater:2873 - connection check result : 10
2024-03-13 16:36:39,753 [INFO] MainUpdater:3567 - Updater definition file requires update
2024-03-13 16:36:39,754 [INFO] MainUpdater:290 - Updater Check For Update Now.
2024-03-13 16:36:39,754 [INFO] MicroXplorer:498 - Change Database Version : DB.6.0.100
2024-03-13 16:36:39,768 [INFO] McuFinderGlobals:63 - Set McuFinder mode to 2 (CubeIDE integrated)
2024-03-13 16:36:39,768 [INFO] UserAuth:180 - activating auth plugin
2024-03-13 16:36:39,769 [INFO] UserAuth:404 - Internet connection configuration mode: 1
2024-03-13 16:36:39,787 [INFO] ServerAccessManage:473 - Download File updaters.zip
2024-03-13 16:36:39,789 [INFO] JxBrowserEngine:152 - Initiate JxBrowser Engine with user profile folder
2024-03-13 16:36:39,838 [INFO] FileExtend:240 - Unzip File : updaters.zip
2024-03-13 16:36:39,838 [INFO] FileExtend:255 - Standard Zip Deflate
2024-03-13 16:36:40,090 [WARN] MainUpdater:1194 - Updater busy. Cannot search thirdparties
2024-03-13 16:36:40,090 [INFO] ThirdPartyUpdaterWithRetryManager:96 - Updater plugin is busy. [1/15]
2024-03-13 16:36:40,107 [INFO] ServerAccessManage:473 - Download File PacksControlFlags.xml
2024-03-13 16:36:40,165 [INFO] ServerAccessManage:473 - Download File cubemx.pidx
2024-03-13 16:36:40,244 [INFO] LoadServerUpdatesThread:375 - End of LoadServerUpdate Thread
2024-03-13 16:36:40,399 [INFO] CheckServerUpdateThread:120 - End of CheckServer Thread
2024-03-13 16:36:42,635 [INFO] WebApp:161 - Instantiating new browser for Auth
2024-03-13 16:36:43,226 [INFO] WebApp:780 - Register for checkConnection events
2024-03-13 16:36:43,226 [INFO] WebApp:414 - Apply proxy settings
2024-03-13 16:36:43,226 [INFO] WebApp:499 - Chromium requires no authentication
2024-03-13 16:36:43,234 [INFO] WebApp:442 - Direct internet connection detected
2024-03-13 16:36:43,241 [WARN] PackLoader:240 - Cannot read IP mode file for STMicroelectronics.X-CUBE-SMBUS.2.1.0
2024-03-13 16:36:43,253 [WARN] PackLoader:240 - Cannot read IP mode file for STMicroelectronics.X-CUBE-TOUCHGFX.4.23.0
2024-03-13 16:36:43,284 [WARN] PackLoader:240 - Cannot read IP mode file for STMicroelectronics.X-CUBE-AZRTOS-F7.1.1.0
2024-03-13 16:36:43,299 [WARN] PackLoader:240 - Cannot read IP mode file for STMicroelectronics.FP-SNS-MOTENV1.4.3.2
2024-03-13 16:36:43,311 [ERROR] RealEvaluatedCondition:428 - Found unsupported composite condition: CLASS='Data Exchange' GROUP='STM32_MetaDataManager'
2024-03-13 16:36:43,311 [ERROR] RealEvaluatedCondition:428 - Found unsupported composite condition: GROUP='STM32_MetaDataManager' CLASS='Data Exchange'
2024-03-13 16:36:43,313 [WARN] PackLoader:240 - Cannot read IP mode file for STMicroelectronics.FP-SNS-MOTENV1.4.3.1
2024-03-13 16:36:43,324 [WARN] PackLoader:240 - Cannot read IP mode file for STMicroelectronics.FP-SNS-FLIGHT1.5.0.1
2024-03-13 16:36:43,338 [WARN] PackLoader:240 - Cannot read IP mode file for STMicroelectronics.X-CUBE-BLE1.6.2.4
2024-03-13 16:36:43,348 [WARN] PackLoader:240 - Cannot read IP mode file for STMicroelectronics.FP-SNS-FLIGHT1.5.0.2
2024-03-13 16:36:43,363 [WARN] PackLoader:240 - Cannot read IP mode file for STMicroelectronics.X-CUBE-DISPLAY.3.0.0
2024-03-13 16:36:43,377 [WARN] PackLoader:240 - Cannot read IP mode file for STMicroelectronics.X-CUBE-BLE1.7.0.0
2024-03-13 16:36:43,387 [WARN] PackLoader:240 - Cannot read IP mode file for STMicroelectronics.X-CUBE-TOUCHGFX.4.22.0
2024-03-13 16:36:43,395 [WARN] PackLoader:240 - Cannot read IP mode file for STMicroelectronics.X-CUBE-TOUCHGFX.4.22.1
2024-03-13 16:36:43,407 [WARN] PackLoader:240 - Cannot read IP mode file for STMicroelectronics.X-CUBE-BLEMGR.3.1.0
2024-03-13 16:36:43,419 [WARN] PackLoader:240 - Cannot read IP mode file for STMicroelectronics.FP-SNS-SMARTAG2.1.2.0
2024-03-13 16:36:43,435 [INFO] LogOutputStream:77 - [STDOUT_REDIRECT] 1 : Invalid condition id : UX_CORESTACK_Condition cause : null
2024-03-13 16:36:43,436 [INFO] LogOutputStream:77 - [STDOUT_REDIRECT] 1 : Invalid condition id : UX_CORESTACK_Condition cause : null
2024-03-13 16:36:43,436 [INFO] LogOutputStream:77 - [STDOUT_REDIRECT] 1 : Invalid condition id : UX_CORESTACK_Condition cause : null
2024-03-13 16:36:43,437 [INFO] LogOutputStream:77 - [STDOUT_REDIRECT] 1 : Invalid condition id : UX_CORESTACK_Condition cause : null
2024-03-13 16:36:43,438 [INFO] LogOutputStream:77 - [STDOUT_REDIRECT] 1 : Invalid condition id : UX_CORESTACK_Condition cause : null
2024-03-13 16:36:43,440 [WARN] PackLoader:240 - Cannot read IP mode file for STMicroelectronics.X-CUBE-AZRTOS-WL.2.0.0
2024-03-13 16:36:43,445 [INFO] WebApp:192 - Starting web application
2024-03-13 16:36:43,445 [INFO] WebApp:544 - Web application path used C:\ST\STM32CubeIDE_1.14.0\STM32CubeIDE\plugins\com.st.stm32cube.common.mx_6.10.0.202311202037\db\plugins\mcufinder\reactClient1\index.html
2024-03-13 16:36:43,453 [WARN] PackLoader:240 - Cannot read IP mode file for WES.I-CUBE-Cesium.1.3.0
2024-03-13 16:36:43,464 [WARN] PackLoader:240 - Cannot read IP mode file for STMicroelectronics.X-CUBE-BLE2.3.3.0
2024-03-13 16:36:43,471 [WARN] PackLoader:240 - Cannot read IP mode file for STMicroelectronics.X-CUBE-TOUCHGFX.4.21.4
2024-03-13 16:36:43,480 [WARN] PackLoader:240 - Cannot read IP mode file for STMicroelectronics.X-CUBE-ALGOBUILD.1.3.0
2024-03-13 16:36:43,509 [WARN] PackLoader:240 - Cannot read IP mode file for STMicroelectronics.X-CUBE-AZRTOS-G0.1.1.0
2024-03-13 16:36:43,523 [WARN] PackLoader:240 - Cannot read IP mode file for STMicroelectronics.X-CUBE-NFC4.3.0.0
2024-03-13 16:36:43,539 [WARN] PackLoader:240 - Cannot read IP mode file for STMicroelectronics.X-CUBE-BLEMGR.3.0.0
2024-03-13 16:36:43,552 [WARN] PackLoader:240 - Cannot read IP mode file for STMicroelectronics.FP-ATR-SIGFOX1.3.2.0
2024-03-13 16:36:43,567 [WARN] PackLoader:240 - Cannot read IP mode file for STMicroelectronics.X-CUBE-EEPRMA1.5.1.0
2024-03-13 16:36:43,615 [WARN] PackLoader:240 - Cannot read IP mode file for SEGGER.I-CUBE-embOS.1.3.1
2024-03-13 16:36:43,672 [WARN] PackLoader:240 - Cannot read IP mode file for STMicroelectronics.X-CUBE-GNSS1.6.0.0
2024-03-13 16:36:43,700 [WARN] PackLoader:240 - Cannot read IP mode file for STMicroelectronics.X-CUBE-AZRTOS-F4.1.1.0
2024-03-13 16:36:43,716 [WARN] PackLoader:240 - Cannot read IP mode file for wolfSSL.I-CUBE-wolfSSL.5.6.0
2024-03-13 16:36:43,746 [WARN] PackLoader:240 - Cannot read IP mode file for STMicroelectronics.X-CUBE-AZRTOS-L5.2.0.0
2024-03-13 16:36:43,801 [WARN] PackLoader:240 - Cannot read IP mode file for STMicroelectronics.X-CUBE-MEMS1.9.6.0
2024-03-13 16:36:43,925 [WARN] PackLoader:240 - Cannot read IP mode file for STMicroelectronics.X-CUBE-EEPRMA1.4.2.0
2024-03-13 16:36:43,939 [WARN] PackLoader:240 - Cannot read IP mode file for ITTIA_DB.I-CUBE-ITTIADB.8.8.0
2024-03-13 16:36:43,951 [WARN] PackLoader:240 - Cannot read IP mode file for emotas.I-CUBE-CANOPEN.1.1.3
2024-03-13 16:36:43,964 [WARN] PackLoader:240 - Cannot read IP mode file for STMicroelectronics.X-CUBE-BLEMGR.2.0.0
2024-03-13 16:36:43,989 [WARN] ConditionMgr:438 - getConditionDescription Invalid condition id : UX DEVICE CLASS RTOS Condition cause : null
2024-03-13 16:36:43,989 [WARN] ConditionMgr:438 - getConditionDescription Invalid condition id : UX DEVICE CLASS RTOS Condition cause : null
2024-03-13 16:36:43,992 [WARN] PackLoader:240 - Cannot read IP mode file for STMicroelectronics.X-CUBE-AZRTOS-H7.3.1.0
2024-03-13 16:36:43,993 [WARN] ConditionMgr:1039 - genDependencies : Invalid condition id : UX DEVICE CLASS RTOS Condition cause : null
2024-03-13 16:36:43,993 [WARN] ConditionMgr:1039 - genDependencies : Invalid condition id : UX DEVICE CLASS RTOS Condition cause : null
2024-03-13 16:36:43,993 [WARN] ConditionMgr:1039 - genDependencies : Invalid condition id : UX DEVICE CLASS RTOS Condition cause : null
2024-03-13 16:36:43,993 [WARN] ConditionMgr:1039 - genDependencies : Invalid condition id : UX DEVICE CLASS RTOS Condition cause : null
2024-03-13 16:36:43,994 [WARN] ConditionMgr:1039 - genDependencies : Invalid condition id : UX DEVICE CLASS RTOS Condition cause : null
2024-03-13 16:36:44,006 [WARN] PackLoader:240 - Cannot read IP mode file for STMicroelectronics.X-CUBE-NFC7.1.0.1
2024-03-13 16:36:44,017 [WARN] PackLoader:240 - Cannot read IP mode file for STMicroelectronics.X-CUBE-NFC7.1.0.0
2024-03-13 16:36:44,032 [WARN] PackLoader:240 - Cannot read IP mode file for STMicroelectronics.X-CUBE-NFC6.3.0.0
2024-03-13 16:36:44,047 [WARN] PackLoader:240 - Cannot read IP mode file for STMicroelectronics.X-CUBE-EEPRMA1.4.1.0
2024-03-13 16:36:44,060 [WARN] PackLoader:240 - Cannot read IP mode file for STMicroelectronics.X-CUBE-AI.8.1.0
2024-03-13 16:36:44,086 [WARN] ConditionMgr:438 - getConditionDescription Invalid condition id : LAN8742 Phy interface Condition cause : null
2024-03-13 16:36:44,087 [WARN] PackLoader:240 - Cannot read IP mode file for STMicroelectronics.X-CUBE-AZRTOS-L4.2.0.0
2024-03-13 16:36:44,088 [WARN] ConditionMgr:1039 - genDependencies : Invalid condition id : LAN8742 Phy interface Condition cause : null
2024-03-13 16:36:44,088 [WARN] ConditionMgr:1039 - genDependencies : Invalid condition id : LAN8742 Phy interface Condition cause : null
2024-03-13 16:36:44,088 [WARN] ConditionMgr:1039 - genDependencies : Invalid condition id : LAN8742 Phy interface Condition cause : null
2024-03-13 16:36:44,103 [WARN] PackLoader:240 - Cannot read IP mode file for STMicroelectronics.X-CUBE-SFXS2LP1.4.0.0
2024-03-13 16:36:44,115 [WARN] PackLoader:240 - Cannot read IP mode file for STMicroelectronics.X-CUBE-ISPU.1.1.0
2024-03-13 16:36:44,135 [WARN] ConditionMgr:438 - getConditionDescription Invalid condition id : UX DEVICE CLASS RTOS Condition cause : null
2024-03-13 16:36:44,136 [WARN] ConditionMgr:438 - getConditionDescription Invalid condition id : UX DEVICE CLASS RTOS Condition cause : null
2024-03-13 16:36:44,138 [WARN] PackLoader:240 - Cannot read IP mode file for STMicroelectronics.X-CUBE-AZRTOS-WB.2.0.0
2024-03-13 16:36:44,138 [WARN] ConditionMgr:1039 - genDependencies : Invalid condition id : UX DEVICE CLASS RTOS Condition cause : null
2024-03-13 16:36:44,138 [WARN] ConditionMgr:1039 - genDependencies : Invalid condition id : UX DEVICE CLASS RTOS Condition cause : null
2024-03-13 16:36:44,139 [WARN] ConditionMgr:1039 - genDependencies : Invalid condition id : UX DEVICE CLASS RTOS Condition cause : null
2024-03-13 16:36:44,139 [WARN] ConditionMgr:1039 - genDependencies : Invalid condition id : UX DEVICE CLASS RTOS Condition cause : null
2024-03-13 16:36:44,139 [WARN] ConditionMgr:1039 - genDependencies : Invalid condition id : UX DEVICE CLASS RTOS Condition cause : null
2024-03-13 16:36:44,149 [WARN] PackLoader:240 - Cannot read IP mode file for STMicroelectronics.X-CUBE-FREERTOS.1.0.1
2024-03-13 16:36:44,169 [WARN] PackLoader:240 - Cannot read IP mode file for STMicroelectronics.X-CUBE-AZRTOS-L5.1.1.0
2024-03-13 16:36:44,179 [WARN] PackLoader:240 - Cannot read IP mode file for STMicroelectronics.X-CUBE-AI.8.0.1
2024-03-13 16:36:44,194 [WARN] PackLoader:240 - Cannot read IP mode file for STMicroelectronics.X-CUBE-SUBG2.5.0.0
2024-03-13 16:36:44,212 [WARN] PackLoader:240 - Cannot read IP mode file for STMicroelectronics.X-CUBE-TOF1.3.3.1
2024-03-13 16:36:44,241 [WARN] PackLoader:240 - Cannot read IP mode file for STMicroelectronics.X-CUBE-AZRTOS-G4.2.0.0
2024-03-13 16:36:44,258 [WARN] PackLoader:240 - Cannot read IP mode file for STMicroelectronics.X-CUBE-TOF1.3.3.0
2024-03-13 16:36:44,292 [WARN] PackLoader:240 - Cannot read IP mode file for Infineon.AIROC-Wi-Fi-Bluetooth-STM32.1.5.1
2024-03-13 16:36:44,307 [WARN] PackLoader:240 - Cannot read IP mode file for STMicroelectronics.FP-SNS-MOTENVWB1.1.3.0
2024-03-13 16:36:44,318 [WARN] PackLoader:240 - Cannot read IP mode file for STMicroelectronics.FP-SNS-MOTENVWB1.1.3.1
2024-03-13 16:36:44,329 [WARN] PackLoader:240 - Cannot read IP mode file for STMicroelectronics.X-CUBE-ISPU.2.0.0
2024-03-13 16:36:44,367 [WARN] PackLoader:240 - Cannot read IP mode file for STMicroelectronics.X-CUBE-MEMS1.10.0.0
2024-03-13 16:36:44,432 [WARN] PackLoader:240 - Cannot read IP mode file for STMicroelectronics.X-CUBE-FREERTOS.1.1.0
2024-03-13 16:36:44,441 [WARN] PackLoader:240 - Cannot read IP mode file for portGmbH.I-Cube-SoM-uGOAL.1.1.0
2024-03-13 16:36:44,449 [WARN] PackLoader:240 - Cannot read IP mode file for STMicroelectronics.X-CUBE-ALS.1.0.1
2024-03-13 16:36:44,467 [WARN] PackLoader:240 - Cannot read IP mode file for STMicroelectronics.X-CUBE-AZRTOS-WB.1.1.0
2024-03-13 16:36:44,476 [WARN] PackLoader:240 - Cannot read IP mode file for STMicroelectronics.FP-ATR-ASTRA1.2.0.0
2024-03-13 16:36:44,491 [WARN] PackLoader:240 - Cannot read IP mode file for STMicroelectronics.X-CUBE-TOF1.3.4.0
2024-03-13 16:36:44,508 [WARN] PackLoader:240 - Cannot read IP mode file for STMicroelectronics.X-CUBE-TOF1.3.4.1
2024-03-13 16:36:44,532 [WARN] PackLoader:240 - Cannot read IP mode file for STMicroelectronics.X-CUBE-AZRTOS-H7.3.2.0
2024-03-13 16:36:44,533 [INFO] ThirdParty:978 - Integrity check success = true
2024-03-13 16:36:44,533 [INFO] IntegrityCheckThread:100 - exiting critical section [integrity check]
2024-03-13 16:36:44,533 [INFO] IntegrityCheckThread:103 - End integrity checks thread
2024-03-13 16:37:04,237 [ERROR] LogOutputStream:75 - [STDERR_REDIRECT] SLF4J: Failed to load class "org.slf4j.impl.StaticLoggerBinder".
2024-03-13 16:37:04,237 [ERROR] LogOutputStream:75 - [STDERR_REDIRECT] SLF4J: Defaulting to no-operation (NOP) logger implementation
2024-03-13 16:37:04,238 [ERROR] LogOutputStream:75 - [STDERR_REDIRECT] SLF4J: See http://www.slf4j.org/codes.html#StaticLoggerBinder for further details.
2024-03-13 17:20:54,882 [ERROR] LogOutputStream:75 - [STDERR_REDIRECT] 
