2023-12-21 14:38:52,083 [INFO] Activator:176 - 


2023-12-21 14:38:52,086 [INFO] Activator:177 - !SESSION log4j initialized
2023-12-21 14:38:55,385 [INFO] LogOutputStream:77 - [STDOUT_REDIRECT] 
2023-12-21 14:38:58,440 [INFO] ApplicationProperties:184 - Using Application install path: C:\ST\STM32CubeIDE_1.14.0\STM32CubeIDE\plugins\com.st.stm32cube.common.mx_6.10.0.202311202037
2023-12-21 14:38:58,456 [INFO] DbMcusXml:78 - Set database path to: C:\ST\STM32CubeIDE_1.14.0\STM32CubeIDE\plugins\com.st.stm32cube.common.mx_6.10.0.202311202037\\db\/mcu/
2023-12-21 14:38:58,457 [INFO] ApiDb:274 - Set plugin database path to: C:\ST\STM32CubeIDE_1.14.0\STM32CubeIDE\plugins\com.st.stm32cube.common.mx_6.10.0.202311202037\\db\/plugins/boardmanager/
2023-12-21 14:38:58,457 [WARN] ApiDb:259 - Overriding images path with different value:  => C:\ST\STM32CubeIDE_1.14.0\STM32CubeIDE\plugins\com.st.stm32cube.common.mx_6.10.0.202311202037\\db\/plugins/mcufinder/images/
2023-12-21 14:38:58,469 [INFO] ApiDb:250 - Set database path to: C:\Users\pc\.stmcufinder\plugins\mcufinder//mcu/
2023-12-21 14:38:58,471 [INFO] DbMcusAds:125 - Set database path to: C:\Users\pc\.stmcufinder\plugins\mcufinder//mcu/
2023-12-21 14:38:59,371 [INFO] CrossReferenceDbSqlite:203 - Set database path to: C:\Users\pc\.stmcufinder\plugins\mcufinder//mcu/cs/
2023-12-21 14:38:59,476 [INFO] RulesReader:64 - Compatibility file has been processed (297 Rules)
2023-12-21 14:38:59,538 [INFO] DbMcusXml:78 - Set database path to: C:\ST\STM32CubeIDE_1.14.0\STM32CubeIDE\plugins\com.st.stm32cube.common.mx_6.10.0.202311202037\\db\/mcu/
2023-12-21 14:38:59,538 [INFO] ApiDb:274 - Set plugin database path to: C:\ST\STM32CubeIDE_1.14.0\STM32CubeIDE\plugins\com.st.stm32cube.common.mx_6.10.0.202311202037\\db\/plugins/boardmanager/
2023-12-21 14:38:59,538 [INFO] ApiDb:261 - Set plugin images path to: C:\ST\STM32CubeIDE_1.14.0\STM32CubeIDE\plugins\com.st.stm32cube.common.mx_6.10.0.202311202037\\db\/plugins/mcufinder/images/
2023-12-21 14:38:59,538 [WARN] DbFile:41 - Overriding database path with different value: C:\Users\pc\.stmcufinder\plugins\mcufinder/ => C:\Users\pc\.stmcufinder\plugins\mcufinder
2023-12-21 14:38:59,538 [INFO] ApiDb:250 - Set database path to: C:\Users\pc\.stmcufinder\plugins\mcufinder//mcu/
2023-12-21 14:38:59,538 [WARN] DbFile:41 - Overriding database path with different value: C:\Users\pc\.stmcufinder\plugins\mcufinder/ => C:\Users\pc\.stmcufinder\plugins\mcufinder
2023-12-21 14:38:59,538 [INFO] DbMcusAds:125 - Set database path to: C:\Users\pc\.stmcufinder\plugins\mcufinder//mcu/
2023-12-21 14:38:59,538 [WARN] DbFile:41 - Overriding database path with different value: C:\Users\pc\.stmcufinder\plugins\mcufinder/ => C:\Users\pc\.stmcufinder\plugins\mcufinder
2023-12-21 14:38:59,538 [WARN] DbFile:41 - Overriding database path with different value: C:\Users\pc\.stmcufinder\plugins\mcufinder/ => C:\Users\pc\.stmcufinder\plugins\mcufinder
2023-12-21 14:39:00,385 [INFO] CrossReferenceDbSqlite:203 - Set database path to: C:\Users\pc\.stmcufinder\plugins\mcufinder//mcu/cs/
2023-12-21 14:39:00,447 [INFO] MainPanel:264 - HeapMemory: 268435456
2023-12-21 14:39:00,529 [INFO] DbMcusXml:78 - Set database path to: C:\ST\STM32CubeIDE_1.14.0\STM32CubeIDE\plugins\com.st.stm32cube.common.mx_6.10.0.202311202037\\db\/mcu/
2023-12-21 14:39:00,529 [INFO] ApiDb:274 - Set plugin database path to: C:\ST\STM32CubeIDE_1.14.0\STM32CubeIDE\plugins\com.st.stm32cube.common.mx_6.10.0.202311202037\\db\/plugins/boardmanager/
2023-12-21 14:39:00,529 [INFO] ApiDb:261 - Set plugin images path to: C:\ST\STM32CubeIDE_1.14.0\STM32CubeIDE\plugins\com.st.stm32cube.common.mx_6.10.0.202311202037\\db\/plugins/mcufinder/images/
2023-12-21 14:39:00,529 [WARN] DbFile:41 - Overriding database path with different value: C:\Users\pc\.stmcufinder\plugins\mcufinder/ => C:\Users\pc\.stmcufinder\plugins\mcufinder
2023-12-21 14:39:00,529 [INFO] ApiDb:250 - Set database path to: C:\Users\pc\.stmcufinder\plugins\mcufinder//mcu/
2023-12-21 14:39:00,529 [WARN] DbFile:41 - Overriding database path with different value: C:\Users\pc\.stmcufinder\plugins\mcufinder/ => C:\Users\pc\.stmcufinder\plugins\mcufinder
2023-12-21 14:39:00,529 [INFO] DbMcusAds:125 - Set database path to: C:\Users\pc\.stmcufinder\plugins\mcufinder//mcu/
2023-12-21 14:39:00,529 [WARN] DbFile:41 - Overriding database path with different value: C:\Users\pc\.stmcufinder\plugins\mcufinder/ => C:\Users\pc\.stmcufinder\plugins\mcufinder
2023-12-21 14:39:00,529 [WARN] DbFile:41 - Overriding database path with different value: C:\Users\pc\.stmcufinder\plugins\mcufinder/ => C:\Users\pc\.stmcufinder\plugins\mcufinder
2023-12-21 14:39:01,373 [INFO] CrossReferenceDbSqlite:203 - Set database path to: C:\Users\pc\.stmcufinder\plugins\mcufinder//mcu/cs/
2023-12-21 14:39:01,390 [INFO] ApplicationProperties:184 - Using Application install path: C:\ST\STM32CubeIDE_1.14.0\STM32CubeIDE\plugins\com.st.stm32cube.common.mx_6.10.0.202311202037
2023-12-21 14:39:01,391 [INFO] PluginManage:196 - Search for loadable plugins [exclusion list=, ]
2023-12-21 14:39:01,392 [INFO] PluginManage:310 - Check plugin analytics
2023-12-21 14:39:02,429 [INFO] AnalyticsPlugin:253 - Accepted Software Licenses: STM32CubeMX.6.8.1,STM32CubeMX.6.9.1
2023-12-21 14:39:02,429 [INFO] AnalyticsPlugin:255 - Accepted CMSIS Pack Licenses: 
2023-12-21 14:39:02,429 [INFO] AnalyticsPlugin:257 - Accepted Firmware Licenses: FW.F4.1.27.0
2023-12-21 14:39:02,429 [INFO] PluginManage:359 - Loaded plugin analytics (category:tool,tabindex:-1)
2023-12-21 14:39:02,429 [INFO] PluginManage:310 - Check plugin cadmodel
2023-12-21 14:39:02,441 [INFO] CADModel:105 - Init CAD model plugin
2023-12-21 14:39:02,441 [INFO] PluginManage:359 - Loaded plugin cadmodel (category:power,tabindex:5)
2023-12-21 14:39:02,441 [INFO] PluginManage:310 - Check plugin clock
2023-12-21 14:39:02,458 [INFO] PluginManage:359 - Loaded plugin clock (category:base,tabindex:2)
2023-12-21 14:39:02,458 [INFO] PluginManage:310 - Check plugin ddr
2023-12-21 14:39:02,459 [INFO] PluginManage:359 - Loaded plugin ddr (category:tool,tabindex:6)
2023-12-21 14:39:02,460 [INFO] PluginManage:310 - Check plugin filemanager
2023-12-21 14:39:02,565 [INFO] PluginManage:359 - Loaded plugin filemanager (category:base,tabindex:10)
2023-12-21 14:39:02,565 [INFO] PluginManage:310 - Check plugin ipmanager
2023-12-21 14:39:02,570 [INFO] PluginManage:359 - Loaded plugin ipmanager (category:base,tabindex:5)
2023-12-21 14:39:02,571 [INFO] PluginManage:310 - Check plugin lpbam
2023-12-21 14:39:02,584 [INFO] PluginManage:359 - Loaded plugin lpbam (category:base,tabindex:0)
2023-12-21 14:39:02,584 [INFO] PluginManage:310 - Check plugin memorymap
2023-12-21 14:39:02,604 [INFO] PluginManage:359 - Loaded plugin memorymap (category:base,tabindex:4)
2023-12-21 14:39:02,604 [INFO] PluginManage:310 - Check plugin pinoutandconfiguration
2023-12-21 14:39:02,617 [INFO] PluginManage:359 - Loaded plugin pinoutandconfiguration (category:base,tabindex:1)
2023-12-21 14:39:02,617 [INFO] PluginManage:310 - Check plugin pinoutconfig
2023-12-21 14:39:02,686 [WARN] SupportedApi:132 - Cannot load RTOS API schema: s4s-elt-must-match.1: The content of 'definitions' must match (annotation?, (simpleType | complexType)?, (unique | key | keyref)*)). A problem was found starting at: attribute.
2023-12-21 14:39:02,781 [INFO] PluginManage:359 - Loaded plugin pinoutconfig (category:base,tabindex:0)
2023-12-21 14:39:02,782 [INFO] PluginManage:310 - Check plugin power
2023-12-21 14:39:02,797 [INFO] PluginManage:359 - Loaded plugin power (category:power,tabindex:4)
2023-12-21 14:39:02,797 [INFO] PluginManage:310 - Check plugin projectmanager
2023-12-21 14:39:02,808 [INFO] PluginManage:359 - Loaded plugin projectmanager (category:projectmanager,tabindex:3)
2023-12-21 14:39:02,808 [INFO] PluginManage:310 - Check plugin thirdparty
2023-12-21 14:39:02,989 [INFO] PluginManage:359 - Loaded plugin thirdparty (category:base,tabindex:-1)
2023-12-21 14:39:02,989 [WARN] IntegrityCheckThread:84 - waiting for thirdparty lock release [integrity check]
2023-12-21 14:39:02,990 [INFO] PluginManage:310 - Check plugin tools
2023-12-21 14:39:02,990 [INFO] IntegrityCheckThread:86 - entering critical section [integrity check]
2023-12-21 14:39:02,990 [INFO] ThirdPartyUpdaterWithRetryManager:70 - Updater plugin not ready yet. [1/15]
2023-12-21 14:39:03,012 [INFO] PluginManage:359 - Loaded plugin tools (category:base,tabindex:7)
2023-12-21 14:39:03,013 [INFO] PluginManage:310 - Check plugin tutovideos
2023-12-21 14:39:03,157 [INFO] PluginManage:359 - Loaded plugin tutovideos (category:base,tabindex:-1)
2023-12-21 14:39:03,158 [INFO] PluginManage:310 - Check plugin updater
2023-12-21 14:39:03,167 [INFO] PluginManage:359 - Loaded plugin updater (category:base,tabindex:12)
2023-12-21 14:39:03,168 [INFO] PluginManage:310 - Check plugin userauth
2023-12-21 14:39:03,171 [INFO] UserAuth:114 - Init User Auth plugin
2023-12-21 14:39:03,171 [INFO] PluginManage:359 - Loaded plugin userauth (category:base,tabindex:14)
2023-12-21 14:39:03,171 [INFO] PluginManage:283 - PluginManage : Loaded plugins [17]
2023-12-21 14:39:03,327 [INFO] PinOutPanel:1499 - setPackage(No Configuration,No Configuration)
2023-12-21 14:39:03,381 [INFO] CADModel:165 - CPN selected for project level
2023-12-21 14:39:03,381 [INFO] CADModel:114 - Register for checkConnection events
2023-12-21 14:39:03,404 [INFO] IPUIPlugin:80 - create IPUIPlugin
2023-12-21 14:39:03,405 [INFO] PluginManager:220 - loadIPPluginJar : add adc
2023-12-21 14:39:03,429 [INFO] IPUIPlugin:80 - create IPUIPlugin
2023-12-21 14:39:03,429 [INFO] PluginManager:220 - loadIPPluginJar : add aes
2023-12-21 14:39:03,456 [INFO] IPUIPlugin:80 - create IPUIPlugin
2023-12-21 14:39:03,456 [INFO] PluginManager:220 - loadIPPluginJar : add can
2023-12-21 14:39:03,472 [INFO] IPUIPlugin:80 - create IPUIPlugin
2023-12-21 14:39:03,472 [INFO] PluginManager:220 - loadIPPluginJar : add comp
2023-12-21 14:39:03,496 [INFO] IPUIPlugin:80 - create IPUIPlugin
2023-12-21 14:39:03,496 [INFO] PluginManager:220 - loadIPPluginJar : add cryp
2023-12-21 14:39:03,519 [INFO] IPUIPlugin:80 - create IPUIPlugin
2023-12-21 14:39:03,519 [INFO] PluginManager:220 - loadIPPluginJar : add dfsdm
2023-12-21 14:39:03,530 [INFO] IPUIPlugin:80 - create IPUIPlugin
2023-12-21 14:39:03,530 [INFO] PluginManager:220 - loadIPPluginJar : add dma
2023-12-21 14:39:03,559 [INFO] IPUIPlugin:80 - create IPUIPlugin
2023-12-21 14:39:03,559 [INFO] PluginManager:220 - loadIPPluginJar : add dma3
2023-12-21 14:39:03,572 [INFO] IPUIPlugin:80 - create IPUIPlugin
2023-12-21 14:39:03,572 [INFO] PluginManager:220 - loadIPPluginJar : add fatfs
2023-12-21 14:39:03,603 [INFO] IPUIPlugin:80 - create IPUIPlugin
2023-12-21 14:39:03,603 [INFO] PluginManager:220 - loadIPPluginJar : add fmc
2023-12-21 14:39:03,615 [INFO] IPUIPlugin:80 - create IPUIPlugin
2023-12-21 14:39:03,616 [INFO] PluginManager:220 - loadIPPluginJar : add freertos
2023-12-21 14:39:03,630 [INFO] IPUIPlugin:80 - create IPUIPlugin
2023-12-21 14:39:03,630 [INFO] PluginManager:220 - loadIPPluginJar : add genericplugin
2023-12-21 14:39:03,687 [INFO] IPUIPlugin:80 - create IPUIPlugin
2023-12-21 14:39:03,687 [INFO] PluginManager:220 - loadIPPluginJar : add gfxmmu
2023-12-21 14:39:03,767 [INFO] IPUIPlugin:80 - create IPUIPlugin
2023-12-21 14:39:03,767 [INFO] PluginManager:220 - loadIPPluginJar : add gic
2023-12-21 14:39:03,777 [INFO] IPUIPlugin:80 - create IPUIPlugin
2023-12-21 14:39:03,777 [INFO] PluginManager:220 - loadIPPluginJar : add gpio
2023-12-21 14:39:03,835 [INFO] IPUIPlugin:80 - create IPUIPlugin
2023-12-21 14:39:03,835 [INFO] PluginManager:220 - loadIPPluginJar : add gtzc
2023-12-21 14:39:03,855 [INFO] IPUIPlugin:80 - create IPUIPlugin
2023-12-21 14:39:03,855 [INFO] PluginManager:220 - loadIPPluginJar : add hash
2023-12-21 14:39:03,887 [INFO] IPUIPlugin:80 - create IPUIPlugin
2023-12-21 14:39:03,887 [INFO] PluginManager:220 - loadIPPluginJar : add i2c
2023-12-21 14:39:03,910 [INFO] IPUIPlugin:80 - create IPUIPlugin
2023-12-21 14:39:03,910 [INFO] PluginManager:220 - loadIPPluginJar : add i2s
2023-12-21 14:39:03,939 [INFO] IPUIPlugin:80 - create IPUIPlugin
2023-12-21 14:39:03,939 [INFO] PluginManager:220 - loadIPPluginJar : add i3c
2023-12-21 14:39:04,008 [INFO] IPUIPlugin:80 - create IPUIPlugin
2023-12-21 14:39:04,008 [INFO] PluginManager:220 - loadIPPluginJar : add ipddr
2023-12-21 14:39:04,067 [INFO] IPUIPlugin:80 - create IPUIPlugin
2023-12-21 14:39:04,068 [INFO] PluginManager:220 - loadIPPluginJar : add linkedlist
2023-12-21 14:39:04,090 [INFO] IPUIPlugin:80 - create IPUIPlugin
2023-12-21 14:39:04,090 [INFO] PluginManager:220 - loadIPPluginJar : add lorawan
2023-12-21 14:39:04,114 [INFO] IPUIPlugin:80 - create IPUIPlugin
2023-12-21 14:39:04,114 [INFO] PluginManager:220 - loadIPPluginJar : add ltdc
2023-12-21 14:39:04,125 [INFO] IPUIPlugin:80 - create IPUIPlugin
2023-12-21 14:39:04,125 [INFO] PluginManager:220 - loadIPPluginJar : add mdma
2023-12-21 14:39:04,134 [INFO] IPUIPlugin:80 - create IPUIPlugin
2023-12-21 14:39:04,134 [INFO] PluginManager:220 - loadIPPluginJar : add nvic
2023-12-21 14:39:04,155 [INFO] IPUIPlugin:80 - create IPUIPlugin
2023-12-21 14:39:04,155 [INFO] PluginManager:220 - loadIPPluginJar : add opamp
2023-12-21 14:39:04,191 [INFO] IPUIPlugin:80 - create IPUIPlugin
2023-12-21 14:39:04,191 [INFO] PluginManager:220 - loadIPPluginJar : add openamp
2023-12-21 14:39:04,218 [INFO] IPUIPlugin:80 - create IPUIPlugin
2023-12-21 14:39:04,218 [INFO] PluginManager:220 - loadIPPluginJar : add pdm2pcm
2023-12-21 14:39:04,228 [INFO] IPUIPlugin:80 - create IPUIPlugin
2023-12-21 14:39:04,230 [INFO] PluginManager:220 - loadIPPluginJar : add plateformsettings
2023-12-21 14:39:04,244 [INFO] IPUIPlugin:80 - create IPUIPlugin
2023-12-21 14:39:04,244 [INFO] PluginManager:220 - loadIPPluginJar : add quadspi
2023-12-21 14:39:04,253 [INFO] IPUIPlugin:80 - create IPUIPlugin
2023-12-21 14:39:04,253 [INFO] PluginManager:220 - loadIPPluginJar : add resmgrutility
2023-12-21 14:39:04,284 [INFO] IPUIPlugin:80 - create IPUIPlugin
2023-12-21 14:39:04,284 [INFO] PluginManager:220 - loadIPPluginJar : add sai
2023-12-21 14:39:04,308 [INFO] IPUIPlugin:80 - create IPUIPlugin
2023-12-21 14:39:04,308 [INFO] PluginManager:220 - loadIPPluginJar : add spi
2023-12-21 14:39:04,354 [INFO] IPUIPlugin:80 - create IPUIPlugin
2023-12-21 14:39:04,355 [INFO] PluginManager:220 - loadIPPluginJar : add stm32_wpan
2023-12-21 14:39:04,368 [INFO] IPUIPlugin:80 - create IPUIPlugin
2023-12-21 14:39:04,369 [INFO] PluginManager:220 - loadIPPluginJar : add tim
2023-12-21 14:39:04,406 [INFO] IPUIPlugin:80 - create IPUIPlugin
2023-12-21 14:39:04,406 [INFO] PluginManager:220 - loadIPPluginJar : add touchsensing
2023-12-21 14:39:04,421 [INFO] IPUIPlugin:80 - create IPUIPlugin
2023-12-21 14:39:04,421 [INFO] PluginManager:220 - loadIPPluginJar : add tracer_emb
2023-12-21 14:39:04,436 [INFO] IPUIPlugin:80 - create IPUIPlugin
2023-12-21 14:39:04,436 [INFO] PluginManager:220 - loadIPPluginJar : add ts
2023-12-21 14:39:04,450 [INFO] IPUIPlugin:80 - create IPUIPlugin
2023-12-21 14:39:04,450 [INFO] PluginManager:220 - loadIPPluginJar : add tsc
2023-12-21 14:39:04,464 [INFO] IPUIPlugin:80 - create IPUIPlugin
2023-12-21 14:39:04,464 [INFO] PluginManager:220 - loadIPPluginJar : add ucpd
2023-12-21 14:39:04,492 [INFO] IPUIPlugin:80 - create IPUIPlugin
2023-12-21 14:39:04,492 [INFO] PluginManager:220 - loadIPPluginJar : add usart
2023-12-21 14:39:04,519 [INFO] IPUIPlugin:80 - create IPUIPlugin
2023-12-21 14:39:04,519 [INFO] PluginManager:220 - loadIPPluginJar : add usbx
2023-12-21 14:39:04,630 [INFO] CADModel:165 - CPN selected for project level
2023-12-21 14:39:04,630 [INFO] CADModel:114 - Register for checkConnection events
2023-12-21 14:39:04,631 [FATAL] Updater:308 - Updater called before beeing initialized
2023-12-21 14:39:04,631 [ERROR] CADModel:125 - Updater not yet initialized, retry later 
2023-12-21 14:39:04,731 [INFO] CADModel:165 - CPN selected for project level
2023-12-21 14:39:04,731 [INFO] CADModel:114 - Register for checkConnection events
2023-12-21 14:39:04,732 [FATAL] Updater:308 - Updater called before beeing initialized
2023-12-21 14:39:04,732 [ERROR] CADModel:125 - Updater not yet initialized, retry later 
2023-12-21 14:39:04,734 [FATAL] Updater:308 - Updater called before beeing initialized
2023-12-21 14:39:04,801 [FATAL] Updater:308 - Updater called before beeing initialized
2023-12-21 14:39:04,808 [INFO] DbMcusAds:53 - JSON generation date=Wed Nov 29 17:52:38 ICT 2023 (1701255158764)
2023-12-21 14:39:04,808 [FATAL] Updater:308 - Updater called before beeing initialized
2023-12-21 14:39:04,868 [WARN] DetailPanel:346 - Failed to get advertising image, set to default
2023-12-21 14:39:04,933 [FATAL] Updater:308 - Updater called before beeing initialized
2023-12-21 14:39:04,935 [FATAL] Updater:308 - Updater called before beeing initialized
2023-12-21 14:39:04,935 [FATAL] Updater:308 - Updater called before beeing initialized
2023-12-21 14:39:04,935 [WARN] DetailPanel:346 - Failed to get advertising image, set to default
2023-12-21 14:39:04,936 [FATAL] Updater:308 - Updater called before beeing initialized
2023-12-21 14:39:04,976 [ERROR] Updater:1120 - MainUpdater not yet initialized. External WinMGr cannot be set.
2023-12-21 14:39:04,983 [INFO] Updater:1056 - Updater Version found : 6.10.0
2023-12-21 14:39:05,001 [INFO] ApplicationProperties:184 - Using Application install path: C:\ST\STM32CubeIDE_1.14.0\STM32CubeIDE\plugins\com.st.stm32cube.common.mx_6.10.0.202311202037
2023-12-21 14:39:05,505 [INFO] MainUpdater:2873 - connection check result : 10
2023-12-21 14:39:05,506 [INFO] MainUpdater:3567 - Updater definition file requires update
2023-12-21 14:39:05,506 [INFO] MainUpdater:290 - Updater Check For Update Now.
2023-12-21 14:39:05,506 [INFO] MicroXplorer:498 - Change Database Version : DB.6.0.100
2023-12-21 14:39:05,518 [INFO] McuFinderGlobals:63 - Set McuFinder mode to 2 (CubeIDE integrated)
2023-12-21 14:39:05,518 [INFO] UserAuth:180 - activating auth plugin
2023-12-21 14:39:05,520 [INFO] UserAuth:404 - Internet connection configuration mode: 1
2023-12-21 14:39:05,539 [INFO] JxBrowserEngine:152 - Initiate JxBrowser Engine with user profile folder
2023-12-21 14:39:05,547 [INFO] McuFinderGlobals:63 - Set McuFinder mode to 2 (CubeIDE integrated)
2023-12-21 14:39:05,713 [INFO] ServerAccessManage:473 - Download File updaters.zip
2023-12-21 14:39:05,793 [INFO] FileExtend:240 - Unzip File : updaters.zip
2023-12-21 14:39:05,793 [INFO] FileExtend:255 - Standard Zip Deflate
2023-12-21 14:39:05,993 [WARN] MainUpdater:1194 - Updater busy. Cannot search thirdparties
2023-12-21 14:39:05,993 [INFO] ThirdPartyUpdaterWithRetryManager:96 - Updater plugin is busy. [1/15]
2023-12-21 14:39:06,118 [INFO] ServerAccessManage:473 - Download File PacksControlFlags.xml
2023-12-21 14:39:06,237 [INFO] ServerAccessManage:473 - Download File cubemx.pidx
2023-12-21 14:39:06,849 [INFO] ServerAccessManage:473 - Download File STMicroelectronics.X-CUBE-TOUCHGFX.pdsc
2023-12-21 14:39:08,014 [INFO] WebApp:161 - Instantiating new browser for Auth
2023-12-21 14:39:08,519 [INFO] WebApp:780 - Register for checkConnection events
2023-12-21 14:39:08,521 [INFO] WebApp:414 - Apply proxy settings
2023-12-21 14:39:08,521 [INFO] WebApp:499 - Chromium requires no authentication
2023-12-21 14:39:08,529 [INFO] WebApp:442 - Direct internet connection detected
2023-12-21 14:39:08,674 [INFO] WebApp:192 - Starting web application
2023-12-21 14:39:08,674 [INFO] WebApp:544 - Web application path used C:\ST\STM32CubeIDE_1.14.0\STM32CubeIDE\plugins\com.st.stm32cube.common.mx_6.10.0.202311202037\db\plugins\mcufinder\reactClient1\index.html
2023-12-21 14:39:08,995 [WARN] MainUpdater:1194 - Updater busy. Cannot search thirdparties
2023-12-21 14:39:08,995 [INFO] ThirdPartyUpdaterWithRetryManager:96 - Updater plugin is busy. [2/15]
2023-12-21 14:39:11,259 [ERROR] ServerAccessManage:1096 - Problem, Http access forbiden
2023-12-21 14:39:11,260 [ERROR] ServerAccessManage:651 - Problem, Http access forbiden : RoweBots.I-CUBE-UNISONRTOS.pdsc.
2023-12-21 14:39:11,380 [WARN] PackLoader:240 - Cannot read IP mode file for STMicroelectronics.X-CUBE-TOUCHGFX.4.23.0
2023-12-21 14:39:11,381 [INFO] PopulateThirdPartyThread:66 - Ending populate Thread
2023-12-21 14:39:11,382 [INFO] ThirdParty:1030 - CMSIS Pack Vendor :STMicroelectronics X-CUBE-TOUCHGFX 4.23.0
2023-12-21 14:39:11,382 [INFO] LoadServerUpdatesThread:375 - End of LoadServerUpdate Thread
2023-12-21 14:39:11,494 [INFO] CheckServerUpdateThread:120 - End of CheckServer Thread
2023-12-21 14:39:11,582 [INFO] MainUpdater:2873 - connection check result : 10
2023-12-21 14:39:11,598 [INFO] McuFinderGlobals:76 - Set McuFinderConnectedMode to true
2023-12-21 14:39:11,819 [INFO] ServerAccessManage:473 - Download File mcusAds.json._tmp_
2023-12-21 14:39:11,929 [INFO] LoadUrlFilesThread:156 - End of LoadUrlFiles Thread
2023-12-21 14:39:11,996 [WARN] MainUpdater:1194 - Updater busy. Cannot search thirdparties
2023-12-21 14:39:11,996 [INFO] ThirdPartyUpdaterWithRetryManager:96 - Updater plugin is busy. [3/15]
2023-12-21 14:39:12,153 [INFO] ServerAccessManage:473 - Download File cube-finder-db.zip
2023-12-21 14:39:13,611 [INFO] FileExtend:240 - Unzip File : cube-finder-db.zip
2023-12-21 14:39:13,612 [INFO] FileExtend:255 - Standard Zip Deflate
2023-12-21 14:39:14,143 [INFO] LoadUrlFilesThread:156 - End of LoadUrlFiles Thread
2023-12-21 14:39:15,110 [WARN] PackLoader:240 - Cannot read IP mode file for STMicroelectronics.X-CUBE-SMBUS.2.1.0
2023-12-21 14:39:15,112 [WARN] PackLoader:240 - Cannot read IP mode file for STMicroelectronics.X-CUBE-TOUCHGFX.4.23.0
2023-12-21 14:39:15,137 [WARN] PackLoader:240 - Cannot read IP mode file for STMicroelectronics.X-CUBE-AZRTOS-F7.1.1.0
2023-12-21 14:39:15,150 [WARN] PackLoader:240 - Cannot read IP mode file for STMicroelectronics.FP-SNS-MOTENV1.4.3.2
2023-12-21 14:39:15,160 [ERROR] RealEvaluatedCondition:428 - Found unsupported composite condition: CLASS='Data Exchange' GROUP='STM32_MetaDataManager'
2023-12-21 14:39:15,160 [ERROR] RealEvaluatedCondition:428 - Found unsupported composite condition: CLASS='Data Exchange' GROUP='STM32_MetaDataManager'
2023-12-21 14:39:15,161 [WARN] PackLoader:240 - Cannot read IP mode file for STMicroelectronics.FP-SNS-MOTENV1.4.3.1
2023-12-21 14:39:15,172 [WARN] PackLoader:240 - Cannot read IP mode file for STMicroelectronics.FP-SNS-FLIGHT1.5.0.1
2023-12-21 14:39:15,184 [WARN] PackLoader:240 - Cannot read IP mode file for STMicroelectronics.X-CUBE-BLE1.6.2.4
2023-12-21 14:39:15,188 [WARN] PackLoader:240 - Cannot read IP mode file for STMicroelectronics.FP-SNS-FLIGHT1.5.0.2
2023-12-21 14:39:15,202 [WARN] PackLoader:240 - Cannot read IP mode file for STMicroelectronics.X-CUBE-DISPLAY.3.0.0
2023-12-21 14:39:15,213 [WARN] PackLoader:240 - Cannot read IP mode file for STMicroelectronics.X-CUBE-BLE1.7.0.0
2023-12-21 14:39:15,221 [WARN] PackLoader:240 - Cannot read IP mode file for STMicroelectronics.X-CUBE-TOUCHGFX.4.22.0
2023-12-21 14:39:15,228 [WARN] PackLoader:240 - Cannot read IP mode file for STMicroelectronics.X-CUBE-TOUCHGFX.4.22.1
2023-12-21 14:39:15,236 [WARN] PackLoader:240 - Cannot read IP mode file for STMicroelectronics.FP-SNS-SMARTAG2.1.2.0
2023-12-21 14:39:15,250 [INFO] LogOutputStream:77 - [STDOUT_REDIRECT] 1 : Invalid condition id : UX_CORESTACK_Condition cause : null
2023-12-21 14:39:15,251 [INFO] LogOutputStream:77 - [STDOUT_REDIRECT] 1 : Invalid condition id : UX_CORESTACK_Condition cause : null
2023-12-21 14:39:15,251 [INFO] LogOutputStream:77 - [STDOUT_REDIRECT] 1 : Invalid condition id : UX_CORESTACK_Condition cause : null
2023-12-21 14:39:15,252 [INFO] LogOutputStream:77 - [STDOUT_REDIRECT] 1 : Invalid condition id : UX_CORESTACK_Condition cause : null
2023-12-21 14:39:15,252 [INFO] LogOutputStream:77 - [STDOUT_REDIRECT] 1 : Invalid condition id : UX_CORESTACK_Condition cause : null
2023-12-21 14:39:15,254 [WARN] PackLoader:240 - Cannot read IP mode file for STMicroelectronics.X-CUBE-AZRTOS-WL.2.0.0
2023-12-21 14:39:15,264 [WARN] PackLoader:240 - Cannot read IP mode file for WES.I-CUBE-Cesium.1.3.0
2023-12-21 14:39:15,273 [WARN] PackLoader:240 - Cannot read IP mode file for STMicroelectronics.X-CUBE-BLE2.3.3.0
2023-12-21 14:39:15,280 [WARN] PackLoader:240 - Cannot read IP mode file for STMicroelectronics.X-CUBE-TOUCHGFX.4.21.4
2023-12-21 14:39:15,290 [WARN] PackLoader:240 - Cannot read IP mode file for STMicroelectronics.X-CUBE-ALGOBUILD.1.3.0
2023-12-21 14:39:15,310 [WARN] PackLoader:240 - Cannot read IP mode file for STMicroelectronics.X-CUBE-AZRTOS-G0.1.1.0
2023-12-21 14:39:15,322 [WARN] PackLoader:240 - Cannot read IP mode file for STMicroelectronics.X-CUBE-NFC4.3.0.0
2023-12-21 14:39:15,335 [WARN] PackLoader:240 - Cannot read IP mode file for STMicroelectronics.X-CUBE-BLEMGR.3.0.0
2023-12-21 14:39:15,340 [WARN] PackLoader:240 - Cannot read IP mode file for STMicroelectronics.FP-ATR-SIGFOX1.3.2.0
2023-12-21 14:39:15,366 [WARN] PackLoader:240 - Cannot read IP mode file for SEGGER.I-CUBE-embOS.1.3.1
2023-12-21 14:39:15,398 [WARN] PackLoader:240 - Cannot read IP mode file for STMicroelectronics.X-CUBE-GNSS1.6.0.0
2023-12-21 14:39:15,421 [WARN] PackLoader:240 - Cannot read IP mode file for STMicroelectronics.X-CUBE-AZRTOS-F4.1.1.0
2023-12-21 14:39:15,432 [WARN] PackLoader:240 - Cannot read IP mode file for wolfSSL.I-CUBE-wolfSSL.5.6.0
2023-12-21 14:39:15,456 [WARN] PackLoader:240 - Cannot read IP mode file for STMicroelectronics.X-CUBE-AZRTOS-L5.2.0.0
2023-12-21 14:39:15,496 [WARN] PackLoader:240 - Cannot read IP mode file for STMicroelectronics.X-CUBE-MEMS1.9.6.0
2023-12-21 14:39:15,601 [WARN] PackLoader:240 - Cannot read IP mode file for STMicroelectronics.X-CUBE-EEPRMA1.4.2.0
2023-12-21 14:39:15,614 [WARN] PackLoader:240 - Cannot read IP mode file for ITTIA_DB.I-CUBE-ITTIADB.8.8.0
2023-12-21 14:39:15,625 [WARN] PackLoader:240 - Cannot read IP mode file for emotas.I-CUBE-CANOPEN.1.1.3
2023-12-21 14:39:15,637 [WARN] PackLoader:240 - Cannot read IP mode file for STMicroelectronics.X-CUBE-BLEMGR.2.0.0
2023-12-21 14:39:15,663 [WARN] ConditionMgr:438 - getConditionDescription Invalid condition id : UX DEVICE CLASS RTOS Condition cause : null
2023-12-21 14:39:15,663 [WARN] ConditionMgr:438 - getConditionDescription Invalid condition id : UX DEVICE CLASS RTOS Condition cause : null
2023-12-21 14:39:15,666 [WARN] PackLoader:240 - Cannot read IP mode file for STMicroelectronics.X-CUBE-AZRTOS-H7.3.1.0
2023-12-21 14:39:15,667 [WARN] ConditionMgr:1039 - genDependencies : Invalid condition id : UX DEVICE CLASS RTOS Condition cause : null
2023-12-21 14:39:15,667 [WARN] ConditionMgr:1039 - genDependencies : Invalid condition id : UX DEVICE CLASS RTOS Condition cause : null
2023-12-21 14:39:15,667 [WARN] ConditionMgr:1039 - genDependencies : Invalid condition id : UX DEVICE CLASS RTOS Condition cause : null
2023-12-21 14:39:15,668 [WARN] ConditionMgr:1039 - genDependencies : Invalid condition id : UX DEVICE CLASS RTOS Condition cause : null
2023-12-21 14:39:15,668 [WARN] ConditionMgr:1039 - genDependencies : Invalid condition id : UX DEVICE CLASS RTOS Condition cause : null
2023-12-21 14:39:15,680 [WARN] PackLoader:240 - Cannot read IP mode file for STMicroelectronics.X-CUBE-NFC7.1.0.1
2023-12-21 14:39:15,690 [WARN] PackLoader:240 - Cannot read IP mode file for STMicroelectronics.X-CUBE-NFC7.1.0.0
2023-12-21 14:39:15,703 [WARN] PackLoader:240 - Cannot read IP mode file for STMicroelectronics.X-CUBE-NFC6.3.0.0
2023-12-21 14:39:15,714 [WARN] PackLoader:240 - Cannot read IP mode file for STMicroelectronics.X-CUBE-EEPRMA1.4.1.0
2023-12-21 14:39:15,727 [WARN] PackLoader:240 - Cannot read IP mode file for STMicroelectronics.X-CUBE-AI.8.1.0
2023-12-21 14:39:15,749 [WARN] ConditionMgr:438 - getConditionDescription Invalid condition id : LAN8742 Phy interface Condition cause : null
2023-12-21 14:39:15,749 [WARN] PackLoader:240 - Cannot read IP mode file for STMicroelectronics.X-CUBE-AZRTOS-L4.2.0.0
2023-12-21 14:39:15,750 [WARN] ConditionMgr:1039 - genDependencies : Invalid condition id : LAN8742 Phy interface Condition cause : null
2023-12-21 14:39:15,750 [WARN] ConditionMgr:1039 - genDependencies : Invalid condition id : LAN8742 Phy interface Condition cause : null
2023-12-21 14:39:15,750 [WARN] ConditionMgr:1039 - genDependencies : Invalid condition id : LAN8742 Phy interface Condition cause : null
2023-12-21 14:39:15,763 [WARN] PackLoader:240 - Cannot read IP mode file for STMicroelectronics.X-CUBE-SFXS2LP1.4.0.0
2023-12-21 14:39:15,774 [WARN] PackLoader:240 - Cannot read IP mode file for STMicroelectronics.X-CUBE-ISPU.1.1.0
2023-12-21 14:39:15,793 [WARN] ConditionMgr:438 - getConditionDescription Invalid condition id : UX DEVICE CLASS RTOS Condition cause : null
2023-12-21 14:39:15,794 [WARN] ConditionMgr:438 - getConditionDescription Invalid condition id : UX DEVICE CLASS RTOS Condition cause : null
2023-12-21 14:39:15,795 [WARN] PackLoader:240 - Cannot read IP mode file for STMicroelectronics.X-CUBE-AZRTOS-WB.2.0.0
2023-12-21 14:39:15,795 [WARN] ConditionMgr:1039 - genDependencies : Invalid condition id : UX DEVICE CLASS RTOS Condition cause : null
2023-12-21 14:39:15,795 [WARN] ConditionMgr:1039 - genDependencies : Invalid condition id : UX DEVICE CLASS RTOS Condition cause : null
2023-12-21 14:39:15,796 [WARN] ConditionMgr:1039 - genDependencies : Invalid condition id : UX DEVICE CLASS RTOS Condition cause : null
2023-12-21 14:39:15,796 [WARN] ConditionMgr:1039 - genDependencies : Invalid condition id : UX DEVICE CLASS RTOS Condition cause : null
2023-12-21 14:39:15,796 [WARN] ConditionMgr:1039 - genDependencies : Invalid condition id : UX DEVICE CLASS RTOS Condition cause : null
2023-12-21 14:39:15,807 [WARN] PackLoader:240 - Cannot read IP mode file for STMicroelectronics.X-CUBE-FREERTOS.1.0.1
2023-12-21 14:39:15,834 [WARN] PackLoader:240 - Cannot read IP mode file for STMicroelectronics.X-CUBE-AZRTOS-L5.1.1.0
2023-12-21 14:39:15,847 [WARN] PackLoader:240 - Cannot read IP mode file for STMicroelectronics.X-CUBE-AI.8.0.1
2023-12-21 14:39:15,863 [WARN] PackLoader:240 - Cannot read IP mode file for STMicroelectronics.X-CUBE-SUBG2.5.0.0
2023-12-21 14:39:15,883 [WARN] PackLoader:240 - Cannot read IP mode file for STMicroelectronics.X-CUBE-TOF1.3.3.1
2023-12-21 14:39:15,915 [WARN] PackLoader:240 - Cannot read IP mode file for STMicroelectronics.X-CUBE-AZRTOS-G4.2.0.0
2023-12-21 14:39:15,935 [WARN] PackLoader:240 - Cannot read IP mode file for STMicroelectronics.X-CUBE-TOF1.3.3.0
2023-12-21 14:39:15,962 [WARN] PackLoader:240 - Cannot read IP mode file for Infineon.AIROC-Wi-Fi-Bluetooth-STM32.1.5.1
2023-12-21 14:39:15,979 [WARN] PackLoader:240 - Cannot read IP mode file for STMicroelectronics.FP-SNS-MOTENVWB1.1.3.0
2023-12-21 14:39:15,983 [WARN] PackLoader:240 - Cannot read IP mode file for STMicroelectronics.FP-SNS-MOTENVWB1.1.3.1
2023-12-21 14:39:15,994 [WARN] PackLoader:240 - Cannot read IP mode file for STMicroelectronics.X-CUBE-ISPU.2.0.0
2023-12-21 14:39:16,034 [WARN] PackLoader:240 - Cannot read IP mode file for STMicroelectronics.X-CUBE-MEMS1.10.0.0
2023-12-21 14:39:16,105 [WARN] PackLoader:240 - Cannot read IP mode file for STMicroelectronics.X-CUBE-FREERTOS.1.1.0
2023-12-21 14:39:16,117 [WARN] PackLoader:240 - Cannot read IP mode file for portGmbH.I-Cube-SoM-uGOAL.1.1.0
2023-12-21 14:39:16,129 [WARN] PackLoader:240 - Cannot read IP mode file for STMicroelectronics.X-CUBE-ALS.1.0.1
2023-12-21 14:39:16,149 [WARN] PackLoader:240 - Cannot read IP mode file for STMicroelectronics.X-CUBE-AZRTOS-WB.1.1.0
2023-12-21 14:39:16,154 [WARN] PackLoader:240 - Cannot read IP mode file for STMicroelectronics.FP-ATR-ASTRA1.2.0.0
2023-12-21 14:39:16,168 [WARN] PackLoader:240 - Cannot read IP mode file for STMicroelectronics.X-CUBE-TOF1.3.4.0
2023-12-21 14:39:16,196 [WARN] PackLoader:240 - Cannot read IP mode file for STMicroelectronics.X-CUBE-AZRTOS-H7.3.2.0
2023-12-21 14:39:16,198 [INFO] ThirdParty:978 - Integrity check success = true
2023-12-21 14:39:16,198 [INFO] IntegrityCheckThread:100 - exiting critical section [integrity check]
2023-12-21 14:39:16,198 [INFO] IntegrityCheckThread:103 - End integrity checks thread
2023-12-21 14:39:17,207 [INFO] ServerAccessManage:473 - Download File crdb.zip
2023-12-21 14:39:18,660 [INFO] FileExtend:240 - Unzip File : crdb.zip
2023-12-21 14:39:18,660 [INFO] FileExtend:255 - Standard Zip Deflate
2023-12-21 14:39:18,786 [INFO] LoadUrlFilesThread:156 - End of LoadUrlFiles Thread
2023-12-21 14:39:19,183 [INFO] ServerAccessManage:473 - Download File tutoVideoDB.zip
2023-12-21 14:39:19,217 [INFO] FileExtend:240 - Unzip File : tutoVideoDB.zip
2023-12-21 14:39:19,217 [INFO] FileExtend:255 - Standard Zip Deflate
2023-12-21 14:39:19,332 [INFO] LoadUrlFilesThread:156 - End of LoadUrlFiles Thread
2023-12-21 14:39:19,334 [WARN] DbFile:41 - Overriding database path with different value: C:\Users\pc\.stmcufinder\plugins\mcufinder/ => C:\Users\pc\.stmcufinder\plugins\mcufinder
2023-12-21 14:39:19,524 [INFO] ServerAccessManage:473 - Download File api_config.json
2023-12-21 14:39:19,631 [INFO] LoadUrlFilesThread:156 - End of LoadUrlFiles Thread
2023-12-21 14:39:19,632 [INFO] DbMcusAds:53 - JSON generation date=Wed Nov 29 17:52:27 ICT 2023 (1701255147349)
2023-12-21 14:39:19,645 [INFO] LoadUrlFilesThread:185 - End of LoadServerUrlFiles without Thread
2023-12-21 14:39:19,645 [INFO] TargetSelectorAdapter:259 - Refresh data is successful
2023-12-21 14:39:19,741 [INFO] ApiDb:581 - Connected to CubeFinder SQLite database (C:\Users\pc\.stmcufinder\plugins\mcufinder\mcu\cube-finder-db.db)
2023-12-21 14:39:19,784 [INFO] ApiDb:668 - CubeFinder database Data Model version=2.1
2023-12-21 14:39:19,784 [INFO] ApiDb:669 - CubeFinder database Configuration version=3.0.39
2023-12-21 14:39:19,784 [INFO] ApiDb:670 - CubeFinder database generation date=2023-11-06 (1699269565)
2023-12-21 14:39:19,784 [INFO] ApiDb:671 - CubeFinder database FW Pack versions=[FP-ATR-ASTRA1_V2.0.0, FP-SNS-FLIGHT1_V5.0.1, FP-SNS-FLIGHT1_V5.0.2, FP-SNS-MOTENV1_V4.3.1, FP-SNS-MOTENV1_V4.3.2, FP-SNS-MOTENVWB1_V1.3.0, FP-SNS-SMARTAG2_V1.2.0, STM32Cube_FW_C0_V1.1.0, STM32Cube_FW_F4_V1.28.0, STM32Cube_FW_F7_V1.17.0, STM32Cube_FW_G0_V1.6.1, STM32Cube_FW_G4_V1.5.1, STM32Cube_FW_H5_V0.5.1, STM32Cube_FW_H5_V1.1.1, STM32Cube_FW_H5_V1.2.0RC2, STM32Cube_FW_H7_V1.11.0, STM32Cube_FW_L0_V1.12.2, STM32Cube_FW_L5_V1.5.0, STM32Cube_FW_U5_V1.3.0RC4, STM32Cube_FW_U5_V1.4.0, STM32Cube_FW_WBA_V1.0.0RC1, STM32Cube_FW_WBA_V1.1.0RC1, STM32Cube_FW_WBA_V1.2.0, STM32Cube_FW_WBA_V1.2.0RC2, STM32Cube_FW_WB_V1.15.0RC1, STM32Cube_FW_WB_V1.16.0, STM32Cube_FW_WB_V1.16.0RC2, STM32Cube_FW_WB_V1.18.0, STM32Cube_FW_WL_V1.3.0, X-CUBE-ALGOBUILD_V1.3.0, X-CUBE-ALS_V1.0.1, X-CUBE-AZRTOS-F4_V1.1.0, X-CUBE-AZRTOS-F7_V1.1.0, X-CUBE-AZRTOS-G0_V1.1.0, X-CUBE-AZRTOS-G4_V2.0.0, X-CUBE-AZRTOS-H7_V3.1.0, X-CUBE-AZRTOS-L4_V1.0.0, X-CUBE-AZRTOS-L4_V2.0.0, X-CUBE-AZRTOS-L5_V1.1.0, X-CUBE-AZRTOS-WB_V2.0.0, X-CUBE-AZRTOS-WL_V2.0.0, X-CUBE-BLE1_V7.0.0, X-CUBE-BLE2_V3.3.0, X-CUBE-BLEMGR_V2.0.0, X-CUBE-EEPRMA1_V4.1.0, X-CUBE-EEPRMA1_V4.2.0, X-CUBE-FREERTOS_V1.1.0, X-CUBE-GNSS1_V6.0.0, X-CUBE-MEMS1_V10.0.0, X-CUBE-MEMS1_V9.1.0, X-CUBE-MEMS1_V9.4.0, X-CUBE-MEMS1_V9.6.0, X-CUBE-NFC4_V3.0.0, X-CUBE-NFC7_V1.0.1, X-CUBE-SFXS2LP1_V4.0.0, X-CUBE-SUBG2_V5.0.0, X-CUBE-TOF1_V3.3.1]
2023-12-21 14:39:20,932 [INFO] ApiDb:240 - Found 371 in-development CPN: [B-G473E-ZEST1S, B-WB1M-WPAN1, B-WL5M-SUBG1, NUCLEO-C031C6, NUCLEO-H503RB, NUCLEO-H563ZI, NUCLEO-U545RE-Q, NUCLEO-U5A5ZJ-Q, NUCLEO-WBA52CG, NUCLEO-WBA55CG, STEVAL-MKBOXPRO, STEVAL-PROTEUS1, STEVAL-STWINBX1, STM320518-EVAL, STM32C0116-DK, STM32C011D6Y3TR, STM32C011D6Y6TR, STM32C011F4P3, STM32C011F4P6, STM32C011F4U3, STM32C011F4U6TR, STM32C011F6P3, STM32C011F6P6, STM32C011F6U3, STM32C011F6U6TR, STM32C011J4M3, STM32C011J4M6, STM32C011J6M3, STM32C011J6M6, STM32C0316-DK, STM32C031C4T3, STM32C031C4T6, STM32C031C4U3, STM32C031C4U6, STM32C031C6T3, STM32C031C6T6, STM32C031C6U3, STM32C031C6U6, STM32C031F4P3, STM32C031F4P6, STM32C031F6P3, STM32C031F6P6, STM32C031G4U3, STM32C031G4U6, STM32C031G6U3, STM32C031G6U6, STM32C031K4T3, STM32C031K4T6, STM32C031K4U3, STM32C031K4U6, STM32C031K6T3, STM32C031K6T6, STM32C031K6U3, STM32C031K6U6, STM32G071K8TXN, STM32G071K8UXN, STM32G081GBU6N, STM32G081KBT6N, STM32G081KBUXN, STM32G0B1CCT6N, STM32G0B1KCT6, STM32G0B1NEY6TR, STM32G0B1RCT6N, STM32G0C1CCT6, STM32G0C1CCT6N, STM32G0C1CCU6N, STM32G0C1CET6N, STM32G0C1CEU6N, STM32G0C1KCT6, STM32G0C1NEY6TR, STM32G0C1RCI6N, STM32G0C1RCT6N, STM32G0C1REI6N, STM32G0C1RET6N, STM32G0C1VCI6, STM32G0C1VEI6, STM32G471CCT6, STM32G471CCU6, STM32G471CET3, STM32G471CET6, STM32G471CEU3, STM32G471CEU6, STM32G471MCT6, STM32G471MET3, STM32G471MET6, STM32G471MEY6TR, STM32G471QCT6, STM32G471QET3, STM32G471RCT6, STM32G471RET3, STM32G471RET6, STM32G471VCH6, STM32G471VCI6, STM32G471VCT6, STM32G471VEH3, STM32G471VEH6, STM32G471VEI3, STM32G471VEI6, STM32G471VET3, STM32G471VET6, STM32G474CCT6, STM32H503CBT6, STM32H503CBU6, STM32H503EBY6TR, STM32H503KBU6, STM32H503RBT6, STM32H562AGI6, STM32H562AII6, STM32H562IGK6, STM32H562IGT6, STM32H562IIK6, STM32H562IIT6, STM32H562RGT6, STM32H562RGV6, STM32H562RIT6, STM32H562RIV6, STM32H562VGT6, STM32H562VIT6, STM32H562ZGT6, STM32H562ZIT6, STM32H563AGI6, STM32H563AII3Q, STM32H563AII6, STM32H563IGK6, STM32H563IGT6, STM32H563IIK3Q, STM32H563IIK6, STM32H563IIT3Q, STM32H563IIT6, STM32H563MIY3QTR, STM32H563RGT6, STM32H563RGV6, STM32H563RIT6, STM32H563RIV6, STM32H563VGT6, STM32H563VIT3Q, STM32H563VIT6, STM32H563ZGT6, STM32H563ZIT3Q, STM32H563ZIT6, STM32H573AII3Q, STM32H573AII6, STM32H573I-DK, STM32H573IIK3Q, STM32H573IIK6, STM32H573IIT3Q, STM32H573IIT6, STM32H573MIY3QTR, STM32H573RIT6, STM32H573RIV6, STM32H573VIT3Q, STM32H573VIT6, STM32H573ZIT3Q, STM32H573ZIT6, STM32L4R5QGI6STR, STM32MP131AAE3, STM32MP131AAF3, STM32MP131AAG3, STM32MP131CAE3, STM32MP131CAF3, STM32MP131CAG3, STM32MP131DAE7, STM32MP131DAF7, STM32MP131DAG7, STM32MP131FAE7, STM32MP131FAF7, STM32MP131FAG7, STM32MP133AAE3, STM32MP133AAF3, STM32MP133AAG3, STM32MP133CAE3, STM32MP133CAF3, STM32MP133CAG3, STM32MP133DAE7, STM32MP133DAF7, STM32MP133DAG7, STM32MP133FAE7, STM32MP133FAF7, STM32MP133FAG7, STM32MP135AAE3, STM32MP135AAF3, STM32MP135AAG3, STM32MP135CAE3, STM32MP135CAF3, STM32MP135CAG3, STM32MP135DAE7, STM32MP135DAF7, STM32MP135DAG7, STM32MP135F-DK, STM32MP135FAE7, STM32MP135FAF7, STM32MP135FAF7T, STM32MP135FAF7U, STM32MP135FAG7, STM32U535CBT6, STM32U535CBT6Q, STM32U535CBU6, STM32U535CBU6Q, STM32U535CCT6, STM32U535CCT6Q, STM32U535CCU6, STM32U535CCU6Q, STM32U535CET6, STM32U535CET6Q, STM32U535CEU6, STM32U535CEU6Q, STM32U535JEY6QTR, STM32U535NCY6QTR, STM32U535NEY6QTR, STM32U535RBI6, STM32U535RBI6Q, STM32U535RBT6, STM32U535RBT6Q, STM32U535RCI6, STM32U535RCI6Q, STM32U535RCT6, STM32U535RCT6Q, STM32U535REI6, STM32U535REI6Q, STM32U535RET6, STM32U535RET6Q, STM32U535VCI6, STM32U535VCI6Q, STM32U535VCT6, STM32U535VCT6Q, STM32U535VEI6, STM32U535VEI6Q, STM32U535VET6, STM32U535VET6Q, STM32U545CET6, STM32U545CET6Q, STM32U545CEU6, STM32U545CEU6Q, STM32U545JEY6QTR, STM32U545NEY6QTR, STM32U545REI6, STM32U545REI6Q, STM32U545RET6, STM32U545RET6Q, STM32U545VEI6, STM32U545VEI6Q, STM32U545VET6, STM32U545VET6Q, STM32U595AIH6, STM32U595AIH6Q, STM32U595AJH6, STM32U595AJH6Q, STM32U595QII6, STM32U595QII6Q, STM32U595QJI6, STM32U595QJI6Q, STM32U595RIT6, STM32U595RIT6Q, STM32U595RJT6, STM32U595RJT6Q, STM32U595VIT6, STM32U595VIT6Q, STM32U595VJT6, STM32U595VJT6Q, STM32U595ZIT6, STM32U595ZIT6Q, STM32U595ZIY6QTR, STM32U595ZJT6, STM32U595ZJT6Q, STM32U595ZJY6QTR, STM32U599BJY6QTR, STM32U599NIH6Q, STM32U599NJH6Q, STM32U599VIT6Q, STM32U599VJT6, STM32U599VJT6Q, STM32U599ZIT6Q, STM32U599ZIY6QTR, STM32U599ZJT6Q, STM32U599ZJY6QTR, STM32U5A5AJH6, STM32U5A5AJH6Q, STM32U5A5QJI6, STM32U5A5QJI6Q, STM32U5A5RJT6, STM32U5A5RJT6Q, STM32U5A5VJT6, STM32U5A5VJT6Q, STM32U5A5ZJT6, STM32U5A5ZJT6Q, STM32U5A5ZJY6QTR, STM32U5A9BJY6QTR, STM32U5A9J-DK, STM32U5A9NJH6Q, STM32U5A9VJT6Q, STM32U5A9ZJT6Q, STM32U5A9ZJY6QTR, STM32U5F7VIT6, STM32U5F7VIT6Q, STM32U5F7VJT6, STM32U5F7VJT6Q, STM32U5F9BJY6QTR, STM32U5F9NJH6Q, STM32U5F9VIT6Q, STM32U5F9VJT6Q, STM32U5F9ZIJ6QTR, STM32U5F9ZIT6Q, STM32U5F9ZJJ6QTR, STM32U5F9ZJT6Q, STM32U5G7VJT6, STM32U5G7VJT6Q, STM32U5G9BJY6QTR, STM32U5G9J-DK1, STM32U5G9J-DK2, STM32U5G9NJH6Q, STM32U5G9VJT6Q, STM32U5G9ZJJ6QTR, STM32U5G9ZJT6Q, STM32WB1MMCH6, STM32WBA50KEU6, STM32WBA50KEU6TR, STM32WBA50KGU6, STM32WBA50KGU6TR, STM32WBA52CEU6, STM32WBA52CEU6TR, STM32WBA52CEU7, STM32WBA52CEU7TR, STM32WBA52CGU6, STM32WBA52CGU6TR, STM32WBA52CGU6U, STM32WBA52CGU7, STM32WBA52CGU7TR, STM32WBA52KEU6, STM32WBA52KEU6TR, STM32WBA52KGU6, STM32WBA52KGU6TR, STM32WBA54CEU6, STM32WBA54CEU6TR, STM32WBA54CEU7, STM32WBA54CEU7TR, STM32WBA54CGU6, STM32WBA54CGU6TR, STM32WBA54CGU7, STM32WBA54CGU7TR, STM32WBA54KEU6, STM32WBA54KEU6TR, STM32WBA54KEU7, STM32WBA54KEU7TR, STM32WBA54KGU6, STM32WBA54KGU6TR, STM32WBA54KGU7, STM32WBA54KGU7TR, STM32WBA55CEU6, STM32WBA55CEU6TR, STM32WBA55CEU7, STM32WBA55CEU7TR, STM32WBA55CGU6, STM32WBA55CGU6TR, STM32WBA55CGU6U, STM32WBA55CGU7, STM32WBA55CGU7TR, STM32WBA55G-DK1, STM32WBA55HEF6, STM32WBA55HEF7, STM32WBA55HGF6, STM32WBA55HGF7, STM32WBA55UEI6, STM32WBA55UEI6TR, STM32WBA55UEI7, STM32WBA55UEI7TR, STM32WBA55UGI6, STM32WBA55UGI6TR, STM32WBA55UGI7, STM32WBA55UGI7TR, STM32WL5MOCH6, STM32WL5MOCH6TR]
2023-12-21 14:39:20,937 [INFO] DbMcus:218 - Found 3930 MCUs, 3930 are supported
2023-12-21 14:39:20,938 [INFO] ApiDb:423 - Load user favorites file C:\Users\pc/.stm32cubeide/favorites.mcus.txt: 0 item(s)
2023-12-21 14:39:20,938 [INFO] ApiDb:427 - User favorites MCUs=[]
2023-12-21 14:39:20,938 [INFO] DbMcus:224 - Set 0 / 0 favorites MCUs
2023-12-21 14:39:21,102 [INFO] ApiDb:668 - CubeFinder database Data Model version=2.1
2023-12-21 14:39:21,102 [INFO] ApiDb:669 - CubeFinder database Configuration version=3.0.39
2023-12-21 14:39:21,102 [INFO] ApiDb:670 - CubeFinder database generation date=2023-11-06 (1699269565)
2023-12-21 14:39:21,102 [INFO] ApiDb:671 - CubeFinder database FW Pack versions=[FP-ATR-ASTRA1_V2.0.0, FP-SNS-FLIGHT1_V5.0.1, FP-SNS-FLIGHT1_V5.0.2, FP-SNS-MOTENV1_V4.3.1, FP-SNS-MOTENV1_V4.3.2, FP-SNS-MOTENVWB1_V1.3.0, FP-SNS-SMARTAG2_V1.2.0, STM32Cube_FW_C0_V1.1.0, STM32Cube_FW_F4_V1.28.0, STM32Cube_FW_F7_V1.17.0, STM32Cube_FW_G0_V1.6.1, STM32Cube_FW_G4_V1.5.1, STM32Cube_FW_H5_V0.5.1, STM32Cube_FW_H5_V1.1.1, STM32Cube_FW_H5_V1.2.0RC2, STM32Cube_FW_H7_V1.11.0, STM32Cube_FW_L0_V1.12.2, STM32Cube_FW_L5_V1.5.0, STM32Cube_FW_U5_V1.3.0RC4, STM32Cube_FW_U5_V1.4.0, STM32Cube_FW_WBA_V1.0.0RC1, STM32Cube_FW_WBA_V1.1.0RC1, STM32Cube_FW_WBA_V1.2.0, STM32Cube_FW_WBA_V1.2.0RC2, STM32Cube_FW_WB_V1.15.0RC1, STM32Cube_FW_WB_V1.16.0, STM32Cube_FW_WB_V1.16.0RC2, STM32Cube_FW_WB_V1.18.0, STM32Cube_FW_WL_V1.3.0, X-CUBE-ALGOBUILD_V1.3.0, X-CUBE-ALS_V1.0.1, X-CUBE-AZRTOS-F4_V1.1.0, X-CUBE-AZRTOS-F7_V1.1.0, X-CUBE-AZRTOS-G0_V1.1.0, X-CUBE-AZRTOS-G4_V2.0.0, X-CUBE-AZRTOS-H7_V3.1.0, X-CUBE-AZRTOS-L4_V1.0.0, X-CUBE-AZRTOS-L4_V2.0.0, X-CUBE-AZRTOS-L5_V1.1.0, X-CUBE-AZRTOS-WB_V2.0.0, X-CUBE-AZRTOS-WL_V2.0.0, X-CUBE-BLE1_V7.0.0, X-CUBE-BLE2_V3.3.0, X-CUBE-BLEMGR_V2.0.0, X-CUBE-EEPRMA1_V4.1.0, X-CUBE-EEPRMA1_V4.2.0, X-CUBE-FREERTOS_V1.1.0, X-CUBE-GNSS1_V6.0.0, X-CUBE-MEMS1_V10.0.0, X-CUBE-MEMS1_V9.1.0, X-CUBE-MEMS1_V9.4.0, X-CUBE-MEMS1_V9.6.0, X-CUBE-NFC4_V3.0.0, X-CUBE-NFC7_V1.0.1, X-CUBE-SFXS2LP1_V4.0.0, X-CUBE-SUBG2_V5.0.0, X-CUBE-TOF1_V3.3.1]
2023-12-21 14:39:21,138 [INFO] DbBoardsSqlite:226 - include board P-NUCLEO-WB55-NUCLEO as a kit item of type 'Nucleo-64'
2023-12-21 14:39:21,138 [INFO] DbBoardsSqlite:226 - include board P-NUCLEO-WB55-USBDONGLE as a kit item of type 'Nucleo USB Dongle'
2023-12-21 14:39:21,139 [INFO] DbBoardsSqlite:226 - include board STEVAL-IDP005V1 as a kit item of type 'Evaluation Board'
2023-12-21 14:39:21,139 [INFO] DbBoardsSqlite:226 - include board STEVAL-IDP005V2 as a kit item of type 'Evaluation Board'
2023-12-21 14:39:21,169 [INFO] ApiDb:240 - Found 371 in-development CPN: [B-G473E-ZEST1S, B-WB1M-WPAN1, B-WL5M-SUBG1, NUCLEO-C031C6, NUCLEO-H503RB, NUCLEO-H563ZI, NUCLEO-U545RE-Q, NUCLEO-U5A5ZJ-Q, NUCLEO-WBA52CG, NUCLEO-WBA55CG, STEVAL-MKBOXPRO, STEVAL-PROTEUS1, STEVAL-STWINBX1, STM320518-EVAL, STM32C0116-DK, STM32C011D6Y3TR, STM32C011D6Y6TR, STM32C011F4P3, STM32C011F4P6, STM32C011F4U3, STM32C011F4U6TR, STM32C011F6P3, STM32C011F6P6, STM32C011F6U3, STM32C011F6U6TR, STM32C011J4M3, STM32C011J4M6, STM32C011J6M3, STM32C011J6M6, STM32C0316-DK, STM32C031C4T3, STM32C031C4T6, STM32C031C4U3, STM32C031C4U6, STM32C031C6T3, STM32C031C6T6, STM32C031C6U3, STM32C031C6U6, STM32C031F4P3, STM32C031F4P6, STM32C031F6P3, STM32C031F6P6, STM32C031G4U3, STM32C031G4U6, STM32C031G6U3, STM32C031G6U6, STM32C031K4T3, STM32C031K4T6, STM32C031K4U3, STM32C031K4U6, STM32C031K6T3, STM32C031K6T6, STM32C031K6U3, STM32C031K6U6, STM32G071K8TXN, STM32G071K8UXN, STM32G081GBU6N, STM32G081KBT6N, STM32G081KBUXN, STM32G0B1CCT6N, STM32G0B1KCT6, STM32G0B1NEY6TR, STM32G0B1RCT6N, STM32G0C1CCT6, STM32G0C1CCT6N, STM32G0C1CCU6N, STM32G0C1CET6N, STM32G0C1CEU6N, STM32G0C1KCT6, STM32G0C1NEY6TR, STM32G0C1RCI6N, STM32G0C1RCT6N, STM32G0C1REI6N, STM32G0C1RET6N, STM32G0C1VCI6, STM32G0C1VEI6, STM32G471CCT6, STM32G471CCU6, STM32G471CET3, STM32G471CET6, STM32G471CEU3, STM32G471CEU6, STM32G471MCT6, STM32G471MET3, STM32G471MET6, STM32G471MEY6TR, STM32G471QCT6, STM32G471QET3, STM32G471RCT6, STM32G471RET3, STM32G471RET6, STM32G471VCH6, STM32G471VCI6, STM32G471VCT6, STM32G471VEH3, STM32G471VEH6, STM32G471VEI3, STM32G471VEI6, STM32G471VET3, STM32G471VET6, STM32G474CCT6, STM32H503CBT6, STM32H503CBU6, STM32H503EBY6TR, STM32H503KBU6, STM32H503RBT6, STM32H562AGI6, STM32H562AII6, STM32H562IGK6, STM32H562IGT6, STM32H562IIK6, STM32H562IIT6, STM32H562RGT6, STM32H562RGV6, STM32H562RIT6, STM32H562RIV6, STM32H562VGT6, STM32H562VIT6, STM32H562ZGT6, STM32H562ZIT6, STM32H563AGI6, STM32H563AII3Q, STM32H563AII6, STM32H563IGK6, STM32H563IGT6, STM32H563IIK3Q, STM32H563IIK6, STM32H563IIT3Q, STM32H563IIT6, STM32H563MIY3QTR, STM32H563RGT6, STM32H563RGV6, STM32H563RIT6, STM32H563RIV6, STM32H563VGT6, STM32H563VIT3Q, STM32H563VIT6, STM32H563ZGT6, STM32H563ZIT3Q, STM32H563ZIT6, STM32H573AII3Q, STM32H573AII6, STM32H573I-DK, STM32H573IIK3Q, STM32H573IIK6, STM32H573IIT3Q, STM32H573IIT6, STM32H573MIY3QTR, STM32H573RIT6, STM32H573RIV6, STM32H573VIT3Q, STM32H573VIT6, STM32H573ZIT3Q, STM32H573ZIT6, STM32L4R5QGI6STR, STM32MP131AAE3, STM32MP131AAF3, STM32MP131AAG3, STM32MP131CAE3, STM32MP131CAF3, STM32MP131CAG3, STM32MP131DAE7, STM32MP131DAF7, STM32MP131DAG7, STM32MP131FAE7, STM32MP131FAF7, STM32MP131FAG7, STM32MP133AAE3, STM32MP133AAF3, STM32MP133AAG3, STM32MP133CAE3, STM32MP133CAF3, STM32MP133CAG3, STM32MP133DAE7, STM32MP133DAF7, STM32MP133DAG7, STM32MP133FAE7, STM32MP133FAF7, STM32MP133FAG7, STM32MP135AAE3, STM32MP135AAF3, STM32MP135AAG3, STM32MP135CAE3, STM32MP135CAF3, STM32MP135CAG3, STM32MP135DAE7, STM32MP135DAF7, STM32MP135DAG7, STM32MP135F-DK, STM32MP135FAE7, STM32MP135FAF7, STM32MP135FAF7T, STM32MP135FAF7U, STM32MP135FAG7, STM32U535CBT6, STM32U535CBT6Q, STM32U535CBU6, STM32U535CBU6Q, STM32U535CCT6, STM32U535CCT6Q, STM32U535CCU6, STM32U535CCU6Q, STM32U535CET6, STM32U535CET6Q, STM32U535CEU6, STM32U535CEU6Q, STM32U535JEY6QTR, STM32U535NCY6QTR, STM32U535NEY6QTR, STM32U535RBI6, STM32U535RBI6Q, STM32U535RBT6, STM32U535RBT6Q, STM32U535RCI6, STM32U535RCI6Q, STM32U535RCT6, STM32U535RCT6Q, STM32U535REI6, STM32U535REI6Q, STM32U535RET6, STM32U535RET6Q, STM32U535VCI6, STM32U535VCI6Q, STM32U535VCT6, STM32U535VCT6Q, STM32U535VEI6, STM32U535VEI6Q, STM32U535VET6, STM32U535VET6Q, STM32U545CET6, STM32U545CET6Q, STM32U545CEU6, STM32U545CEU6Q, STM32U545JEY6QTR, STM32U545NEY6QTR, STM32U545REI6, STM32U545REI6Q, STM32U545RET6, STM32U545RET6Q, STM32U545VEI6, STM32U545VEI6Q, STM32U545VET6, STM32U545VET6Q, STM32U595AIH6, STM32U595AIH6Q, STM32U595AJH6, STM32U595AJH6Q, STM32U595QII6, STM32U595QII6Q, STM32U595QJI6, STM32U595QJI6Q, STM32U595RIT6, STM32U595RIT6Q, STM32U595RJT6, STM32U595RJT6Q, STM32U595VIT6, STM32U595VIT6Q, STM32U595VJT6, STM32U595VJT6Q, STM32U595ZIT6, STM32U595ZIT6Q, STM32U595ZIY6QTR, STM32U595ZJT6, STM32U595ZJT6Q, STM32U595ZJY6QTR, STM32U599BJY6QTR, STM32U599NIH6Q, STM32U599NJH6Q, STM32U599VIT6Q, STM32U599VJT6, STM32U599VJT6Q, STM32U599ZIT6Q, STM32U599ZIY6QTR, STM32U599ZJT6Q, STM32U599ZJY6QTR, STM32U5A5AJH6, STM32U5A5AJH6Q, STM32U5A5QJI6, STM32U5A5QJI6Q, STM32U5A5RJT6, STM32U5A5RJT6Q, STM32U5A5VJT6, STM32U5A5VJT6Q, STM32U5A5ZJT6, STM32U5A5ZJT6Q, STM32U5A5ZJY6QTR, STM32U5A9BJY6QTR, STM32U5A9J-DK, STM32U5A9NJH6Q, STM32U5A9VJT6Q, STM32U5A9ZJT6Q, STM32U5A9ZJY6QTR, STM32U5F7VIT6, STM32U5F7VIT6Q, STM32U5F7VJT6, STM32U5F7VJT6Q, STM32U5F9BJY6QTR, STM32U5F9NJH6Q, STM32U5F9VIT6Q, STM32U5F9VJT6Q, STM32U5F9ZIJ6QTR, STM32U5F9ZIT6Q, STM32U5F9ZJJ6QTR, STM32U5F9ZJT6Q, STM32U5G7VJT6, STM32U5G7VJT6Q, STM32U5G9BJY6QTR, STM32U5G9J-DK1, STM32U5G9J-DK2, STM32U5G9NJH6Q, STM32U5G9VJT6Q, STM32U5G9ZJJ6QTR, STM32U5G9ZJT6Q, STM32WB1MMCH6, STM32WBA50KEU6, STM32WBA50KEU6TR, STM32WBA50KGU6, STM32WBA50KGU6TR, STM32WBA52CEU6, STM32WBA52CEU6TR, STM32WBA52CEU7, STM32WBA52CEU7TR, STM32WBA52CGU6, STM32WBA52CGU6TR, STM32WBA52CGU6U, STM32WBA52CGU7, STM32WBA52CGU7TR, STM32WBA52KEU6, STM32WBA52KEU6TR, STM32WBA52KGU6, STM32WBA52KGU6TR, STM32WBA54CEU6, STM32WBA54CEU6TR, STM32WBA54CEU7, STM32WBA54CEU7TR, STM32WBA54CGU6, STM32WBA54CGU6TR, STM32WBA54CGU7, STM32WBA54CGU7TR, STM32WBA54KEU6, STM32WBA54KEU6TR, STM32WBA54KEU7, STM32WBA54KEU7TR, STM32WBA54KGU6, STM32WBA54KGU6TR, STM32WBA54KGU7, STM32WBA54KGU7TR, STM32WBA55CEU6, STM32WBA55CEU6TR, STM32WBA55CEU7, STM32WBA55CEU7TR, STM32WBA55CGU6, STM32WBA55CGU6TR, STM32WBA55CGU6U, STM32WBA55CGU7, STM32WBA55CGU7TR, STM32WBA55G-DK1, STM32WBA55HEF6, STM32WBA55HEF7, STM32WBA55HGF6, STM32WBA55HGF7, STM32WBA55UEI6, STM32WBA55UEI6TR, STM32WBA55UEI7, STM32WBA55UEI7TR, STM32WBA55UGI6, STM32WBA55UGI6TR, STM32WBA55UGI7, STM32WBA55UGI7TR, STM32WL5MOCH6, STM32WL5MOCH6TR]
2023-12-21 14:39:21,265 [INFO] BoardInfo:889 - No configuration file found for board P-NUCLEO-WB55
2023-12-21 14:39:21,265 [INFO] DbBoards:161 - Kit is not supported: P-NUCLEO-WB55
2023-12-21 14:39:21,269 [INFO] BoardInfo:889 - No configuration file found for board STEVAL-BFA001V1B
2023-12-21 14:39:21,269 [INFO] DbBoards:161 - Kit is not supported: STEVAL-BFA001V1B
2023-12-21 14:39:21,270 [INFO] BoardInfo:889 - No configuration file found for board STEVAL-BFA001V2B
2023-12-21 14:39:21,270 [INFO] DbBoards:161 - Kit is not supported: STEVAL-BFA001V2B
2023-12-21 14:39:21,350 [INFO] DbBoards:168 - Found 193 boards, 190 are supported
2023-12-21 14:39:21,350 [INFO] DbBoards:169 - Found 193 boards, 3 of them is supported for  Bsp
2023-12-21 14:39:21,356 [INFO] ApiDb:423 - Load user favorites file C:\Users\pc/.stm32cubeide/favorites.boards.txt: 1 item(s)
2023-12-21 14:39:21,356 [INFO] ApiDb:427 - User favorites Boards=[NUCLEO-F446RE]
2023-12-21 14:39:21,356 [INFO] DbBoards:198 - Set 1 / 1 favorites Boards
2023-12-21 14:39:21,358 [INFO] ApiDb:668 - CubeFinder database Data Model version=2.1
2023-12-21 14:39:21,358 [INFO] ApiDb:669 - CubeFinder database Configuration version=3.0.39
2023-12-21 14:39:21,359 [INFO] ApiDb:670 - CubeFinder database generation date=2023-11-06 (1699269565)
2023-12-21 14:39:21,359 [INFO] ApiDb:671 - CubeFinder database FW Pack versions=[FP-ATR-ASTRA1_V2.0.0, FP-SNS-FLIGHT1_V5.0.1, FP-SNS-FLIGHT1_V5.0.2, FP-SNS-MOTENV1_V4.3.1, FP-SNS-MOTENV1_V4.3.2, FP-SNS-MOTENVWB1_V1.3.0, FP-SNS-SMARTAG2_V1.2.0, STM32Cube_FW_C0_V1.1.0, STM32Cube_FW_F4_V1.28.0, STM32Cube_FW_F7_V1.17.0, STM32Cube_FW_G0_V1.6.1, STM32Cube_FW_G4_V1.5.1, STM32Cube_FW_H5_V0.5.1, STM32Cube_FW_H5_V1.1.1, STM32Cube_FW_H5_V1.2.0RC2, STM32Cube_FW_H7_V1.11.0, STM32Cube_FW_L0_V1.12.2, STM32Cube_FW_L5_V1.5.0, STM32Cube_FW_U5_V1.3.0RC4, STM32Cube_FW_U5_V1.4.0, STM32Cube_FW_WBA_V1.0.0RC1, STM32Cube_FW_WBA_V1.1.0RC1, STM32Cube_FW_WBA_V1.2.0, STM32Cube_FW_WBA_V1.2.0RC2, STM32Cube_FW_WB_V1.15.0RC1, STM32Cube_FW_WB_V1.16.0, STM32Cube_FW_WB_V1.16.0RC2, STM32Cube_FW_WB_V1.18.0, STM32Cube_FW_WL_V1.3.0, X-CUBE-ALGOBUILD_V1.3.0, X-CUBE-ALS_V1.0.1, X-CUBE-AZRTOS-F4_V1.1.0, X-CUBE-AZRTOS-F7_V1.1.0, X-CUBE-AZRTOS-G0_V1.1.0, X-CUBE-AZRTOS-G4_V2.0.0, X-CUBE-AZRTOS-H7_V3.1.0, X-CUBE-AZRTOS-L4_V1.0.0, X-CUBE-AZRTOS-L4_V2.0.0, X-CUBE-AZRTOS-L5_V1.1.0, X-CUBE-AZRTOS-WB_V2.0.0, X-CUBE-AZRTOS-WL_V2.0.0, X-CUBE-BLE1_V7.0.0, X-CUBE-BLE2_V3.3.0, X-CUBE-BLEMGR_V2.0.0, X-CUBE-EEPRMA1_V4.1.0, X-CUBE-EEPRMA1_V4.2.0, X-CUBE-FREERTOS_V1.1.0, X-CUBE-GNSS1_V6.0.0, X-CUBE-MEMS1_V10.0.0, X-CUBE-MEMS1_V9.1.0, X-CUBE-MEMS1_V9.4.0, X-CUBE-MEMS1_V9.6.0, X-CUBE-NFC4_V3.0.0, X-CUBE-NFC7_V1.0.1, X-CUBE-SFXS2LP1_V4.0.0, X-CUBE-SUBG2_V5.0.0, X-CUBE-TOF1_V3.3.1]
2023-12-21 14:39:21,856 [ERROR] DbExamplesSqlite:437 - Missing JSON key: board_cpn
2023-12-21 14:39:21,857 [ERROR] DbExamplesSqlite:437 - Missing JSON key: board_cpn
2023-12-21 14:39:21,857 [ERROR] DbExamplesSqlite:437 - Missing JSON key: board_cpn
2023-12-21 14:39:21,857 [ERROR] DbExamplesSqlite:437 - Missing JSON key: board_cpn
2023-12-21 14:39:21,884 [INFO] DbExamplesSqlite:395 - Ignored 55 examples not supported by CubeIDE
2023-12-21 14:39:21,884 [INFO] DbExamplesSqlite:396 - Found 7548 examples active
2023-12-21 14:39:21,885 [INFO] DbExamplesSqlite:397 - Found 848 examples obsolete
2023-12-21 14:39:21,885 [INFO] DbExamplesSqlite:398 - Found 0 examples under development
2023-12-21 14:39:21,885 [INFO] DbExamplesSqlite:399 - Found 8 examples not building
2023-12-21 14:39:21,886 [INFO] DbExamples:125 - Found 7501 examples
2023-12-21 14:39:21,895 [INFO] DbExamples:222 - Found 95 boards with related examples
2023-12-21 14:39:21,896 [INFO] DbExamples:235 - Found 80 MCUs with related examples
2023-12-21 14:39:21,912 [INFO] ApiDb:414 - User favorites file not found: C:\Users\pc/.stm32cubeide/favorites.examples.txt
2023-12-21 14:39:21,912 [INFO] DbExamples:250 - Set 0 / 0 favorites Examples
2023-12-21 14:39:22,170 [INFO] McuFinderGlobals:76 - Set McuFinderConnectedMode to true
2023-12-21 14:39:22,180 [INFO] MultiScanPanel:200 - Auto-refresh data requested => check proxy status ongoing
2023-12-21 14:39:22,183 [INFO] FinderPluginLoader:95 - Searching for filters in installed packs
2023-12-21 14:39:23,143 [INFO] LoadUrlFilesThread:185 - End of LoadServerUrlFiles without Thread
2023-12-21 14:39:23,153 [INFO] DetailPanel:341 - Set advertising image to C:/Users/pc/STM32Cube/Repository/\en.prom-stm32wl3-mcu-finder.jpg
2023-12-21 14:39:29,388 [ERROR] LogOutputStream:75 - [STDERR_REDIRECT] SLF4J: Failed to load class "org.slf4j.impl.StaticLoggerBinder".
2023-12-21 14:39:29,389 [ERROR] LogOutputStream:75 - [STDERR_REDIRECT] SLF4J: Defaulting to no-operation (NOP) logger implementation
2023-12-21 14:39:29,390 [ERROR] LogOutputStream:75 - [STDERR_REDIRECT] SLF4J: See http://www.slf4j.org/codes.html#StaticLoggerBinder for further details.
2023-12-21 14:39:34,070 [INFO] MultiScanPanel:200 - Auto-refresh data requested => check proxy status ongoing
2023-12-21 14:39:34,136 [INFO] LoadUrlFilesThread:185 - End of LoadServerUrlFiles without Thread
2023-12-21 14:39:34,136 [INFO] DetailPanel:341 - Set advertising image to C:/Users/pc/STM32Cube/Repository/\en.prom-stm32wl3-mcu-finder.jpg
2023-12-21 14:39:34,146 [INFO] DbBoards:642 - Loading board mini-images...
2023-12-21 14:39:34,771 [ERROR] DbBoards:659 - Image file not found for board NUCLEO-WBA55CG: C:\Users\pc\.stmcufinder\plugins\mcufinder//mcu//boards_images/NUCLEO-WBA55CG.jpg
2023-12-21 14:39:35,524 [ERROR] DbBoards:659 - Image file not found for board STM32WBA55G-DK1: C:\Users\pc\.stmcufinder\plugins\mcufinder//mcu//boards_images/STM32WBA55G-DK1.jpg
2023-12-21 14:39:35,524 [INFO] DbBoards:665 - Loaded 191 board mini-images
2023-12-21 14:40:04,225 [INFO] McuFinderGlobals:76 - Set McuFinderConnectedMode to true
2023-12-21 14:40:04,227 [INFO] ApiDb:448 - Save user favorites file C:\Users\pc/.stm32cubeide/favorites.mcus.txt: 0 item(s)
2023-12-21 14:40:04,227 [INFO] ApiDb:452 - User favorites MCUs=[]
2023-12-21 14:40:04,228 [INFO] ApiDb:448 - Save user favorites file C:\Users\pc/.stm32cubeide/favorites.boards.txt: 1 item(s)
2023-12-21 14:40:04,228 [INFO] ApiDb:452 - User favorites Boards=[NUCLEO-F446RE]
2023-12-21 14:42:14,557 [ERROR] LogOutputStream:75 - [STDERR_REDIRECT] 
2023-12-21 20:30:43,910 [INFO] Activator:176 - 


2023-12-21 20:30:43,911 [INFO] Activator:177 - !SESSION log4j initialized
2023-12-21 20:30:48,000 [INFO] LogOutputStream:77 - [STDOUT_REDIRECT] 
2023-12-21 20:30:49,369 [INFO] ApplicationProperties:184 - Using Application install path: C:\ST\STM32CubeIDE_1.14.0\STM32CubeIDE\plugins\com.st.stm32cube.common.mx_6.10.0.202311202037
2023-12-21 20:30:49,381 [INFO] DbMcusXml:78 - Set database path to: C:\ST\STM32CubeIDE_1.14.0\STM32CubeIDE\plugins\com.st.stm32cube.common.mx_6.10.0.202311202037\\db\/mcu/
2023-12-21 20:30:49,381 [INFO] ApiDb:274 - Set plugin database path to: C:\ST\STM32CubeIDE_1.14.0\STM32CubeIDE\plugins\com.st.stm32cube.common.mx_6.10.0.202311202037\\db\/plugins/boardmanager/
2023-12-21 20:30:49,381 [WARN] ApiDb:259 - Overriding images path with different value:  => C:\ST\STM32CubeIDE_1.14.0\STM32CubeIDE\plugins\com.st.stm32cube.common.mx_6.10.0.202311202037\\db\/plugins/mcufinder/images/
2023-12-21 20:30:49,389 [INFO] ApiDb:250 - Set database path to: C:\Users\pc\.stmcufinder\plugins\mcufinder//mcu/
2023-12-21 20:30:49,390 [INFO] DbMcusAds:125 - Set database path to: C:\Users\pc\.stmcufinder\plugins\mcufinder//mcu/
2023-12-21 20:30:50,378 [INFO] CrossReferenceDbSqlite:203 - Set database path to: C:\Users\pc\.stmcufinder\plugins\mcufinder//mcu/cs/
2023-12-21 20:30:50,449 [INFO] RulesReader:64 - Compatibility file has been processed (297 Rules)
2023-12-21 20:30:50,498 [INFO] DbMcusXml:78 - Set database path to: C:\ST\STM32CubeIDE_1.14.0\STM32CubeIDE\plugins\com.st.stm32cube.common.mx_6.10.0.202311202037\\db\/mcu/
2023-12-21 20:30:50,498 [INFO] ApiDb:274 - Set plugin database path to: C:\ST\STM32CubeIDE_1.14.0\STM32CubeIDE\plugins\com.st.stm32cube.common.mx_6.10.0.202311202037\\db\/plugins/boardmanager/
2023-12-21 20:30:50,498 [INFO] ApiDb:261 - Set plugin images path to: C:\ST\STM32CubeIDE_1.14.0\STM32CubeIDE\plugins\com.st.stm32cube.common.mx_6.10.0.202311202037\\db\/plugins/mcufinder/images/
2023-12-21 20:30:50,498 [WARN] DbFile:41 - Overriding database path with different value: C:\Users\pc\.stmcufinder\plugins\mcufinder/ => C:\Users\pc\.stmcufinder\plugins\mcufinder
2023-12-21 20:30:50,498 [INFO] ApiDb:250 - Set database path to: C:\Users\pc\.stmcufinder\plugins\mcufinder//mcu/
2023-12-21 20:30:50,498 [WARN] DbFile:41 - Overriding database path with different value: C:\Users\pc\.stmcufinder\plugins\mcufinder/ => C:\Users\pc\.stmcufinder\plugins\mcufinder
2023-12-21 20:30:50,498 [INFO] DbMcusAds:125 - Set database path to: C:\Users\pc\.stmcufinder\plugins\mcufinder//mcu/
2023-12-21 20:30:50,498 [WARN] DbFile:41 - Overriding database path with different value: C:\Users\pc\.stmcufinder\plugins\mcufinder/ => C:\Users\pc\.stmcufinder\plugins\mcufinder
2023-12-21 20:30:50,498 [WARN] DbFile:41 - Overriding database path with different value: C:\Users\pc\.stmcufinder\plugins\mcufinder/ => C:\Users\pc\.stmcufinder\plugins\mcufinder
2023-12-21 20:30:51,386 [INFO] CrossReferenceDbSqlite:203 - Set database path to: C:\Users\pc\.stmcufinder\plugins\mcufinder//mcu/cs/
2023-12-21 20:30:51,434 [INFO] MainPanel:264 - HeapMemory: 268435456
2023-12-21 20:30:51,488 [INFO] DbMcusXml:78 - Set database path to: C:\ST\STM32CubeIDE_1.14.0\STM32CubeIDE\plugins\com.st.stm32cube.common.mx_6.10.0.202311202037\\db\/mcu/
2023-12-21 20:30:51,489 [INFO] ApiDb:274 - Set plugin database path to: C:\ST\STM32CubeIDE_1.14.0\STM32CubeIDE\plugins\com.st.stm32cube.common.mx_6.10.0.202311202037\\db\/plugins/boardmanager/
2023-12-21 20:30:51,489 [INFO] ApiDb:261 - Set plugin images path to: C:\ST\STM32CubeIDE_1.14.0\STM32CubeIDE\plugins\com.st.stm32cube.common.mx_6.10.0.202311202037\\db\/plugins/mcufinder/images/
2023-12-21 20:30:51,489 [WARN] DbFile:41 - Overriding database path with different value: C:\Users\pc\.stmcufinder\plugins\mcufinder/ => C:\Users\pc\.stmcufinder\plugins\mcufinder
2023-12-21 20:30:51,489 [INFO] ApiDb:250 - Set database path to: C:\Users\pc\.stmcufinder\plugins\mcufinder//mcu/
2023-12-21 20:30:51,489 [WARN] DbFile:41 - Overriding database path with different value: C:\Users\pc\.stmcufinder\plugins\mcufinder/ => C:\Users\pc\.stmcufinder\plugins\mcufinder
2023-12-21 20:30:51,489 [INFO] DbMcusAds:125 - Set database path to: C:\Users\pc\.stmcufinder\plugins\mcufinder//mcu/
2023-12-21 20:30:51,489 [WARN] DbFile:41 - Overriding database path with different value: C:\Users\pc\.stmcufinder\plugins\mcufinder/ => C:\Users\pc\.stmcufinder\plugins\mcufinder
2023-12-21 20:30:51,489 [WARN] DbFile:41 - Overriding database path with different value: C:\Users\pc\.stmcufinder\plugins\mcufinder/ => C:\Users\pc\.stmcufinder\plugins\mcufinder
2023-12-21 20:30:52,380 [INFO] CrossReferenceDbSqlite:203 - Set database path to: C:\Users\pc\.stmcufinder\plugins\mcufinder//mcu/cs/
2023-12-21 20:30:52,396 [INFO] ApplicationProperties:184 - Using Application install path: C:\ST\STM32CubeIDE_1.14.0\STM32CubeIDE\plugins\com.st.stm32cube.common.mx_6.10.0.202311202037
2023-12-21 20:30:52,398 [INFO] PluginManage:196 - Search for loadable plugins [exclusion list=, ]
2023-12-21 20:30:52,399 [INFO] PluginManage:310 - Check plugin analytics
2023-12-21 20:30:53,427 [INFO] AnalyticsPlugin:253 - Accepted Software Licenses: STM32CubeMX.6.8.1,STM32CubeMX.6.9.1
2023-12-21 20:30:53,428 [INFO] AnalyticsPlugin:255 - Accepted CMSIS Pack Licenses: 
2023-12-21 20:30:53,428 [INFO] AnalyticsPlugin:257 - Accepted Firmware Licenses: FW.F4.1.27.0
2023-12-21 20:30:53,431 [INFO] PluginManage:359 - Loaded plugin analytics (category:tool,tabindex:-1)
2023-12-21 20:30:53,431 [INFO] PluginManage:310 - Check plugin cadmodel
2023-12-21 20:30:53,443 [INFO] CADModel:105 - Init CAD model plugin
2023-12-21 20:30:53,444 [INFO] PluginManage:359 - Loaded plugin cadmodel (category:power,tabindex:5)
2023-12-21 20:30:53,444 [INFO] PluginManage:310 - Check plugin clock
2023-12-21 20:30:53,458 [INFO] PluginManage:359 - Loaded plugin clock (category:base,tabindex:2)
2023-12-21 20:30:53,458 [INFO] PluginManage:310 - Check plugin ddr
2023-12-21 20:30:53,459 [INFO] PluginManage:359 - Loaded plugin ddr (category:tool,tabindex:6)
2023-12-21 20:30:53,460 [INFO] PluginManage:310 - Check plugin filemanager
2023-12-21 20:30:53,554 [INFO] PluginManage:359 - Loaded plugin filemanager (category:base,tabindex:10)
2023-12-21 20:30:53,555 [INFO] PluginManage:310 - Check plugin ipmanager
2023-12-21 20:30:53,560 [INFO] PluginManage:359 - Loaded plugin ipmanager (category:base,tabindex:5)
2023-12-21 20:30:53,560 [INFO] PluginManage:310 - Check plugin lpbam
2023-12-21 20:30:53,573 [INFO] PluginManage:359 - Loaded plugin lpbam (category:base,tabindex:0)
2023-12-21 20:30:53,574 [INFO] PluginManage:310 - Check plugin memorymap
2023-12-21 20:30:53,589 [INFO] PluginManage:359 - Loaded plugin memorymap (category:base,tabindex:4)
2023-12-21 20:30:53,589 [INFO] PluginManage:310 - Check plugin pinoutandconfiguration
2023-12-21 20:30:53,603 [INFO] PluginManage:359 - Loaded plugin pinoutandconfiguration (category:base,tabindex:1)
2023-12-21 20:30:53,603 [INFO] PluginManage:310 - Check plugin pinoutconfig
2023-12-21 20:30:53,672 [WARN] SupportedApi:132 - Cannot load RTOS API schema: s4s-elt-must-match.1: The content of 'definitions' must match (annotation?, (simpleType | complexType)?, (unique | key | keyref)*)). A problem was found starting at: attribute.
2023-12-21 20:30:53,780 [INFO] PluginManage:359 - Loaded plugin pinoutconfig (category:base,tabindex:0)
2023-12-21 20:30:53,780 [INFO] PluginManage:310 - Check plugin power
2023-12-21 20:30:53,795 [INFO] PluginManage:359 - Loaded plugin power (category:power,tabindex:4)
2023-12-21 20:30:53,795 [INFO] PluginManage:310 - Check plugin projectmanager
2023-12-21 20:30:53,807 [INFO] PluginManage:359 - Loaded plugin projectmanager (category:projectmanager,tabindex:3)
2023-12-21 20:30:53,808 [INFO] PluginManage:310 - Check plugin thirdparty
2023-12-21 20:30:54,013 [INFO] PluginManage:359 - Loaded plugin thirdparty (category:base,tabindex:-1)
2023-12-21 20:30:54,013 [WARN] IntegrityCheckThread:84 - waiting for thirdparty lock release [integrity check]
2023-12-21 20:30:54,013 [INFO] PluginManage:310 - Check plugin tools
2023-12-21 20:30:54,013 [INFO] IntegrityCheckThread:86 - entering critical section [integrity check]
2023-12-21 20:30:54,013 [INFO] ThirdPartyUpdaterWithRetryManager:70 - Updater plugin not ready yet. [1/15]
2023-12-21 20:30:54,039 [INFO] PluginManage:359 - Loaded plugin tools (category:base,tabindex:7)
2023-12-21 20:30:54,039 [INFO] PluginManage:310 - Check plugin tutovideos
2023-12-21 20:30:54,169 [INFO] PluginManage:359 - Loaded plugin tutovideos (category:base,tabindex:-1)
2023-12-21 20:30:54,169 [INFO] PluginManage:310 - Check plugin updater
2023-12-21 20:30:54,176 [INFO] PluginManage:359 - Loaded plugin updater (category:base,tabindex:12)
2023-12-21 20:30:54,176 [INFO] PluginManage:310 - Check plugin userauth
2023-12-21 20:30:54,179 [INFO] UserAuth:114 - Init User Auth plugin
2023-12-21 20:30:54,179 [INFO] PluginManage:359 - Loaded plugin userauth (category:base,tabindex:14)
2023-12-21 20:30:54,180 [INFO] PluginManage:283 - PluginManage : Loaded plugins [17]
2023-12-21 20:30:54,322 [INFO] PinOutPanel:1499 - setPackage(No Configuration,No Configuration)
2023-12-21 20:30:54,381 [INFO] CADModel:165 - CPN selected for project level
2023-12-21 20:30:54,381 [INFO] CADModel:114 - Register for checkConnection events
2023-12-21 20:30:54,401 [INFO] IPUIPlugin:80 - create IPUIPlugin
2023-12-21 20:30:54,401 [INFO] PluginManager:220 - loadIPPluginJar : add adc
2023-12-21 20:30:54,428 [INFO] IPUIPlugin:80 - create IPUIPlugin
2023-12-21 20:30:54,428 [INFO] PluginManager:220 - loadIPPluginJar : add aes
2023-12-21 20:30:54,457 [INFO] IPUIPlugin:80 - create IPUIPlugin
2023-12-21 20:30:54,457 [INFO] PluginManager:220 - loadIPPluginJar : add can
2023-12-21 20:30:54,474 [INFO] IPUIPlugin:80 - create IPUIPlugin
2023-12-21 20:30:54,474 [INFO] PluginManager:220 - loadIPPluginJar : add comp
2023-12-21 20:30:54,506 [INFO] IPUIPlugin:80 - create IPUIPlugin
2023-12-21 20:30:54,506 [INFO] PluginManager:220 - loadIPPluginJar : add cryp
2023-12-21 20:30:54,537 [INFO] IPUIPlugin:80 - create IPUIPlugin
2023-12-21 20:30:54,537 [INFO] PluginManager:220 - loadIPPluginJar : add dfsdm
2023-12-21 20:30:54,550 [INFO] IPUIPlugin:80 - create IPUIPlugin
2023-12-21 20:30:54,550 [INFO] PluginManager:220 - loadIPPluginJar : add dma
2023-12-21 20:30:54,591 [INFO] IPUIPlugin:80 - create IPUIPlugin
2023-12-21 20:30:54,591 [INFO] PluginManager:220 - loadIPPluginJar : add dma3
2023-12-21 20:30:54,610 [INFO] IPUIPlugin:80 - create IPUIPlugin
2023-12-21 20:30:54,610 [INFO] PluginManager:220 - loadIPPluginJar : add fatfs
2023-12-21 20:30:54,659 [INFO] IPUIPlugin:80 - create IPUIPlugin
2023-12-21 20:30:54,659 [INFO] PluginManager:220 - loadIPPluginJar : add fmc
2023-12-21 20:30:54,673 [INFO] IPUIPlugin:80 - create IPUIPlugin
2023-12-21 20:30:54,674 [INFO] PluginManager:220 - loadIPPluginJar : add freertos
2023-12-21 20:30:54,694 [INFO] IPUIPlugin:80 - create IPUIPlugin
2023-12-21 20:30:54,694 [INFO] PluginManager:220 - loadIPPluginJar : add genericplugin
2023-12-21 20:30:54,782 [INFO] IPUIPlugin:80 - create IPUIPlugin
2023-12-21 20:30:54,782 [INFO] PluginManager:220 - loadIPPluginJar : add gfxmmu
2023-12-21 20:30:54,881 [INFO] IPUIPlugin:80 - create IPUIPlugin
2023-12-21 20:30:54,882 [INFO] PluginManager:220 - loadIPPluginJar : add gic
2023-12-21 20:30:54,892 [INFO] IPUIPlugin:80 - create IPUIPlugin
2023-12-21 20:30:54,892 [INFO] PluginManager:220 - loadIPPluginJar : add gpio
2023-12-21 20:30:54,953 [INFO] IPUIPlugin:80 - create IPUIPlugin
2023-12-21 20:30:54,953 [INFO] PluginManager:220 - loadIPPluginJar : add gtzc
2023-12-21 20:30:54,975 [INFO] IPUIPlugin:80 - create IPUIPlugin
2023-12-21 20:30:54,975 [INFO] PluginManager:220 - loadIPPluginJar : add hash
2023-12-21 20:30:55,012 [INFO] IPUIPlugin:80 - create IPUIPlugin
2023-12-21 20:30:55,013 [INFO] PluginManager:220 - loadIPPluginJar : add i2c
2023-12-21 20:30:55,040 [INFO] IPUIPlugin:80 - create IPUIPlugin
2023-12-21 20:30:55,040 [INFO] PluginManager:220 - loadIPPluginJar : add i2s
2023-12-21 20:30:55,068 [INFO] IPUIPlugin:80 - create IPUIPlugin
2023-12-21 20:30:55,068 [INFO] PluginManager:220 - loadIPPluginJar : add i3c
2023-12-21 20:30:55,142 [INFO] IPUIPlugin:80 - create IPUIPlugin
2023-12-21 20:30:55,142 [INFO] PluginManager:220 - loadIPPluginJar : add ipddr
2023-12-21 20:30:55,203 [INFO] IPUIPlugin:80 - create IPUIPlugin
2023-12-21 20:30:55,203 [INFO] PluginManager:220 - loadIPPluginJar : add linkedlist
2023-12-21 20:30:55,228 [INFO] IPUIPlugin:80 - create IPUIPlugin
2023-12-21 20:30:55,228 [INFO] PluginManager:220 - loadIPPluginJar : add lorawan
2023-12-21 20:30:55,256 [INFO] IPUIPlugin:80 - create IPUIPlugin
2023-12-21 20:30:55,256 [INFO] PluginManager:220 - loadIPPluginJar : add ltdc
2023-12-21 20:30:55,266 [INFO] IPUIPlugin:80 - create IPUIPlugin
2023-12-21 20:30:55,267 [INFO] PluginManager:220 - loadIPPluginJar : add mdma
2023-12-21 20:30:55,276 [INFO] IPUIPlugin:80 - create IPUIPlugin
2023-12-21 20:30:55,277 [INFO] PluginManager:220 - loadIPPluginJar : add nvic
2023-12-21 20:30:55,303 [INFO] IPUIPlugin:80 - create IPUIPlugin
2023-12-21 20:30:55,303 [INFO] PluginManager:220 - loadIPPluginJar : add opamp
2023-12-21 20:30:55,344 [INFO] IPUIPlugin:80 - create IPUIPlugin
2023-12-21 20:30:55,345 [INFO] PluginManager:220 - loadIPPluginJar : add openamp
2023-12-21 20:30:55,376 [INFO] IPUIPlugin:80 - create IPUIPlugin
2023-12-21 20:30:55,376 [INFO] PluginManager:220 - loadIPPluginJar : add pdm2pcm
2023-12-21 20:30:55,387 [INFO] IPUIPlugin:80 - create IPUIPlugin
2023-12-21 20:30:55,389 [INFO] PluginManager:220 - loadIPPluginJar : add plateformsettings
2023-12-21 20:30:55,406 [INFO] IPUIPlugin:80 - create IPUIPlugin
2023-12-21 20:30:55,406 [INFO] PluginManager:220 - loadIPPluginJar : add quadspi
2023-12-21 20:30:55,416 [INFO] IPUIPlugin:80 - create IPUIPlugin
2023-12-21 20:30:55,416 [INFO] PluginManager:220 - loadIPPluginJar : add resmgrutility
2023-12-21 20:30:55,451 [INFO] IPUIPlugin:80 - create IPUIPlugin
2023-12-21 20:30:55,451 [INFO] PluginManager:220 - loadIPPluginJar : add sai
2023-12-21 20:30:55,479 [INFO] IPUIPlugin:80 - create IPUIPlugin
2023-12-21 20:30:55,479 [INFO] PluginManager:220 - loadIPPluginJar : add spi
2023-12-21 20:30:55,530 [INFO] IPUIPlugin:80 - create IPUIPlugin
2023-12-21 20:30:55,530 [INFO] PluginManager:220 - loadIPPluginJar : add stm32_wpan
2023-12-21 20:30:55,547 [INFO] IPUIPlugin:80 - create IPUIPlugin
2023-12-21 20:30:55,547 [INFO] PluginManager:220 - loadIPPluginJar : add tim
2023-12-21 20:30:55,587 [INFO] IPUIPlugin:80 - create IPUIPlugin
2023-12-21 20:30:55,587 [INFO] PluginManager:220 - loadIPPluginJar : add touchsensing
2023-12-21 20:30:55,604 [INFO] IPUIPlugin:80 - create IPUIPlugin
2023-12-21 20:30:55,604 [INFO] PluginManager:220 - loadIPPluginJar : add tracer_emb
2023-12-21 20:30:55,620 [INFO] IPUIPlugin:80 - create IPUIPlugin
2023-12-21 20:30:55,620 [INFO] PluginManager:220 - loadIPPluginJar : add ts
2023-12-21 20:30:55,637 [INFO] IPUIPlugin:80 - create IPUIPlugin
2023-12-21 20:30:55,637 [INFO] PluginManager:220 - loadIPPluginJar : add tsc
2023-12-21 20:30:55,654 [INFO] IPUIPlugin:80 - create IPUIPlugin
2023-12-21 20:30:55,654 [INFO] PluginManager:220 - loadIPPluginJar : add ucpd
2023-12-21 20:30:55,689 [INFO] IPUIPlugin:80 - create IPUIPlugin
2023-12-21 20:30:55,689 [INFO] PluginManager:220 - loadIPPluginJar : add usart
2023-12-21 20:30:55,721 [INFO] IPUIPlugin:80 - create IPUIPlugin
2023-12-21 20:30:55,721 [INFO] PluginManager:220 - loadIPPluginJar : add usbx
2023-12-21 20:30:55,830 [INFO] CADModel:165 - CPN selected for project level
2023-12-21 20:30:55,830 [INFO] CADModel:114 - Register for checkConnection events
2023-12-21 20:30:55,830 [FATAL] Updater:308 - Updater called before beeing initialized
2023-12-21 20:30:55,830 [ERROR] CADModel:125 - Updater not yet initialized, retry later 
2023-12-21 20:30:55,915 [INFO] CADModel:165 - CPN selected for project level
2023-12-21 20:30:55,915 [INFO] CADModel:114 - Register for checkConnection events
2023-12-21 20:30:55,915 [FATAL] Updater:308 - Updater called before beeing initialized
2023-12-21 20:30:55,915 [ERROR] CADModel:125 - Updater not yet initialized, retry later 
2023-12-21 20:30:55,917 [FATAL] Updater:308 - Updater called before beeing initialized
2023-12-21 20:30:55,977 [FATAL] Updater:308 - Updater called before beeing initialized
2023-12-21 20:30:55,985 [INFO] DbMcusAds:53 - JSON generation date=Wed Nov 29 17:52:27 ICT 2023 (1701255147349)
2023-12-21 20:30:55,985 [FATAL] Updater:308 - Updater called before beeing initialized
2023-12-21 20:30:56,052 [WARN] DetailPanel:346 - Failed to get advertising image, set to default
2023-12-21 20:30:56,120 [FATAL] Updater:308 - Updater called before beeing initialized
2023-12-21 20:30:56,122 [FATAL] Updater:308 - Updater called before beeing initialized
2023-12-21 20:30:56,122 [FATAL] Updater:308 - Updater called before beeing initialized
2023-12-21 20:30:56,122 [WARN] DetailPanel:346 - Failed to get advertising image, set to default
2023-12-21 20:30:56,122 [FATAL] Updater:308 - Updater called before beeing initialized
2023-12-21 20:30:56,163 [ERROR] Updater:1120 - MainUpdater not yet initialized. External WinMGr cannot be set.
2023-12-21 20:30:56,171 [INFO] Updater:1056 - Updater Version found : 6.10.0
2023-12-21 20:30:56,187 [INFO] ApplicationProperties:184 - Using Application install path: C:\ST\STM32CubeIDE_1.14.0\STM32CubeIDE\plugins\com.st.stm32cube.common.mx_6.10.0.202311202037
2023-12-21 20:30:56,518 [INFO] MainUpdater:2873 - connection check result : 10
2023-12-21 20:30:56,519 [INFO] MainUpdater:290 - Updater Check For Update Now.
2023-12-21 20:30:56,519 [INFO] MicroXplorer:498 - Change Database Version : DB.6.0.100
2023-12-21 20:30:56,529 [INFO] McuFinderGlobals:63 - Set McuFinder mode to 2 (CubeIDE integrated)
2023-12-21 20:30:56,529 [INFO] UserAuth:180 - activating auth plugin
2023-12-21 20:30:56,531 [INFO] UserAuth:404 - Internet connection configuration mode: 1
2023-12-21 20:30:56,550 [INFO] JxBrowserEngine:152 - Initiate JxBrowser Engine with user profile folder
2023-12-21 20:30:56,717 [INFO] CheckServerUpdateThread:120 - End of CheckServer Thread
2023-12-21 20:30:57,143 [WARN] PackLoader:240 - Cannot read IP mode file for STMicroelectronics.X-CUBE-SMBUS.2.1.0
2023-12-21 20:30:57,152 [WARN] PackLoader:240 - Cannot read IP mode file for STMicroelectronics.X-CUBE-TOUCHGFX.4.23.0
2023-12-21 20:30:57,179 [WARN] PackLoader:240 - Cannot read IP mode file for STMicroelectronics.X-CUBE-AZRTOS-F7.1.1.0
2023-12-21 20:30:57,192 [WARN] PackLoader:240 - Cannot read IP mode file for STMicroelectronics.FP-SNS-MOTENV1.4.3.2
2023-12-21 20:30:57,202 [ERROR] RealEvaluatedCondition:428 - Found unsupported composite condition: CLASS='Data Exchange' GROUP='STM32_MetaDataManager'
2023-12-21 20:30:57,202 [ERROR] RealEvaluatedCondition:428 - Found unsupported composite condition: CLASS='Data Exchange' GROUP='STM32_MetaDataManager'
2023-12-21 20:30:57,203 [WARN] PackLoader:240 - Cannot read IP mode file for STMicroelectronics.FP-SNS-MOTENV1.4.3.1
2023-12-21 20:30:57,213 [WARN] PackLoader:240 - Cannot read IP mode file for STMicroelectronics.FP-SNS-FLIGHT1.5.0.1
2023-12-21 20:30:57,224 [WARN] PackLoader:240 - Cannot read IP mode file for STMicroelectronics.X-CUBE-BLE1.6.2.4
2023-12-21 20:30:57,232 [WARN] PackLoader:240 - Cannot read IP mode file for STMicroelectronics.FP-SNS-FLIGHT1.5.0.2
2023-12-21 20:30:57,244 [WARN] PackLoader:240 - Cannot read IP mode file for STMicroelectronics.X-CUBE-DISPLAY.3.0.0
2023-12-21 20:30:57,255 [WARN] PackLoader:240 - Cannot read IP mode file for STMicroelectronics.X-CUBE-BLE1.7.0.0
2023-12-21 20:30:57,265 [WARN] PackLoader:240 - Cannot read IP mode file for STMicroelectronics.X-CUBE-TOUCHGFX.4.22.0
2023-12-21 20:30:57,272 [WARN] PackLoader:240 - Cannot read IP mode file for STMicroelectronics.X-CUBE-TOUCHGFX.4.22.1
2023-12-21 20:30:57,280 [WARN] PackLoader:240 - Cannot read IP mode file for STMicroelectronics.FP-SNS-SMARTAG2.1.2.0
2023-12-21 20:30:57,294 [INFO] LogOutputStream:77 - [STDOUT_REDIRECT] 1 : Invalid condition id : UX_CORESTACK_Condition cause : null
2023-12-21 20:30:57,294 [INFO] LogOutputStream:77 - [STDOUT_REDIRECT] 1 : Invalid condition id : UX_CORESTACK_Condition cause : null
2023-12-21 20:30:57,295 [INFO] LogOutputStream:77 - [STDOUT_REDIRECT] 1 : Invalid condition id : UX_CORESTACK_Condition cause : null
2023-12-21 20:30:57,296 [INFO] LogOutputStream:77 - [STDOUT_REDIRECT] 1 : Invalid condition id : UX_CORESTACK_Condition cause : null
2023-12-21 20:30:57,297 [INFO] LogOutputStream:77 - [STDOUT_REDIRECT] 1 : Invalid condition id : UX_CORESTACK_Condition cause : null
2023-12-21 20:30:57,299 [WARN] PackLoader:240 - Cannot read IP mode file for STMicroelectronics.X-CUBE-AZRTOS-WL.2.0.0
2023-12-21 20:30:57,309 [WARN] PackLoader:240 - Cannot read IP mode file for WES.I-CUBE-Cesium.1.3.0
2023-12-21 20:30:57,317 [WARN] PackLoader:240 - Cannot read IP mode file for STMicroelectronics.X-CUBE-BLE2.3.3.0
2023-12-21 20:30:57,324 [WARN] PackLoader:240 - Cannot read IP mode file for STMicroelectronics.X-CUBE-TOUCHGFX.4.21.4
2023-12-21 20:30:57,332 [WARN] PackLoader:240 - Cannot read IP mode file for STMicroelectronics.X-CUBE-ALGOBUILD.1.3.0
2023-12-21 20:30:57,348 [WARN] PackLoader:240 - Cannot read IP mode file for STMicroelectronics.X-CUBE-AZRTOS-G0.1.1.0
2023-12-21 20:30:57,359 [WARN] PackLoader:240 - Cannot read IP mode file for STMicroelectronics.X-CUBE-NFC4.3.0.0
2023-12-21 20:30:57,370 [WARN] PackLoader:240 - Cannot read IP mode file for STMicroelectronics.X-CUBE-BLEMGR.3.0.0
2023-12-21 20:30:57,378 [WARN] PackLoader:240 - Cannot read IP mode file for STMicroelectronics.FP-ATR-SIGFOX1.3.2.0
2023-12-21 20:30:57,405 [WARN] PackLoader:240 - Cannot read IP mode file for SEGGER.I-CUBE-embOS.1.3.1
2023-12-21 20:30:57,438 [WARN] PackLoader:240 - Cannot read IP mode file for STMicroelectronics.X-CUBE-GNSS1.6.0.0
2023-12-21 20:30:57,457 [WARN] PackLoader:240 - Cannot read IP mode file for STMicroelectronics.X-CUBE-AZRTOS-F4.1.1.0
2023-12-21 20:30:57,468 [WARN] PackLoader:240 - Cannot read IP mode file for wolfSSL.I-CUBE-wolfSSL.5.6.0
2023-12-21 20:30:57,487 [WARN] PackLoader:240 - Cannot read IP mode file for STMicroelectronics.X-CUBE-AZRTOS-L5.2.0.0
2023-12-21 20:30:57,518 [WARN] PackLoader:240 - Cannot read IP mode file for STMicroelectronics.X-CUBE-MEMS1.9.6.0
2023-12-21 20:30:57,610 [WARN] PackLoader:240 - Cannot read IP mode file for STMicroelectronics.X-CUBE-EEPRMA1.4.2.0
2023-12-21 20:30:57,620 [WARN] PackLoader:240 - Cannot read IP mode file for ITTIA_DB.I-CUBE-ITTIADB.8.8.0
2023-12-21 20:30:57,632 [WARN] PackLoader:240 - Cannot read IP mode file for emotas.I-CUBE-CANOPEN.1.1.3
2023-12-21 20:30:57,646 [WARN] PackLoader:240 - Cannot read IP mode file for STMicroelectronics.X-CUBE-BLEMGR.2.0.0
2023-12-21 20:30:57,670 [WARN] ConditionMgr:438 - getConditionDescription Invalid condition id : UX DEVICE CLASS RTOS Condition cause : null
2023-12-21 20:30:57,670 [WARN] ConditionMgr:438 - getConditionDescription Invalid condition id : UX DEVICE CLASS RTOS Condition cause : null
2023-12-21 20:30:57,672 [WARN] PackLoader:240 - Cannot read IP mode file for STMicroelectronics.X-CUBE-AZRTOS-H7.3.1.0
2023-12-21 20:30:57,673 [WARN] ConditionMgr:1039 - genDependencies : Invalid condition id : UX DEVICE CLASS RTOS Condition cause : null
2023-12-21 20:30:57,673 [WARN] ConditionMgr:1039 - genDependencies : Invalid condition id : UX DEVICE CLASS RTOS Condition cause : null
2023-12-21 20:30:57,673 [WARN] ConditionMgr:1039 - genDependencies : Invalid condition id : UX DEVICE CLASS RTOS Condition cause : null
2023-12-21 20:30:57,673 [WARN] ConditionMgr:1039 - genDependencies : Invalid condition id : UX DEVICE CLASS RTOS Condition cause : null
2023-12-21 20:30:57,673 [WARN] ConditionMgr:1039 - genDependencies : Invalid condition id : UX DEVICE CLASS RTOS Condition cause : null
2023-12-21 20:30:57,684 [WARN] PackLoader:240 - Cannot read IP mode file for STMicroelectronics.X-CUBE-NFC7.1.0.1
2023-12-21 20:30:57,695 [WARN] PackLoader:240 - Cannot read IP mode file for STMicroelectronics.X-CUBE-NFC7.1.0.0
2023-12-21 20:30:57,706 [WARN] PackLoader:240 - Cannot read IP mode file for STMicroelectronics.X-CUBE-NFC6.3.0.0
2023-12-21 20:30:57,716 [WARN] PackLoader:240 - Cannot read IP mode file for STMicroelectronics.X-CUBE-EEPRMA1.4.1.0
2023-12-21 20:30:57,728 [WARN] PackLoader:240 - Cannot read IP mode file for STMicroelectronics.X-CUBE-AI.8.1.0
2023-12-21 20:30:57,748 [WARN] ConditionMgr:438 - getConditionDescription Invalid condition id : LAN8742 Phy interface Condition cause : null
2023-12-21 20:30:57,748 [WARN] PackLoader:240 - Cannot read IP mode file for STMicroelectronics.X-CUBE-AZRTOS-L4.2.0.0
2023-12-21 20:30:57,749 [WARN] ConditionMgr:1039 - genDependencies : Invalid condition id : LAN8742 Phy interface Condition cause : null
2023-12-21 20:30:57,749 [WARN] ConditionMgr:1039 - genDependencies : Invalid condition id : LAN8742 Phy interface Condition cause : null
2023-12-21 20:30:57,750 [WARN] ConditionMgr:1039 - genDependencies : Invalid condition id : LAN8742 Phy interface Condition cause : null
2023-12-21 20:30:57,761 [WARN] PackLoader:240 - Cannot read IP mode file for STMicroelectronics.X-CUBE-SFXS2LP1.4.0.0
2023-12-21 20:30:57,771 [WARN] PackLoader:240 - Cannot read IP mode file for STMicroelectronics.X-CUBE-ISPU.1.1.0
2023-12-21 20:30:57,789 [WARN] ConditionMgr:438 - getConditionDescription Invalid condition id : UX DEVICE CLASS RTOS Condition cause : null
2023-12-21 20:30:57,789 [WARN] ConditionMgr:438 - getConditionDescription Invalid condition id : UX DEVICE CLASS RTOS Condition cause : null
2023-12-21 20:30:57,790 [WARN] PackLoader:240 - Cannot read IP mode file for STMicroelectronics.X-CUBE-AZRTOS-WB.2.0.0
2023-12-21 20:30:57,791 [WARN] ConditionMgr:1039 - genDependencies : Invalid condition id : UX DEVICE CLASS RTOS Condition cause : null
2023-12-21 20:30:57,791 [WARN] ConditionMgr:1039 - genDependencies : Invalid condition id : UX DEVICE CLASS RTOS Condition cause : null
2023-12-21 20:30:57,791 [WARN] ConditionMgr:1039 - genDependencies : Invalid condition id : UX DEVICE CLASS RTOS Condition cause : null
2023-12-21 20:30:57,791 [WARN] ConditionMgr:1039 - genDependencies : Invalid condition id : UX DEVICE CLASS RTOS Condition cause : null
2023-12-21 20:30:57,791 [WARN] ConditionMgr:1039 - genDependencies : Invalid condition id : UX DEVICE CLASS RTOS Condition cause : null
2023-12-21 20:30:57,801 [WARN] PackLoader:240 - Cannot read IP mode file for STMicroelectronics.X-CUBE-FREERTOS.1.0.1
2023-12-21 20:30:57,817 [WARN] PackLoader:240 - Cannot read IP mode file for STMicroelectronics.X-CUBE-AZRTOS-L5.1.1.0
2023-12-21 20:30:57,827 [WARN] PackLoader:240 - Cannot read IP mode file for STMicroelectronics.X-CUBE-AI.8.0.1
2023-12-21 20:30:57,843 [WARN] PackLoader:240 - Cannot read IP mode file for STMicroelectronics.X-CUBE-SUBG2.5.0.0
2023-12-21 20:30:57,860 [WARN] PackLoader:240 - Cannot read IP mode file for STMicroelectronics.X-CUBE-TOF1.3.3.1
2023-12-21 20:30:57,885 [WARN] PackLoader:240 - Cannot read IP mode file for STMicroelectronics.X-CUBE-AZRTOS-G4.2.0.0
2023-12-21 20:30:57,901 [WARN] PackLoader:240 - Cannot read IP mode file for STMicroelectronics.X-CUBE-TOF1.3.3.0
2023-12-21 20:30:57,922 [WARN] PackLoader:240 - Cannot read IP mode file for Infineon.AIROC-Wi-Fi-Bluetooth-STM32.1.5.1
2023-12-21 20:30:57,935 [WARN] PackLoader:240 - Cannot read IP mode file for STMicroelectronics.FP-SNS-MOTENVWB1.1.3.0
2023-12-21 20:30:57,946 [WARN] PackLoader:240 - Cannot read IP mode file for STMicroelectronics.FP-SNS-MOTENVWB1.1.3.1
2023-12-21 20:30:57,956 [WARN] PackLoader:240 - Cannot read IP mode file for STMicroelectronics.X-CUBE-ISPU.2.0.0
2023-12-21 20:30:57,993 [WARN] PackLoader:240 - Cannot read IP mode file for STMicroelectronics.X-CUBE-MEMS1.10.0.0
2023-12-21 20:30:58,073 [WARN] PackLoader:240 - Cannot read IP mode file for STMicroelectronics.X-CUBE-FREERTOS.1.1.0
2023-12-21 20:30:58,086 [WARN] PackLoader:240 - Cannot read IP mode file for portGmbH.I-Cube-SoM-uGOAL.1.1.0
2023-12-21 20:30:58,098 [WARN] PackLoader:240 - Cannot read IP mode file for STMicroelectronics.X-CUBE-ALS.1.0.1
2023-12-21 20:30:58,114 [WARN] PackLoader:240 - Cannot read IP mode file for STMicroelectronics.X-CUBE-AZRTOS-WB.1.1.0
2023-12-21 20:30:58,126 [WARN] PackLoader:240 - Cannot read IP mode file for STMicroelectronics.FP-ATR-ASTRA1.2.0.0
2023-12-21 20:30:58,139 [WARN] PackLoader:240 - Cannot read IP mode file for STMicroelectronics.X-CUBE-TOF1.3.4.0
2023-12-21 20:30:58,166 [WARN] PackLoader:240 - Cannot read IP mode file for STMicroelectronics.X-CUBE-AZRTOS-H7.3.2.0
2023-12-21 20:30:58,168 [INFO] ThirdParty:978 - Integrity check success = true
2023-12-21 20:30:58,168 [INFO] IntegrityCheckThread:100 - exiting critical section [integrity check]
2023-12-21 20:30:58,168 [INFO] IntegrityCheckThread:103 - End integrity checks thread
2023-12-21 20:30:58,712 [INFO] WebApp:161 - Instantiating new browser for Auth
2023-12-21 20:30:59,061 [INFO] WebApp:780 - Register for checkConnection events
2023-12-21 20:30:59,061 [INFO] WebApp:414 - Apply proxy settings
2023-12-21 20:30:59,061 [INFO] WebApp:499 - Chromium requires no authentication
2023-12-21 20:30:59,065 [INFO] WebApp:442 - Direct internet connection detected
2023-12-21 20:30:59,179 [INFO] WebApp:192 - Starting web application
2023-12-21 20:30:59,179 [INFO] WebApp:544 - Web application path used C:\ST\STM32CubeIDE_1.14.0\STM32CubeIDE\plugins\com.st.stm32cube.common.mx_6.10.0.202311202037\db\plugins\mcufinder\reactClient1\index.html
2023-12-21 20:31:19,781 [ERROR] LogOutputStream:75 - [STDERR_REDIRECT] SLF4J: Failed to load class "org.slf4j.impl.StaticLoggerBinder".
2023-12-21 20:31:19,782 [ERROR] LogOutputStream:75 - [STDERR_REDIRECT] SLF4J: Defaulting to no-operation (NOP) logger implementation
2023-12-21 20:31:19,782 [ERROR] LogOutputStream:75 - [STDERR_REDIRECT] SLF4J: See http://www.slf4j.org/codes.html#StaticLoggerBinder for further details.
2023-12-21 20:32:32,272 [ERROR] LogOutputStream:75 - [STDERR_REDIRECT] 
