2024-01-21 14:32:06,173 [INFO] Activator:176 - 


2024-01-21 14:32:06,177 [INFO] Activator:177 - !SESSION log4j initialized
2024-01-21 14:32:10,964 [INFO] LogOutputStream:77 - [STDOUT_REDIRECT] 
2024-01-21 14:32:17,010 [INFO] ApplicationProperties:184 - Using Application install path: C:\ST\STM32CubeIDE_1.14.0\STM32CubeIDE\plugins\com.st.stm32cube.common.mx_6.10.0.202311202037
2024-01-21 14:32:17,027 [INFO] DbMcusXml:78 - Set database path to: C:\ST\STM32CubeIDE_1.14.0\STM32CubeIDE\plugins\com.st.stm32cube.common.mx_6.10.0.202311202037\\db\/mcu/
2024-01-21 14:32:17,028 [INFO] ApiDb:274 - Set plugin database path to: C:\ST\STM32CubeIDE_1.14.0\STM32CubeIDE\plugins\com.st.stm32cube.common.mx_6.10.0.202311202037\\db\/plugins/boardmanager/
2024-01-21 14:32:17,028 [WARN] ApiDb:259 - Overriding images path with different value:  => C:\ST\STM32CubeIDE_1.14.0\STM32CubeIDE\plugins\com.st.stm32cube.common.mx_6.10.0.202311202037\\db\/plugins/mcufinder/images/
2024-01-21 14:32:17,040 [INFO] ApiDb:250 - Set database path to: C:\Users\pc\.stmcufinder\plugins\mcufinder//mcu/
2024-01-21 14:32:17,041 [INFO] DbMcusAds:125 - Set database path to: C:\Users\pc\.stmcufinder\plugins\mcufinder//mcu/
2024-01-21 14:32:17,043 [INFO] CrossReferenceDbSqlite:203 - Set database path to: C:\Users\pc\.stmcufinder\plugins\mcufinder//mcu/cs/
2024-01-21 14:32:17,126 [INFO] RulesReader:64 - Compatibility file has been processed (297 Rules)
2024-01-21 14:32:17,190 [INFO] DbMcusXml:78 - Set database path to: C:\ST\STM32CubeIDE_1.14.0\STM32CubeIDE\plugins\com.st.stm32cube.common.mx_6.10.0.202311202037\\db\/mcu/
2024-01-21 14:32:17,191 [INFO] ApiDb:274 - Set plugin database path to: C:\ST\STM32CubeIDE_1.14.0\STM32CubeIDE\plugins\com.st.stm32cube.common.mx_6.10.0.202311202037\\db\/plugins/boardmanager/
2024-01-21 14:32:17,191 [INFO] ApiDb:261 - Set plugin images path to: C:\ST\STM32CubeIDE_1.14.0\STM32CubeIDE\plugins\com.st.stm32cube.common.mx_6.10.0.202311202037\\db\/plugins/mcufinder/images/
2024-01-21 14:32:17,191 [WARN] DbFile:41 - Overriding database path with different value: C:\Users\pc\.stmcufinder\plugins\mcufinder/ => C:\Users\pc\.stmcufinder\plugins\mcufinder
2024-01-21 14:32:17,191 [INFO] ApiDb:250 - Set database path to: C:\Users\pc\.stmcufinder\plugins\mcufinder//mcu/
2024-01-21 14:32:17,191 [WARN] DbFile:41 - Overriding database path with different value: C:\Users\pc\.stmcufinder\plugins\mcufinder/ => C:\Users\pc\.stmcufinder\plugins\mcufinder
2024-01-21 14:32:17,191 [INFO] DbMcusAds:125 - Set database path to: C:\Users\pc\.stmcufinder\plugins\mcufinder//mcu/
2024-01-21 14:32:17,191 [WARN] DbFile:41 - Overriding database path with different value: C:\Users\pc\.stmcufinder\plugins\mcufinder/ => C:\Users\pc\.stmcufinder\plugins\mcufinder
2024-01-21 14:32:17,191 [WARN] DbFile:41 - Overriding database path with different value: C:\Users\pc\.stmcufinder\plugins\mcufinder/ => C:\Users\pc\.stmcufinder\plugins\mcufinder
2024-01-21 14:32:17,191 [INFO] CrossReferenceDbSqlite:203 - Set database path to: C:\Users\pc\.stmcufinder\plugins\mcufinder//mcu/cs/
2024-01-21 14:32:17,251 [INFO] MainPanel:264 - HeapMemory: 268435456
2024-01-21 14:32:17,340 [INFO] DbMcusXml:78 - Set database path to: C:\ST\STM32CubeIDE_1.14.0\STM32CubeIDE\plugins\com.st.stm32cube.common.mx_6.10.0.202311202037\\db\/mcu/
2024-01-21 14:32:17,340 [INFO] ApiDb:274 - Set plugin database path to: C:\ST\STM32CubeIDE_1.14.0\STM32CubeIDE\plugins\com.st.stm32cube.common.mx_6.10.0.202311202037\\db\/plugins/boardmanager/
2024-01-21 14:32:17,341 [INFO] ApiDb:261 - Set plugin images path to: C:\ST\STM32CubeIDE_1.14.0\STM32CubeIDE\plugins\com.st.stm32cube.common.mx_6.10.0.202311202037\\db\/plugins/mcufinder/images/
2024-01-21 14:32:17,341 [WARN] DbFile:41 - Overriding database path with different value: C:\Users\pc\.stmcufinder\plugins\mcufinder/ => C:\Users\pc\.stmcufinder\plugins\mcufinder
2024-01-21 14:32:17,341 [INFO] ApiDb:250 - Set database path to: C:\Users\pc\.stmcufinder\plugins\mcufinder//mcu/
2024-01-21 14:32:17,341 [WARN] DbFile:41 - Overriding database path with different value: C:\Users\pc\.stmcufinder\plugins\mcufinder/ => C:\Users\pc\.stmcufinder\plugins\mcufinder
2024-01-21 14:32:17,341 [INFO] DbMcusAds:125 - Set database path to: C:\Users\pc\.stmcufinder\plugins\mcufinder//mcu/
2024-01-21 14:32:17,341 [WARN] DbFile:41 - Overriding database path with different value: C:\Users\pc\.stmcufinder\plugins\mcufinder/ => C:\Users\pc\.stmcufinder\plugins\mcufinder
2024-01-21 14:32:17,341 [WARN] DbFile:41 - Overriding database path with different value: C:\Users\pc\.stmcufinder\plugins\mcufinder/ => C:\Users\pc\.stmcufinder\plugins\mcufinder
2024-01-21 14:32:17,341 [INFO] CrossReferenceDbSqlite:203 - Set database path to: C:\Users\pc\.stmcufinder\plugins\mcufinder//mcu/cs/
2024-01-21 14:32:17,358 [INFO] ApplicationProperties:184 - Using Application install path: C:\ST\STM32CubeIDE_1.14.0\STM32CubeIDE\plugins\com.st.stm32cube.common.mx_6.10.0.202311202037
2024-01-21 14:32:17,360 [INFO] PluginManage:196 - Search for loadable plugins [exclusion list=, ]
2024-01-21 14:32:17,361 [INFO] PluginManage:310 - Check plugin analytics
2024-01-21 14:32:22,433 [INFO] AnalyticsPlugin:253 - Accepted Software Licenses: STM32CubeMX.6.8.1,STM32CubeMX.6.9.1
2024-01-21 14:32:22,433 [INFO] AnalyticsPlugin:255 - Accepted CMSIS Pack Licenses: 
2024-01-21 14:32:22,434 [INFO] AnalyticsPlugin:257 - Accepted Firmware Licenses: FW.F4.1.27.0
2024-01-21 14:32:22,435 [INFO] PluginManage:359 - Loaded plugin analytics (category:tool,tabindex:-1)
2024-01-21 14:32:22,435 [INFO] PluginManage:310 - Check plugin cadmodel
2024-01-21 14:32:22,449 [INFO] CADModel:105 - Init CAD model plugin
2024-01-21 14:32:22,449 [INFO] PluginManage:359 - Loaded plugin cadmodel (category:power,tabindex:5)
2024-01-21 14:32:22,449 [INFO] PluginManage:310 - Check plugin clock
2024-01-21 14:32:22,464 [INFO] PluginManage:359 - Loaded plugin clock (category:base,tabindex:2)
2024-01-21 14:32:22,464 [INFO] PluginManage:310 - Check plugin ddr
2024-01-21 14:32:22,467 [INFO] PluginManage:359 - Loaded plugin ddr (category:tool,tabindex:6)
2024-01-21 14:32:22,467 [INFO] PluginManage:310 - Check plugin filemanager
2024-01-21 14:32:22,572 [INFO] PluginManage:359 - Loaded plugin filemanager (category:base,tabindex:10)
2024-01-21 14:32:22,572 [INFO] PluginManage:310 - Check plugin ipmanager
2024-01-21 14:32:22,577 [INFO] PluginManage:359 - Loaded plugin ipmanager (category:base,tabindex:5)
2024-01-21 14:32:22,577 [INFO] PluginManage:310 - Check plugin lpbam
2024-01-21 14:32:22,590 [INFO] PluginManage:359 - Loaded plugin lpbam (category:base,tabindex:0)
2024-01-21 14:32:22,590 [INFO] PluginManage:310 - Check plugin memorymap
2024-01-21 14:32:22,608 [INFO] PluginManage:359 - Loaded plugin memorymap (category:base,tabindex:4)
2024-01-21 14:32:22,608 [INFO] PluginManage:310 - Check plugin pinoutandconfiguration
2024-01-21 14:32:22,622 [INFO] PluginManage:359 - Loaded plugin pinoutandconfiguration (category:base,tabindex:1)
2024-01-21 14:32:22,622 [INFO] PluginManage:310 - Check plugin pinoutconfig
2024-01-21 14:32:22,696 [WARN] SupportedApi:132 - Cannot load RTOS API schema: s4s-elt-must-match.1: The content of 'definitions' must match (annotation?, (simpleType | complexType)?, (unique | key | keyref)*)). A problem was found starting at: attribute.
2024-01-21 14:32:22,795 [INFO] PluginManage:359 - Loaded plugin pinoutconfig (category:base,tabindex:0)
2024-01-21 14:32:22,795 [INFO] PluginManage:310 - Check plugin power
2024-01-21 14:32:22,810 [INFO] PluginManage:359 - Loaded plugin power (category:power,tabindex:4)
2024-01-21 14:32:22,810 [INFO] PluginManage:310 - Check plugin projectmanager
2024-01-21 14:32:22,822 [INFO] PluginManage:359 - Loaded plugin projectmanager (category:projectmanager,tabindex:3)
2024-01-21 14:32:22,822 [INFO] PluginManage:310 - Check plugin thirdparty
2024-01-21 14:32:23,014 [INFO] PluginManage:359 - Loaded plugin thirdparty (category:base,tabindex:-1)
2024-01-21 14:32:23,014 [INFO] PluginManage:310 - Check plugin tools
2024-01-21 14:32:23,014 [WARN] IntegrityCheckThread:84 - waiting for thirdparty lock release [integrity check]
2024-01-21 14:32:23,014 [INFO] IntegrityCheckThread:86 - entering critical section [integrity check]
2024-01-21 14:32:23,014 [INFO] ThirdPartyUpdaterWithRetryManager:70 - Updater plugin not ready yet. [1/15]
2024-01-21 14:32:23,039 [INFO] PluginManage:359 - Loaded plugin tools (category:base,tabindex:7)
2024-01-21 14:32:23,039 [INFO] PluginManage:310 - Check plugin tutovideos
2024-01-21 14:32:23,199 [INFO] PluginManage:359 - Loaded plugin tutovideos (category:base,tabindex:-1)
2024-01-21 14:32:23,199 [INFO] PluginManage:310 - Check plugin updater
2024-01-21 14:32:23,209 [INFO] PluginManage:359 - Loaded plugin updater (category:base,tabindex:12)
2024-01-21 14:32:23,209 [INFO] PluginManage:310 - Check plugin userauth
2024-01-21 14:32:23,214 [INFO] UserAuth:114 - Init User Auth plugin
2024-01-21 14:32:23,214 [INFO] PluginManage:359 - Loaded plugin userauth (category:base,tabindex:14)
2024-01-21 14:32:23,214 [INFO] PluginManage:283 - PluginManage : Loaded plugins [17]
2024-01-21 14:32:23,393 [INFO] PinOutPanel:1499 - setPackage(No Configuration,No Configuration)
2024-01-21 14:32:23,446 [INFO] CADModel:165 - CPN selected for project level
2024-01-21 14:32:23,446 [INFO] CADModel:114 - Register for checkConnection events
2024-01-21 14:32:23,470 [INFO] IPUIPlugin:80 - create IPUIPlugin
2024-01-21 14:32:23,470 [INFO] PluginManager:220 - loadIPPluginJar : add adc
2024-01-21 14:32:23,496 [INFO] IPUIPlugin:80 - create IPUIPlugin
2024-01-21 14:32:23,496 [INFO] PluginManager:220 - loadIPPluginJar : add aes
2024-01-21 14:32:23,525 [INFO] IPUIPlugin:80 - create IPUIPlugin
2024-01-21 14:32:23,525 [INFO] PluginManager:220 - loadIPPluginJar : add can
2024-01-21 14:32:23,543 [INFO] IPUIPlugin:80 - create IPUIPlugin
2024-01-21 14:32:23,543 [INFO] PluginManager:220 - loadIPPluginJar : add comp
2024-01-21 14:32:23,567 [INFO] IPUIPlugin:80 - create IPUIPlugin
2024-01-21 14:32:23,567 [INFO] PluginManager:220 - loadIPPluginJar : add cryp
2024-01-21 14:32:23,590 [INFO] IPUIPlugin:80 - create IPUIPlugin
2024-01-21 14:32:23,590 [INFO] PluginManager:220 - loadIPPluginJar : add dfsdm
2024-01-21 14:32:23,602 [INFO] IPUIPlugin:80 - create IPUIPlugin
2024-01-21 14:32:23,602 [INFO] PluginManager:220 - loadIPPluginJar : add dma
2024-01-21 14:32:23,635 [INFO] IPUIPlugin:80 - create IPUIPlugin
2024-01-21 14:32:23,635 [INFO] PluginManager:220 - loadIPPluginJar : add dma3
2024-01-21 14:32:23,651 [INFO] IPUIPlugin:80 - create IPUIPlugin
2024-01-21 14:32:23,651 [INFO] PluginManager:220 - loadIPPluginJar : add fatfs
2024-01-21 14:32:23,691 [INFO] IPUIPlugin:80 - create IPUIPlugin
2024-01-21 14:32:23,691 [INFO] PluginManager:220 - loadIPPluginJar : add fmc
2024-01-21 14:32:23,702 [INFO] IPUIPlugin:80 - create IPUIPlugin
2024-01-21 14:32:23,702 [INFO] PluginManager:220 - loadIPPluginJar : add freertos
2024-01-21 14:32:23,716 [INFO] IPUIPlugin:80 - create IPUIPlugin
2024-01-21 14:32:23,716 [INFO] PluginManager:220 - loadIPPluginJar : add genericplugin
2024-01-21 14:32:23,778 [INFO] IPUIPlugin:80 - create IPUIPlugin
2024-01-21 14:32:23,779 [INFO] PluginManager:220 - loadIPPluginJar : add gfxmmu
2024-01-21 14:32:23,876 [INFO] IPUIPlugin:80 - create IPUIPlugin
2024-01-21 14:32:23,876 [INFO] PluginManager:220 - loadIPPluginJar : add gic
2024-01-21 14:32:23,887 [INFO] IPUIPlugin:80 - create IPUIPlugin
2024-01-21 14:32:23,887 [INFO] PluginManager:220 - loadIPPluginJar : add gpio
2024-01-21 14:32:23,954 [INFO] IPUIPlugin:80 - create IPUIPlugin
2024-01-21 14:32:23,954 [INFO] PluginManager:220 - loadIPPluginJar : add gtzc
2024-01-21 14:32:23,977 [INFO] IPUIPlugin:80 - create IPUIPlugin
2024-01-21 14:32:23,977 [INFO] PluginManager:220 - loadIPPluginJar : add hash
2024-01-21 14:32:24,019 [INFO] IPUIPlugin:80 - create IPUIPlugin
2024-01-21 14:32:24,020 [INFO] PluginManager:220 - loadIPPluginJar : add i2c
2024-01-21 14:32:24,047 [INFO] IPUIPlugin:80 - create IPUIPlugin
2024-01-21 14:32:24,047 [INFO] PluginManager:220 - loadIPPluginJar : add i2s
2024-01-21 14:32:24,076 [INFO] IPUIPlugin:80 - create IPUIPlugin
2024-01-21 14:32:24,076 [INFO] PluginManager:220 - loadIPPluginJar : add i3c
2024-01-21 14:32:24,148 [INFO] IPUIPlugin:80 - create IPUIPlugin
2024-01-21 14:32:24,148 [INFO] PluginManager:220 - loadIPPluginJar : add ipddr
2024-01-21 14:32:24,212 [INFO] IPUIPlugin:80 - create IPUIPlugin
2024-01-21 14:32:24,212 [INFO] PluginManager:220 - loadIPPluginJar : add linkedlist
2024-01-21 14:32:24,235 [INFO] IPUIPlugin:80 - create IPUIPlugin
2024-01-21 14:32:24,235 [INFO] PluginManager:220 - loadIPPluginJar : add lorawan
2024-01-21 14:32:24,259 [INFO] IPUIPlugin:80 - create IPUIPlugin
2024-01-21 14:32:24,259 [INFO] PluginManager:220 - loadIPPluginJar : add ltdc
2024-01-21 14:32:24,270 [INFO] IPUIPlugin:80 - create IPUIPlugin
2024-01-21 14:32:24,271 [INFO] PluginManager:220 - loadIPPluginJar : add mdma
2024-01-21 14:32:24,279 [INFO] IPUIPlugin:80 - create IPUIPlugin
2024-01-21 14:32:24,279 [INFO] PluginManager:220 - loadIPPluginJar : add nvic
2024-01-21 14:32:24,305 [INFO] IPUIPlugin:80 - create IPUIPlugin
2024-01-21 14:32:24,305 [INFO] PluginManager:220 - loadIPPluginJar : add opamp
2024-01-21 14:32:24,344 [INFO] IPUIPlugin:80 - create IPUIPlugin
2024-01-21 14:32:24,344 [INFO] PluginManager:220 - loadIPPluginJar : add openamp
2024-01-21 14:32:24,373 [INFO] IPUIPlugin:80 - create IPUIPlugin
2024-01-21 14:32:24,373 [INFO] PluginManager:220 - loadIPPluginJar : add pdm2pcm
2024-01-21 14:32:24,385 [INFO] IPUIPlugin:80 - create IPUIPlugin
2024-01-21 14:32:24,387 [INFO] PluginManager:220 - loadIPPluginJar : add plateformsettings
2024-01-21 14:32:24,401 [INFO] IPUIPlugin:80 - create IPUIPlugin
2024-01-21 14:32:24,401 [INFO] PluginManager:220 - loadIPPluginJar : add quadspi
2024-01-21 14:32:24,410 [INFO] IPUIPlugin:80 - create IPUIPlugin
2024-01-21 14:32:24,410 [INFO] PluginManager:220 - loadIPPluginJar : add resmgrutility
2024-01-21 14:32:24,446 [INFO] IPUIPlugin:80 - create IPUIPlugin
2024-01-21 14:32:24,446 [INFO] PluginManager:220 - loadIPPluginJar : add sai
2024-01-21 14:32:24,470 [INFO] IPUIPlugin:80 - create IPUIPlugin
2024-01-21 14:32:24,470 [INFO] PluginManager:220 - loadIPPluginJar : add spi
2024-01-21 14:32:24,516 [INFO] IPUIPlugin:80 - create IPUIPlugin
2024-01-21 14:32:24,517 [INFO] PluginManager:220 - loadIPPluginJar : add stm32_wpan
2024-01-21 14:32:24,534 [INFO] IPUIPlugin:80 - create IPUIPlugin
2024-01-21 14:32:24,534 [INFO] PluginManager:220 - loadIPPluginJar : add tim
2024-01-21 14:32:24,574 [INFO] IPUIPlugin:80 - create IPUIPlugin
2024-01-21 14:32:24,574 [INFO] PluginManager:220 - loadIPPluginJar : add touchsensing
2024-01-21 14:32:24,590 [INFO] IPUIPlugin:80 - create IPUIPlugin
2024-01-21 14:32:24,590 [INFO] PluginManager:220 - loadIPPluginJar : add tracer_emb
2024-01-21 14:32:24,606 [INFO] IPUIPlugin:80 - create IPUIPlugin
2024-01-21 14:32:24,606 [INFO] PluginManager:220 - loadIPPluginJar : add ts
2024-01-21 14:32:24,620 [INFO] IPUIPlugin:80 - create IPUIPlugin
2024-01-21 14:32:24,620 [INFO] PluginManager:220 - loadIPPluginJar : add tsc
2024-01-21 14:32:24,633 [INFO] IPUIPlugin:80 - create IPUIPlugin
2024-01-21 14:32:24,634 [INFO] PluginManager:220 - loadIPPluginJar : add ucpd
2024-01-21 14:32:24,662 [INFO] IPUIPlugin:80 - create IPUIPlugin
2024-01-21 14:32:24,662 [INFO] PluginManager:220 - loadIPPluginJar : add usart
2024-01-21 14:32:24,695 [INFO] IPUIPlugin:80 - create IPUIPlugin
2024-01-21 14:32:24,695 [INFO] PluginManager:220 - loadIPPluginJar : add usbx
2024-01-21 14:32:24,803 [INFO] CADModel:165 - CPN selected for project level
2024-01-21 14:32:24,803 [INFO] CADModel:114 - Register for checkConnection events
2024-01-21 14:32:24,803 [FATAL] Updater:308 - Updater called before beeing initialized
2024-01-21 14:32:24,804 [ERROR] CADModel:125 - Updater not yet initialized, retry later 
2024-01-21 14:32:24,916 [INFO] CADModel:165 - CPN selected for project level
2024-01-21 14:32:24,916 [INFO] CADModel:114 - Register for checkConnection events
2024-01-21 14:32:24,916 [FATAL] Updater:308 - Updater called before beeing initialized
2024-01-21 14:32:24,916 [ERROR] CADModel:125 - Updater not yet initialized, retry later 
2024-01-21 14:32:24,919 [FATAL] Updater:308 - Updater called before beeing initialized
2024-01-21 14:32:24,981 [FATAL] Updater:308 - Updater called before beeing initialized
2024-01-21 14:32:24,988 [INFO] DbMcusAds:53 - JSON generation date=Wed Nov 29 17:52:27 ICT 2023 (1701255147200)
2024-01-21 14:32:24,989 [FATAL] Updater:308 - Updater called before beeing initialized
2024-01-21 14:32:25,050 [WARN] DetailPanel:346 - Failed to get advertising image, set to default
2024-01-21 14:32:25,112 [FATAL] Updater:308 - Updater called before beeing initialized
2024-01-21 14:32:25,113 [FATAL] Updater:308 - Updater called before beeing initialized
2024-01-21 14:32:25,113 [FATAL] Updater:308 - Updater called before beeing initialized
2024-01-21 14:32:25,113 [WARN] DetailPanel:346 - Failed to get advertising image, set to default
2024-01-21 14:32:25,114 [FATAL] Updater:308 - Updater called before beeing initialized
2024-01-21 14:32:25,155 [ERROR] Updater:1120 - MainUpdater not yet initialized. External WinMGr cannot be set.
2024-01-21 14:32:25,162 [INFO] Updater:1056 - Updater Version found : 6.10.0
2024-01-21 14:32:25,180 [INFO] ApplicationProperties:184 - Using Application install path: C:\ST\STM32CubeIDE_1.14.0\STM32CubeIDE\plugins\com.st.stm32cube.common.mx_6.10.0.202311202037
2024-01-21 14:32:25,226 [INFO] MainUpdater:526 - Copy updater definitions from MX database
2024-01-21 14:32:25,437 [INFO] MainUpdater:2873 - connection check result : 10
2024-01-21 14:32:25,437 [INFO] MainUpdater:3567 - Updater definition file requires update
2024-01-21 14:32:25,437 [INFO] MainUpdater:290 - Updater Check For Update Now.
2024-01-21 14:32:25,437 [INFO] MicroXplorer:498 - Change Database Version : DB.6.0.100
2024-01-21 14:32:25,449 [INFO] McuFinderGlobals:63 - Set McuFinder mode to 2 (CubeIDE integrated)
2024-01-21 14:32:25,450 [INFO] UserAuth:180 - activating auth plugin
2024-01-21 14:32:25,451 [INFO] UserAuth:404 - Internet connection configuration mode: 1
2024-01-21 14:32:25,470 [INFO] JxBrowserEngine:152 - Initiate JxBrowser Engine with user profile folder
2024-01-21 14:32:25,476 [INFO] ServerAccessManage:473 - Download File updaters.zip
2024-01-21 14:32:25,590 [INFO] FileExtend:240 - Unzip File : updaters.zip
2024-01-21 14:32:25,590 [INFO] FileExtend:255 - Standard Zip Deflate
2024-01-21 14:32:25,895 [INFO] ServerAccessManage:473 - Download File PacksControlFlags.xml
2024-01-21 14:32:25,968 [INFO] ServerAccessManage:473 - Download File cubemx.pidx
2024-01-21 14:32:26,016 [WARN] MainUpdater:1194 - Updater busy. Cannot search thirdparties
2024-01-21 14:32:26,016 [INFO] ThirdPartyUpdaterWithRetryManager:96 - Updater plugin is busy. [1/15]
2024-01-21 14:32:26,039 [INFO] LoadServerUpdatesThread:375 - End of LoadServerUpdate Thread
2024-01-21 14:32:26,184 [INFO] CheckServerUpdateThread:120 - End of CheckServer Thread
2024-01-21 14:32:28,271 [INFO] WebApp:161 - Instantiating new browser for Auth
2024-01-21 14:32:28,775 [INFO] WebApp:780 - Register for checkConnection events
2024-01-21 14:32:28,775 [INFO] WebApp:414 - Apply proxy settings
2024-01-21 14:32:28,775 [INFO] WebApp:499 - Chromium requires no authentication
2024-01-21 14:32:28,782 [INFO] WebApp:442 - Direct internet connection detected
2024-01-21 14:32:28,938 [INFO] WebApp:192 - Starting web application
2024-01-21 14:32:28,938 [INFO] WebApp:544 - Web application path used C:\ST\STM32CubeIDE_1.14.0\STM32CubeIDE\plugins\com.st.stm32cube.common.mx_6.10.0.202311202037\db\plugins\mcufinder\reactClient1\index.html
2024-01-21 14:32:29,145 [WARN] PackLoader:240 - Cannot read IP mode file for STMicroelectronics.X-CUBE-SMBUS.2.1.0
2024-01-21 14:32:29,157 [WARN] PackLoader:240 - Cannot read IP mode file for STMicroelectronics.X-CUBE-TOUCHGFX.4.23.0
2024-01-21 14:32:29,190 [WARN] PackLoader:240 - Cannot read IP mode file for STMicroelectronics.X-CUBE-AZRTOS-F7.1.1.0
2024-01-21 14:32:29,206 [WARN] PackLoader:240 - Cannot read IP mode file for STMicroelectronics.FP-SNS-MOTENV1.4.3.2
2024-01-21 14:32:29,219 [ERROR] RealEvaluatedCondition:428 - Found unsupported composite condition: GROUP='STM32_MetaDataManager' CLASS='Data Exchange'
2024-01-21 14:32:29,219 [ERROR] RealEvaluatedCondition:428 - Found unsupported composite condition: GROUP='STM32_MetaDataManager' CLASS='Data Exchange'
2024-01-21 14:32:29,221 [WARN] PackLoader:240 - Cannot read IP mode file for STMicroelectronics.FP-SNS-MOTENV1.4.3.1
2024-01-21 14:32:29,233 [WARN] PackLoader:240 - Cannot read IP mode file for STMicroelectronics.FP-SNS-FLIGHT1.5.0.1
2024-01-21 14:32:29,250 [WARN] PackLoader:240 - Cannot read IP mode file for STMicroelectronics.X-CUBE-BLE1.6.2.4
2024-01-21 14:32:29,260 [WARN] PackLoader:240 - Cannot read IP mode file for STMicroelectronics.FP-SNS-FLIGHT1.5.0.2
2024-01-21 14:32:29,274 [WARN] PackLoader:240 - Cannot read IP mode file for STMicroelectronics.X-CUBE-DISPLAY.3.0.0
2024-01-21 14:32:29,286 [WARN] PackLoader:240 - Cannot read IP mode file for STMicroelectronics.X-CUBE-BLE1.7.0.0
2024-01-21 14:32:29,294 [WARN] PackLoader:240 - Cannot read IP mode file for STMicroelectronics.X-CUBE-TOUCHGFX.4.22.0
2024-01-21 14:32:29,301 [WARN] PackLoader:240 - Cannot read IP mode file for STMicroelectronics.X-CUBE-TOUCHGFX.4.22.1
2024-01-21 14:32:29,309 [WARN] PackLoader:240 - Cannot read IP mode file for STMicroelectronics.FP-SNS-SMARTAG2.1.2.0
2024-01-21 14:32:29,321 [INFO] LogOutputStream:77 - [STDOUT_REDIRECT] 1 : Invalid condition id : UX_CORESTACK_Condition cause : null
2024-01-21 14:32:29,322 [INFO] LogOutputStream:77 - [STDOUT_REDIRECT] 1 : Invalid condition id : UX_CORESTACK_Condition cause : null
2024-01-21 14:32:29,322 [INFO] LogOutputStream:77 - [STDOUT_REDIRECT] 1 : Invalid condition id : UX_CORESTACK_Condition cause : null
2024-01-21 14:32:29,323 [INFO] LogOutputStream:77 - [STDOUT_REDIRECT] 1 : Invalid condition id : UX_CORESTACK_Condition cause : null
2024-01-21 14:32:29,324 [INFO] LogOutputStream:77 - [STDOUT_REDIRECT] 1 : Invalid condition id : UX_CORESTACK_Condition cause : null
2024-01-21 14:32:29,326 [WARN] PackLoader:240 - Cannot read IP mode file for STMicroelectronics.X-CUBE-AZRTOS-WL.2.0.0
2024-01-21 14:32:29,337 [WARN] PackLoader:240 - Cannot read IP mode file for WES.I-CUBE-Cesium.1.3.0
2024-01-21 14:32:29,346 [WARN] PackLoader:240 - Cannot read IP mode file for STMicroelectronics.X-CUBE-BLE2.3.3.0
2024-01-21 14:32:29,354 [WARN] PackLoader:240 - Cannot read IP mode file for STMicroelectronics.X-CUBE-TOUCHGFX.4.21.4
2024-01-21 14:32:29,362 [WARN] PackLoader:240 - Cannot read IP mode file for STMicroelectronics.X-CUBE-ALGOBUILD.1.3.0
2024-01-21 14:32:29,381 [WARN] PackLoader:240 - Cannot read IP mode file for STMicroelectronics.X-CUBE-AZRTOS-G0.1.1.0
2024-01-21 14:32:29,392 [WARN] PackLoader:240 - Cannot read IP mode file for STMicroelectronics.X-CUBE-NFC4.3.0.0
2024-01-21 14:32:29,404 [WARN] PackLoader:240 - Cannot read IP mode file for STMicroelectronics.X-CUBE-BLEMGR.3.0.0
2024-01-21 14:32:29,414 [WARN] PackLoader:240 - Cannot read IP mode file for STMicroelectronics.FP-ATR-SIGFOX1.3.2.0
2024-01-21 14:32:29,443 [WARN] PackLoader:240 - Cannot read IP mode file for SEGGER.I-CUBE-embOS.1.3.1
2024-01-21 14:32:29,484 [WARN] PackLoader:240 - Cannot read IP mode file for STMicroelectronics.X-CUBE-GNSS1.6.0.0
2024-01-21 14:32:29,508 [WARN] PackLoader:240 - Cannot read IP mode file for STMicroelectronics.X-CUBE-AZRTOS-F4.1.1.0
2024-01-21 14:32:29,523 [WARN] PackLoader:240 - Cannot read IP mode file for wolfSSL.I-CUBE-wolfSSL.5.6.0
2024-01-21 14:32:29,544 [WARN] PackLoader:240 - Cannot read IP mode file for STMicroelectronics.X-CUBE-AZRTOS-L5.2.0.0
2024-01-21 14:32:29,588 [WARN] PackLoader:240 - Cannot read IP mode file for STMicroelectronics.X-CUBE-MEMS1.9.6.0
2024-01-21 14:32:29,707 [WARN] PackLoader:240 - Cannot read IP mode file for STMicroelectronics.X-CUBE-EEPRMA1.4.2.0
2024-01-21 14:32:29,718 [WARN] PackLoader:240 - Cannot read IP mode file for ITTIA_DB.I-CUBE-ITTIADB.8.8.0
2024-01-21 14:32:29,731 [WARN] PackLoader:240 - Cannot read IP mode file for emotas.I-CUBE-CANOPEN.1.1.3
2024-01-21 14:32:29,743 [WARN] PackLoader:240 - Cannot read IP mode file for STMicroelectronics.X-CUBE-BLEMGR.2.0.0
2024-01-21 14:32:29,769 [WARN] ConditionMgr:438 - getConditionDescription Invalid condition id : UX DEVICE CLASS RTOS Condition cause : null
2024-01-21 14:32:29,770 [WARN] ConditionMgr:438 - getConditionDescription Invalid condition id : UX DEVICE CLASS RTOS Condition cause : null
2024-01-21 14:32:29,774 [WARN] PackLoader:240 - Cannot read IP mode file for STMicroelectronics.X-CUBE-AZRTOS-H7.3.1.0
2024-01-21 14:32:29,776 [WARN] ConditionMgr:1039 - genDependencies : Invalid condition id : UX DEVICE CLASS RTOS Condition cause : null
2024-01-21 14:32:29,776 [WARN] ConditionMgr:1039 - genDependencies : Invalid condition id : UX DEVICE CLASS RTOS Condition cause : null
2024-01-21 14:32:29,776 [WARN] ConditionMgr:1039 - genDependencies : Invalid condition id : UX DEVICE CLASS RTOS Condition cause : null
2024-01-21 14:32:29,777 [WARN] ConditionMgr:1039 - genDependencies : Invalid condition id : UX DEVICE CLASS RTOS Condition cause : null
2024-01-21 14:32:29,777 [WARN] ConditionMgr:1039 - genDependencies : Invalid condition id : UX DEVICE CLASS RTOS Condition cause : null
2024-01-21 14:32:29,789 [WARN] PackLoader:240 - Cannot read IP mode file for STMicroelectronics.X-CUBE-NFC7.1.0.1
2024-01-21 14:32:29,798 [WARN] PackLoader:240 - Cannot read IP mode file for STMicroelectronics.X-CUBE-NFC7.1.0.0
2024-01-21 14:32:29,808 [WARN] PackLoader:240 - Cannot read IP mode file for STMicroelectronics.X-CUBE-NFC6.3.0.0
2024-01-21 14:32:29,818 [WARN] PackLoader:240 - Cannot read IP mode file for STMicroelectronics.X-CUBE-EEPRMA1.4.1.0
2024-01-21 14:32:29,828 [WARN] PackLoader:240 - Cannot read IP mode file for STMicroelectronics.X-CUBE-AI.8.1.0
2024-01-21 14:32:29,845 [WARN] ConditionMgr:438 - getConditionDescription Invalid condition id : LAN8742 Phy interface Condition cause : null
2024-01-21 14:32:29,846 [WARN] PackLoader:240 - Cannot read IP mode file for STMicroelectronics.X-CUBE-AZRTOS-L4.2.0.0
2024-01-21 14:32:29,846 [WARN] ConditionMgr:1039 - genDependencies : Invalid condition id : LAN8742 Phy interface Condition cause : null
2024-01-21 14:32:29,847 [WARN] ConditionMgr:1039 - genDependencies : Invalid condition id : LAN8742 Phy interface Condition cause : null
2024-01-21 14:32:29,847 [WARN] ConditionMgr:1039 - genDependencies : Invalid condition id : LAN8742 Phy interface Condition cause : null
2024-01-21 14:32:29,858 [WARN] PackLoader:240 - Cannot read IP mode file for STMicroelectronics.X-CUBE-SFXS2LP1.4.0.0
2024-01-21 14:32:29,867 [WARN] PackLoader:240 - Cannot read IP mode file for STMicroelectronics.X-CUBE-ISPU.1.1.0
2024-01-21 14:32:29,885 [WARN] ConditionMgr:438 - getConditionDescription Invalid condition id : UX DEVICE CLASS RTOS Condition cause : null
2024-01-21 14:32:29,885 [WARN] ConditionMgr:438 - getConditionDescription Invalid condition id : UX DEVICE CLASS RTOS Condition cause : null
2024-01-21 14:32:29,886 [WARN] PackLoader:240 - Cannot read IP mode file for STMicroelectronics.X-CUBE-AZRTOS-WB.2.0.0
2024-01-21 14:32:29,887 [WARN] ConditionMgr:1039 - genDependencies : Invalid condition id : UX DEVICE CLASS RTOS Condition cause : null
2024-01-21 14:32:29,887 [WARN] ConditionMgr:1039 - genDependencies : Invalid condition id : UX DEVICE CLASS RTOS Condition cause : null
2024-01-21 14:32:29,887 [WARN] ConditionMgr:1039 - genDependencies : Invalid condition id : UX DEVICE CLASS RTOS Condition cause : null
2024-01-21 14:32:29,887 [WARN] ConditionMgr:1039 - genDependencies : Invalid condition id : UX DEVICE CLASS RTOS Condition cause : null
2024-01-21 14:32:29,887 [WARN] ConditionMgr:1039 - genDependencies : Invalid condition id : UX DEVICE CLASS RTOS Condition cause : null
2024-01-21 14:32:29,900 [WARN] PackLoader:240 - Cannot read IP mode file for STMicroelectronics.X-CUBE-FREERTOS.1.0.1
2024-01-21 14:32:29,916 [WARN] PackLoader:240 - Cannot read IP mode file for STMicroelectronics.X-CUBE-AZRTOS-L5.1.1.0
2024-01-21 14:32:29,926 [WARN] PackLoader:240 - Cannot read IP mode file for STMicroelectronics.X-CUBE-AI.8.0.1
2024-01-21 14:32:29,938 [WARN] PackLoader:240 - Cannot read IP mode file for STMicroelectronics.X-CUBE-SUBG2.5.0.0
2024-01-21 14:32:29,953 [WARN] PackLoader:240 - Cannot read IP mode file for STMicroelectronics.X-CUBE-TOF1.3.3.1
2024-01-21 14:32:29,982 [WARN] PackLoader:240 - Cannot read IP mode file for STMicroelectronics.X-CUBE-AZRTOS-G4.2.0.0
2024-01-21 14:32:29,997 [WARN] PackLoader:240 - Cannot read IP mode file for STMicroelectronics.X-CUBE-TOF1.3.3.0
2024-01-21 14:32:30,016 [WARN] PackLoader:240 - Cannot read IP mode file for Infineon.AIROC-Wi-Fi-Bluetooth-STM32.1.5.1
2024-01-21 14:32:30,031 [WARN] PackLoader:240 - Cannot read IP mode file for STMicroelectronics.FP-SNS-MOTENVWB1.1.3.0
2024-01-21 14:32:30,040 [WARN] PackLoader:240 - Cannot read IP mode file for STMicroelectronics.FP-SNS-MOTENVWB1.1.3.1
2024-01-21 14:32:30,049 [WARN] PackLoader:240 - Cannot read IP mode file for STMicroelectronics.X-CUBE-ISPU.2.0.0
2024-01-21 14:32:30,081 [WARN] PackLoader:240 - Cannot read IP mode file for STMicroelectronics.X-CUBE-MEMS1.10.0.0
2024-01-21 14:32:30,143 [WARN] PackLoader:240 - Cannot read IP mode file for STMicroelectronics.X-CUBE-FREERTOS.1.1.0
2024-01-21 14:32:30,155 [WARN] PackLoader:240 - Cannot read IP mode file for portGmbH.I-Cube-SoM-uGOAL.1.1.0
2024-01-21 14:32:30,165 [WARN] PackLoader:240 - Cannot read IP mode file for STMicroelectronics.X-CUBE-ALS.1.0.1
2024-01-21 14:32:30,180 [WARN] PackLoader:240 - Cannot read IP mode file for STMicroelectronics.X-CUBE-AZRTOS-WB.1.1.0
2024-01-21 14:32:30,190 [WARN] PackLoader:240 - Cannot read IP mode file for STMicroelectronics.FP-ATR-ASTRA1.2.0.0
2024-01-21 14:32:30,202 [WARN] PackLoader:240 - Cannot read IP mode file for STMicroelectronics.X-CUBE-TOF1.3.4.0
2024-01-21 14:32:30,222 [WARN] PackLoader:240 - Cannot read IP mode file for STMicroelectronics.X-CUBE-AZRTOS-H7.3.2.0
2024-01-21 14:32:30,224 [INFO] ThirdParty:978 - Integrity check success = true
2024-01-21 14:32:30,224 [INFO] IntegrityCheckThread:100 - exiting critical section [integrity check]
2024-01-21 14:32:30,224 [INFO] IntegrityCheckThread:103 - End integrity checks thread
2024-01-21 14:32:49,602 [ERROR] LogOutputStream:75 - [STDERR_REDIRECT] SLF4J: Failed to load class "org.slf4j.impl.StaticLoggerBinder".
2024-01-21 14:32:49,602 [ERROR] LogOutputStream:75 - [STDERR_REDIRECT] SLF4J: Defaulting to no-operation (NOP) logger implementation
2024-01-21 14:32:49,603 [ERROR] LogOutputStream:75 - [STDERR_REDIRECT] SLF4J: See http://www.slf4j.org/codes.html#StaticLoggerBinder for further details.
2024-01-21 18:06:24,268 [INFO] WebApp:354 - JxBrowser engine has been closed 
