2023-12-29 17:38:42,540 [INFO] Activator:176 - 


2023-12-29 17:38:42,544 [INFO] Activator:177 - !SESSION log4j initialized
2023-12-29 17:38:48,998 [INFO] LogOutputStream:77 - [STDOUT_REDIRECT] 
2023-12-29 17:38:55,374 [INFO] ApplicationProperties:184 - Using Application install path: C:\ST\STM32CubeIDE_1.14.0\STM32CubeIDE\plugins\com.st.stm32cube.common.mx_6.10.0.202311202037
2023-12-29 17:38:55,392 [INFO] DbMcusXml:78 - Set database path to: C:\ST\STM32CubeIDE_1.14.0\STM32CubeIDE\plugins\com.st.stm32cube.common.mx_6.10.0.202311202037\\db\/mcu/
2023-12-29 17:38:55,392 [INFO] ApiDb:274 - Set plugin database path to: C:\ST\STM32CubeIDE_1.14.0\STM32CubeIDE\plugins\com.st.stm32cube.common.mx_6.10.0.202311202037\\db\/plugins/boardmanager/
2023-12-29 17:38:55,393 [WARN] ApiDb:259 - Overriding images path with different value:  => C:\ST\STM32CubeIDE_1.14.0\STM32CubeIDE\plugins\com.st.stm32cube.common.mx_6.10.0.202311202037\\db\/plugins/mcufinder/images/
2023-12-29 17:38:55,405 [INFO] ApiDb:250 - Set database path to: C:\Users\pc\.stmcufinder\plugins\mcufinder//mcu/
2023-12-29 17:38:55,406 [INFO] DbMcusAds:125 - Set database path to: C:\Users\pc\.stmcufinder\plugins\mcufinder//mcu/
2023-12-29 17:38:56,370 [INFO] CrossReferenceDbSqlite:203 - Set database path to: C:\Users\pc\.stmcufinder\plugins\mcufinder//mcu/cs/
2023-12-29 17:38:56,462 [INFO] RulesReader:64 - Compatibility file has been processed (297 Rules)
2023-12-29 17:38:56,541 [INFO] DbMcusXml:78 - Set database path to: C:\ST\STM32CubeIDE_1.14.0\STM32CubeIDE\plugins\com.st.stm32cube.common.mx_6.10.0.202311202037\\db\/mcu/
2023-12-29 17:38:56,541 [INFO] ApiDb:274 - Set plugin database path to: C:\ST\STM32CubeIDE_1.14.0\STM32CubeIDE\plugins\com.st.stm32cube.common.mx_6.10.0.202311202037\\db\/plugins/boardmanager/
2023-12-29 17:38:56,541 [INFO] ApiDb:261 - Set plugin images path to: C:\ST\STM32CubeIDE_1.14.0\STM32CubeIDE\plugins\com.st.stm32cube.common.mx_6.10.0.202311202037\\db\/plugins/mcufinder/images/
2023-12-29 17:38:56,541 [WARN] DbFile:41 - Overriding database path with different value: C:\Users\pc\.stmcufinder\plugins\mcufinder/ => C:\Users\pc\.stmcufinder\plugins\mcufinder
2023-12-29 17:38:56,541 [INFO] ApiDb:250 - Set database path to: C:\Users\pc\.stmcufinder\plugins\mcufinder//mcu/
2023-12-29 17:38:56,541 [WARN] DbFile:41 - Overriding database path with different value: C:\Users\pc\.stmcufinder\plugins\mcufinder/ => C:\Users\pc\.stmcufinder\plugins\mcufinder
2023-12-29 17:38:56,541 [INFO] DbMcusAds:125 - Set database path to: C:\Users\pc\.stmcufinder\plugins\mcufinder//mcu/
2023-12-29 17:38:56,541 [WARN] DbFile:41 - Overriding database path with different value: C:\Users\pc\.stmcufinder\plugins\mcufinder/ => C:\Users\pc\.stmcufinder\plugins\mcufinder
2023-12-29 17:38:56,541 [WARN] DbFile:41 - Overriding database path with different value: C:\Users\pc\.stmcufinder\plugins\mcufinder/ => C:\Users\pc\.stmcufinder\plugins\mcufinder
2023-12-29 17:38:57,371 [INFO] CrossReferenceDbSqlite:203 - Set database path to: C:\Users\pc\.stmcufinder\plugins\mcufinder//mcu/cs/
2023-12-29 17:38:57,462 [INFO] MainPanel:264 - HeapMemory: 268435456
2023-12-29 17:38:57,579 [INFO] DbMcusXml:78 - Set database path to: C:\ST\STM32CubeIDE_1.14.0\STM32CubeIDE\plugins\com.st.stm32cube.common.mx_6.10.0.202311202037\\db\/mcu/
2023-12-29 17:38:57,580 [INFO] ApiDb:274 - Set plugin database path to: C:\ST\STM32CubeIDE_1.14.0\STM32CubeIDE\plugins\com.st.stm32cube.common.mx_6.10.0.202311202037\\db\/plugins/boardmanager/
2023-12-29 17:38:57,581 [INFO] ApiDb:261 - Set plugin images path to: C:\ST\STM32CubeIDE_1.14.0\STM32CubeIDE\plugins\com.st.stm32cube.common.mx_6.10.0.202311202037\\db\/plugins/mcufinder/images/
2023-12-29 17:38:57,581 [WARN] DbFile:41 - Overriding database path with different value: C:\Users\pc\.stmcufinder\plugins\mcufinder/ => C:\Users\pc\.stmcufinder\plugins\mcufinder
2023-12-29 17:38:57,581 [INFO] ApiDb:250 - Set database path to: C:\Users\pc\.stmcufinder\plugins\mcufinder//mcu/
2023-12-29 17:38:57,581 [WARN] DbFile:41 - Overriding database path with different value: C:\Users\pc\.stmcufinder\plugins\mcufinder/ => C:\Users\pc\.stmcufinder\plugins\mcufinder
2023-12-29 17:38:57,581 [INFO] DbMcusAds:125 - Set database path to: C:\Users\pc\.stmcufinder\plugins\mcufinder//mcu/
2023-12-29 17:38:57,581 [WARN] DbFile:41 - Overriding database path with different value: C:\Users\pc\.stmcufinder\plugins\mcufinder/ => C:\Users\pc\.stmcufinder\plugins\mcufinder
2023-12-29 17:38:57,581 [WARN] DbFile:41 - Overriding database path with different value: C:\Users\pc\.stmcufinder\plugins\mcufinder/ => C:\Users\pc\.stmcufinder\plugins\mcufinder
2023-12-29 17:38:58,378 [INFO] CrossReferenceDbSqlite:203 - Set database path to: C:\Users\pc\.stmcufinder\plugins\mcufinder//mcu/cs/
2023-12-29 17:38:58,398 [INFO] ApplicationProperties:184 - Using Application install path: C:\ST\STM32CubeIDE_1.14.0\STM32CubeIDE\plugins\com.st.stm32cube.common.mx_6.10.0.202311202037
2023-12-29 17:38:58,399 [INFO] PluginManage:196 - Search for loadable plugins [exclusion list=, ]
2023-12-29 17:38:58,400 [INFO] PluginManage:310 - Check plugin analytics
2023-12-29 17:39:04,241 [INFO] AnalyticsPlugin:253 - Accepted Software Licenses: STM32CubeMX.6.8.1,STM32CubeMX.6.9.1
2023-12-29 17:39:04,241 [INFO] AnalyticsPlugin:255 - Accepted CMSIS Pack Licenses: 
2023-12-29 17:39:04,242 [INFO] AnalyticsPlugin:257 - Accepted Firmware Licenses: FW.F4.1.27.0
2023-12-29 17:39:04,245 [INFO] PluginManage:359 - Loaded plugin analytics (category:tool,tabindex:-1)
2023-12-29 17:39:04,245 [INFO] PluginManage:310 - Check plugin cadmodel
2023-12-29 17:39:04,261 [INFO] CADModel:105 - Init CAD model plugin
2023-12-29 17:39:04,262 [INFO] PluginManage:359 - Loaded plugin cadmodel (category:power,tabindex:5)
2023-12-29 17:39:04,262 [INFO] PluginManage:310 - Check plugin clock
2023-12-29 17:39:04,301 [INFO] PluginManage:359 - Loaded plugin clock (category:base,tabindex:2)
2023-12-29 17:39:04,302 [INFO] PluginManage:310 - Check plugin ddr
2023-12-29 17:39:04,305 [INFO] PluginManage:359 - Loaded plugin ddr (category:tool,tabindex:6)
2023-12-29 17:39:04,306 [INFO] PluginManage:310 - Check plugin filemanager
2023-12-29 17:39:04,501 [INFO] PluginManage:359 - Loaded plugin filemanager (category:base,tabindex:10)
2023-12-29 17:39:04,501 [INFO] PluginManage:310 - Check plugin ipmanager
2023-12-29 17:39:04,507 [INFO] PluginManage:359 - Loaded plugin ipmanager (category:base,tabindex:5)
2023-12-29 17:39:04,507 [INFO] PluginManage:310 - Check plugin lpbam
2023-12-29 17:39:04,522 [INFO] PluginManage:359 - Loaded plugin lpbam (category:base,tabindex:0)
2023-12-29 17:39:04,522 [INFO] PluginManage:310 - Check plugin memorymap
2023-12-29 17:39:04,545 [INFO] PluginManage:359 - Loaded plugin memorymap (category:base,tabindex:4)
2023-12-29 17:39:04,545 [INFO] PluginManage:310 - Check plugin pinoutandconfiguration
2023-12-29 17:39:04,558 [INFO] PluginManage:359 - Loaded plugin pinoutandconfiguration (category:base,tabindex:1)
2023-12-29 17:39:04,559 [INFO] PluginManage:310 - Check plugin pinoutconfig
2023-12-29 17:39:04,651 [WARN] SupportedApi:132 - Cannot load RTOS API schema: s4s-elt-must-match.1: The content of 'definitions' must match (annotation?, (simpleType | complexType)?, (unique | key | keyref)*)). A problem was found starting at: attribute.
2023-12-29 17:39:04,773 [INFO] PluginManage:359 - Loaded plugin pinoutconfig (category:base,tabindex:0)
2023-12-29 17:39:04,773 [INFO] PluginManage:310 - Check plugin power
2023-12-29 17:39:04,799 [INFO] PluginManage:359 - Loaded plugin power (category:power,tabindex:4)
2023-12-29 17:39:04,800 [INFO] PluginManage:310 - Check plugin projectmanager
2023-12-29 17:39:04,817 [INFO] PluginManage:359 - Loaded plugin projectmanager (category:projectmanager,tabindex:3)
2023-12-29 17:39:04,818 [INFO] PluginManage:310 - Check plugin thirdparty
2023-12-29 17:39:05,042 [INFO] PluginManage:359 - Loaded plugin thirdparty (category:base,tabindex:-1)
2023-12-29 17:39:05,042 [WARN] IntegrityCheckThread:84 - waiting for thirdparty lock release [integrity check]
2023-12-29 17:39:05,044 [INFO] PluginManage:310 - Check plugin tools
2023-12-29 17:39:05,044 [INFO] IntegrityCheckThread:86 - entering critical section [integrity check]
2023-12-29 17:39:05,045 [INFO] ThirdPartyUpdaterWithRetryManager:70 - Updater plugin not ready yet. [1/15]
2023-12-29 17:39:05,074 [INFO] PluginManage:359 - Loaded plugin tools (category:base,tabindex:7)
2023-12-29 17:39:05,074 [INFO] PluginManage:310 - Check plugin tutovideos
2023-12-29 17:39:05,265 [INFO] PluginManage:359 - Loaded plugin tutovideos (category:base,tabindex:-1)
2023-12-29 17:39:05,265 [INFO] PluginManage:310 - Check plugin updater
2023-12-29 17:39:05,276 [INFO] PluginManage:359 - Loaded plugin updater (category:base,tabindex:12)
2023-12-29 17:39:05,277 [INFO] PluginManage:310 - Check plugin userauth
2023-12-29 17:39:05,284 [INFO] UserAuth:114 - Init User Auth plugin
2023-12-29 17:39:05,284 [INFO] PluginManage:359 - Loaded plugin userauth (category:base,tabindex:14)
2023-12-29 17:39:05,284 [INFO] PluginManage:283 - PluginManage : Loaded plugins [17]
2023-12-29 17:39:05,474 [INFO] PinOutPanel:1499 - setPackage(No Configuration,No Configuration)
2023-12-29 17:39:05,537 [INFO] CADModel:165 - CPN selected for project level
2023-12-29 17:39:05,537 [INFO] CADModel:114 - Register for checkConnection events
2023-12-29 17:39:05,561 [INFO] IPUIPlugin:80 - create IPUIPlugin
2023-12-29 17:39:05,561 [INFO] PluginManager:220 - loadIPPluginJar : add adc
2023-12-29 17:39:05,589 [INFO] IPUIPlugin:80 - create IPUIPlugin
2023-12-29 17:39:05,589 [INFO] PluginManager:220 - loadIPPluginJar : add aes
2023-12-29 17:39:05,617 [INFO] IPUIPlugin:80 - create IPUIPlugin
2023-12-29 17:39:05,617 [INFO] PluginManager:220 - loadIPPluginJar : add can
2023-12-29 17:39:05,635 [INFO] IPUIPlugin:80 - create IPUIPlugin
2023-12-29 17:39:05,635 [INFO] PluginManager:220 - loadIPPluginJar : add comp
2023-12-29 17:39:05,659 [INFO] IPUIPlugin:80 - create IPUIPlugin
2023-12-29 17:39:05,660 [INFO] PluginManager:220 - loadIPPluginJar : add cryp
2023-12-29 17:39:05,685 [INFO] IPUIPlugin:80 - create IPUIPlugin
2023-12-29 17:39:05,685 [INFO] PluginManager:220 - loadIPPluginJar : add dfsdm
2023-12-29 17:39:05,697 [INFO] IPUIPlugin:80 - create IPUIPlugin
2023-12-29 17:39:05,697 [INFO] PluginManager:220 - loadIPPluginJar : add dma
2023-12-29 17:39:05,741 [INFO] IPUIPlugin:80 - create IPUIPlugin
2023-12-29 17:39:05,741 [INFO] PluginManager:220 - loadIPPluginJar : add dma3
2023-12-29 17:39:05,760 [INFO] IPUIPlugin:80 - create IPUIPlugin
2023-12-29 17:39:05,760 [INFO] PluginManager:220 - loadIPPluginJar : add fatfs
2023-12-29 17:39:05,812 [INFO] IPUIPlugin:80 - create IPUIPlugin
2023-12-29 17:39:05,812 [INFO] PluginManager:220 - loadIPPluginJar : add fmc
2023-12-29 17:39:05,827 [INFO] IPUIPlugin:80 - create IPUIPlugin
2023-12-29 17:39:05,828 [INFO] PluginManager:220 - loadIPPluginJar : add freertos
2023-12-29 17:39:05,849 [INFO] IPUIPlugin:80 - create IPUIPlugin
2023-12-29 17:39:05,849 [INFO] PluginManager:220 - loadIPPluginJar : add genericplugin
2023-12-29 17:39:05,926 [INFO] IPUIPlugin:80 - create IPUIPlugin
2023-12-29 17:39:05,926 [INFO] PluginManager:220 - loadIPPluginJar : add gfxmmu
2023-12-29 17:39:06,019 [INFO] IPUIPlugin:80 - create IPUIPlugin
2023-12-29 17:39:06,020 [INFO] PluginManager:220 - loadIPPluginJar : add gic
2023-12-29 17:39:06,031 [INFO] IPUIPlugin:80 - create IPUIPlugin
2023-12-29 17:39:06,031 [INFO] PluginManager:220 - loadIPPluginJar : add gpio
2023-12-29 17:39:06,107 [INFO] IPUIPlugin:80 - create IPUIPlugin
2023-12-29 17:39:06,107 [INFO] PluginManager:220 - loadIPPluginJar : add gtzc
2023-12-29 17:39:06,140 [INFO] IPUIPlugin:80 - create IPUIPlugin
2023-12-29 17:39:06,140 [INFO] PluginManager:220 - loadIPPluginJar : add hash
2023-12-29 17:39:06,194 [INFO] IPUIPlugin:80 - create IPUIPlugin
2023-12-29 17:39:06,194 [INFO] PluginManager:220 - loadIPPluginJar : add i2c
2023-12-29 17:39:06,230 [INFO] IPUIPlugin:80 - create IPUIPlugin
2023-12-29 17:39:06,230 [INFO] PluginManager:220 - loadIPPluginJar : add i2s
2023-12-29 17:39:06,261 [INFO] IPUIPlugin:80 - create IPUIPlugin
2023-12-29 17:39:06,261 [INFO] PluginManager:220 - loadIPPluginJar : add i3c
2023-12-29 17:39:06,341 [INFO] IPUIPlugin:80 - create IPUIPlugin
2023-12-29 17:39:06,341 [INFO] PluginManager:220 - loadIPPluginJar : add ipddr
2023-12-29 17:39:06,410 [INFO] IPUIPlugin:80 - create IPUIPlugin
2023-12-29 17:39:06,411 [INFO] PluginManager:220 - loadIPPluginJar : add linkedlist
2023-12-29 17:39:06,442 [INFO] IPUIPlugin:80 - create IPUIPlugin
2023-12-29 17:39:06,442 [INFO] PluginManager:220 - loadIPPluginJar : add lorawan
2023-12-29 17:39:06,468 [INFO] IPUIPlugin:80 - create IPUIPlugin
2023-12-29 17:39:06,469 [INFO] PluginManager:220 - loadIPPluginJar : add ltdc
2023-12-29 17:39:06,482 [INFO] IPUIPlugin:80 - create IPUIPlugin
2023-12-29 17:39:06,482 [INFO] PluginManager:220 - loadIPPluginJar : add mdma
2023-12-29 17:39:06,495 [INFO] IPUIPlugin:80 - create IPUIPlugin
2023-12-29 17:39:06,495 [INFO] PluginManager:220 - loadIPPluginJar : add nvic
2023-12-29 17:39:06,523 [INFO] IPUIPlugin:80 - create IPUIPlugin
2023-12-29 17:39:06,524 [INFO] PluginManager:220 - loadIPPluginJar : add opamp
2023-12-29 17:39:06,566 [INFO] IPUIPlugin:80 - create IPUIPlugin
2023-12-29 17:39:06,566 [INFO] PluginManager:220 - loadIPPluginJar : add openamp
2023-12-29 17:39:06,597 [INFO] IPUIPlugin:80 - create IPUIPlugin
2023-12-29 17:39:06,597 [INFO] PluginManager:220 - loadIPPluginJar : add pdm2pcm
2023-12-29 17:39:06,607 [INFO] IPUIPlugin:80 - create IPUIPlugin
2023-12-29 17:39:06,609 [INFO] PluginManager:220 - loadIPPluginJar : add plateformsettings
2023-12-29 17:39:06,625 [INFO] IPUIPlugin:80 - create IPUIPlugin
2023-12-29 17:39:06,625 [INFO] PluginManager:220 - loadIPPluginJar : add quadspi
2023-12-29 17:39:06,635 [INFO] IPUIPlugin:80 - create IPUIPlugin
2023-12-29 17:39:06,635 [INFO] PluginManager:220 - loadIPPluginJar : add resmgrutility
2023-12-29 17:39:06,672 [INFO] IPUIPlugin:80 - create IPUIPlugin
2023-12-29 17:39:06,672 [INFO] PluginManager:220 - loadIPPluginJar : add sai
2023-12-29 17:39:06,702 [INFO] IPUIPlugin:80 - create IPUIPlugin
2023-12-29 17:39:06,702 [INFO] PluginManager:220 - loadIPPluginJar : add spi
2023-12-29 17:39:06,764 [INFO] IPUIPlugin:80 - create IPUIPlugin
2023-12-29 17:39:06,764 [INFO] PluginManager:220 - loadIPPluginJar : add stm32_wpan
2023-12-29 17:39:06,786 [INFO] IPUIPlugin:80 - create IPUIPlugin
2023-12-29 17:39:06,787 [INFO] PluginManager:220 - loadIPPluginJar : add tim
2023-12-29 17:39:06,850 [INFO] IPUIPlugin:80 - create IPUIPlugin
2023-12-29 17:39:06,850 [INFO] PluginManager:220 - loadIPPluginJar : add touchsensing
2023-12-29 17:39:06,876 [INFO] IPUIPlugin:80 - create IPUIPlugin
2023-12-29 17:39:06,876 [INFO] PluginManager:220 - loadIPPluginJar : add tracer_emb
2023-12-29 17:39:06,903 [INFO] IPUIPlugin:80 - create IPUIPlugin
2023-12-29 17:39:06,903 [INFO] PluginManager:220 - loadIPPluginJar : add ts
2023-12-29 17:39:06,929 [INFO] IPUIPlugin:80 - create IPUIPlugin
2023-12-29 17:39:06,929 [INFO] PluginManager:220 - loadIPPluginJar : add tsc
2023-12-29 17:39:06,956 [INFO] IPUIPlugin:80 - create IPUIPlugin
2023-12-29 17:39:06,956 [INFO] PluginManager:220 - loadIPPluginJar : add ucpd
2023-12-29 17:39:07,002 [INFO] IPUIPlugin:80 - create IPUIPlugin
2023-12-29 17:39:07,002 [INFO] PluginManager:220 - loadIPPluginJar : add usart
2023-12-29 17:39:07,040 [INFO] IPUIPlugin:80 - create IPUIPlugin
2023-12-29 17:39:07,040 [INFO] PluginManager:220 - loadIPPluginJar : add usbx
2023-12-29 17:39:07,159 [INFO] CADModel:165 - CPN selected for project level
2023-12-29 17:39:07,159 [INFO] CADModel:114 - Register for checkConnection events
2023-12-29 17:39:07,159 [FATAL] Updater:308 - Updater called before beeing initialized
2023-12-29 17:39:07,159 [ERROR] CADModel:125 - Updater not yet initialized, retry later 
2023-12-29 17:39:07,301 [INFO] CADModel:165 - CPN selected for project level
2023-12-29 17:39:07,301 [INFO] CADModel:114 - Register for checkConnection events
2023-12-29 17:39:07,302 [FATAL] Updater:308 - Updater called before beeing initialized
2023-12-29 17:39:07,302 [ERROR] CADModel:125 - Updater not yet initialized, retry later 
2023-12-29 17:39:07,305 [FATAL] Updater:308 - Updater called before beeing initialized
2023-12-29 17:39:07,397 [FATAL] Updater:308 - Updater called before beeing initialized
2023-12-29 17:39:07,405 [INFO] DbMcusAds:53 - JSON generation date=Wed Nov 29 17:52:27 ICT 2023 (1701255147349)
2023-12-29 17:39:07,405 [FATAL] Updater:308 - Updater called before beeing initialized
2023-12-29 17:39:07,478 [WARN] DetailPanel:346 - Failed to get advertising image, set to default
2023-12-29 17:39:07,544 [FATAL] Updater:308 - Updater called before beeing initialized
2023-12-29 17:39:07,546 [FATAL] Updater:308 - Updater called before beeing initialized
2023-12-29 17:39:07,546 [FATAL] Updater:308 - Updater called before beeing initialized
2023-12-29 17:39:07,546 [WARN] DetailPanel:346 - Failed to get advertising image, set to default
2023-12-29 17:39:07,546 [FATAL] Updater:308 - Updater called before beeing initialized
2023-12-29 17:39:07,596 [ERROR] Updater:1120 - MainUpdater not yet initialized. External WinMGr cannot be set.
2023-12-29 17:39:07,604 [INFO] Updater:1056 - Updater Version found : 6.10.0
2023-12-29 17:39:07,623 [INFO] ApplicationProperties:184 - Using Application install path: C:\ST\STM32CubeIDE_1.14.0\STM32CubeIDE\plugins\com.st.stm32cube.common.mx_6.10.0.202311202037
2023-12-29 17:39:07,944 [INFO] MainUpdater:2873 - connection check result : 10
2023-12-29 17:39:07,944 [INFO] MainUpdater:290 - Updater Check For Update Now.
2023-12-29 17:39:07,945 [INFO] MicroXplorer:498 - Change Database Version : DB.6.0.100
2023-12-29 17:39:07,955 [INFO] McuFinderGlobals:63 - Set McuFinder mode to 2 (CubeIDE integrated)
2023-12-29 17:39:07,955 [INFO] UserAuth:180 - activating auth plugin
2023-12-29 17:39:07,958 [INFO] UserAuth:404 - Internet connection configuration mode: 1
2023-12-29 17:39:07,984 [INFO] JxBrowserEngine:152 - Initiate JxBrowser Engine with user profile folder
2023-12-29 17:39:08,048 [WARN] MainUpdater:1194 - Updater busy. Cannot search thirdparties
2023-12-29 17:39:08,048 [INFO] ThirdPartyUpdaterWithRetryManager:96 - Updater plugin is busy. [1/15]
2023-12-29 17:39:08,127 [INFO] CheckServerUpdateThread:120 - End of CheckServer Thread
2023-12-29 17:39:10,502 [INFO] WebApp:161 - Instantiating new browser for Auth
2023-12-29 17:39:11,014 [INFO] WebApp:780 - Register for checkConnection events
2023-12-29 17:39:11,014 [INFO] WebApp:414 - Apply proxy settings
2023-12-29 17:39:11,015 [INFO] WebApp:499 - Chromium requires no authentication
2023-12-29 17:39:11,022 [INFO] WebApp:442 - Direct internet connection detected
2023-12-29 17:39:11,193 [INFO] WebApp:192 - Starting web application
2023-12-29 17:39:11,193 [INFO] WebApp:544 - Web application path used C:\ST\STM32CubeIDE_1.14.0\STM32CubeIDE\plugins\com.st.stm32cube.common.mx_6.10.0.202311202037\db\plugins\mcufinder\reactClient1\index.html
2023-12-29 17:39:11,211 [WARN] PackLoader:240 - Cannot read IP mode file for STMicroelectronics.X-CUBE-SMBUS.2.1.0
2023-12-29 17:39:11,223 [WARN] PackLoader:240 - Cannot read IP mode file for STMicroelectronics.X-CUBE-TOUCHGFX.4.23.0
2023-12-29 17:39:11,252 [WARN] PackLoader:240 - Cannot read IP mode file for STMicroelectronics.X-CUBE-AZRTOS-F7.1.1.0
2023-12-29 17:39:11,266 [WARN] PackLoader:240 - Cannot read IP mode file for STMicroelectronics.FP-SNS-MOTENV1.4.3.2
2023-12-29 17:39:11,277 [ERROR] RealEvaluatedCondition:428 - Found unsupported composite condition: CLASS='Data Exchange' GROUP='STM32_MetaDataManager'
2023-12-29 17:39:11,278 [ERROR] RealEvaluatedCondition:428 - Found unsupported composite condition: GROUP='STM32_MetaDataManager' CLASS='Data Exchange'
2023-12-29 17:39:11,279 [WARN] PackLoader:240 - Cannot read IP mode file for STMicroelectronics.FP-SNS-MOTENV1.4.3.1
2023-12-29 17:39:11,292 [WARN] PackLoader:240 - Cannot read IP mode file for STMicroelectronics.FP-SNS-FLIGHT1.5.0.1
2023-12-29 17:39:11,306 [WARN] PackLoader:240 - Cannot read IP mode file for STMicroelectronics.X-CUBE-BLE1.6.2.4
2023-12-29 17:39:11,316 [WARN] PackLoader:240 - Cannot read IP mode file for STMicroelectronics.FP-SNS-FLIGHT1.5.0.2
2023-12-29 17:39:11,329 [WARN] PackLoader:240 - Cannot read IP mode file for STMicroelectronics.X-CUBE-DISPLAY.3.0.0
2023-12-29 17:39:11,341 [WARN] PackLoader:240 - Cannot read IP mode file for STMicroelectronics.X-CUBE-BLE1.7.0.0
2023-12-29 17:39:11,354 [WARN] PackLoader:240 - Cannot read IP mode file for STMicroelectronics.X-CUBE-TOUCHGFX.4.22.0
2023-12-29 17:39:11,362 [WARN] PackLoader:240 - Cannot read IP mode file for STMicroelectronics.X-CUBE-TOUCHGFX.4.22.1
2023-12-29 17:39:11,370 [WARN] PackLoader:240 - Cannot read IP mode file for STMicroelectronics.FP-SNS-SMARTAG2.1.2.0
2023-12-29 17:39:11,385 [INFO] LogOutputStream:77 - [STDOUT_REDIRECT] 1 : Invalid condition id : UX_CORESTACK_Condition cause : null
2023-12-29 17:39:11,385 [INFO] LogOutputStream:77 - [STDOUT_REDIRECT] 1 : Invalid condition id : UX_CORESTACK_Condition cause : null
2023-12-29 17:39:11,386 [INFO] LogOutputStream:77 - [STDOUT_REDIRECT] 1 : Invalid condition id : UX_CORESTACK_Condition cause : null
2023-12-29 17:39:11,386 [INFO] LogOutputStream:77 - [STDOUT_REDIRECT] 1 : Invalid condition id : UX_CORESTACK_Condition cause : null
2023-12-29 17:39:11,387 [INFO] LogOutputStream:77 - [STDOUT_REDIRECT] 1 : Invalid condition id : UX_CORESTACK_Condition cause : null
2023-12-29 17:39:11,389 [WARN] PackLoader:240 - Cannot read IP mode file for STMicroelectronics.X-CUBE-AZRTOS-WL.2.0.0
2023-12-29 17:39:11,402 [WARN] PackLoader:240 - Cannot read IP mode file for WES.I-CUBE-Cesium.1.3.0
2023-12-29 17:39:11,412 [WARN] PackLoader:240 - Cannot read IP mode file for STMicroelectronics.X-CUBE-BLE2.3.3.0
2023-12-29 17:39:11,422 [WARN] PackLoader:240 - Cannot read IP mode file for STMicroelectronics.X-CUBE-TOUCHGFX.4.21.4
2023-12-29 17:39:11,430 [WARN] PackLoader:240 - Cannot read IP mode file for STMicroelectronics.X-CUBE-ALGOBUILD.1.3.0
2023-12-29 17:39:11,452 [WARN] PackLoader:240 - Cannot read IP mode file for STMicroelectronics.X-CUBE-AZRTOS-G0.1.1.0
2023-12-29 17:39:11,466 [WARN] PackLoader:240 - Cannot read IP mode file for STMicroelectronics.X-CUBE-NFC4.3.0.0
2023-12-29 17:39:11,480 [WARN] PackLoader:240 - Cannot read IP mode file for STMicroelectronics.X-CUBE-BLEMGR.3.0.0
2023-12-29 17:39:11,490 [WARN] PackLoader:240 - Cannot read IP mode file for STMicroelectronics.FP-ATR-SIGFOX1.3.2.0
2023-12-29 17:39:11,522 [WARN] PackLoader:240 - Cannot read IP mode file for SEGGER.I-CUBE-embOS.1.3.1
2023-12-29 17:39:11,561 [WARN] PackLoader:240 - Cannot read IP mode file for STMicroelectronics.X-CUBE-GNSS1.6.0.0
2023-12-29 17:39:11,584 [WARN] PackLoader:240 - Cannot read IP mode file for STMicroelectronics.X-CUBE-AZRTOS-F4.1.1.0
2023-12-29 17:39:11,596 [WARN] PackLoader:240 - Cannot read IP mode file for wolfSSL.I-CUBE-wolfSSL.5.6.0
2023-12-29 17:39:11,617 [WARN] PackLoader:240 - Cannot read IP mode file for STMicroelectronics.X-CUBE-AZRTOS-L5.2.0.0
2023-12-29 17:39:11,654 [WARN] PackLoader:240 - Cannot read IP mode file for STMicroelectronics.X-CUBE-MEMS1.9.6.0
2023-12-29 17:39:11,765 [WARN] PackLoader:240 - Cannot read IP mode file for STMicroelectronics.X-CUBE-EEPRMA1.4.2.0
2023-12-29 17:39:11,791 [WARN] PackLoader:240 - Cannot read IP mode file for ITTIA_DB.I-CUBE-ITTIADB.8.8.0
2023-12-29 17:39:11,807 [WARN] PackLoader:240 - Cannot read IP mode file for emotas.I-CUBE-CANOPEN.1.1.3
2023-12-29 17:39:11,834 [WARN] PackLoader:240 - Cannot read IP mode file for STMicroelectronics.X-CUBE-BLEMGR.2.0.0
2023-12-29 17:39:11,862 [WARN] ConditionMgr:438 - getConditionDescription Invalid condition id : UX DEVICE CLASS RTOS Condition cause : null
2023-12-29 17:39:11,862 [WARN] ConditionMgr:438 - getConditionDescription Invalid condition id : UX DEVICE CLASS RTOS Condition cause : null
2023-12-29 17:39:11,866 [WARN] PackLoader:240 - Cannot read IP mode file for STMicroelectronics.X-CUBE-AZRTOS-H7.3.1.0
2023-12-29 17:39:11,867 [WARN] ConditionMgr:1039 - genDependencies : Invalid condition id : UX DEVICE CLASS RTOS Condition cause : null
2023-12-29 17:39:11,868 [WARN] ConditionMgr:1039 - genDependencies : Invalid condition id : UX DEVICE CLASS RTOS Condition cause : null
2023-12-29 17:39:11,868 [WARN] ConditionMgr:1039 - genDependencies : Invalid condition id : UX DEVICE CLASS RTOS Condition cause : null
2023-12-29 17:39:11,868 [WARN] ConditionMgr:1039 - genDependencies : Invalid condition id : UX DEVICE CLASS RTOS Condition cause : null
2023-12-29 17:39:11,868 [WARN] ConditionMgr:1039 - genDependencies : Invalid condition id : UX DEVICE CLASS RTOS Condition cause : null
2023-12-29 17:39:11,880 [WARN] PackLoader:240 - Cannot read IP mode file for STMicroelectronics.X-CUBE-NFC7.1.0.1
2023-12-29 17:39:11,892 [WARN] PackLoader:240 - Cannot read IP mode file for STMicroelectronics.X-CUBE-NFC7.1.0.0
2023-12-29 17:39:11,908 [WARN] PackLoader:240 - Cannot read IP mode file for STMicroelectronics.X-CUBE-NFC6.3.0.0
2023-12-29 17:39:11,921 [WARN] PackLoader:240 - Cannot read IP mode file for STMicroelectronics.X-CUBE-EEPRMA1.4.1.0
2023-12-29 17:39:11,932 [WARN] PackLoader:240 - Cannot read IP mode file for STMicroelectronics.X-CUBE-AI.8.1.0
2023-12-29 17:39:11,958 [WARN] ConditionMgr:438 - getConditionDescription Invalid condition id : LAN8742 Phy interface Condition cause : null
2023-12-29 17:39:11,959 [WARN] PackLoader:240 - Cannot read IP mode file for STMicroelectronics.X-CUBE-AZRTOS-L4.2.0.0
2023-12-29 17:39:11,960 [WARN] ConditionMgr:1039 - genDependencies : Invalid condition id : LAN8742 Phy interface Condition cause : null
2023-12-29 17:39:11,960 [WARN] ConditionMgr:1039 - genDependencies : Invalid condition id : LAN8742 Phy interface Condition cause : null
2023-12-29 17:39:11,960 [WARN] ConditionMgr:1039 - genDependencies : Invalid condition id : LAN8742 Phy interface Condition cause : null
2023-12-29 17:39:11,974 [WARN] PackLoader:240 - Cannot read IP mode file for STMicroelectronics.X-CUBE-SFXS2LP1.4.0.0
2023-12-29 17:39:11,984 [WARN] PackLoader:240 - Cannot read IP mode file for STMicroelectronics.X-CUBE-ISPU.1.1.0
2023-12-29 17:39:12,003 [WARN] ConditionMgr:438 - getConditionDescription Invalid condition id : UX DEVICE CLASS RTOS Condition cause : null
2023-12-29 17:39:12,004 [WARN] ConditionMgr:438 - getConditionDescription Invalid condition id : UX DEVICE CLASS RTOS Condition cause : null
2023-12-29 17:39:12,007 [WARN] PackLoader:240 - Cannot read IP mode file for STMicroelectronics.X-CUBE-AZRTOS-WB.2.0.0
2023-12-29 17:39:12,008 [WARN] ConditionMgr:1039 - genDependencies : Invalid condition id : UX DEVICE CLASS RTOS Condition cause : null
2023-12-29 17:39:12,008 [WARN] ConditionMgr:1039 - genDependencies : Invalid condition id : UX DEVICE CLASS RTOS Condition cause : null
2023-12-29 17:39:12,008 [WARN] ConditionMgr:1039 - genDependencies : Invalid condition id : UX DEVICE CLASS RTOS Condition cause : null
2023-12-29 17:39:12,008 [WARN] ConditionMgr:1039 - genDependencies : Invalid condition id : UX DEVICE CLASS RTOS Condition cause : null
2023-12-29 17:39:12,008 [WARN] ConditionMgr:1039 - genDependencies : Invalid condition id : UX DEVICE CLASS RTOS Condition cause : null
2023-12-29 17:39:12,020 [WARN] PackLoader:240 - Cannot read IP mode file for STMicroelectronics.X-CUBE-FREERTOS.1.0.1
2023-12-29 17:39:12,038 [WARN] PackLoader:240 - Cannot read IP mode file for STMicroelectronics.X-CUBE-AZRTOS-L5.1.1.0
2023-12-29 17:39:12,048 [WARN] PackLoader:240 - Cannot read IP mode file for STMicroelectronics.X-CUBE-AI.8.0.1
2023-12-29 17:39:12,062 [WARN] PackLoader:240 - Cannot read IP mode file for STMicroelectronics.X-CUBE-SUBG2.5.0.0
2023-12-29 17:39:12,079 [WARN] PackLoader:240 - Cannot read IP mode file for STMicroelectronics.X-CUBE-TOF1.3.3.1
2023-12-29 17:39:12,101 [WARN] PackLoader:240 - Cannot read IP mode file for STMicroelectronics.X-CUBE-AZRTOS-G4.2.0.0
2023-12-29 17:39:12,119 [WARN] PackLoader:240 - Cannot read IP mode file for STMicroelectronics.X-CUBE-TOF1.3.3.0
2023-12-29 17:39:12,142 [WARN] PackLoader:240 - Cannot read IP mode file for Infineon.AIROC-Wi-Fi-Bluetooth-STM32.1.5.1
2023-12-29 17:39:12,153 [WARN] PackLoader:240 - Cannot read IP mode file for STMicroelectronics.FP-SNS-MOTENVWB1.1.3.0
2023-12-29 17:39:12,163 [WARN] PackLoader:240 - Cannot read IP mode file for STMicroelectronics.FP-SNS-MOTENVWB1.1.3.1
2023-12-29 17:39:12,176 [WARN] PackLoader:240 - Cannot read IP mode file for STMicroelectronics.X-CUBE-ISPU.2.0.0
2023-12-29 17:39:12,207 [WARN] PackLoader:240 - Cannot read IP mode file for STMicroelectronics.X-CUBE-MEMS1.10.0.0
2023-12-29 17:39:12,293 [WARN] PackLoader:240 - Cannot read IP mode file for STMicroelectronics.X-CUBE-FREERTOS.1.1.0
2023-12-29 17:39:12,310 [WARN] PackLoader:240 - Cannot read IP mode file for portGmbH.I-Cube-SoM-uGOAL.1.1.0
2023-12-29 17:39:12,321 [WARN] PackLoader:240 - Cannot read IP mode file for STMicroelectronics.X-CUBE-ALS.1.0.1
2023-12-29 17:39:12,340 [WARN] PackLoader:240 - Cannot read IP mode file for STMicroelectronics.X-CUBE-AZRTOS-WB.1.1.0
2023-12-29 17:39:12,350 [WARN] PackLoader:240 - Cannot read IP mode file for STMicroelectronics.FP-ATR-ASTRA1.2.0.0
2023-12-29 17:39:12,367 [WARN] PackLoader:240 - Cannot read IP mode file for STMicroelectronics.X-CUBE-TOF1.3.4.0
2023-12-29 17:39:12,397 [WARN] PackLoader:240 - Cannot read IP mode file for STMicroelectronics.X-CUBE-AZRTOS-H7.3.2.0
2023-12-29 17:39:12,399 [INFO] ThirdParty:978 - Integrity check success = true
2023-12-29 17:39:12,399 [INFO] IntegrityCheckThread:100 - exiting critical section [integrity check]
2023-12-29 17:39:12,399 [INFO] IntegrityCheckThread:103 - End integrity checks thread
2023-12-29 17:39:31,888 [ERROR] LogOutputStream:75 - [STDERR_REDIRECT] SLF4J: Failed to load class "org.slf4j.impl.StaticLoggerBinder".
2023-12-29 17:39:31,888 [ERROR] LogOutputStream:75 - [STDERR_REDIRECT] SLF4J: Defaulting to no-operation (NOP) logger implementation
2023-12-29 17:39:31,889 [ERROR] LogOutputStream:75 - [STDERR_REDIRECT] SLF4J: See http://www.slf4j.org/codes.html#StaticLoggerBinder for further details.
2023-12-29 20:33:20,322 [ERROR] AdobePublisher:162 - Exception while opening the connection: java.net.SocketTimeoutException: Connect timed out
2023-12-29 23:27:26,175 [ERROR] LogOutputStream:75 - [STDERR_REDIRECT] 
